#
# A fatal error has been detected by the Java Runtime Environment:
#
#  SIGSEGV (0xb) at pc=0x00007fe748a90dc9, pid=17505, tid=140631538079488
#
# JRE version: 6.0_24-b07
# Java VM: Java HotSpot(TM) 64-Bit Server VM (19.1-b02 mixed mode linux-amd64 compressed oops)
# Problematic frame:
# C  [libGL.so.1+0x2e8dc9]
#
# If you would like to submit a bug report, please visit:
#   http://java.sun.com/webapps/bugreport/crash.jsp
# The crash happened outside the Java Virtual Machine in native code.
# See problematic frame for where to report the bug.
#

---------------  T H R E A D  ---------------

Current thread (0x0000000040aee000):  JavaThread "main" [_thread_in_native, id=17510, stack(0x00007fe754cf1000,0x00007fe754df2000)]

siginfo:si_signo=SIGSEGV: si_errno=0, si_code=1 (SEGV_MAPERR), si_addr=0x0000000000000720

Registers:
RAX=0x0000000000000000, RBX=0x00000000bd85e940, RCX=0x0000000000000000, RDX=0x0000000000001f03
RSP=0x00007fe754df0568, RBP=0x00007fe754df05a0, RSI=0x00007fe754df0628, RDI=0x0000000000001f03
R8 =0x0000000040aeef30, R9 =0x00007fe755a140f0, R10=0x00007fe754df02e0, R11=0x00007fe748a90dc0
R12=0x0000000000000000, R13=0x00000000bd85e940, R14=0x00007fe754df0628, R15=0x0000000040aee000
RIP=0x00007fe748a90dc9, EFL=0x0000000000010202, CSGSFS=0x0000000000000033, ERR=0x0000000000000004
  TRAPNO=0x000000000000000e

Register to memory mapping:

RAX=0x0000000000000000
0x0000000000000000 is pointing to unknown location

RBX=0x00000000bd85e940
{method} 
 - klass: {other class}

RCX=0x0000000000000000
0x0000000000000000 is pointing to unknown location

RDX=0x0000000000001f03
0x0000000000001f03 is pointing to unknown location

RSP=0x00007fe754df0568
0x00007fe754df0568 is pointing into the stack for thread: 0x0000000040aee000
"main" prio=10 tid=0x0000000040aee000 nid=0x4466 runnable [0x00007fe754df0000]
   java.lang.Thread.State: RUNNABLE

RBP=0x00007fe754df05a0
0x00007fe754df05a0 is pointing into the stack for thread: 0x0000000040aee000
"main" prio=10 tid=0x0000000040aee000 nid=0x4466 runnable [0x00007fe754df0000]
   java.lang.Thread.State: RUNNABLE

RSI=0x00007fe754df0628
0x00007fe754df0628 is pointing into the stack for thread: 0x0000000040aee000
"main" prio=10 tid=0x0000000040aee000 nid=0x4466 runnable [0x00007fe754df0000]
   java.lang.Thread.State: RUNNABLE

RDI=0x0000000000001f03
0x0000000000001f03 is pointing to unknown location

R8 =0x0000000040aeef30
0x0000000040aeef30 is pointing to unknown location

R9 =0x00007fe755a140f0
0x00007fe755a140f0: <offset 0x99d0f0> in /usr/lib/jvm/java-6-sun-1.6.0.24/jre/lib/amd64/server/libjvm.so at 0x00007fe755077000

R10=0x00007fe754df02e0
0x00007fe754df02e0 is pointing into the stack for thread: 0x0000000040aee000
"main" prio=10 tid=0x0000000040aee000 nid=0x4466 runnable [0x00007fe754df0000]
   java.lang.Thread.State: RUNNABLE

R11=0x00007fe748a90dc0
0x00007fe748a90dc0: glGetString+0 in /usr/lib/nvidia-current/libGL.so.1 at 0x00007fe7487a8000

R12=0x0000000000000000
0x0000000000000000 is pointing to unknown location

R13=0x00000000bd85e940
{method} 
 - klass: {other class}

R14=0x00007fe754df0628
0x00007fe754df0628 is pointing into the stack for thread: 0x0000000040aee000
"main" prio=10 tid=0x0000000040aee000 nid=0x4466 runnable [0x00007fe754df0000]
   java.lang.Thread.State: RUNNABLE

R15=0x0000000040aee000
"main" prio=10 tid=0x0000000040aee000 nid=0x4466 runnable [0x00007fe754df0000]
   java.lang.Thread.State: RUNNABLE


Top of Stack: (sp=0x00007fe754df0568)
0x00007fe754df0568:   00007fe7464cd28b 0000000040aeefe8
0x00007fe754df0578:   00001f03bd85e940 00007fe754df0628
0x00007fe754df0588:   0000000040aee1c8 00007fe754df0600
0x00007fe754df0598:   00007fe750e60b46 00007fe754df0600
0x00007fe754df05a8:   00007fe750e60ca8 0000000040aee000
0x00007fe754df05b8:   00007fe754df0618 00007fe754df05c0
0x00007fe754df05c8:   00000000bd85e940 00007fe754df0628
0x00007fe754df05d8:   00000000bd9106e0 0000000000000000
0x00007fe754df05e8:   00000000bd85e940 0000000000000000
0x00007fe754df05f8:   00007fe754df0620 00007fe754df0678
0x00007fe754df0608:   00007fe750e55e03 0000000000000000
0x00007fe754df0618:   00007fe750e5df5b 0000000000001f03
0x00007fe754df0628:   00000000ebadc488 00000000ebe0f238
0x00007fe754df0638:   00007fe754df0638 00000000bd7a9193
0x00007fe754df0648:   00007fe754df06b8 00000000bd7a9bd8
0x00007fe754df0658:   0000000000000000 00000000bd7a9320
0x00007fe754df0668:   00007fe754df0620 00007fe754df06b8
0x00007fe754df0678:   00007fe754df0700 00007fe750e55a82
0x00007fe754df0688:   0000000000000000 0000000000000000
0x00007fe754df0698:   0000000000000000 0000000000000000
0x00007fe754df06a8:   0000000000000000 00000000ebadc488
0x00007fe754df06b8:   00000000ebaa62d0 00007fe754df06c0
0x00007fe754df06c8:   00000000bd7a9091 00007fe754df0718
0x00007fe754df06d8:   00000000bd7a9bd8 0000000000000000
0x00007fe754df06e8:   00000000bd7a90a8 00007fe754df06b8
0x00007fe754df06f8:   00007fe754df0710 00007fe754df0760
0x00007fe754df0708:   00007fe750e5585a 00000000bdd067d0
0x00007fe754df0718:   00000000ebaa62d0 00007fe754df0720
0x00007fe754df0728:   00000000bd7059f1 00007fe754df0778
0x00007fe754df0738:   00000000bd79f658 0000000000000000
0x00007fe754df0748:   00000000bd705a00 00007fe754df0710
0x00007fe754df0758:   00007fe754df0770 00007fe754df07c0 

Instructions: (pc=0x00007fe748a90dc9)
0x00007fe748a90db9:   cc cc cc cc cc cc cc 64 48 8b 04 25 60 ff ff ff
0x00007fe748a90dc9:   ff a0 20 07 00 00 cc cc cc cc cc cc cc cc cc cc 

Stack: [0x00007fe754cf1000,0x00007fe754df2000],  sp=0x00007fe754df0568,  free space=1021k
Native frames: (J=compiled Java code, j=interpreted, Vv=VM code, C=native code)
C  [libGL.so.1+0x2e8dc9]
j  com.sun.opengl.impl.GLImpl.glGetString(I)Ljava/lang/String;+0
j  com.sun.opengl.impl.FunctionAvailabilityCache.initAvailableExtensions()V+43
j  com.sun.opengl.impl.FunctionAvailabilityCache.isExtensionAvailable(Ljava/lang/String;)Z+1
j  com.sun.opengl.impl.GLContextImpl.isExtensionAvailable(Ljava/lang/String;)Z+9
j  com.sun.opengl.impl.x11.X11GLContext.isExtensionAvailable(Ljava/lang/String;)Z+27
j  com.sun.opengl.impl.x11.GLXExtImpl.isExtensionAvailable(Ljava/lang/String;)Z+5
j  com.sun.opengl.impl.x11.X11GLContext.setSwapInterval(I)V+12
j  com.sun.opengl.impl.GLImpl.setSwapInterval(I)V+5
j  com.badlogic.gdx.backends.jogl.JoglGraphics.setVSync(Z)V+28
j  com.jumpandrun.DesktopStarter.main([Ljava/lang/String;)V+82
v  ~StubRoutines::call_stub
V  [libjvm.so+0x41de3f]
V  [libjvm.so+0x641eb9]
V  [libjvm.so+0x41dc55]
V  [libjvm.so+0x458327]
V  [libjvm.so+0x446290]

Java frames: (J=compiled Java code, j=interpreted, Vv=VM code)
j  com.sun.opengl.impl.GLImpl.glGetString(I)Ljava/lang/String;+0
j  com.sun.opengl.impl.FunctionAvailabilityCache.initAvailableExtensions()V+43
j  com.sun.opengl.impl.FunctionAvailabilityCache.isExtensionAvailable(Ljava/lang/String;)Z+1
j  com.sun.opengl.impl.GLContextImpl.isExtensionAvailable(Ljava/lang/String;)Z+9
j  com.sun.opengl.impl.x11.X11GLContext.isExtensionAvailable(Ljava/lang/String;)Z+27
j  com.sun.opengl.impl.x11.GLXExtImpl.isExtensionAvailable(Ljava/lang/String;)Z+5
j  com.sun.opengl.impl.x11.X11GLContext.setSwapInterval(I)V+12
j  com.sun.opengl.impl.GLImpl.setSwapInterval(I)V+5
j  com.badlogic.gdx.backends.jogl.JoglGraphics.setVSync(Z)V+28
j  com.jumpandrun.DesktopStarter.main([Ljava/lang/String;)V+82
v  ~StubRoutines::call_stub

---------------  P R O C E S S  ---------------

Java Threads: ( => current thread )
  0x00007fe74c2ae800 JavaThread "Thread-1" [_thread_blocked, id=17531, stack(0x00007fe73eb9e000,0x00007fe73ec9f000)]
  0x00007fe74c147000 JavaThread "AWT-EventQueue-0" [_thread_blocked, id=17527, stack(0x00007fe749464000,0x00007fe749565000)]
  0x00007fe74c146000 JavaThread "AWT-Shutdown" [_thread_blocked, id=17526, stack(0x00007fe749565000,0x00007fe749666000)]
  0x00007fe74c145000 JavaThread "AWT-XAWT" daemon [_thread_blocked, id=17525, stack(0x00007fe749666000,0x00007fe749767000)]
  0x00007fe74c0d3000 JavaThread "Java2D Disposer" daemon [_thread_blocked, id=17524, stack(0x00007fe749d82000,0x00007fe749e83000)]
  0x00007fe74c025000 JavaThread "Low Memory Detector" daemon [_thread_blocked, id=17522, stack(0x00007fe74b3f0000,0x00007fe74b4f1000)]
  0x00007fe74c022800 JavaThread "CompilerThread1" daemon [_thread_blocked, id=17521, stack(0x00007fe74b4f1000,0x00007fe74b5f2000)]
  0x00007fe74c01f800 JavaThread "CompilerThread0" daemon [_thread_blocked, id=17520, stack(0x00007fe74b5f2000,0x00007fe74b6f3000)]
  0x00007fe74c01d800 JavaThread "Signal Dispatcher" daemon [_thread_blocked, id=17519, stack(0x00007fe74b6f3000,0x00007fe74b7f4000)]
  0x00007fe74c001000 JavaThread "Finalizer" daemon [_thread_blocked, id=17517, stack(0x00007fe74bbfc000,0x00007fe74bcfd000)]
  0x0000000040b52800 JavaThread "Reference Handler" daemon [_thread_blocked, id=17516, stack(0x00007fe74bcfd000,0x00007fe74bdfe000)]
=>0x0000000040aee000 JavaThread "main" [_thread_in_native, id=17510, stack(0x00007fe754cf1000,0x00007fe754df2000)]

Other Threads:
  0x0000000040b4c000 VMThread [stack: 0x00007fe74bdfe000,0x00007fe74beff000] [id=17515]
  0x00007fe74c038000 WatcherThread [stack: 0x00007fe74b2ef000,0x00007fe74b3f0000] [id=17523]

VM state:not at safepoint (normal execution)

VM Mutex/Monitor currently owned by a thread: None

Heap
 PSYoungGen      total 18432K, used 8491K [0x00000000eb600000, 0x00000000eca90000, 0x0000000100000000)
  eden space 15808K, 53% used [0x00000000eb600000,0x00000000ebe4acd8,0x00000000ec570000)
  from space 2624K, 0% used [0x00000000ec800000,0x00000000ec800000,0x00000000eca90000)
  to   space 2624K, 0% used [0x00000000ec570000,0x00000000ec570000,0x00000000ec800000)
 PSOldGen        total 42240K, used 0K [0x00000000c2200000, 0x00000000c4b40000, 0x00000000eb600000)
  object space 42240K, 0% used [0x00000000c2200000,0x00000000c2200000,0x00000000c4b40000)
 PSPermGen       total 21248K, used 13338K [0x00000000bd000000, 0x00000000be4c0000, 0x00000000c2200000)
  object space 21248K, 62% used [0x00000000bd000000,0x00000000bdd068d0,0x00000000be4c0000)

Dynamic libraries:
40000000-40009000 r-xp 00000000 08:05 1662394                            /usr/lib/jvm/java-6-sun-1.6.0.24/jre/bin/java
40108000-4010a000 rwxp 00008000 08:05 1662394                            /usr/lib/jvm/java-6-sun-1.6.0.24/jre/bin/java
40ae5000-4114a000 rwxp 00000000 00:00 0                                  [heap]
bd000000-be4c0000 rwxp 00000000 00:00 0 
be4c0000-c2200000 rwxp 00000000 00:00 0 
c2200000-c4b40000 rwxp 00000000 00:00 0 
c4b40000-eb600000 rwxp 00000000 00:00 0 
eb600000-eca90000 rwxp 00000000 00:00 0 
eca90000-100000000 rwxp 00000000 00:00 0 
7fe73eb9e000-7fe73eba1000 ---p 00000000 00:00 0 
7fe73eba1000-7fe73ec9f000 rwxp 00000000 00:00 0 
7fe73ec9f000-7fe73eca0000 ---p 00000000 00:00 0 
7fe73eca0000-7fe73f4a0000 rwxp 00000000 00:00 0 
7fe73f4a0000-7fe7434a1000 rwxs 00000000 00:10 509544                     /dev/shm/pulse-shm-4278178026
7fe7434a1000-7fe7434a2000 ---p 00000000 00:00 0 
7fe7434a2000-7fe743ca2000 rwxp 00000000 00:00 0 
7fe743ca2000-7fe743ca8000 r-xp 00000000 08:05 1573092                    /usr/lib/libogg.so.0.7.0
7fe743ca8000-7fe743ea7000 ---p 00006000 08:05 1573092                    /usr/lib/libogg.so.0.7.0
7fe743ea7000-7fe743ea8000 r-xp 00005000 08:05 1573092                    /usr/lib/libogg.so.0.7.0
7fe743ea8000-7fe743ea9000 rwxp 00006000 08:05 1573092                    /usr/lib/libogg.so.0.7.0
7fe743ea9000-7fe743ed4000 r-xp 00000000 08:05 1582648                    /usr/lib/libvorbis.so.0.4.5
7fe743ed4000-7fe7440d3000 ---p 0002b000 08:05 1582648                    /usr/lib/libvorbis.so.0.4.5
7fe7440d3000-7fe7440d4000 r-xp 0002a000 08:05 1582648                    /usr/lib/libvorbis.so.0.4.5
7fe7440d4000-7fe7440d5000 rwxp 0002b000 08:05 1582648                    /usr/lib/libvorbis.so.0.4.5
7fe7440d5000-7fe744388000 r-xp 00000000 08:05 1573212                    /usr/lib/libvorbisenc.so.2.0.8
7fe744388000-7fe744587000 ---p 002b3000 08:05 1573212                    /usr/lib/libvorbisenc.so.2.0.8
7fe744587000-7fe7445a3000 r-xp 002b2000 08:05 1573212                    /usr/lib/libvorbisenc.so.2.0.8
7fe7445a3000-7fe7445a4000 rwxp 002ce000 08:05 1573212                    /usr/lib/libvorbisenc.so.2.0.8
7fe7445a4000-7fe7445ec000 r-xp 00000000 08:05 1570101                    /usr/lib/libFLAC.so.8.2.0
7fe7445ec000-7fe7447ec000 ---p 00048000 08:05 1570101                    /usr/lib/libFLAC.so.8.2.0
7fe7447ec000-7fe7447ed000 r-xp 00048000 08:05 1570101                    /usr/lib/libFLAC.so.8.2.0
7fe7447ed000-7fe7447ee000 rwxp 00049000 08:05 1570101                    /usr/lib/libFLAC.so.8.2.0
7fe7447ee000-7fe74484f000 r-xp 00000000 08:05 1570821                    /usr/lib/libsndfile.so.1.0.23
7fe74484f000-7fe744a4f000 ---p 00061000 08:05 1570821                    /usr/lib/libsndfile.so.1.0.23
7fe744a4f000-7fe744a51000 r-xp 00061000 08:05 1570821                    /usr/lib/libsndfile.so.1.0.23
7fe744a51000-7fe744a52000 rwxp 00063000 08:05 1570821                    /usr/lib/libsndfile.so.1.0.23
7fe744a52000-7fe744a56000 rwxp 00000000 00:00 0 
7fe744a56000-7fe744a5e000 r-xp 00000000 08:05 538930                     /lib/libwrap.so.0.7.6
7fe744a5e000-7fe744c5e000 ---p 00008000 08:05 538930                     /lib/libwrap.so.0.7.6
7fe744c5e000-7fe744c5f000 r-xp 00008000 08:05 538930                     /lib/libwrap.so.0.7.6
7fe744c5f000-7fe744c60000 rwxp 00009000 08:05 538930                     /lib/libwrap.so.0.7.6
7fe744c60000-7fe744c61000 rwxp 00000000 00:00 0 
7fe744c61000-7fe744c65000 r-xp 00000000 08:05 534738                     /lib/x86_64-linux-gnu/libuuid.so.1.3.0
7fe744c65000-7fe744e64000 ---p 00004000 08:05 534738                     /lib/x86_64-linux-gnu/libuuid.so.1.3.0
7fe744e64000-7fe744e65000 r-xp 00003000 08:05 534738                     /lib/x86_64-linux-gnu/libuuid.so.1.3.0
7fe744e65000-7fe744e66000 rwxp 00004000 08:05 534738                     /lib/x86_64-linux-gnu/libuuid.so.1.3.0
7fe744e66000-7fe744ea8000 r-xp 00000000 08:05 525819                     /lib/x86_64-linux-gnu/libdbus-1.so.3.5.4
7fe744ea8000-7fe7450a8000 ---p 00042000 08:05 525819                     /lib/x86_64-linux-gnu/libdbus-1.so.3.5.4
7fe7450a8000-7fe7450a9000 r-xp 00042000 08:05 525819                     /lib/x86_64-linux-gnu/libdbus-1.so.3.5.4
7fe7450a9000-7fe7450aa000 rwxp 00043000 08:05 525819                     /lib/x86_64-linux-gnu/libdbus-1.so.3.5.4
7fe7450aa000-7fe7450f5000 r-xp 00000000 08:05 1580900                    /usr/lib/libpulsecommon-0.9.22.so
7fe7450f5000-7fe7452f4000 ---p 0004b000 08:05 1580900                    /usr/lib/libpulsecommon-0.9.22.so
7fe7452f4000-7fe7452f5000 r-xp 0004a000 08:05 1580900                    /usr/lib/libpulsecommon-0.9.22.so
7fe7452f5000-7fe7452f6000 rwxp 0004b000 08:05 1580900                    /usr/lib/libpulsecommon-0.9.22.so
7fe7452f6000-7fe7452f9000 r-xp 00000000 08:05 1573582                    /usr/lib/libxcb-atom.so.1.0.0
7fe7452f9000-7fe7454f9000 ---p 00003000 08:05 1573582                    /usr/lib/libxcb-atom.so.1.0.0
7fe7454f9000-7fe7454fa000 r-xp 00003000 08:05 1573582                    /usr/lib/libxcb-atom.so.1.0.0
7fe7454fa000-7fe7454fb000 rwxp 00004000 08:05 1573582                    /usr/lib/libxcb-atom.so.1.0.0
7fe7454fb000-7fe745502000 r-xp 00000000 08:05 1578963                    /usr/lib/x86_64-linux-gnu/libSM.so.6.0.1
7fe745502000-7fe745701000 ---p 00007000 08:05 1578963                    /usr/lib/x86_64-linux-gnu/libSM.so.6.0.1
7fe745701000-7fe745702000 r-xp 00006000 08:05 1578963                    /usr/lib/x86_64-linux-gnu/libSM.so.6.0.1
7fe745702000-7fe745703000 rwxp 00007000 08:05 1578963                    /usr/lib/x86_64-linux-gnu/libSM.so.6.0.1
7fe745703000-7fe745719000 r-xp 00000000 08:05 1571606                    /usr/lib/x86_64-linux-gnu/libICE.so.6.3.0
7fe745719000-7fe745919000 ---p 00016000 08:05 1571606                    /usr/lib/x86_64-linux-gnu/libICE.so.6.3.0
7fe745919000-7fe74591a000 r-xp 00016000 08:05 1571606                    /usr/lib/x86_64-linux-gnu/libICE.so.6.3.0
7fe74591a000-7fe74591b000 rwxp 00017000 08:05 1571606                    /usr/lib/x86_64-linux-gnu/libICE.so.6.3.0
7fe74591b000-7fe74591e000 rwxp 00000000 00:00 0 
7fe74591e000-7fe74591f000 r-xp 00000000 08:05 1570508                    /usr/lib/x86_64-linux-gnu/libX11-xcb.so.1.0.0
7fe74591f000-7fe745b1e000 ---p 00001000 08:05 1570508                    /usr/lib/x86_64-linux-gnu/libX11-xcb.so.1.0.0
7fe745b1e000-7fe745b1f000 r-xp 00000000 08:05 1570508                    /usr/lib/x86_64-linux-gnu/libX11-xcb.so.1.0.0
7fe745b1f000-7fe745b20000 rwxp 00001000 08:05 1570508                    /usr/lib/x86_64-linux-gnu/libX11-xcb.so.1.0.0
7fe745b20000-7fe745b60000 r-xp 00000000 08:05 1573921                    /usr/lib/libpulse.so.0.12.3
7fe745b60000-7fe745d5f000 ---p 00040000 08:05 1573921                    /usr/lib/libpulse.so.0.12.3
7fe745d5f000-7fe745d60000 r-xp 0003f000 08:05 1573921                    /usr/lib/libpulse.so.0.12.3
7fe745d60000-7fe745d61000 rwxp 00040000 08:05 1573921                    /usr/lib/libpulse.so.0.12.3
7fe745d61000-7fe745dad000 r-xp 00000000 08:05 525992                     /tmp/libgdx/2370704169/libopenal64.so
7fe745dad000-7fe745fac000 ---p 0004c000 08:05 525992                     /tmp/libgdx/2370704169/libopenal64.so
7fe745fac000-7fe745fae000 r-xp 0004b000 08:05 525992                     /tmp/libgdx/2370704169/libopenal64.so
7fe745fae000-7fe745faf000 rwxp 0004d000 08:05 525992                     /tmp/libgdx/2370704169/libopenal64.so
7fe745faf000-7fe745fb0000 rwxp 00000000 00:00 0 
7fe745fb0000-7fe746029000 r-xp 00000000 08:05 526008                     /tmp/libgdx/2370704169/liblwjgl64.so
7fe746029000-7fe746229000 ---p 00079000 08:05 526008                     /tmp/libgdx/2370704169/liblwjgl64.so
7fe746229000-7fe74622b000 r-xp 00079000 08:05 526008                     /tmp/libgdx/2370704169/liblwjgl64.so
7fe74622b000-7fe74622c000 rwxp 0007b000 08:05 526008                     /tmp/libgdx/2370704169/liblwjgl64.so
7fe74622c000-7fe746234000 r-xp 00000000 08:05 1581969                    /usr/lib/x86_64-linux-gnu/libXrandr.so.2.2.0
7fe746234000-7fe746433000 ---p 00008000 08:05 1581969                    /usr/lib/x86_64-linux-gnu/libXrandr.so.2.2.0
7fe746433000-7fe746434000 r-xp 00007000 08:05 1581969                    /usr/lib/x86_64-linux-gnu/libXrandr.so.2.2.0
7fe746434000-7fe746435000 rwxp 00008000 08:05 1581969                    /usr/lib/x86_64-linux-gnu/libXrandr.so.2.2.0
7fe746462000-7fe746551000 r-xp 00000000 08:05 525906                     /tmp/libgdx/2370704169/libjogl-linux64.so
7fe746551000-7fe746651000 ---p 000ef000 08:05 525906                     /tmp/libgdx/2370704169/libjogl-linux64.so
7fe746651000-7fe746652000 rwxp 000ef000 08:05 525906                     /tmp/libgdx/2370704169/libjogl-linux64.so
7fe746652000-7fe747aa0000 r-xp 00000000 08:05 723                        /usr/lib/nvidia-current/libnvidia-glcore.so.270.41.19
7fe747aa0000-7fe747ca0000 ---p 0144e000 08:05 723                        /usr/lib/nvidia-current/libnvidia-glcore.so.270.41.19
7fe747ca0000-7fe748288000 rwxp 0144e000 08:05 723                        /usr/lib/nvidia-current/libnvidia-glcore.so.270.41.19
7fe748288000-7fe74829f000 rwxp 00000000 00:00 0 
7fe74829f000-7fe7482a0000 r-xp 00000000 08:05 716                        /usr/lib/nvidia-current/tls/libnvidia-tls.so.270.41.19
7fe7482a0000-7fe7484a0000 ---p 00001000 08:05 716                        /usr/lib/nvidia-current/tls/libnvidia-tls.so.270.41.19
7fe7484a0000-7fe7484a1000 rwxp 00001000 08:05 716                        /usr/lib/nvidia-current/tls/libnvidia-tls.so.270.41.19
7fe7484a1000-7fe7484a2000 r-xp 00000000 08:05 1734853                    /usr/lib/jvm/java-6-sun-1.6.0.24/jre/lib/amd64/libjawt.so
7fe7484a2000-7fe7485a1000 ---p 00001000 08:05 1734853                    /usr/lib/jvm/java-6-sun-1.6.0.24/jre/lib/amd64/libjawt.so
7fe7485a1000-7fe7485a2000 rwxp 00000000 08:05 1734853                    /usr/lib/jvm/java-6-sun-1.6.0.24/jre/lib/amd64/libjawt.so
7fe7485a2000-7fe7485a7000 r-xp 00000000 08:05 1581972                    /usr/lib/x86_64-linux-gnu/libXxf86vm.so.1.0.0
7fe7485a7000-7fe7487a6000 ---p 00005000 08:05 1581972                    /usr/lib/x86_64-linux-gnu/libXxf86vm.so.1.0.0
7fe7487a6000-7fe7487a7000 r-xp 00004000 08:05 1581972                    /usr/lib/x86_64-linux-gnu/libXxf86vm.so.1.0.0
7fe7487a7000-7fe7487a8000 rwxp 00005000 08:05 1581972                    /usr/lib/x86_64-linux-gnu/libXxf86vm.so.1.0.0
7fe7487a8000-7fe748865000 r-xp 00000000 08:05 928                        /usr/lib/nvidia-current/libGL.so.270.41.19
7fe748865000-7fe748a65000 ---p 000bd000 08:05 928                        /usr/lib/nvidia-current/libGL.so.270.41.19
7fe748a65000-7fe748a9e000 rwxp 000bd000 08:05 928                        /usr/lib/nvidia-current/libGL.so.270.41.19
7fe748a9e000-7fe748ab4000 rwxp 00000000 00:00 0 
7fe748ab4000-7fe748ab6000 r-xp 00000000 08:05 525760                     /tmp/libgdx/2370704169/libjogl_awt-linux64.so
7fe748ab6000-7fe748bb5000 ---p 00002000 08:05 525760                     /tmp/libgdx/2370704169/libjogl_awt-linux64.so
7fe748bb5000-7fe748bb6000 rwxp 00001000 08:05 525760                     /tmp/libgdx/2370704169/libjogl_awt-linux64.so
7fe748bb6000-7fe748bb7000 r-xp 00000000 08:05 525640                     /tmp/libgdx/2370704169/libgluegen-rt-linux64.so
7fe748bb7000-7fe748cb6000 ---p 00001000 08:05 525640                     /tmp/libgdx/2370704169/libgluegen-rt-linux64.so
7fe748cb6000-7fe748cb7000 rwxp 00000000 08:05 525640                     /tmp/libgdx/2370704169/libgluegen-rt-linux64.so
7fe748cb7000-7fe748ccc000 r-xp 00000000 08:05 528127                     /lib/x86_64-linux-gnu/libgcc_s.so.1
7fe748ccc000-7fe748ecb000 ---p 00015000 08:05 528127                     /lib/x86_64-linux-gnu/libgcc_s.so.1
7fe748ecb000-7fe748ecc000 r-xp 00014000 08:05 528127                     /lib/x86_64-linux-gnu/libgcc_s.so.1
7fe748ecc000-7fe748ecd000 rwxp 00015000 08:05 528127                     /lib/x86_64-linux-gnu/libgcc_s.so.1
7fe748ecd000-7fe748fb5000 r-xp 00000000 08:05 1571250                    /usr/lib/x86_64-linux-gnu/libstdc++.so.6.0.14
7fe748fb5000-7fe7491b4000 ---p 000e8000 08:05 1571250                    /usr/lib/x86_64-linux-gnu/libstdc++.so.6.0.14
7fe7491b4000-7fe7491bc000 r-xp 000e7000 08:05 1571250                    /usr/lib/x86_64-linux-gnu/libstdc++.so.6.0.14
7fe7491bc000-7fe7491be000 rwxp 000ef000 08:05 1571250                    /usr/lib/x86_64-linux-gnu/libstdc++.so.6.0.14
7fe7491be000-7fe7491d3000 rwxp 00000000 00:00 0 
7fe7491d3000-7fe74925f000 r-xp 00000000 08:05 525482                     /tmp/libgdx/2370704169/libgdx-64.so
7fe74925f000-7fe74945f000 ---p 0008c000 08:05 525482                     /tmp/libgdx/2370704169/libgdx-64.so
7fe74945f000-7fe749460000 r-xp 0008c000 08:05 525482                     /tmp/libgdx/2370704169/libgdx-64.so
7fe749460000-7fe749461000 rwxp 0008d000 08:05 525482                     /tmp/libgdx/2370704169/libgdx-64.so
7fe749461000-7fe749464000 rwxp 00000000 00:00 0 
7fe749464000-7fe749467000 ---p 00000000 00:00 0 
7fe749467000-7fe749565000 rwxp 00000000 00:00 0 
7fe749565000-7fe749568000 ---p 00000000 00:00 0 
7fe749568000-7fe749666000 rwxp 00000000 00:00 0 
7fe749666000-7fe749669000 ---p 00000000 00:00 0 
7fe749669000-7fe749767000 rwxp 00000000 00:00 0 
7fe749767000-7fe74976c000 r-xp 00000000 08:05 1570859                    /usr/lib/x86_64-linux-gnu/libXfixes.so.3.1.0
7fe74976c000-7fe74996b000 ---p 00005000 08:05 1570859                    /usr/lib/x86_64-linux-gnu/libXfixes.so.3.1.0
7fe74996b000-7fe74996c000 r-xp 00004000 08:05 1570859                    /usr/lib/x86_64-linux-gnu/libXfixes.so.3.1.0
7fe74996c000-7fe74996d000 rwxp 00005000 08:05 1570859                    /usr/lib/x86_64-linux-gnu/libXfixes.so.3.1.0
7fe74996d000-7fe749976000 r-xp 00000000 08:05 1570620                    /usr/lib/x86_64-linux-gnu/libXrender.so.1.3.0
7fe749976000-7fe749b76000 ---p 00009000 08:05 1570620                    /usr/lib/x86_64-linux-gnu/libXrender.so.1.3.0
7fe749b76000-7fe749b77000 r-xp 00009000 08:05 1570620                    /usr/lib/x86_64-linux-gnu/libXrender.so.1.3.0
7fe749b77000-7fe749b78000 rwxp 0000a000 08:05 1570620                    /usr/lib/x86_64-linux-gnu/libXrender.so.1.3.0
7fe749b78000-7fe749b81000 r-xp 00000000 08:05 1573929                    /usr/lib/x86_64-linux-gnu/libXcursor.so.1.0.2
7fe749b81000-7fe749d80000 ---p 00009000 08:05 1573929                    /usr/lib/x86_64-linux-gnu/libXcursor.so.1.0.2
7fe749d80000-7fe749d81000 r-xp 00008000 08:05 1573929                    /usr/lib/x86_64-linux-gnu/libXcursor.so.1.0.2
7fe749d81000-7fe749d82000 rwxp 00009000 08:05 1573929                    /usr/lib/x86_64-linux-gnu/libXcursor.so.1.0.2
7fe749d82000-7fe749d85000 ---p 00000000 00:00 0 
7fe749d85000-7fe749e83000 rwxp 00000000 00:00 0 
7fe749e83000-7fe749efc000 r-xp 00000000 08:05 1734841                    /usr/lib/jvm/java-6-sun-1.6.0.24/jre/lib/amd64/libfontmanager.so
7fe749efc000-7fe749ffb000 ---p 00079000 08:05 1734841                    /usr/lib/jvm/java-6-sun-1.6.0.24/jre/lib/amd64/libfontmanager.so
7fe749ffb000-7fe74a010000 rwxp 00078000 08:05 1734841                    /usr/lib/jvm/java-6-sun-1.6.0.24/jre/lib/amd64/libfontmanager.so
7fe74a010000-7fe74a021000 rwxp 00000000 00:00 0 
7fe74a021000-7fe74a026000 r-xp 00000000 08:05 1573561                    /usr/lib/x86_64-linux-gnu/libXdmcp.so.6.0.0
7fe74a026000-7fe74a225000 ---p 00005000 08:05 1573561                    /usr/lib/x86_64-linux-gnu/libXdmcp.so.6.0.0
7fe74a225000-7fe74a226000 r-xp 00004000 08:05 1573561                    /usr/lib/x86_64-linux-gnu/libXdmcp.so.6.0.0
7fe74a226000-7fe74a227000 rwxp 00005000 08:05 1573561                    /usr/lib/x86_64-linux-gnu/libXdmcp.so.6.0.0
7fe74a227000-7fe74a229000 r-xp 00000000 08:05 1570542                    /usr/lib/x86_64-linux-gnu/libXau.so.6.0.0
7fe74a229000-7fe74a428000 ---p 00002000 08:05 1570542                    /usr/lib/x86_64-linux-gnu/libXau.so.6.0.0
7fe74a428000-7fe74a429000 r-xp 00001000 08:05 1570542                    /usr/lib/x86_64-linux-gnu/libXau.so.6.0.0
7fe74a429000-7fe74a42a000 rwxp 00002000 08:05 1570542                    /usr/lib/x86_64-linux-gnu/libXau.so.6.0.0
7fe74a42a000-7fe74a445000 r-xp 00000000 08:05 1572615                    /usr/lib/x86_64-linux-gnu/libxcb.so.1.1.0
7fe74a445000-7fe74a644000 ---p 0001b000 08:05 1572615                    /usr/lib/x86_64-linux-gnu/libxcb.so.1.1.0
7fe74a644000-7fe74a645000 r-xp 0001a000 08:05 1572615                    /usr/lib/x86_64-linux-gnu/libxcb.so.1.1.0
7fe74a645000-7fe74a646000 rwxp 0001b000 08:05 1572615                    /usr/lib/x86_64-linux-gnu/libxcb.so.1.1.0
7fe74a646000-7fe74a655000 r-xp 00000000 08:05 1613065                    /usr/lib/x86_64-linux-gnu/libXi.so.6.1.0
7fe74a655000-7fe74a854000 ---p 0000f000 08:05 1613065                    /usr/lib/x86_64-linux-gnu/libXi.so.6.1.0
7fe74a854000-7fe74a855000 r-xp 0000e000 08:05 1613065                    /usr/lib/x86_64-linux-gnu/libXi.so.6.1.0
7fe74a855000-7fe74a856000 rwxp 0000f000 08:05 1613065                    /usr/lib/x86_64-linux-gnu/libXi.so.6.1.0
7fe74a856000-7fe74a85b000 r-xp 00000000 08:05 1572606                    /usr/lib/libXtst.so.6.1.0
7fe74a85b000-7fe74aa5a000 ---p 00005000 08:05 1572606                    /usr/lib/libXtst.so.6.1.0
7fe74aa5a000-7fe74aa5b000 r-xp 00004000 08:05 1572606                    /usr/lib/libXtst.so.6.1.0
7fe74aa5b000-7fe74aa5c000 rwxp 00005000 08:05 1572606                    /usr/lib/libXtst.so.6.1.0
7fe74aa5c000-7fe74ab91000 r-xp 00000000 08:05 1573591                    /usr/lib/x86_64-linux-gnu/libX11.so.6.3.0
7fe74ab91000-7fe74ad91000 ---p 00135000 08:05 1573591                    /usr/lib/x86_64-linux-gnu/libX11.so.6.3.0
7fe74ad91000-7fe74ad92000 r-xp 00135000 08:05 1573591                    /usr/lib/x86_64-linux-gnu/libX11.so.6.3.0
7fe74ad92000-7fe74ad96000 rwxp 00136000 08:05 1573591                    /usr/lib/x86_64-linux-gnu/libX11.so.6.3.0
7fe74ad96000-7fe74ada7000 r-xp 00000000 08:05 1571673                    /usr/lib/x86_64-linux-gnu/libXext.so.6.4.0
7fe74ada7000-7fe74afa6000 ---p 00011000 08:05 1571673                    /usr/lib/x86_64-linux-gnu/libXext.so.6.4.0
7fe74afa6000-7fe74afa7000 r-xp 00010000 08:05 1571673                    /usr/lib/x86_64-linux-gnu/libXext.so.6.4.0
7fe74afa7000-7fe74afa8000 rwxp 00011000 08:05 1571673                    /usr/lib/x86_64-linux-gnu/libXext.so.6.4.0
7fe74afa8000-7fe74afea000 r-xp 00000000 08:05 1734831                    /usr/lib/jvm/java-6-sun-1.6.0.24/jre/lib/amd64/xawt/libmawt.so
7fe74afea000-7fe74b0e9000 ---p 00042000 08:05 1734831                    /usr/lib/jvm/java-6-sun-1.6.0.24/jre/lib/amd64/xawt/libmawt.so
7fe74b0e9000-7fe74b0f5000 rwxp 00041000 08:05 1734831                    /usr/lib/jvm/java-6-sun-1.6.0.24/jre/lib/amd64/xawt/libmawt.so
7fe74b0f5000-7fe74b0f6000 rwxp 00000000 00:00 0 
7fe74b0f6000-7fe74b188000 r-xp 00000000 08:05 1734852                    /usr/lib/jvm/java-6-sun-1.6.0.24/jre/lib/amd64/libawt.so
7fe74b188000-7fe74b287000 ---p 00092000 08:05 1734852                    /usr/lib/jvm/java-6-sun-1.6.0.24/jre/lib/amd64/libawt.so
7fe74b287000-7fe74b2a0000 rwxp 00091000 08:05 1734852                    /usr/lib/jvm/java-6-sun-1.6.0.24/jre/lib/amd64/libawt.so
7fe74b2a0000-7fe74b2c5000 rwxp 00000000 00:00 0 
7fe74b2c5000-7fe74b2d0000 r-xs 00092000 08:05 1498924                    /home/bompo/git/kpmusikspiel/libs/gdx.jar
7fe74b2d0000-7fe74b2d1000 r-xs 001a1000 08:05 1439894                    /home/bompo/git/kpmusikspiel/libs/gdx-natives.jar
7fe74b2d1000-7fe74b2eb000 r-xs 00206000 08:05 1498925                    /home/bompo/git/kpmusikspiel/libs/gdx-backend-jogl.jar
7fe74b2eb000-7fe74b2ec000 r-xs 00203000 08:05 1439881                    /home/bompo/git/kpmusikspiel/libs/gdx-backend-jogl-natives.jar
7fe74b2ec000-7fe74b2ef000 r-xs 0000f000 08:05 1622792                    /usr/lib/jvm/java-6-sun-1.6.0.24/jre/lib/ext/pulse-java.jar
7fe74b2ef000-7fe74b2f0000 ---p 00000000 00:00 0 
7fe74b2f0000-7fe74b3f0000 rwxp 00000000 00:00 0 
7fe74b3f0000-7fe74b3f3000 ---p 00000000 00:00 0 
7fe74b3f3000-7fe74b4f1000 rwxp 00000000 00:00 0 
7fe74b4f1000-7fe74b4f4000 ---p 00000000 00:00 0 
7fe74b4f4000-7fe74b5f2000 rwxp 00000000 00:00 0 
7fe74b5f2000-7fe74b5f5000 ---p 00000000 00:00 0 
7fe74b5f5000-7fe74b6f3000 rwxp 00000000 00:00 0 
7fe74b6f3000-7fe74b6f6000 ---p 00000000 00:00 0 
7fe74b6f6000-7fe74b7f4000 rwxp 00000000 00:00 0 
7fe74b7f4000-7fe74bbfc000 r-xp 00000000 08:05 1570348                    /usr/lib/locale/locale-archive
7fe74bbfc000-7fe74bbff000 ---p 00000000 00:00 0 
7fe74bbff000-7fe74bcfd000 rwxp 00000000 00:00 0 
7fe74bcfd000-7fe74bd00000 ---p 00000000 00:00 0 
7fe74bd00000-7fe74bdfe000 rwxp 00000000 00:00 0 
7fe74bdfe000-7fe74bdff000 ---p 00000000 00:00 0 
7fe74bdff000-7fe74c000000 rwxp 00000000 00:00 0 
7fe74c000000-7fe74c737000 rwxp 00000000 00:00 0 
7fe74c737000-7fe750000000 ---p 00000000 00:00 0 
7fe750031000-7fe750032000 r-xs 00000000 08:05 532633                     /var/cache/fontconfig/26de28bc8622bbc1fb67fd234c21975f-le64.cache-3
7fe750032000-7fe750033000 r-xs 00000000 08:05 554485                     /var/cache/fontconfig/c05880de57d1f5e948fdfacc138775d9-le64.cache-3
7fe750033000-7fe75003c000 r-xs 00000000 08:05 527845                     /var/cache/fontconfig/945677eb7aeaf62f1d50efc3fb3ec7d8-le64.cache-3
7fe75003c000-7fe75003e000 r-xs 00000000 08:05 554480                     /var/cache/fontconfig/99e8ed0e538f840c565b6ed5dad60d56-le64.cache-3
7fe75003e000-7fe750041000 r-xs 00000000 08:05 554411                     /var/cache/fontconfig/f24b2111ab8703b4e963115a8cf14259-le64.cache-3
7fe750041000-7fe750044000 r-xs 00000000 08:05 554479                     /var/cache/fontconfig/e383d7ea5fbe662a33d9b44caf393297-le64.cache-3
7fe750044000-7fe750047000 r-xs 00000000 08:05 554477                     /var/cache/fontconfig/2cd17615ca594fa2959ae173292e504c-le64.cache-3
7fe750047000-7fe750048000 r-xs 00000000 08:05 554471                     /var/cache/fontconfig/e7071f4a29fa870f4323321c154eba04-le64.cache-3
7fe750048000-7fe75004c000 r-xs 00000000 08:05 554470                     /var/cache/fontconfig/6eb3985aa4124903f6ff08ba781cd364-le64.cache-3
7fe75004c000-7fe75004d000 r-xs 00000000 08:05 554466                     /var/cache/fontconfig/4c73fe0c47614734b17d736dbde7580a-le64.cache-3
7fe75004d000-7fe75004e000 r-xs 00000000 08:05 554459                     /var/cache/fontconfig/0d8c3b2ac0904cb8a57a757ad11a4a08-le64.cache-3
7fe75004e000-7fe75004f000 r-xs 00000000 08:05 554454                     /var/cache/fontconfig/6a53c69dea097a2d716e069445527da8-le64.cache-3
7fe75004f000-7fe750054000 r-xs 00000000 08:05 554453                     /var/cache/fontconfig/062808c12e6e608270f93bb230aed730-le64.cache-3
7fe750054000-7fe75005a000 r-xs 00000000 08:05 554429                     /var/cache/fontconfig/a755afe4a08bf5b97852ceb7400b47bc-le64.cache-3
7fe75005a000-7fe75005f000 r-xs 00000000 08:05 554452                     /var/cache/fontconfig/515ca1ebc4b18308bea979be5704f9db-le64.cache-3
7fe75005f000-7fe750068000 r-xs 00000000 08:05 554448                     /var/cache/fontconfig/6d41288fd70b0be22e8c3a91e032eec0-le64.cache-3
7fe750068000-7fe750078000 r-xs 00000000 08:05 554447                     /var/cache/fontconfig/0f34bcd4b6ee430af32735b75db7f02b-le64.cache-3
7fe750078000-7fe75007b000 r-xs 00000000 08:05 554441                     /var/cache/fontconfig/d60319d88cac85ba9e1a07bd06cfbb8c-le64.cache-3
7fe75007b000-7fe75007c000 r-xs 00000000 08:05 530935                     /var/cache/fontconfig/4794a0821666d79190d59a36cb4f44b5-le64.cache-3
7fe75007c000-7fe7500aa000 r-xs 00000000 08:05 554435                     /var/cache/fontconfig/365b55f210c0a22e9a19e35191240f32-le64.cache-3
7fe7500aa000-7fe7500b4000 r-xs 00000000 08:05 554433                     /var/cache/fontconfig/d52a8644073d54c13679302ca1180695-le64.cache-3
7fe7500b4000-7fe7500b5000 r-xs 00000000 08:05 554418                     /var/cache/fontconfig/ec648e9a1aea82bddd4bd6050028158d-le64.cache-3
7fe7500b5000-7fe7500c8000 r-xs 00000000 08:05 538224                     /var/cache/fontconfig/e13b20fdb08344e0e664864cc2ede53d-le64.cache-3
7fe7500c8000-7fe750500000 rwxp 00000000 00:00 0 
7fe750500000-7fe750698000 r-xs 03027000 08:05 1662454                    /usr/lib/jvm/java-6-sun-1.6.0.24/jre/lib/rt.jar
7fe750698000-7fe7506c0000 rwxp 00000000 00:00 0 
7fe7506c0000-7fe7506c1000 ---p 00000000 00:00 0 
7fe7506c1000-7fe7507c1000 rwxp 00000000 00:00 0 
7fe7507c1000-7fe7507c2000 ---p 00000000 00:00 0 
7fe7507c2000-7fe7508c2000 rwxp 00000000 00:00 0 
7fe7508c2000-7fe7508c3000 ---p 00000000 00:00 0 
7fe7508c3000-7fe7509c3000 rwxp 00000000 00:00 0 
7fe7509c3000-7fe7509c4000 ---p 00000000 00:00 0 
7fe7509c4000-7fe750acf000 rwxp 00000000 00:00 0 
7fe750acf000-7fe750aed000 rwxp 00000000 00:00 0 
7fe750aed000-7fe750b02000 rwxp 00000000 00:00 0 
7fe750b02000-7fe750c37000 rwxp 00000000 00:00 0 
7fe750c37000-7fe750c42000 rwxp 00000000 00:00 0 
7fe750c42000-7fe750c60000 rwxp 00000000 00:00 0 
7fe750c60000-7fe750c75000 rwxp 00000000 00:00 0 
7fe750c75000-7fe750daa000 rwxp 00000000 00:00 0 
7fe750daa000-7fe750db5000 rwxp 00000000 00:00 0 
7fe750db5000-7fe750e4f000 rwxp 00000000 00:00 0 
7fe750e4f000-7fe7510c0000 rwxp 00000000 00:00 0 
7fe7510c0000-7fe753e50000 rwxp 00000000 00:00 0 
7fe753e50000-7fe753e5e000 r-xp 00000000 08:05 1734847                    /usr/lib/jvm/java-6-sun-1.6.0.24/jre/lib/amd64/libzip.so
7fe753e5e000-7fe753f60000 ---p 0000e000 08:05 1734847                    /usr/lib/jvm/java-6-sun-1.6.0.24/jre/lib/amd64/libzip.so
7fe753f60000-7fe753f63000 rwxp 00010000 08:05 1734847                    /usr/lib/jvm/java-6-sun-1.6.0.24/jre/lib/amd64/libzip.so
7fe753f63000-7fe753f64000 rwxp 00000000 00:00 0 
7fe753f64000-7fe753f70000 r-xp 00000000 08:05 535712                     /lib/x86_64-linux-gnu/libnss_files-2.13.so
7fe753f70000-7fe75416f000 ---p 0000c000 08:05 535712                     /lib/x86_64-linux-gnu/libnss_files-2.13.so
7fe75416f000-7fe754170000 r-xp 0000b000 08:05 535712                     /lib/x86_64-linux-gnu/libnss_files-2.13.so
7fe754170000-7fe754171000 rwxp 0000c000 08:05 535712                     /lib/x86_64-linux-gnu/libnss_files-2.13.so
7fe754171000-7fe75417c000 r-xp 00000000 08:05 535714                     /lib/x86_64-linux-gnu/libnss_nis-2.13.so
7fe75417c000-7fe75437b000 ---p 0000b000 08:05 535714                     /lib/x86_64-linux-gnu/libnss_nis-2.13.so
7fe75437b000-7fe75437c000 r-xp 0000a000 08:05 535714                     /lib/x86_64-linux-gnu/libnss_nis-2.13.so
7fe75437c000-7fe75437d000 rwxp 0000b000 08:05 535714                     /lib/x86_64-linux-gnu/libnss_nis-2.13.so
7fe75437d000-7fe754385000 r-xp 00000000 08:05 535710                     /lib/x86_64-linux-gnu/libnss_compat-2.13.so
7fe754385000-7fe754584000 ---p 00008000 08:05 535710                     /lib/x86_64-linux-gnu/libnss_compat-2.13.so
7fe754584000-7fe754585000 r-xp 00007000 08:05 535710                     /lib/x86_64-linux-gnu/libnss_compat-2.13.so
7fe754585000-7fe754586000 rwxp 00008000 08:05 535710                     /lib/x86_64-linux-gnu/libnss_compat-2.13.so
7fe754586000-7fe75458d000 r-xp 00000000 08:05 1734857                    /usr/lib/jvm/java-6-sun-1.6.0.24/jre/lib/amd64/native_threads/libhpi.so
7fe75458d000-7fe75468e000 ---p 00007000 08:05 1734857                    /usr/lib/jvm/java-6-sun-1.6.0.24/jre/lib/amd64/native_threads/libhpi.so
7fe75468e000-7fe754690000 rwxp 00008000 08:05 1734857                    /usr/lib/jvm/java-6-sun-1.6.0.24/jre/lib/amd64/native_threads/libhpi.so
7fe754690000-7fe754691000 rwxp 00000000 00:00 0 
7fe754691000-7fe7546a8000 r-xp 00000000 08:05 535709                     /lib/x86_64-linux-gnu/libnsl-2.13.so
7fe7546a8000-7fe7548a7000 ---p 00017000 08:05 535709                     /lib/x86_64-linux-gnu/libnsl-2.13.so
7fe7548a7000-7fe7548a8000 r-xp 00016000 08:05 535709                     /lib/x86_64-linux-gnu/libnsl-2.13.so
7fe7548a8000-7fe7548a9000 rwxp 00017000 08:05 535709                     /lib/x86_64-linux-gnu/libnsl-2.13.so
7fe7548a9000-7fe7548ab000 rwxp 00000000 00:00 0 
7fe7548ab000-7fe7548d4000 r-xp 00000000 08:05 1734846                    /usr/lib/jvm/java-6-sun-1.6.0.24/jre/lib/amd64/libjava.so
7fe7548d4000-7fe7549d3000 ---p 00029000 08:05 1734846                    /usr/lib/jvm/java-6-sun-1.6.0.24/jre/lib/amd64/libjava.so
7fe7549d3000-7fe7549da000 rwxp 00028000 08:05 1734846                    /usr/lib/jvm/java-6-sun-1.6.0.24/jre/lib/amd64/libjava.so
7fe7549da000-7fe7549e7000 r-xp 00000000 08:05 1731420                    /usr/lib/jvm/java-6-sun-1.6.0.24/jre/lib/amd64/libverify.so
7fe7549e7000-7fe754ae6000 ---p 0000d000 08:05 1731420                    /usr/lib/jvm/java-6-sun-1.6.0.24/jre/lib/amd64/libverify.so
7fe754ae6000-7fe754ae9000 rwxp 0000c000 08:05 1731420                    /usr/lib/jvm/java-6-sun-1.6.0.24/jre/lib/amd64/libverify.so
7fe754ae9000-7fe754af0000 r-xp 00000000 08:05 535724                     /lib/x86_64-linux-gnu/librt-2.13.so
7fe754af0000-7fe754cef000 ---p 00007000 08:05 535724                     /lib/x86_64-linux-gnu/librt-2.13.so
7fe754cef000-7fe754cf0000 r-xp 00006000 08:05 535724                     /lib/x86_64-linux-gnu/librt-2.13.so
7fe754cf0000-7fe754cf1000 rwxp 00007000 08:05 535724                     /lib/x86_64-linux-gnu/librt-2.13.so
7fe754cf1000-7fe754cf4000 ---p 00000000 00:00 0 
7fe754cf4000-7fe754df2000 rwxp 00000000 00:00 0 
7fe754df2000-7fe754e76000 r-xp 00000000 08:05 535703                     /lib/x86_64-linux-gnu/libm-2.13.so
7fe754e76000-7fe755075000 ---p 00084000 08:05 535703                     /lib/x86_64-linux-gnu/libm-2.13.so
7fe755075000-7fe755076000 r-xp 00083000 08:05 535703                     /lib/x86_64-linux-gnu/libm-2.13.so
7fe755076000-7fe755077000 rwxp 00084000 08:05 535703                     /lib/x86_64-linux-gnu/libm-2.13.so
7fe755077000-7fe7558b5000 r-xp 00000000 08:05 1734849                    /usr/lib/jvm/java-6-sun-1.6.0.24/jre/lib/amd64/server/libjvm.so
7fe7558b5000-7fe7559b4000 ---p 0083e000 08:05 1734849                    /usr/lib/jvm/java-6-sun-1.6.0.24/jre/lib/amd64/server/libjvm.so
7fe7559b4000-7fe755b48000 rwxp 0083d000 08:05 1734849                    /usr/lib/jvm/java-6-sun-1.6.0.24/jre/lib/amd64/server/libjvm.so
7fe755b48000-7fe755b81000 rwxp 00000000 00:00 0 
7fe755b81000-7fe755d0b000 r-xp 00000000 08:05 535697                     /lib/x86_64-linux-gnu/libc-2.13.so
7fe755d0b000-7fe755f0a000 ---p 0018a000 08:05 535697                     /lib/x86_64-linux-gnu/libc-2.13.so
7fe755f0a000-7fe755f0e000 r-xp 00189000 08:05 535697                     /lib/x86_64-linux-gnu/libc-2.13.so
7fe755f0e000-7fe755f0f000 rwxp 0018d000 08:05 535697                     /lib/x86_64-linux-gnu/libc-2.13.so
7fe755f0f000-7fe755f15000 rwxp 00000000 00:00 0 
7fe755f15000-7fe755f17000 r-xp 00000000 08:05 535702                     /lib/x86_64-linux-gnu/libdl-2.13.so
7fe755f17000-7fe756117000 ---p 00002000 08:05 535702                     /lib/x86_64-linux-gnu/libdl-2.13.so
7fe756117000-7fe756118000 r-xp 00002000 08:05 535702                     /lib/x86_64-linux-gnu/libdl-2.13.so
7fe756118000-7fe756119000 rwxp 00003000 08:05 535702                     /lib/x86_64-linux-gnu/libdl-2.13.so
7fe756119000-7fe756131000 r-xp 00000000 08:05 535718                     /lib/x86_64-linux-gnu/libpthread-2.13.so
7fe756131000-7fe756331000 ---p 00018000 08:05 535718                     /lib/x86_64-linux-gnu/libpthread-2.13.so
7fe756331000-7fe756332000 r-xp 00018000 08:05 535718                     /lib/x86_64-linux-gnu/libpthread-2.13.so
7fe756332000-7fe756333000 rwxp 00019000 08:05 535718                     /lib/x86_64-linux-gnu/libpthread-2.13.so
7fe756333000-7fe756337000 rwxp 00000000 00:00 0 
7fe756337000-7fe756358000 r-xp 00000000 08:05 535673                     /lib/x86_64-linux-gnu/ld-2.13.so
7fe75635a000-7fe756364000 rwxp 00000000 00:00 0 
7fe756364000-7fe75641a000 rwxp 00000000 00:00 0 
7fe75641a000-7fe75641d000 rwxp 00000000 00:00 0 
7fe75641d000-7fe756424000 r-xp 00000000 08:05 1731410                    /usr/lib/jvm/java-6-sun-1.6.0.24/jre/lib/amd64/jli/libjli.so
7fe756424000-7fe756525000 ---p 00007000 08:05 1731410                    /usr/lib/jvm/java-6-sun-1.6.0.24/jre/lib/amd64/jli/libjli.so
7fe756525000-7fe756527000 rwxp 00008000 08:05 1731410                    /usr/lib/jvm/java-6-sun-1.6.0.24/jre/lib/amd64/jli/libjli.so
7fe756527000-7fe756528000 rwxp 00000000 00:00 0 
7fe756532000-7fe756536000 r-xs 00000000 08:05 538228                     /var/cache/fontconfig/7ef2298fde41cc6eeb7af42e48b7d293-le64.cache-3
7fe756536000-7fe75654a000 r-xs 00000000 08:05 527842                     /var/cache/fontconfig/865f88548240fee46819705c6468c165-le64.cache-3
7fe75654a000-7fe75654b000 r-xs 00000000 08:05 1340105                    /home/bompo/.fontconfig/aa7e4f27e681240d22a1f116cf7520f0-le64.cache-3
7fe75654b000-7fe756553000 rwxs 00000000 08:05 524705                     /tmp/hsperfdata_bompo/17505
7fe756553000-7fe756554000 rwxp 00000000 00:00 0 
7fe756554000-7fe756555000 r-xp 00000000 00:00 0 
7fe756555000-7fe756557000 rwxp 00000000 00:00 0 
7fe756557000-7fe756558000 r-xp 00020000 08:05 535673                     /lib/x86_64-linux-gnu/ld-2.13.so
7fe756558000-7fe75655a000 rwxp 00021000 08:05 535673                     /lib/x86_64-linux-gnu/ld-2.13.so
7fff73f1b000-7fff73f3c000 rwxp 00000000 00:00 0                          [stack]
7fff73fff000-7fff74000000 r-xp 00000000 00:00 0                          [vdso]
ffffffffff600000-ffffffffff601000 r-xp 00000000 00:00 0                  [vsyscall]

VM Arguments:
jvm_args: -Dfile.encoding=UTF-8 
java_command: com.jumpandrun.DesktopStarter
Launcher Type: SUN_STANDARD

Environment Variables:
PATH=/usr/local/sbin:/usr/local/bin:/usr/sbin:/usr/bin:/sbin:/bin:/usr/games
USERNAME=bompo
LD_LIBRARY_PATH=/usr/lib/jvm/java-6-sun-1.6.0.24/jre/lib/amd64/server:/usr/lib/jvm/java-6-sun-1.6.0.24/jre/lib/amd64:/usr/lib/jvm/java-6-sun-1.6.0.24/jre/../lib/amd64:/usr/lib/jvm/java-6-openjdk/jre/lib/amd64/server:/usr/lib/jvm/java-6-openjdk/jre/lib/amd64:/usr/lib/jvm/java-6-openjdk/jre/../lib/amd64:/usr/lib64/xulrunner-addons
SHELL=/bin/bash
DISPLAY=:0.0

Signal Handlers:
SIGSEGV: [libjvm.so+0x791b30], sa_mask[0]=0x7ffbfeff, sa_flags=0x10000004
SIGBUS: [libjvm.so+0x791b30], sa_mask[0]=0x7ffbfeff, sa_flags=0x10000004
SIGFPE: [libjvm.so+0x640ba0], sa_mask[0]=0x7ffbfeff, sa_flags=0x10000004
SIGPIPE: [libjvm.so+0x640ba0], sa_mask[0]=0x7ffbfeff, sa_flags=0x10000004
SIGXFSZ: [libjvm.so+0x640ba0], sa_mask[0]=0x7ffbfeff, sa_flags=0x10000004
SIGILL: [libjvm.so+0x640ba0], sa_mask[0]=0x7ffbfeff, sa_flags=0x10000004
SIGUSR1: SIG_DFL, sa_mask[0]=0x00000000, sa_flags=0x00000000
SIGUSR2: [libjvm.so+0x643780], sa_mask[0]=0x00000004, sa_flags=0x10000004
SIGHUP: [libjvm.so+0x643380], sa_mask[0]=0x7ffbfeff, sa_flags=0x10000004
SIGINT: [libjvm.so+0x643380], sa_mask[0]=0x7ffbfeff, sa_flags=0x10000004
SIGTERM: [libjvm.so+0x643380], sa_mask[0]=0x7ffbfeff, sa_flags=0x10000004
SIGQUIT: [libjvm.so+0x643380], sa_mask[0]=0x7ffbfeff, sa_flags=0x10000004


---------------  S Y S T E M  ---------------

OS:squeeze/sid

uname:Linux 2.6.38-10-generic #46-Ubuntu SMP Tue Jun 28 15:07:17 UTC 2011 x86_64
libc:glibc 2.13 NPTL 2.13 
rlimit: STACK 8192k, CORE 0k, NPROC infinity, NOFILE 4096, AS infinity
load average:0.25 0.16 0.12

/proc/meminfo:
MemTotal:        4047872 kB
MemFree:         1033688 kB
Buffers:          165632 kB
Cached:           942728 kB
SwapCached:         1020 kB
Active:          1546100 kB
Inactive:        1075324 kB
Active(anon):     972484 kB
Inactive(anon):   544920 kB
Active(file):     573616 kB
Inactive(file):   530404 kB
Unevictable:         272 kB
Mlocked:             132 kB
SwapTotal:      19529724 kB
SwapFree:       19523676 kB
Dirty:               232 kB
Writeback:             0 kB
AnonPages:       1512544 kB
Mapped:           161440 kB
Shmem:              4224 kB
Slab:             199572 kB
SReclaimable:     172492 kB
SUnreclaim:        27080 kB
KernelStack:        3616 kB
PageTables:        30068 kB
NFS_Unstable:          0 kB
Bounce:                0 kB
WritebackTmp:          0 kB
CommitLimit:    21553660 kB
Committed_AS:    3539792 kB
VmallocTotal:   34359738367 kB
VmallocUsed:      341832 kB
VmallocChunk:   34359382684 kB
HardwareCorrupted:     0 kB
HugePages_Total:       0
HugePages_Free:        0
HugePages_Rsvd:        0
HugePages_Surp:        0
Hugepagesize:       2048 kB
DirectMap4k:      218560 kB
DirectMap2M:     3966976 kB


CPU:total 4 (4 cores per cpu, 1 threads per core) family 6 model 30 stepping 5, cmov, cx8, fxsr, mmx, sse, sse2, sse3, ssse3, sse4.1, sse4.2, popcnt

Memory: 4k page, physical 4047872k(1033688k free), swap 19529724k(19523676k free)

vm_info: Java HotSpot(TM) 64-Bit Server VM (19.1-b02) for linux-amd64 JRE (1.6.0_24-b07), built on Feb  2 2011 16:55:54 by "java_re" with gcc 3.2.2 (SuSE Linux)

time: Fri Jul  8 18:20:21 2011
elapsed time: 0 seconds

