#
# A fatal error has been detected by the Java Runtime Environment:
#
#  SIGSEGV (0xb) at pc=0x00007f9297968879, pid=9545, tid=140267707991808
#
# JRE version: 6.0_24-b07
# Java VM: Java HotSpot(TM) 64-Bit Server VM (19.1-b02 mixed mode linux-amd64 compressed oops)
# Problematic frame:
# 
[error occurred during error reporting (printing problematic frame), id 0xb]

# If you would like to submit a bug report, please visit:
#   http://java.sun.com/webapps/bugreport/crash.jsp
#

---------------  T H R E A D  ---------------

Current thread (0x00000000418be800):  VMThread [stack: 0x00007f929ed88000,0x00007f929ee89000] [id=9555]

siginfo:si_signo=SIGSEGV: si_errno=0, si_code=1 (SEGV_MAPERR), si_addr=0x0000000000100ce0

Registers:
RAX=0x0000000000100ce0, RBX=0x000000000000003c, RCX=0x0000000000000000, RDX=0x00007f929ee877c0
RSP=0x00007f929ee87740, RBP=0x00007f929ee87740, RSI=0x0000000000000000, RDI=0x00007f929c26e158
R8 =0x00007f92a541a9d8, R9 =0x00007f929c26e158, R10=0x00007f92a4dd3f88, R11=0x00007f92a4a7cca0
R12=0x0000000000000000, R13=0x00007f92a541a048, R14=0x00007f92982c5de0, R15=0x000000000000000c
RIP=0x00007f9297968879, EFL=0x0000000000010246, CSGSFS=0x0000000000000033, ERR=0x0000000000000004
  TRAPNO=0x000000000000000e

Register to memory mapping:

RAX=0x0000000000100ce0
0x0000000000100ce0 is pointing to unknown location

RBX=0x000000000000003c
0x000000000000003c is pointing to unknown location

RCX=0x0000000000000000
0x0000000000000000 is pointing to unknown location

RDX=0x00007f929ee877c0
0x00007f929ee877c0 is pointing to unknown location

RSP=0x00007f929ee87740
0x00007f929ee87740 is pointing to unknown location

RBP=0x00007f929ee87740
0x00007f929ee87740 is pointing to unknown location

RSI=0x0000000000000000
0x0000000000000000 is pointing to unknown location

RDI=0x00007f929c26e158
0x00007f929c26e158: <offset 0x215158> in /lib/x86_64-linux-gnu/libgcc_s.so.1 at 0x00007f929c059000

R8 =0x00007f92a541a9d8
0x00007f92a541a9d8: _rtld_global+0x998 in /lib64/ld-linux-x86-64.so.2 at 0x00007f92a51f9000

R9 =0x00007f929c26e158
0x00007f929c26e158: <offset 0x215158> in /lib/x86_64-linux-gnu/libgcc_s.so.1 at 0x00007f929c059000

R10=0x00007f92a4dd3f88
0x00007f92a4dd3f88: <offset 0x390f88> in /lib/x86_64-linux-gnu/libc.so.6 at 0x00007f92a4a43000

R11=0x00007f92a4a7cca0
0x00007f92a4a7cca0: __cxa_finalize+0 in /lib/x86_64-linux-gnu/libc.so.6 at 0x00007f92a4a43000

R12=0x0000000000000000
0x0000000000000000 is pointing to unknown location

R13=0x00007f92a541a048
0x00007f92a541a048: _rtld_global+0x8 in /lib64/ld-linux-x86-64.so.2 at 0x00007f92a51f9000

R14=0x00007f92982c5de0
0x00007f92982c5de0 is pointing to unknown location

R15=0x000000000000000c
0x000000000000000c is pointing to unknown location


Top of Stack: (sp=0x00007f929ee87740)
0x00007f929ee87740:   00007f929ee879c0 00007f9297968b31
0x00007f929ee87750:   00007f929ee879c0 00007f92a5207ebc
0x00007f929ee87760:   00007f92a541b2e8 00007f92a541b878
0x00007f929ee87770:   00007f92a53e9000 000000004185cbf0
0x00007f929ee87780:   000000004185fd70 00000000418602a0
0x00007f929ee87790:   00000000418607a0 00000000418653e0
0x00007f929ee877a0:   0000000041981d00 00007f92982c4ba0
0x00007f929ee877b0:   00007f92982c5060 00007f92982c5500
0x00007f929ee877c0:   00007f92982c5de0 00007f92982c62a0
0x00007f929ee877d0:   00007f9298436890 00007f92982c7970
0x00007f929ee877e0:   00007f9298436150 00007f9298435ca0
0x00007f929ee877f0:   00007f9298270000 00007f92982e6be0
0x00007f929ee87800:   00007f92982c82b0 00007f92982c7e10
0x00007f929ee87810:   00007f929824f0e0 00007f92982787a0
0x00007f929ee87820:   00007f92982fa090 0000000041950920
0x00007f929ee87830:   0000000041951e20 00000000419455c0
0x00007f929ee87840:   0000000041ae14a0 000000004185b780
0x00007f929ee87850:   000000004185b0e0 0000000041858730
0x00007f929ee87860:   0000000041ae9780 00007f92983d8830
0x00007f929ee87870:   00007f929822a760 00007f92981f0750
0x00007f929ee87880:   00007f92981f1090 00007f9298408ff0
0x00007f929ee87890:   00007f92981f0bf0 00007f9298409490
0x00007f929ee878a0:   00007f92981f02b0 00007f92981ef970
0x00007f929ee878b0:   00007f929822a2b0 00007f9298229e10
0x00007f929ee878c0:   00007f92981efe10 00007f9298229970
0x00007f929ee878d0:   00007f92982294d0 0000000041951980
0x00007f929ee878e0:   0000000041951040 00000000419514e0
0x00007f929ee878f0:   0000000041952330 0000000041952e20
0x00007f929ee87900:   0000000041952920 000000004185bd60
0x00007f929ee87910:   0000000041859b70 0000000041858c00
0x00007f929ee87920:   00007f92a53e9508 00007f92a54189a0
0x00007f929ee87930:   00007f92a53e99e8 00007f92a541a9d8 

Instructions: (pc=0x00007f9297968879)
0x00007f9297968869:   48 89 05 60 06 10 00 ff d2 48 8b 05 57 06 10 00
0x00007f9297968879:   48 8b 10 48 85 d2 75 e4 c6 05 50 06 10 00 01 c9 

Stack: [0x00007f929ed88000,0x00007f929ee89000],  sp=0x00007f929ee87740,  free space=1021k
Native frames: (J=compiled Java code, j=interpreted, Vv=VM code, C=native code)

[error occurred during error reporting (printing native stack), id 0xb]

VM_Operation (0x00007f929c36e510): Exit, mode: safepoint, requested by thread 0x0000000041adb000


---------------  P R O C E S S  ---------------

Java Threads: ( => current thread )
  0x0000000041adb000 JavaThread "SIGTERM handler" daemon [_thread_blocked, id=9617, stack(0x00007f929c26f000,0x00007f929c370000)]
  0x0000000041aea800 JavaThread "PulseAudio Eventloop Thread" daemon [_thread_blocked, id=9573, stack(0x00007f928cfae000,0x00007f928d0af000)]
  0x0000000041ae2000 JavaThread "Java Sound Event Dispatcher" daemon [_thread_blocked, id=9572, stack(0x00007f928d33c000,0x00007f928d43d000)]
  0x00007f92986d1000 JavaThread "Thread-2" [_thread_blocked, id=9571, stack(0x00007f928d573000,0x00007f928d674000)]
  0x00007f9298497800 JavaThread "DestroyJavaVM" [_thread_blocked, id=9550, stack(0x00007f92a3bb3000,0x00007f92a3cb4000)]
  0x00007f929827e800 JavaThread "AWT-XAWT" daemon [_thread_blocked, id=9564, stack(0x00007f929c596000,0x00007f929c697000)]
  0x0000000041998000 JavaThread "Java2D Disposer" daemon [_thread_blocked, id=9563, stack(0x00007f929ccdf000,0x00007f929cde0000)]
  0x00000000418f2800 JavaThread "Low Memory Detector" daemon [_thread_blocked, id=9561, stack(0x00007f929e37a000,0x00007f929e47b000)]
  0x00000000418ee800 JavaThread "CompilerThread1" daemon [_thread_blocked, id=9560, stack(0x00007f929e47b000,0x00007f929e57c000)]
  0x00000000418eb800 JavaThread "CompilerThread0" daemon [_thread_blocked, id=9559, stack(0x00007f929e57c000,0x00007f929e67d000)]
  0x00000000418e9800 JavaThread "Signal Dispatcher" daemon [_thread_blocked, id=9558, stack(0x00007f929e67d000,0x00007f929e77e000)]
  0x00000000418cd000 JavaThread "Finalizer" daemon [_thread_blocked, id=9557, stack(0x00007f929eb86000,0x00007f929ec87000)]
  0x00000000418c5800 JavaThread "Reference Handler" daemon [_thread_blocked, id=9556, stack(0x00007f929ec87000,0x00007f929ed88000)]

Other Threads:
=>0x00000000418be800 VMThread [stack: 0x00007f929ed88000,0x00007f929ee89000] [id=9555]

VM state:at safepoint (shutting down)

VM Mutex/Monitor currently owned by a thread:  ([mutex/lock_event])
[0x000000004185e140] Threads_lock - owner thread: 0x00000000418be800

Heap
 PSYoungGen      total 13120K, used 4261K [0x00000000eb600000, 0x00000000ed030000, 0x0000000100000000)
  eden space 12992K, 32% used [0x00000000eb600000,0x00000000eba117c8,0x00000000ec2b0000)
  from space 128K, 75% used [0x00000000ec2f0000,0x00000000ec308000,0x00000000ec310000)
  to   space 6912K, 0% used [0x00000000ec970000,0x00000000ec970000,0x00000000ed030000)
 PSOldGen        total 42240K, used 12923K [0x00000000c2200000, 0x00000000c4b40000, 0x00000000eb600000)
  object space 42240K, 30% used [0x00000000c2200000,0x00000000c2e9edc8,0x00000000c4b40000)
 PSPermGen       total 21248K, used 18508K [0x00000000bd000000, 0x00000000be4c0000, 0x00000000c2200000)
  object space 21248K, 87% used [0x00000000bd000000,0x00000000be213090,0x00000000be4c0000)

Dynamic libraries:
40000000-40009000 r-xp 00000000 08:05 1662394                            /usr/lib/jvm/java-6-sun-1.6.0.24/jre/bin/java
40108000-4010a000 rwxp 00008000 08:05 1662394                            /usr/lib/jvm/java-6-sun-1.6.0.24/jre/bin/java
41858000-41ba4000 rwxp 00000000 00:00 0                                  [heap]
bd000000-be4c0000 rwxp 00000000 00:00 0 
be4c0000-c2200000 rwxp 00000000 00:00 0 
c2200000-c4b40000 rwxp 00000000 00:00 0 
c4b40000-eb600000 rwxp 00000000 00:00 0 
eb600000-ed030000 rwxp 00000000 00:00 0 
ed030000-ed1b0000 ---p 00000000 00:00 0 
ed1b0000-100000000 rwxp 00000000 00:00 0 
7f9280000000-7f928009b000 rwxp 00000000 00:00 0 
7f928009b000-7f9284000000 ---p 00000000 00:00 0 
7f92878d6000-7f9288bb6000 rwxp 00000000 00:00 0 
7f9288bb6000-7f9288d2d000 rwxs 00000000 00:04 25100306                   /SYSV00000000 (deleted)
7f9288dad000-7f9288fad000 rwxp 00000000 00:00 0 
7f9288fad000-7f928cfae000 rwxs 00000000 00:10 269213                     /dev/shm/pulse-shm-4214644043
7f928cfae000-7f928cfb1000 ---p 00000000 00:00 0 
7f928cfb1000-7f928d0af000 rwxp 00000000 00:00 0 
7f928d0af000-7f928d0ba000 r-xp 00000000 08:05 1704551                    /usr/lib/jvm/java-6-sun-1.6.0.24/jre/lib/amd64/libpulse-java.so
7f928d0ba000-7f928d2b9000 ---p 0000b000 08:05 1704551                    /usr/lib/jvm/java-6-sun-1.6.0.24/jre/lib/amd64/libpulse-java.so
7f928d2b9000-7f928d2ba000 r-xp 0000a000 08:05 1704551                    /usr/lib/jvm/java-6-sun-1.6.0.24/jre/lib/amd64/libpulse-java.so
7f928d2ba000-7f928d2bb000 rwxp 0000b000 08:05 1704551                    /usr/lib/jvm/java-6-sun-1.6.0.24/jre/lib/amd64/libpulse-java.so
7f928d33c000-7f928d33f000 ---p 00000000 00:00 0 
7f928d33f000-7f928d43d000 rwxp 00000000 00:00 0 
7f928d43d000-7f928d469000 r-xp 00000000 08:05 1734838                    /usr/lib/jvm/java-6-sun-1.6.0.24/jre/lib/amd64/libjsound.so
7f928d469000-7f928d569000 ---p 0002c000 08:05 1734838                    /usr/lib/jvm/java-6-sun-1.6.0.24/jre/lib/amd64/libjsound.so
7f928d569000-7f928d571000 rwxp 0002c000 08:05 1734838                    /usr/lib/jvm/java-6-sun-1.6.0.24/jre/lib/amd64/libjsound.so
7f928d571000-7f928d573000 rwxp 00000000 00:00 0 
7f928d573000-7f928d576000 ---p 00000000 00:00 0 
7f928d576000-7f928d674000 rwxp 00000000 00:00 0 
7f928d674000-7f928d679000 r-xs 00028000 08:05 1447540                    /home/bompo/git/kpmusikspiel/libs/beads.jar
7f928d679000-7f928d879000 rwxs 395a8000 00:05 10185                      /dev/nvidia0
7f928d97d000-7f928d980000 ---p 00000000 00:00 0 
7f928d980000-7f928da7e000 rwxp 00000000 00:00 0 
7f928da7e000-7f928da7f000 ---p 00000000 00:00 0 
7f928da7f000-7f928e27f000 rwxp 00000000 00:00 0 
7f9292280000-7f9292281000 ---p 00000000 00:00 0 
7f9292281000-7f9292a81000 rwxp 00000000 00:00 0 
7f9292a81000-7f9292a87000 r-xp 00000000 08:05 1573092                    /usr/lib/libogg.so.0.7.0
7f9292a87000-7f9292c86000 ---p 00006000 08:05 1573092                    /usr/lib/libogg.so.0.7.0
7f9292c86000-7f9292c87000 r-xp 00005000 08:05 1573092                    /usr/lib/libogg.so.0.7.0
7f9292c87000-7f9292c88000 rwxp 00006000 08:05 1573092                    /usr/lib/libogg.so.0.7.0
7f9292c88000-7f9292cb3000 r-xp 00000000 08:05 1582648                    /usr/lib/libvorbis.so.0.4.5
7f9292cb3000-7f9292eb2000 ---p 0002b000 08:05 1582648                    /usr/lib/libvorbis.so.0.4.5
7f9292eb2000-7f9292eb3000 r-xp 0002a000 08:05 1582648                    /usr/lib/libvorbis.so.0.4.5
7f9292eb3000-7f9292eb4000 rwxp 0002b000 08:05 1582648                    /usr/lib/libvorbis.so.0.4.5
7f9292eb4000-7f9293167000 r-xp 00000000 08:05 1573212                    /usr/lib/libvorbisenc.so.2.0.8
7f9293167000-7f9293366000 ---p 002b3000 08:05 1573212                    /usr/lib/libvorbisenc.so.2.0.8
7f9293366000-7f9293382000 r-xp 002b2000 08:05 1573212                    /usr/lib/libvorbisenc.so.2.0.8
7f9293382000-7f9293383000 rwxp 002ce000 08:05 1573212                    /usr/lib/libvorbisenc.so.2.0.8
7f9293383000-7f92933cb000 r-xp 00000000 08:05 1570101                    /usr/lib/libFLAC.so.8.2.0
7f92933cb000-7f92935cb000 ---p 00048000 08:05 1570101                    /usr/lib/libFLAC.so.8.2.0
7f92935cb000-7f92935cc000 r-xp 00048000 08:05 1570101                    /usr/lib/libFLAC.so.8.2.0
7f92935cc000-7f92935cd000 rwxp 00049000 08:05 1570101                    /usr/lib/libFLAC.so.8.2.0
7f92935cd000-7f929362e000 r-xp 00000000 08:05 1570821                    /usr/lib/libsndfile.so.1.0.23
7f929362e000-7f929382e000 ---p 00061000 08:05 1570821                    /usr/lib/libsndfile.so.1.0.23
7f929382e000-7f9293830000 r-xp 00061000 08:05 1570821                    /usr/lib/libsndfile.so.1.0.23
7f9293830000-7f9293831000 rwxp 00063000 08:05 1570821                    /usr/lib/libsndfile.so.1.0.23
7f9293831000-7f9293835000 rwxp 00000000 00:00 0 
7f9293835000-7f929383d000 r-xp 00000000 08:05 538930                     /lib/libwrap.so.0.7.6
7f929383d000-7f9293a3d000 ---p 00008000 08:05 538930                     /lib/libwrap.so.0.7.6
7f9293a3d000-7f9293a3e000 r-xp 00008000 08:05 538930                     /lib/libwrap.so.0.7.6
7f9293a3e000-7f9293a3f000 rwxp 00009000 08:05 538930                     /lib/libwrap.so.0.7.6
7f9293a3f000-7f9293a40000 rwxp 00000000 00:00 0 
7f9293a40000-7f9293a44000 r-xp 00000000 08:05 534738                     /lib/x86_64-linux-gnu/libuuid.so.1.3.0
7f9293a44000-7f9293c43000 ---p 00004000 08:05 534738                     /lib/x86_64-linux-gnu/libuuid.so.1.3.0
7f9293c43000-7f9293c44000 r-xp 00003000 08:05 534738                     /lib/x86_64-linux-gnu/libuuid.so.1.3.0
7f9293c44000-7f9293c45000 rwxp 00004000 08:05 534738                     /lib/x86_64-linux-gnu/libuuid.so.1.3.0
7f9293c45000-7f9293c87000 r-xp 00000000 08:05 525819                     /lib/x86_64-linux-gnu/libdbus-1.so.3.5.4
7f9293c87000-7f9293e87000 ---p 00042000 08:05 525819                     /lib/x86_64-linux-gnu/libdbus-1.so.3.5.4
7f9293e87000-7f9293e88000 r-xp 00042000 08:05 525819                     /lib/x86_64-linux-gnu/libdbus-1.so.3.5.4
7f9293e88000-7f9293e89000 rwxp 00043000 08:05 525819                     /lib/x86_64-linux-gnu/libdbus-1.so.3.5.4
7f9293e89000-7f9293ed4000 r-xp 00000000 08:05 1580900                    /usr/lib/libpulsecommon-0.9.22.so
7f9293ed4000-7f92940d3000 ---p 0004b000 08:05 1580900                    /usr/lib/libpulsecommon-0.9.22.so
7f92940d3000-7f92940d4000 r-xp 0004a000 08:05 1580900                    /usr/lib/libpulsecommon-0.9.22.so
7f92940d4000-7f92940d5000 rwxp 0004b000 08:05 1580900                    /usr/lib/libpulsecommon-0.9.22.so
7f92940d5000-7f92940d8000 r-xp 00000000 08:05 1573582                    /usr/lib/libxcb-atom.so.1.0.0
7f92940d8000-7f92942d8000 ---p 00003000 08:05 1573582                    /usr/lib/libxcb-atom.so.1.0.0
7f92942d8000-7f92942d9000 r-xp 00003000 08:05 1573582                    /usr/lib/libxcb-atom.so.1.0.0
7f92942d9000-7f92942da000 rwxp 00004000 08:05 1573582                    /usr/lib/libxcb-atom.so.1.0.0
7f92942da000-7f92942e1000 r-xp 00000000 08:05 1578963                    /usr/lib/x86_64-linux-gnu/libSM.so.6.0.1
7f92942e1000-7f92944e0000 ---p 00007000 08:05 1578963                    /usr/lib/x86_64-linux-gnu/libSM.so.6.0.1
7f92944e0000-7f92944e1000 r-xp 00006000 08:05 1578963                    /usr/lib/x86_64-linux-gnu/libSM.so.6.0.1
7f92944e1000-7f92944e2000 rwxp 00007000 08:05 1578963                    /usr/lib/x86_64-linux-gnu/libSM.so.6.0.1
7f92944e2000-7f92944f8000 r-xp 00000000 08:05 1571606                    /usr/lib/x86_64-linux-gnu/libICE.so.6.3.0
7f92944f8000-7f92946f8000 ---p 00016000 08:05 1571606                    /usr/lib/x86_64-linux-gnu/libICE.so.6.3.0
7f92946f8000-7f92946f9000 r-xp 00016000 08:05 1571606                    /usr/lib/x86_64-linux-gnu/libICE.so.6.3.0
7f92946f9000-7f92946fa000 rwxp 00017000 08:05 1571606                    /usr/lib/x86_64-linux-gnu/libICE.so.6.3.0
7f92946fa000-7f92946fd000 rwxp 00000000 00:00 0 
7f92946fd000-7f92946fe000 r-xp 00000000 08:05 1570508                    /usr/lib/x86_64-linux-gnu/libX11-xcb.so.1.0.0
7f92946fe000-7f92948fd000 ---p 00001000 08:05 1570508                    /usr/lib/x86_64-linux-gnu/libX11-xcb.so.1.0.0
7f92948fd000-7f92948fe000 r-xp 00000000 08:05 1570508                    /usr/lib/x86_64-linux-gnu/libX11-xcb.so.1.0.0
7f92948fe000-7f92948ff000 rwxp 00001000 08:05 1570508                    /usr/lib/x86_64-linux-gnu/libX11-xcb.so.1.0.0
7f92948ff000-7f929493f000 r-xp 00000000 08:05 1573921                    /usr/lib/libpulse.so.0.12.3
7f929493f000-7f9294b3e000 ---p 00040000 08:05 1573921                    /usr/lib/libpulse.so.0.12.3
7f9294b3e000-7f9294b3f000 r-xp 0003f000 08:05 1573921                    /usr/lib/libpulse.so.0.12.3
7f9294b3f000-7f9294b40000 rwxp 00040000 08:05 1573921                    /usr/lib/libpulse.so.0.12.3
7f9294c8e000-7f9294c91000 ---p 00000000 00:00 0 
7f9294c91000-7f9294d8f000 rwxp 00000000 00:00 0 
7f9294d8f000-7f9294e08000 r-xp 00000000 08:05 526008                     /tmp/libgdx/3154261069/liblwjgl64.so
7f9294e08000-7f9295008000 ---p 00079000 08:05 526008                     /tmp/libgdx/3154261069/liblwjgl64.so
7f9295008000-7f929500a000 r-xp 00079000 08:05 526008                     /tmp/libgdx/3154261069/liblwjgl64.so
7f929500a000-7f929500b000 rwxp 0007b000 08:05 526008                     /tmp/libgdx/3154261069/liblwjgl64.so
7f929500b000-7f9295013000 r-xp 00000000 08:05 1581969                    /usr/lib/x86_64-linux-gnu/libXrandr.so.2.2.0
7f9295013000-7f9295212000 ---p 00008000 08:05 1581969                    /usr/lib/x86_64-linux-gnu/libXrandr.so.2.2.0
7f9295212000-7f9295213000 r-xp 00007000 08:05 1581969                    /usr/lib/x86_64-linux-gnu/libXrandr.so.2.2.0
7f9295213000-7f9295214000 rwxp 00008000 08:05 1581969                    /usr/lib/x86_64-linux-gnu/libXrandr.so.2.2.0
7f9295214000-7f9295303000 r-xp 00000000 08:05 525906                     /tmp/libgdx/3154261069/libjogl-linux64.so
7f9295303000-7f9295403000 ---p 000ef000 08:05 525906                     /tmp/libgdx/3154261069/libjogl-linux64.so
7f9295403000-7f9295404000 rwxp 000ef000 08:05 525906                     /tmp/libgdx/3154261069/libjogl-linux64.so
7f9295404000-7f9296852000 r-xp 00000000 08:05 723                        /usr/lib/nvidia-current/libnvidia-glcore.so.270.41.19
7f9296852000-7f9296a52000 ---p 0144e000 08:05 723                        /usr/lib/nvidia-current/libnvidia-glcore.so.270.41.19
7f9296a52000-7f929703a000 rwxp 0144e000 08:05 723                        /usr/lib/nvidia-current/libnvidia-glcore.so.270.41.19
7f929703a000-7f9297051000 rwxp 00000000 00:00 0 
7f9297051000-7f9297052000 r-xp 00000000 08:05 716                        /usr/lib/nvidia-current/tls/libnvidia-tls.so.270.41.19
7f9297052000-7f9297252000 ---p 00001000 08:05 716                        /usr/lib/nvidia-current/tls/libnvidia-tls.so.270.41.19
7f9297252000-7f9297253000 rwxp 00001000 08:05 716                        /usr/lib/nvidia-current/tls/libnvidia-tls.so.270.41.19
7f9297253000-7f9297254000 r-xp 00000000 08:05 1734853                    /usr/lib/jvm/java-6-sun-1.6.0.24/jre/lib/amd64/libjawt.so
7f9297254000-7f9297353000 ---p 00001000 08:05 1734853                    /usr/lib/jvm/java-6-sun-1.6.0.24/jre/lib/amd64/libjawt.so
7f9297353000-7f9297354000 rwxp 00000000 08:05 1734853                    /usr/lib/jvm/java-6-sun-1.6.0.24/jre/lib/amd64/libjawt.so
7f9297354000-7f9297359000 r-xp 00000000 08:05 1581972                    /usr/lib/x86_64-linux-gnu/libXxf86vm.so.1.0.0
7f9297359000-7f9297558000 ---p 00005000 08:05 1581972                    /usr/lib/x86_64-linux-gnu/libXxf86vm.so.1.0.0
7f9297558000-7f9297559000 r-xp 00004000 08:05 1581972                    /usr/lib/x86_64-linux-gnu/libXxf86vm.so.1.0.0
7f9297559000-7f929755a000 rwxp 00005000 08:05 1581972                    /usr/lib/x86_64-linux-gnu/libXxf86vm.so.1.0.0
7f929755a000-7f9297617000 r-xp 00000000 08:05 928                        /usr/lib/nvidia-current/libGL.so.270.41.19
7f9297617000-7f9297817000 ---p 000bd000 08:05 928                        /usr/lib/nvidia-current/libGL.so.270.41.19
7f9297817000-7f9297850000 rwxp 000bd000 08:05 928                        /usr/lib/nvidia-current/libGL.so.270.41.19
7f9297850000-7f9297866000 rwxp 00000000 00:00 0 
7f9297866000-7f9297868000 r-xp 00000000 08:05 525890                     /tmp/libgdx/3154261069/libjogl_awt-linux64.so
7f9297868000-7f9297967000 ---p 00002000 08:05 525890                     /tmp/libgdx/3154261069/libjogl_awt-linux64.so
7f9297967000-7f9297968000 rwxp 00001000 08:05 525890                     /tmp/libgdx/3154261069/libjogl_awt-linux64.so
7f9297968000-7f9297969000 r-xp 00000000 08:05 525850                     /tmp/libgdx/3154261069/libgluegen-rt-linux64.so
7f9297969000-7f9297a68000 ---p 00001000 08:05 525850                     /tmp/libgdx/3154261069/libgluegen-rt-linux64.so
7f9297a68000-7f9297a69000 rwxp 00000000 08:05 525850                     /tmp/libgdx/3154261069/libgluegen-rt-linux64.so
7f9297a69000-7f9297b51000 r-xp 00000000 08:05 1571250                    /usr/lib/x86_64-linux-gnu/libstdc++.so.6.0.14
7f9297b51000-7f9297d50000 ---p 000e8000 08:05 1571250                    /usr/lib/x86_64-linux-gnu/libstdc++.so.6.0.14
7f9297d50000-7f9297d58000 r-xp 000e7000 08:05 1571250                    /usr/lib/x86_64-linux-gnu/libstdc++.so.6.0.14
7f9297d58000-7f9297d5a000 rwxp 000ef000 08:05 1571250                    /usr/lib/x86_64-linux-gnu/libstdc++.so.6.0.14
7f9297d5a000-7f9297d6f000 rwxp 00000000 00:00 0 
7f9297d6f000-7f9297dfb000 r-xp 00000000 08:05 525839                     /tmp/libgdx/3154261069/libgdx-64.so
7f9297dfb000-7f9297ffb000 ---p 0008c000 08:05 525839                     /tmp/libgdx/3154261069/libgdx-64.so
7f9297ffb000-7f9297ffc000 r-xp 0008c000 08:05 525839                     /tmp/libgdx/3154261069/libgdx-64.so
7f9297ffc000-7f9297ffd000 rwxp 0008d000 08:05 525839                     /tmp/libgdx/3154261069/libgdx-64.so
7f9297ffd000-7f9298000000 rwxp 00000000 00:00 0 
7f9298000000-7f92994d4000 rwxp 00000000 00:00 0 
7f92994d4000-7f929c000000 ---p 00000000 00:00 0 
7f929c059000-7f929c06e000 r-xp 00000000 08:05 528127                     /lib/x86_64-linux-gnu/libgcc_s.so.1
7f929c06e000-7f929c26d000 ---p 00015000 08:05 528127                     /lib/x86_64-linux-gnu/libgcc_s.so.1
7f929c26d000-7f929c26e000 r-xp 00014000 08:05 528127                     /lib/x86_64-linux-gnu/libgcc_s.so.1
7f929c26e000-7f929c26f000 rwxp 00015000 08:05 528127                     /lib/x86_64-linux-gnu/libgcc_s.so.1
7f929c26f000-7f929c272000 ---p 00000000 00:00 0 
7f929c272000-7f929c370000 rwxp 00000000 00:00 0 
7f929c370000-7f929c371000 r-xs 00000000 08:05 532633                     /var/cache/fontconfig/26de28bc8622bbc1fb67fd234c21975f-le64.cache-3
7f929c371000-7f929c372000 r-xs 00000000 08:05 554485                     /var/cache/fontconfig/c05880de57d1f5e948fdfacc138775d9-le64.cache-3
7f929c372000-7f929c37b000 r-xs 00000000 08:05 527845                     /var/cache/fontconfig/945677eb7aeaf62f1d50efc3fb3ec7d8-le64.cache-3
7f929c37b000-7f929c37d000 r-xs 00000000 08:05 554480                     /var/cache/fontconfig/99e8ed0e538f840c565b6ed5dad60d56-le64.cache-3
7f929c37d000-7f929c380000 r-xs 00000000 08:05 554411                     /var/cache/fontconfig/f24b2111ab8703b4e963115a8cf14259-le64.cache-3
7f929c380000-7f929c383000 r-xs 00000000 08:05 554479                     /var/cache/fontconfig/e383d7ea5fbe662a33d9b44caf393297-le64.cache-3
7f929c383000-7f929c386000 r-xs 00000000 08:05 554477                     /var/cache/fontconfig/2cd17615ca594fa2959ae173292e504c-le64.cache-3
7f929c386000-7f929c387000 r-xs 00000000 08:05 554471                     /var/cache/fontconfig/e7071f4a29fa870f4323321c154eba04-le64.cache-3
7f929c387000-7f929c390000 r-xs 00000000 08:05 554448                     /var/cache/fontconfig/6d41288fd70b0be22e8c3a91e032eec0-le64.cache-3
7f929c390000-7f929c3a0000 r-xs 00000000 08:05 554447                     /var/cache/fontconfig/0f34bcd4b6ee430af32735b75db7f02b-le64.cache-3
7f929c3a0000-7f929c3ce000 r-xs 00000000 08:05 554435                     /var/cache/fontconfig/365b55f210c0a22e9a19e35191240f32-le64.cache-3
7f929c42a000-7f929c42d000 r-xs 00017000 08:05 1439905                    /home/bompo/git/kpmusikspiel/libs/tritonus_share.jar
7f929c42d000-7f929c435000 r-xs 00115000 08:05 1662451                    /usr/lib/jvm/java-6-sun-1.6.0.24/jre/lib/resources.jar
7f929c495000-7f929c498000 ---p 00000000 00:00 0 
7f929c498000-7f929c596000 rwxp 00000000 00:00 0 
7f929c596000-7f929c599000 ---p 00000000 00:00 0 
7f929c599000-7f929c697000 rwxp 00000000 00:00 0 
7f929c697000-7f929c69c000 r-xp 00000000 08:05 1570859                    /usr/lib/x86_64-linux-gnu/libXfixes.so.3.1.0
7f929c69c000-7f929c89b000 ---p 00005000 08:05 1570859                    /usr/lib/x86_64-linux-gnu/libXfixes.so.3.1.0
7f929c89b000-7f929c89c000 r-xp 00004000 08:05 1570859                    /usr/lib/x86_64-linux-gnu/libXfixes.so.3.1.0
7f929c89c000-7f929c89d000 rwxp 00005000 08:05 1570859                    /usr/lib/x86_64-linux-gnu/libXfixes.so.3.1.0
7f929c89d000-7f929c8a6000 r-xp 00000000 08:05 1570620                    /usr/lib/x86_64-linux-gnu/libXrender.so.1.3.0
7f929c8a6000-7f929caa6000 ---p 00009000 08:05 1570620                    /usr/lib/x86_64-linux-gnu/libXrender.so.1.3.0
7f929caa6000-7f929caa7000 r-xp 00009000 08:05 1570620                    /usr/lib/x86_64-linux-gnu/libXrender.so.1.3.0
7f929caa7000-7f929caa8000 rwxp 0000a000 08:05 1570620                    /usr/lib/x86_64-linux-gnu/libXrender.so.1.3.0
7f929caa8000-7f929cab1000 r-xp 00000000 08:05 1573929                    /usr/lib/x86_64-linux-gnu/libXcursor.so.1.0.2
7f929cab1000-7f929ccb0000 ---p 00009000 08:05 1573929                    /usr/lib/x86_64-linux-gnu/libXcursor.so.1.0.2
7f929ccb0000-7f929ccb1000 r-xp 00008000 08:05 1573929                    /usr/lib/x86_64-linux-gnu/libXcursor.so.1.0.2
7f929ccb1000-7f929ccb2000 rwxp 00009000 08:05 1573929                    /usr/lib/x86_64-linux-gnu/libXcursor.so.1.0.2
7f929ccb3000-7f929ccb4000 r-xs 00002000 08:05 1439810                    /home/bompo/git/kpmusikspiel/libs/tritonus_aos.jar
7f929ccb4000-7f929ccb5000 r-xs 00005000 08:05 1447554                    /home/bompo/git/kpmusikspiel/libs/mp3spi1.9.4.jar
7f929ccbb000-7f929ccbf000 rwxs 3963f000 00:05 10185                      /dev/nvidia0
7f929ccc3000-7f929ccc4000 rwxs fb060000 00:05 10185                      /dev/nvidia0
7f929ccc4000-7f929ccdf000 rwxs 1105e0000 00:05 10185                     /dev/nvidia0
7f929ccdf000-7f929cce2000 ---p 00000000 00:00 0 
7f929cce2000-7f929cde0000 rwxp 00000000 00:00 0 
7f929cde0000-7f929ce59000 r-xp 00000000 08:05 1734841                    /usr/lib/jvm/java-6-sun-1.6.0.24/jre/lib/amd64/libfontmanager.so
7f929ce59000-7f929cf58000 ---p 00079000 08:05 1734841                    /usr/lib/jvm/java-6-sun-1.6.0.24/jre/lib/amd64/libfontmanager.so
7f929cf58000-7f929cf6d000 rwxp 00078000 08:05 1734841                    /usr/lib/jvm/java-6-sun-1.6.0.24/jre/lib/amd64/libfontmanager.so
7f929cf6d000-7f929cf7e000 rwxp 00000000 00:00 0 
7f929cf7e000-7f929cf83000 r-xp 00000000 08:05 1573561                    /usr/lib/x86_64-linux-gnu/libXdmcp.so.6.0.0
7f929cf83000-7f929d182000 ---p 00005000 08:05 1573561                    /usr/lib/x86_64-linux-gnu/libXdmcp.so.6.0.0
7f929d182000-7f929d183000 r-xp 00004000 08:05 1573561                    /usr/lib/x86_64-linux-gnu/libXdmcp.so.6.0.0
7f929d183000-7f929d184000 rwxp 00005000 08:05 1573561                    /usr/lib/x86_64-linux-gnu/libXdmcp.so.6.0.0
7f929d184000-7f929d186000 r-xp 00000000 08:05 1570542                    /usr/lib/x86_64-linux-gnu/libXau.so.6.0.0
7f929d186000-7f929d385000 ---p 00002000 08:05 1570542                    /usr/lib/x86_64-linux-gnu/libXau.so.6.0.0
7f929d385000-7f929d386000 r-xp 00001000 08:05 1570542                    /usr/lib/x86_64-linux-gnu/libXau.so.6.0.0
7f929d386000-7f929d387000 rwxp 00002000 08:05 1570542                    /usr/lib/x86_64-linux-gnu/libXau.so.6.0.0
7f929d387000-7f929d3a2000 r-xp 00000000 08:05 1572615                    /usr/lib/x86_64-linux-gnu/libxcb.so.1.1.0
7f929d3a2000-7f929d5a1000 ---p 0001b000 08:05 1572615                    /usr/lib/x86_64-linux-gnu/libxcb.so.1.1.0
7f929d5a1000-7f929d5a2000 r-xp 0001a000 08:05 1572615                    /usr/lib/x86_64-linux-gnu/libxcb.so.1.1.0
7f929d5a2000-7f929d5a3000 rwxp 0001b000 08:05 1572615                    /usr/lib/x86_64-linux-gnu/libxcb.so.1.1.0
7f929d5a3000-7f929d5b2000 r-xp 00000000 08:05 1613065                    /usr/lib/x86_64-linux-gnu/libXi.so.6.1.0
7f929d5b2000-7f929d7b1000 ---p 0000f000 08:05 1613065                    /usr/lib/x86_64-linux-gnu/libXi.so.6.1.0
7f929d7b1000-7f929d7b2000 r-xp 0000e000 08:05 1613065                    /usr/lib/x86_64-linux-gnu/libXi.so.6.1.0
7f929d7b2000-7f929d7b3000 rwxp 0000f000 08:05 1613065                    /usr/lib/x86_64-linux-gnu/libXi.so.6.1.0
7f929d7b3000-7f929d7b8000 r-xp 00000000 08:05 1572606                    /usr/lib/libXtst.so.6.1.0
7f929d7b8000-7f929d9b7000 ---p 00005000 08:05 1572606                    /usr/lib/libXtst.so.6.1.0
7f929d9b7000-7f929d9b8000 r-xp 00004000 08:05 1572606                    /usr/lib/libXtst.so.6.1.0
7f929d9b8000-7f929d9b9000 rwxp 00005000 08:05 1572606                    /usr/lib/libXtst.so.6.1.0
7f929d9b9000-7f929daee000 r-xp 00000000 08:05 1573591                    /usr/lib/x86_64-linux-gnu/libX11.so.6.3.0
7f929daee000-7f929dcee000 ---p 00135000 08:05 1573591                    /usr/lib/x86_64-linux-gnu/libX11.so.6.3.0
7f929dcee000-7f929dcef000 r-xp 00135000 08:05 1573591                    /usr/lib/x86_64-linux-gnu/libX11.so.6.3.0
7f929dcef000-7f929dcf3000 rwxp 00136000 08:05 1573591                    /usr/lib/x86_64-linux-gnu/libX11.so.6.3.0
7f929dcf3000-7f929dd04000 r-xp 00000000 08:05 1571673                    /usr/lib/x86_64-linux-gnu/libXext.so.6.4.0
7f929dd04000-7f929df03000 ---p 00011000 08:05 1571673                    /usr/lib/x86_64-linux-gnu/libXext.so.6.4.0
7f929df03000-7f929df04000 r-xp 00010000 08:05 1571673                    /usr/lib/x86_64-linux-gnu/libXext.so.6.4.0
7f929df04000-7f929df05000 rwxp 00011000 08:05 1571673                    /usr/lib/x86_64-linux-gnu/libXext.so.6.4.0
7f929df05000-7f929df09000 r-xs 00000000 08:05 554470                     /var/cache/fontconfig/6eb3985aa4124903f6ff08ba781cd364-le64.cache-3
7f929df09000-7f929df0e000 r-xs 00000000 08:05 554453                     /var/cache/fontconfig/062808c12e6e608270f93bb230aed730-le64.cache-3
7f929df0e000-7f929df14000 r-xs 00000000 08:05 554429                     /var/cache/fontconfig/a755afe4a08bf5b97852ceb7400b47bc-le64.cache-3
7f929df14000-7f929df1e000 r-xs 00000000 08:05 554433                     /var/cache/fontconfig/d52a8644073d54c13679302ca1180695-le64.cache-3
7f929df1e000-7f929df1f000 r-xs 00000000 08:05 554418                     /var/cache/fontconfig/ec648e9a1aea82bddd4bd6050028158d-le64.cache-3
7f929df1f000-7f929df32000 r-xs 00000000 08:05 538224                     /var/cache/fontconfig/e13b20fdb08344e0e664864cc2ede53d-le64.cache-3
7f929df32000-7f929df74000 r-xp 00000000 08:05 1734831                    /usr/lib/jvm/java-6-sun-1.6.0.24/jre/lib/amd64/xawt/libmawt.so
7f929df74000-7f929e073000 ---p 00042000 08:05 1734831                    /usr/lib/jvm/java-6-sun-1.6.0.24/jre/lib/amd64/xawt/libmawt.so
7f929e073000-7f929e07f000 rwxp 00041000 08:05 1734831                    /usr/lib/jvm/java-6-sun-1.6.0.24/jre/lib/amd64/xawt/libmawt.so
7f929e07f000-7f929e080000 rwxp 00000000 00:00 0 
7f929e080000-7f929e112000 r-xp 00000000 08:05 1734852                    /usr/lib/jvm/java-6-sun-1.6.0.24/jre/lib/amd64/libawt.so
7f929e112000-7f929e211000 ---p 00092000 08:05 1734852                    /usr/lib/jvm/java-6-sun-1.6.0.24/jre/lib/amd64/libawt.so
7f929e211000-7f929e22a000 rwxp 00091000 08:05 1734852                    /usr/lib/jvm/java-6-sun-1.6.0.24/jre/lib/amd64/libawt.so
7f929e22a000-7f929e24f000 rwxp 00000000 00:00 0 
7f929e24f000-7f929e25a000 r-xs 00094000 08:05 1498923                    /home/bompo/git/kpmusikspiel/libs/gdx.jar
7f929e25a000-7f929e25b000 r-xs 001a1000 08:05 1440083                    /home/bompo/git/kpmusikspiel/libs/gdx-natives.jar
7f929e25b000-7f929e275000 r-xs 00207000 08:05 1498924                    /home/bompo/git/kpmusikspiel/libs/gdx-backend-jogl.jar
7f929e275000-7f929e276000 r-xs 00203000 08:05 1498925                    /home/bompo/git/kpmusikspiel/libs/gdx-backend-jogl-natives.jar
7f929e276000-7f929e279000 r-xs 0000f000 08:05 1622792                    /usr/lib/jvm/java-6-sun-1.6.0.24/jre/lib/ext/pulse-java.jar
7f929e279000-7f929e27a000 ---p 00000000 00:00 0 
7f929e27a000-7f929e37a000 rwxp 00000000 00:00 0 
7f929e37a000-7f929e37d000 ---p 00000000 00:00 0 
7f929e37d000-7f929e47b000 rwxp 00000000 00:00 0 
7f929e47b000-7f929e47e000 ---p 00000000 00:00 0 
7f929e47e000-7f929e57c000 rwxp 00000000 00:00 0 
7f929e57c000-7f929e57f000 ---p 00000000 00:00 0 
7f929e57f000-7f929e67d000 rwxp 00000000 00:00 0 
7f929e67d000-7f929e680000 ---p 00000000 00:00 0 
7f929e680000-7f929e77e000 rwxp 00000000 00:00 0 
7f929e77e000-7f929eb86000 r-xp 00000000 08:05 1570348                    /usr/lib/locale/locale-archive
7f929eb86000-7f929eb89000 ---p 00000000 00:00 0 
7f929eb89000-7f929ec87000 rwxp 00000000 00:00 0 
7f929ec87000-7f929ec8a000 ---p 00000000 00:00 0 
7f929ec8a000-7f929ed88000 rwxp 00000000 00:00 0 
7f929ed88000-7f929ed89000 ---p 00000000 00:00 0 
7f929ed89000-7f929f3c2000 rwxp 00000000 00:00 0 
7f929f3c2000-7f929f55a000 r-xs 03027000 08:05 1662454                    /usr/lib/jvm/java-6-sun-1.6.0.24/jre/lib/rt.jar
7f929f55a000-7f929f582000 rwxp 00000000 00:00 0 
7f929f582000-7f929f583000 ---p 00000000 00:00 0 
7f929f583000-7f929f683000 rwxp 00000000 00:00 0 
7f929f683000-7f929f684000 ---p 00000000 00:00 0 
7f929f684000-7f929f784000 rwxp 00000000 00:00 0 
7f929f784000-7f929f785000 ---p 00000000 00:00 0 
7f929f785000-7f929f885000 rwxp 00000000 00:00 0 
7f929f885000-7f929f886000 ---p 00000000 00:00 0 
7f929f886000-7f929f991000 rwxp 00000000 00:00 0 
7f929f991000-7f929f9af000 rwxp 00000000 00:00 0 
7f929f9af000-7f929f9c4000 rwxp 00000000 00:00 0 
7f929f9c4000-7f929faf9000 rwxp 00000000 00:00 0 
7f929faf9000-7f929fb04000 rwxp 00000000 00:00 0 
7f929fb04000-7f929fb22000 rwxp 00000000 00:00 0 
7f929fb22000-7f929fb37000 rwxp 00000000 00:00 0 
7f929fb37000-7f929fc6c000 rwxp 00000000 00:00 0 
7f929fc6c000-7f929fc7a000 rwxp 00000000 00:00 0 
7f929fc7a000-7f929fd11000 rwxp 00000000 00:00 0 
7f929fd11000-7f929ff82000 rwxp 00000000 00:00 0 
7f929ff82000-7f92a2d12000 rwxp 00000000 00:00 0 
7f92a2d12000-7f92a2d20000 r-xp 00000000 08:05 1734847                    /usr/lib/jvm/java-6-sun-1.6.0.24/jre/lib/amd64/libzip.so
7f92a2d20000-7f92a2e22000 ---p 0000e000 08:05 1734847                    /usr/lib/jvm/java-6-sun-1.6.0.24/jre/lib/amd64/libzip.so
7f92a2e22000-7f92a2e25000 rwxp 00010000 08:05 1734847                    /usr/lib/jvm/java-6-sun-1.6.0.24/jre/lib/amd64/libzip.so
7f92a2e25000-7f92a2e26000 rwxp 00000000 00:00 0 
7f92a2e26000-7f92a2e32000 r-xp 00000000 08:05 535712                     /lib/x86_64-linux-gnu/libnss_files-2.13.so
7f92a2e32000-7f92a3031000 ---p 0000c000 08:05 535712                     /lib/x86_64-linux-gnu/libnss_files-2.13.so
7f92a3031000-7f92a3032000 r-xp 0000b000 08:05 535712                     /lib/x86_64-linux-gnu/libnss_files-2.13.so
7f92a3032000-7f92a3033000 rwxp 0000c000 08:05 535712                     /lib/x86_64-linux-gnu/libnss_files-2.13.so
7f92a3033000-7f92a303e000 r-xp 00000000 08:05 535714                     /lib/x86_64-linux-gnu/libnss_nis-2.13.so
7f92a303e000-7f92a323d000 ---p 0000b000 08:05 535714                     /lib/x86_64-linux-gnu/libnss_nis-2.13.so
7f92a323d000-7f92a323e000 r-xp 0000a000 08:05 535714                     /lib/x86_64-linux-gnu/libnss_nis-2.13.so
7f92a323e000-7f92a323f000 rwxp 0000b000 08:05 535714                     /lib/x86_64-linux-gnu/libnss_nis-2.13.so
7f92a323f000-7f92a3247000 r-xp 00000000 08:05 535710                     /lib/x86_64-linux-gnu/libnss_compat-2.13.so
7f92a3247000-7f92a3446000 ---p 00008000 08:05 535710                     /lib/x86_64-linux-gnu/libnss_compat-2.13.so
7f92a3446000-7f92a3447000 r-xp 00007000 08:05 535710                     /lib/x86_64-linux-gnu/libnss_compat-2.13.so
7f92a3447000-7f92a3448000 rwxp 00008000 08:05 535710                     /lib/x86_64-linux-gnu/libnss_compat-2.13.so
7f92a3448000-7f92a344f000 r-xp 00000000 08:05 1734857                    /usr/lib/jvm/java-6-sun-1.6.0.24/jre/lib/amd64/native_threads/libhpi.so
7f92a344f000-7f92a3550000 ---p 00007000 08:05 1734857                    /usr/lib/jvm/java-6-sun-1.6.0.24/jre/lib/amd64/native_threads/libhpi.so
7f92a3550000-7f92a3552000 rwxp 00008000 08:05 1734857                    /usr/lib/jvm/java-6-sun-1.6.0.24/jre/lib/amd64/native_threads/libhpi.so
7f92a3552000-7f92a3553000 rwxp 00000000 00:00 0 
7f92a3553000-7f92a356a000 r-xp 00000000 08:05 535709                     /lib/x86_64-linux-gnu/libnsl-2.13.so
7f92a356a000-7f92a3769000 ---p 00017000 08:05 535709                     /lib/x86_64-linux-gnu/libnsl-2.13.so
7f92a3769000-7f92a376a000 r-xp 00016000 08:05 535709                     /lib/x86_64-linux-gnu/libnsl-2.13.so
7f92a376a000-7f92a376b000 rwxp 00017000 08:05 535709                     /lib/x86_64-linux-gnu/libnsl-2.13.so
7f92a376b000-7f92a376d000 rwxp 00000000 00:00 0 
7f92a376d000-7f92a3796000 r-xp 00000000 08:05 1734846                    /usr/lib/jvm/java-6-sun-1.6.0.24/jre/lib/amd64/libjava.so
7f92a3796000-7f92a3895000 ---p 00029000 08:05 1734846                    /usr/lib/jvm/java-6-sun-1.6.0.24/jre/lib/amd64/libjava.so
7f92a3895000-7f92a389c000 rwxp 00028000 08:05 1734846                    /usr/lib/jvm/java-6-sun-1.6.0.24/jre/lib/amd64/libjava.so
7f92a389c000-7f92a38a9000 r-xp 00000000 08:05 1731420                    /usr/lib/jvm/java-6-sun-1.6.0.24/jre/lib/amd64/libverify.so
7f92a38a9000-7f92a39a8000 ---p 0000d000 08:05 1731420                    /usr/lib/jvm/java-6-sun-1.6.0.24/jre/lib/amd64/libverify.so
7f92a39a8000-7f92a39ab000 rwxp 0000c000 08:05 1731420                    /usr/lib/jvm/java-6-sun-1.6.0.24/jre/lib/amd64/libverify.so
7f92a39ab000-7f92a39b2000 r-xp 00000000 08:05 535724                     /lib/x86_64-linux-gnu/librt-2.13.so
7f92a39b2000-7f92a3bb1000 ---p 00007000 08:05 535724                     /lib/x86_64-linux-gnu/librt-2.13.so
7f92a3bb1000-7f92a3bb2000 r-xp 00006000 08:05 535724                     /lib/x86_64-linux-gnu/librt-2.13.so
7f92a3bb2000-7f92a3bb3000 rwxp 00007000 08:05 535724                     /lib/x86_64-linux-gnu/librt-2.13.so
7f92a3bb3000-7f92a3bb6000 ---p 00000000 00:00 0 
7f92a3bb6000-7f92a3cb4000 rwxp 00000000 00:00 0 
7f92a3cb4000-7f92a3d38000 r-xp 00000000 08:05 535703                     /lib/x86_64-linux-gnu/libm-2.13.so
7f92a3d38000-7f92a3f37000 ---p 00084000 08:05 535703                     /lib/x86_64-linux-gnu/libm-2.13.so
7f92a3f37000-7f92a3f38000 r-xp 00083000 08:05 535703                     /lib/x86_64-linux-gnu/libm-2.13.so
7f92a3f38000-7f92a3f39000 rwxp 00084000 08:05 535703                     /lib/x86_64-linux-gnu/libm-2.13.so
7f92a3f39000-7f92a4777000 r-xp 00000000 08:05 1734849                    /usr/lib/jvm/java-6-sun-1.6.0.24/jre/lib/amd64/server/libjvm.so
7f92a4777000-7f92a4876000 ---p 0083e000 08:05 1734849                    /usr/lib/jvm/java-6-sun-1.6.0.24/jre/lib/amd64/server/libjvm.so
7f92a4876000-7f92a4a0a000 rwxp 0083d000 08:05 1734849                    /usr/lib/jvm/java-6-sun-1.6.0.24/jre/lib/amd64/server/libjvm.so
7f92a4a0a000-7f92a4a43000 rwxp 00000000 00:00 0 
7f92a4a43000-7f92a4bcd000 r-xp 00000000 08:05 535697                     /lib/x86_64-linux-gnu/libc-2.13.so
7f92a4bcd000-7f92a4dcc000 ---p 0018a000 08:05 535697                     /lib/x86_64-linux-gnu/libc-2.13.so
7f92a4dcc000-7f92a4dd0000 r-xp 00189000 08:05 535697                     /lib/x86_64-linux-gnu/libc-2.13.so
7f92a4dd0000-7f92a4dd1000 rwxp 0018d000 08:05 535697                     /lib/x86_64-linux-gnu/libc-2.13.so
7f92a4dd1000-7f92a4dd7000 rwxp 00000000 00:00 0 
7f92a4dd7000-7f92a4dd9000 r-xp 00000000 08:05 535702                     /lib/x86_64-linux-gnu/libdl-2.13.so
7f92a4dd9000-7f92a4fd9000 ---p 00002000 08:05 535702                     /lib/x86_64-linux-gnu/libdl-2.13.so
7f92a4fd9000-7f92a4fda000 r-xp 00002000 08:05 535702                     /lib/x86_64-linux-gnu/libdl-2.13.so
7f92a4fda000-7f92a4fdb000 rwxp 00003000 08:05 535702                     /lib/x86_64-linux-gnu/libdl-2.13.so
7f92a4fdb000-7f92a4ff3000 r-xp 00000000 08:05 535718                     /lib/x86_64-linux-gnu/libpthread-2.13.so
7f92a4ff3000-7f92a51f3000 ---p 00018000 08:05 535718                     /lib/x86_64-linux-gnu/libpthread-2.13.so
7f92a51f3000-7f92a51f4000 r-xp 00018000 08:05 535718                     /lib/x86_64-linux-gnu/libpthread-2.13.so
7f92a51f4000-7f92a51f5000 rwxp 00019000 08:05 535718                     /lib/x86_64-linux-gnu/libpthread-2.13.so
7f92a51f5000-7f92a51f9000 rwxp 00000000 00:00 0 
7f92a51f9000-7f92a521a000 r-xp 00000000 08:05 535673                     /lib/x86_64-linux-gnu/ld-2.13.so
7f92a521a000-7f92a521b000 r-xs 00000000 08:05 554466                     /var/cache/fontconfig/4c73fe0c47614734b17d736dbde7580a-le64.cache-3
7f92a521b000-7f92a521c000 r-xs 00000000 08:05 554459                     /var/cache/fontconfig/0d8c3b2ac0904cb8a57a757ad11a4a08-le64.cache-3
7f92a521c000-7f92a5226000 rwxp 00000000 00:00 0 
7f92a5226000-7f92a52dc000 rwxp 00000000 00:00 0 
7f92a52dc000-7f92a52df000 rwxp 00000000 00:00 0 
7f92a52df000-7f92a52e6000 r-xp 00000000 08:05 1731410                    /usr/lib/jvm/java-6-sun-1.6.0.24/jre/lib/amd64/jli/libjli.so
7f92a52e6000-7f92a53e7000 ---p 00007000 08:05 1731410                    /usr/lib/jvm/java-6-sun-1.6.0.24/jre/lib/amd64/jli/libjli.so
7f92a53e7000-7f92a53e9000 rwxp 00008000 08:05 1731410                    /usr/lib/jvm/java-6-sun-1.6.0.24/jre/lib/amd64/jli/libjli.so
7f92a53e9000-7f92a53ea000 rwxp 00000000 00:00 0 
7f92a53ea000-7f92a53eb000 r-xs 00000000 08:05 554454                     /var/cache/fontconfig/6a53c69dea097a2d716e069445527da8-le64.cache-3
7f92a53eb000-7f92a53f0000 r-xs 00000000 08:05 554452                     /var/cache/fontconfig/515ca1ebc4b18308bea979be5704f9db-le64.cache-3
7f92a53f0000-7f92a53f3000 r-xs 00000000 08:05 554441                     /var/cache/fontconfig/d60319d88cac85ba9e1a07bd06cfbb8c-le64.cache-3
7f92a53f3000-7f92a53f4000 r-xs 00000000 08:05 530935                     /var/cache/fontconfig/4794a0821666d79190d59a36cb4f44b5-le64.cache-3
7f92a53f4000-7f92a53f8000 r-xs 00000000 08:05 538228                     /var/cache/fontconfig/7ef2298fde41cc6eeb7af42e48b7d293-le64.cache-3
7f92a53f8000-7f92a540c000 r-xs 00000000 08:05 527842                     /var/cache/fontconfig/865f88548240fee46819705c6468c165-le64.cache-3
7f92a540c000-7f92a540d000 r-xs 00000000 08:05 1340105                    /home/bompo/.fontconfig/aa7e4f27e681240d22a1f116cf7520f0-le64.cache-3
7f92a540d000-7f92a5415000 rwxs 00000000 08:05 524705                     /tmp/hsperfdata_bompo/9545 (deleted)
7f92a5415000-7f92a5416000 rwxp 00000000 00:00 0 
7f92a5416000-7f92a5417000 ---p 00000000 00:00 0 
7f92a5417000-7f92a5419000 rwxp 00000000 00:00 0 
7f92a5419000-7f92a541a000 r-xp 00020000 08:05 535673                     /lib/x86_64-linux-gnu/ld-2.13.so
7f92a541a000-7f92a541c000 rwxp 00021000 08:05 535673                     /lib/x86_64-linux-gnu/ld-2.13.so
7fffa61e0000-7fffa6201000 rwxp 00000000 00:00 0                          [stack]
7fffa6202000-7fffa6203000 r-xp 00000000 00:00 0                          [vdso]
ffffffffff600000-ffffffffff601000 r-xp 00000000 00:00 0                  [vsyscall]

VM Arguments:
jvm_args: -Dfile.encoding=UTF-8 
java_command: com.jumpandrun.DesktopStarter
Launcher Type: SUN_STANDARD

Environment Variables:
PATH=/usr/local/sbin:/usr/local/bin:/usr/sbin:/usr/bin:/sbin:/bin:/usr/games
USERNAME=bompo
LD_LIBRARY_PATH=/usr/lib/jvm/java-6-sun-1.6.0.24/jre/lib/amd64/server:/usr/lib/jvm/java-6-sun-1.6.0.24/jre/lib/amd64:/usr/lib/jvm/java-6-sun-1.6.0.24/jre/../lib/amd64:/usr/lib/jvm/java-6-openjdk/jre/lib/amd64/server:/usr/lib/jvm/java-6-openjdk/jre/lib/amd64:/usr/lib/jvm/java-6-openjdk/jre/../lib/amd64:/usr/lib64/xulrunner-addons
SHELL=/bin/bash
DISPLAY=:0.0

Signal Handlers:
SIGSEGV: [libjvm.so+0x791b30], sa_mask[0]=0x7ffbfeff, sa_flags=0x10000004
SIGBUS: [libjvm.so+0x791b30], sa_mask[0]=0x7ffbfeff, sa_flags=0x10000004
SIGFPE: [libjvm.so+0x640ba0], sa_mask[0]=0x7ffbfeff, sa_flags=0x10000004
SIGPIPE: [libjvm.so+0x640ba0], sa_mask[0]=0x7ffbfeff, sa_flags=0x10000004
SIGXFSZ: [libjvm.so+0x640ba0], sa_mask[0]=0x7ffbfeff, sa_flags=0x10000004
SIGILL: [libjvm.so+0x640ba0], sa_mask[0]=0x7ffbfeff, sa_flags=0x10000004
SIGUSR1: SIG_DFL, sa_mask[0]=0x00000000, sa_flags=0x00000000
SIGUSR2: [libjvm.so+0x643780], sa_mask[0]=0x00000004, sa_flags=0x10000004
SIGHUP: [libjvm.so+0x643380], sa_mask[0]=0x7ffbfeff, sa_flags=0x10000004
SIGINT: [libjvm.so+0x643380], sa_mask[0]=0x7ffbfeff, sa_flags=0x10000004
SIGTERM: [libjvm.so+0x643380], sa_mask[0]=0x7ffbfeff, sa_flags=0x10000004
SIGQUIT: [libjvm.so+0x643380], sa_mask[0]=0x7ffbfeff, sa_flags=0x10000004


---------------  S Y S T E M  ---------------

OS:squeeze/sid

uname:Linux 2.6.38-10-generic #46-Ubuntu SMP Tue Jun 28 15:07:17 UTC 2011 x86_64
libc:glibc 2.13 NPTL 2.13 
rlimit: STACK 8192k, CORE 0k, NPROC infinity, NOFILE 4096, AS infinity
load average:0.10 0.11 0.07

/proc/meminfo:
MemTotal:        4047872 kB
MemFree:          592668 kB
Buffers:          151024 kB
Cached:           904452 kB
SwapCached:            0 kB
Active:          1991640 kB
Inactive:        1044204 kB
Active(anon):    1459316 kB
Inactive(anon):   538240 kB
Active(file):     532324 kB
Inactive(file):   505964 kB
Unevictable:         148 kB
Mlocked:             148 kB
SwapTotal:      19529724 kB
SwapFree:       19529536 kB
Dirty:              1500 kB
Writeback:             0 kB
AnonPages:       1980460 kB
Mapped:           228064 kB
Shmem:             17188 kB
Slab:             213344 kB
SReclaimable:     184768 kB
SUnreclaim:        28576 kB
KernelStack:        4120 kB
PageTables:        38308 kB
NFS_Unstable:          0 kB
Bounce:                0 kB
WritebackTmp:          0 kB
CommitLimit:    21553660 kB
Committed_AS:    4536112 kB
VmallocTotal:   34359738367 kB
VmallocUsed:      341752 kB
VmallocChunk:   34359382740 kB
HardwareCorrupted:     0 kB
HugePages_Total:       0
HugePages_Free:        0
HugePages_Rsvd:        0
HugePages_Surp:        0
Hugepagesize:       2048 kB
DirectMap4k:      198080 kB
DirectMap2M:     3987456 kB


CPU:total 4 (4 cores per cpu, 1 threads per core) family 6 model 30 stepping 5, cmov, cx8, fxsr, mmx, sse, sse2, sse3, ssse3, sse4.1, sse4.2, popcnt

Memory: 4k page, physical 4047872k(592668k free), swap 19529724k(19529536k free)

vm_info: Java HotSpot(TM) 64-Bit Server VM (19.1-b02) for linux-amd64 JRE (1.6.0_24-b07), built on Feb  2 2011 16:55:54 by "java_re" with gcc 3.2.2 (SuSE Linux)

time: Sat Jul  9 15:41:51 2011
elapsed time: 58 seconds

