#
# A fatal error has been detected by the Java Runtime Environment:
#
#  SIGSEGV (0xb) at pc=0x00007f37b7db68ec, pid=12241, tid=139877282121472
#
# JRE version: 6.0_22-b22
# Java VM: OpenJDK 64-Bit Server VM (20.0-b11 mixed mode linux-amd64 compressed oops)
# Derivative: IcedTea6 1.10.2
# Distribution: Ubuntu 11.04, package 6b22-1.10.2-0ubuntu1~11.04.1
# Problematic frame:
# C  [libgdx-64.so+0x478ec]  b2World::DestroyJoint(b2Joint*)+0x3c
#
# If you would like to submit a bug report, please include
# instructions how to reproduce the bug and visit:
#   https://bugs.launchpad.net/ubuntu/+source/openjdk-6/
# The crash happened outside the Java Virtual Machine in native code.
# See problematic frame for where to report the bug.
#

---------------  T H R E A D  ---------------

Current thread (0x00007f37b8223000):  JavaThread "LWJGL Application" [_thread_in_native, id=12269, stack(0x00007f37b7a68000,0x00007f37b7b69000)]

siginfo:si_signo=SIGSEGV: si_errno=0, si_code=1 (SEGV_MAPERR), si_addr=0x0000000c00000dc1

Registers:
RAX=0x0000000000000000, RBX=0x000000000307af30, RCX=0x0000000002294340, RDX=0x0000000c00000db1
RSP=0x00007f37b7b67650, RBP=0x00007f37b8389c30, RSI=0x0000000002b98780, RDI=0x0000000002b98780
R8 =0x00007f37c53389a8, R9 =0x0000000000000002, R10=0x00007f37b7b673f0, R11=0x00007f37b7db68b0
R12=0x00007f37b8039120, R13=0x00000000000000a8, R14=0x00007f37b7b67758, R15=0x00007f37b8223000
RIP=0x00007f37b7db68ec, EFLAGS=0x0000000000010206, CSGSFS=0x0000000000000033, ERR=0x0000000000000006
  TRAPNO=0x000000000000000e

Top of Stack: (sp=0x00007f37b7b67650)
0x00007f37b7b67650:   00007f37b8389c30 000000000307af30
0x00007f37b7b67660:   00007f37b8389c30 00007f37b8039120
0x00007f37b7b67670:   0000000002294340 00007f37b7db6c59
0x00007f37b7b67680:   00000000b85ef418 00007f37b7b67718
0x00007f37b7b67690:   0000000000000000 00000000b85ef418
0x00007f37b7b676a0:   00007f37b7b67758 00007f37bff21d68
0x00007f37b7b676b0:   0000000001c6be78 0000000001c6be78
0x00007f37b7b676c0:   00000000fffffffe 0000000001c6be98
0x00007f37b7b676d0:   000000000000001b 00007f37b7b676d8
0x00007f37b7b676e0:   00000000b85ef418 00007f37b7b67758
0x00007f37b7b676f0:   00000000b8603580 0000000000000000
0x00007f37b7b67700:   00000000b85ef418 0000000000000000
0x00007f37b7b67710:   00007f37b7b67738 00007f37b7b677a0
0x00007f37b7b67720:   00007f37bff1685a 0000000000000000
0x00007f37b7b67730:   00007f37bff1ef58 0000000002294340
0x00007f37b7b67740:   00000000eb72fbb8 00007f37b8389c30
0x00007f37b7b67750:   00000000ec00a280 00000000ec00a280
0x00007f37b7b67760:   00007f37b7b67760 00000000b85ef302
0x00007f37b7b67770:   00007f37b7b677c0 00000000b8603580
0x00007f37b7b67780:   0000000000000000 00000000b85ef358
0x00007f37b7b67790:   00007f37b7b67738 00007f37b7b677d0
0x00007f37b7b677a0:   00000000eb72fbb8 00007f37c003cc20
0x00007f37b7b677b0:   0000000000000000 00000000eb72fbb8
0x00007f37b7b677c0:   00000000ec00a280 00007f37c003cc20
0x00007f37b7b677d0:   ec00a28000000000 00000000ec6b5360
0x00007f37b7b677e0:   0000000000000019 0000000000000000
0x00007f37b7b677f0:   00000000ebf14120 00007f37c0011ce0
0x00007f37b7b67800:   00000000ec6b5360 000000013b0ed8a0
0x00007f37b7b67810:   00000000ec083168 00000000ec6b5348
0x00007f37b7b67820:   00000000ec6b5360 00000000b8655488
0x00007f37b7b67830:   00000000b88dfb58 00000000b864cd58
0x00007f37b7b67840:   00007f37b7b678b0 00007f37bff1685a 

Instructions: (pc=0x00007f37b7db68ec)
0x00007f37b7db68cc:   00 48 8b 46 10 44 0f b6 6e 71 48 85 c0 74 08 48
0x00007f37b7db68dc:   8b 56 18 48 89 50 18 48 8b 57 18 48 85 d2 74 04
0x00007f37b7db68ec:   48 89 42 10 48 39 bd 28 93 01 00 0f 84 4b 01 00
0x00007f37b7db68fc:   00 48 8b 5f 60 4c 8b 67 68 0f b7 43 04 a8 02 75 

Register to memory mapping:

RAX=0x0000000000000000 is an unknown value
RBX=0x000000000307af30 is an unknown value
RCX=0x0000000002294340 is an unknown value
RDX=0x0000000c00000db1 is an unknown value
RSP=0x00007f37b7b67650 is pointing into the stack for thread: 0x00007f37b8223000
RBP=0x00007f37b8389c30 is an unknown value
RSI=0x0000000002b98780 is an unknown value
RDI=0x0000000002b98780 is an unknown value
R8 =0x00007f37c53389a8: <offset 0xbfb9a8> in /usr/lib/jvm/java-6-openjdk/jre/lib/amd64/server/libjvm.so at 0x00007f37c473d000
R9 =0x0000000000000002 is an unknown value
R10=0x00007f37b7b673f0 is pointing into the stack for thread: 0x00007f37b8223000
R11=0x00007f37b7db68b0: _ZN7b2World12DestroyJointEP7b2Joint+0 in /tmp/libgdx/3154261069/libgdx-64.so at 0x00007f37b7d6f000
R12=0x00007f37b8039120 is an unknown value
R13=0x00000000000000a8 is an unknown value
R14=0x00007f37b7b67758 is pointing into the stack for thread: 0x00007f37b8223000
R15=0x00007f37b8223000 is a thread


Stack: [0x00007f37b7a68000,0x00007f37b7b69000],  sp=0x00007f37b7b67650,  free space=1021k
Native frames: (J=compiled Java code, j=interpreted, Vv=VM code, C=native code)
C  [libgdx-64.so+0x478ec]  b2World::DestroyJoint(b2Joint*)+0x3c

Java frames: (J=compiled Java code, j=interpreted, Vv=VM code)
j  com.badlogic.gdx.physics.box2d.World.jniDestroyBody(JJ)V+0
j  com.badlogic.gdx.physics.box2d.World.destroyBody(Lcom/badlogic/gdx/physics/box2d/Body;)V+106
J  com.jumpandrun.GameInstance.removeKilled()V
J  com.jumpandrun.GameInstance.physicStuff(F)V
j  com.jumpandrun.GameScreen.render(F)V+583
j  com.badlogic.gdx.Game.render()V+19
j  com.badlogic.gdx.backends.lwjgl.LwjglApplication.mainLoop()V+334
j  com.badlogic.gdx.backends.lwjgl.LwjglApplication.access$000(Lcom/badlogic/gdx/backends/lwjgl/LwjglApplication;)V+1
j  com.badlogic.gdx.backends.lwjgl.LwjglApplication$1.run()V+27
v  ~StubRoutines::call_stub

---------------  P R O C E S S  ---------------

Java Threads: ( => current thread )
  0x00007f37b832c000 JavaThread "PulseAudio Eventloop Thread" daemon [_thread_in_native, id=12284, stack(0x00007f37acc3b000,0x00007f37acd3c000)]
  0x0000000002255800 JavaThread "Thread-2" [_thread_blocked, id=12278, stack(0x00007f37affd2000,0x00007f37b00d3000)]
  0x00007f37b82b4000 JavaThread "DestroyJavaVM" [_thread_blocked, id=12246, stack(0x00007f37c6014000,0x00007f37c6115000)]
=>0x00007f37b8223000 JavaThread "LWJGL Application" [_thread_in_native, id=12269, stack(0x00007f37b7a68000,0x00007f37b7b69000)]
  0x0000000001f3c000 JavaThread "AWT-XAWT" daemon [_thread_in_native, id=12260, stack(0x00007f37bc336000,0x00007f37bc437000)]
  0x00007f37b813b000 JavaThread "Java2D Disposer" daemon [_thread_blocked, id=12259, stack(0x00007f37bc71d000,0x00007f37bc81e000)]
  0x00007f37b8085000 JavaThread "Low Memory Detector" daemon [_thread_blocked, id=12257, stack(0x00007f37be52e000,0x00007f37be62f000)]
  0x00007f37b8082000 JavaThread "C2 CompilerThread1" daemon [_thread_blocked, id=12256, stack(0x00007f37be62f000,0x00007f37be730000)]
  0x00007f37b807f000 JavaThread "C2 CompilerThread0" daemon [_thread_blocked, id=12255, stack(0x00007f37be730000,0x00007f37be831000)]
  0x00007f37b807e000 JavaThread "Signal Dispatcher" daemon [_thread_blocked, id=12254, stack(0x00007f37be831000,0x00007f37be932000)]
  0x00007f37b805f000 JavaThread "Finalizer" daemon [_thread_blocked, id=12253, stack(0x00007f37bed3a000,0x00007f37bee3b000)]
  0x00007f37b805d000 JavaThread "Reference Handler" daemon [_thread_blocked, id=12252, stack(0x00007f37bee3b000,0x00007f37bef3c000)]

Other Threads:
  0x00007f37b8056000 VMThread [stack: 0x00007f37bef3c000,0x00007f37bf03d000] [id=12251]
  0x00007f37b808f800 WatcherThread [stack: 0x00007f37be42d000,0x00007f37be52e000] [id=12258]

VM state:not at safepoint (normal execution)

VM Mutex/Monitor currently owned by a thread: None

Heap
 PSYoungGen      total 18432K, used 13878K [0x00000000eb600000, 0x00000000eda00000, 0x0000000100000000)
  eden space 15808K, 75% used [0x00000000eb600000,0x00000000ec1abc88,0x00000000ec570000)
  from space 2624K, 73% used [0x00000000ec570000,0x00000000ec751c58,0x00000000ec800000)
  to   space 2624K, 0% used [0x00000000ed770000,0x00000000ed770000,0x00000000eda00000)
 PSOldGen        total 72896K, used 69310K [0x00000000c2200000, 0x00000000c6930000, 0x00000000eb600000)
  object space 72896K, 95% used [0x00000000c2200000,0x00000000c65af840,0x00000000c6930000)
 PSPermGen       total 21248K, used 13189K [0x00000000b7c00000, 0x00000000b90c0000, 0x00000000c2200000)
  object space 21248K, 62% used [0x00000000b7c00000,0x00000000b88e1568,0x00000000b90c0000)

Code Cache  [0x00007f37bff11000, 0x00007f37c0181000, 0x00007f37c2f11000)
 total_blobs=854 nmethods=313 adapters=495 free_code_cache=48989632 largest_free_block=21312

Dynamic libraries:
00400000-00409000 r-xp 00000000 08:05 1597353                            /usr/lib/jvm/java-6-openjdk/jre/bin/java
00608000-00609000 r--p 00008000 08:05 1597353                            /usr/lib/jvm/java-6-openjdk/jre/bin/java
00609000-0060a000 rw-p 00009000 08:05 1597353                            /usr/lib/jvm/java-6-openjdk/jre/bin/java
01ba9000-0340d000 rw-p 00000000 00:00 0                                  [heap]
4015a000-4015c000 r-xs 00000000 08:05 525997                             /tmp/glLfshIC (deleted)
4115e000-411d8000 rw-p 00000000 00:00 0 
b7c00000-b90c0000 rw-p 00000000 00:00 0 
b90c0000-c2200000 rw-p 00000000 00:00 0 
c2200000-c6930000 rw-p 00000000 00:00 0 
c6930000-eb600000 rw-p 00000000 00:00 0 
eb600000-eda00000 rw-p 00000000 00:00 0 
eda00000-100000000 rw-p 00000000 00:00 0 
7f37a4745000-7f37a8746000 rw-s 00000000 00:10 490523                     /dev/shm/pulse-shm-144813704
7f37a8746000-7f37a8747000 ---p 00000000 00:00 0 
7f37a8747000-7f37a8f47000 rw-p 00000000 00:00 0 
7f37ab009000-7f37abde1000 rw-p 00000000 00:00 0 
7f37aca3a000-7f37acb3a000 rw-s 5a173000 00:05 6951                       /dev/nvidia0
7f37acb3a000-7f37acbba000 rw-s 5979c000 00:05 6951                       /dev/nvidia0
7f37acbba000-7f37acc3b000 rw-p 00000000 00:00 0 
7f37acc3b000-7f37acc3e000 ---p 00000000 00:00 0 
7f37acc3e000-7f37acd3c000 rw-p 00000000 00:00 0 
7f37acd3c000-7f37acd47000 r-xp 00000000 08:05 1597424                    /usr/lib/jvm/java-6-openjdk/jre/lib/amd64/libpulse-java.so
7f37acd47000-7f37acf46000 ---p 0000b000 08:05 1597424                    /usr/lib/jvm/java-6-openjdk/jre/lib/amd64/libpulse-java.so
7f37acf46000-7f37acf47000 r--p 0000a000 08:05 1597424                    /usr/lib/jvm/java-6-openjdk/jre/lib/amd64/libpulse-java.so
7f37acf47000-7f37acf48000 rw-p 0000b000 08:05 1597424                    /usr/lib/jvm/java-6-openjdk/jre/lib/amd64/libpulse-java.so
7f37acf48000-7f37acf4d000 r-xp 00000000 08:05 1577007                    /usr/lib/alsa-lib/libasound_module_pcm_pulse.so
7f37acf4d000-7f37ad14d000 ---p 00005000 08:05 1577007                    /usr/lib/alsa-lib/libasound_module_pcm_pulse.so
7f37ad14d000-7f37ad14e000 r--p 00005000 08:05 1577007                    /usr/lib/alsa-lib/libasound_module_pcm_pulse.so
7f37ad14e000-7f37ad14f000 rw-p 00006000 08:05 1577007                    /usr/lib/alsa-lib/libasound_module_pcm_pulse.so
7f37ad14f000-7f37ad233000 r-xp 00000000 08:05 1571897                    /usr/lib/libasound.so.2.0.0
7f37ad233000-7f37ad433000 ---p 000e4000 08:05 1571897                    /usr/lib/libasound.so.2.0.0
7f37ad433000-7f37ad439000 r--p 000e4000 08:05 1571897                    /usr/lib/libasound.so.2.0.0
7f37ad439000-7f37ad43a000 rw-p 000ea000 08:05 1571897                    /usr/lib/libasound.so.2.0.0
7f37ad43a000-7f37ad449000 r-xp 00000000 08:05 1597422                    /usr/lib/jvm/java-6-openjdk/jre/lib/amd64/libjsoundalsa.so
7f37ad449000-7f37ad648000 ---p 0000f000 08:05 1597422                    /usr/lib/jvm/java-6-openjdk/jre/lib/amd64/libjsoundalsa.so
7f37ad648000-7f37ad649000 r--p 0000e000 08:05 1597422                    /usr/lib/jvm/java-6-openjdk/jre/lib/amd64/libjsoundalsa.so
7f37ad649000-7f37ad64a000 rw-p 0000f000 08:05 1597422                    /usr/lib/jvm/java-6-openjdk/jre/lib/amd64/libjsoundalsa.so
7f37ad64a000-7f37ad64b000 r-xp 00000000 08:05 1597377                    /usr/lib/jvm/java-6-openjdk/jre/lib/amd64/libjsound.so
7f37ad64b000-7f37ad84a000 ---p 00001000 08:05 1597377                    /usr/lib/jvm/java-6-openjdk/jre/lib/amd64/libjsound.so
7f37ad84a000-7f37ad84b000 r--p 00000000 08:05 1597377                    /usr/lib/jvm/java-6-openjdk/jre/lib/amd64/libjsound.so
7f37ad84b000-7f37ad84c000 rw-p 00001000 08:05 1597377                    /usr/lib/jvm/java-6-openjdk/jre/lib/amd64/libjsound.so
7f37ad84c000-7f37ad84e000 rw-s 00000000 08:05 525997                     /tmp/glLfshIC (deleted)
7f37ad84e000-7f37ada4e000 rw-s b44c1000 00:05 6951                       /dev/nvidia0
7f37ada4e000-7f37adb4e000 rw-s 5a115000 00:05 6951                       /dev/nvidia0
7f37adb4e000-7f37adc19000 rw-p 00000000 00:00 0 
7f37adc7c000-7f37adc97000 rw-s 117ca0000 00:05 6951                      /dev/nvidia0
7f37adc97000-7f37af26c000 r-xp 00000000 08:05 728                        /usr/lib/nvidia-current/libnvidia-glcore.so.275.19
7f37af26c000-7f37af46c000 ---p 015d5000 08:05 728                        /usr/lib/nvidia-current/libnvidia-glcore.so.275.19
7f37af46c000-7f37afaa7000 rwxp 015d5000 08:05 728                        /usr/lib/nvidia-current/libnvidia-glcore.so.275.19
7f37afaa7000-7f37afabf000 rwxp 00000000 00:00 0 
7f37afabf000-7f37afac2000 r-xp 00000000 08:05 718                        /usr/lib/nvidia-current/tls/libnvidia-tls.so.275.19
7f37afac2000-7f37afcc1000 ---p 00003000 08:05 718                        /usr/lib/nvidia-current/tls/libnvidia-tls.so.275.19
7f37afcc1000-7f37afcc2000 rw-p 00002000 08:05 718                        /usr/lib/nvidia-current/tls/libnvidia-tls.so.275.19
7f37afcc2000-7f37afd82000 r-xp 00000000 08:05 768                        /usr/lib/nvidia-current/libGL.so.275.19
7f37afd82000-7f37aff81000 ---p 000c0000 08:05 768                        /usr/lib/nvidia-current/libGL.so.275.19
7f37aff81000-7f37affbc000 rwxp 000bf000 08:05 768                        /usr/lib/nvidia-current/libGL.so.275.19
7f37affbc000-7f37affd2000 rwxp 00000000 00:00 0 
7f37affd2000-7f37affd5000 ---p 00000000 00:00 0 
7f37affd5000-7f37b00d3000 rw-p 00000000 00:00 0 
7f37b00d3000-7f37b00d4000 ---p 00000000 00:00 0 
7f37b00d4000-7f37b08d4000 rw-p 00000000 00:00 0 
7f37b08d4000-7f37b48d5000 rw-s 00000000 00:10 489371                     /dev/shm/pulse-shm-983842261
7f37b48d5000-7f37b48d6000 ---p 00000000 00:00 0 
7f37b48d6000-7f37b50d6000 rw-p 00000000 00:00 0 
7f37b50d6000-7f37b50dc000 r-xp 00000000 08:05 1573092                    /usr/lib/libogg.so.0.7.0
7f37b50dc000-7f37b52db000 ---p 00006000 08:05 1573092                    /usr/lib/libogg.so.0.7.0
7f37b52db000-7f37b52dc000 r--p 00005000 08:05 1573092                    /usr/lib/libogg.so.0.7.0
7f37b52dc000-7f37b52dd000 rw-p 00006000 08:05 1573092                    /usr/lib/libogg.so.0.7.0
7f37b52dd000-7f37b5308000 r-xp 00000000 08:05 1582648                    /usr/lib/libvorbis.so.0.4.5
7f37b5308000-7f37b5507000 ---p 0002b000 08:05 1582648                    /usr/lib/libvorbis.so.0.4.5
7f37b5507000-7f37b5508000 r--p 0002a000 08:05 1582648                    /usr/lib/libvorbis.so.0.4.5
7f37b5508000-7f37b5509000 rw-p 0002b000 08:05 1582648                    /usr/lib/libvorbis.so.0.4.5
7f37b5509000-7f37b57bc000 r-xp 00000000 08:05 1573212                    /usr/lib/libvorbisenc.so.2.0.8
7f37b57bc000-7f37b59bb000 ---p 002b3000 08:05 1573212                    /usr/lib/libvorbisenc.so.2.0.8
7f37b59bb000-7f37b59d7000 r--p 002b2000 08:05 1573212                    /usr/lib/libvorbisenc.so.2.0.8
7f37b59d7000-7f37b59d8000 rw-p 002ce000 08:05 1573212                    /usr/lib/libvorbisenc.so.2.0.8
7f37b59d8000-7f37b5a20000 r-xp 00000000 08:05 1570101                    /usr/lib/libFLAC.so.8.2.0
7f37b5a20000-7f37b5c20000 ---p 00048000 08:05 1570101                    /usr/lib/libFLAC.so.8.2.0
7f37b5c20000-7f37b5c21000 r--p 00048000 08:05 1570101                    /usr/lib/libFLAC.so.8.2.0
7f37b5c21000-7f37b5c22000 rw-p 00049000 08:05 1570101                    /usr/lib/libFLAC.so.8.2.0
7f37b5c22000-7f37b5c83000 r-xp 00000000 08:05 1574433                    /usr/lib/libsndfile.so.1.0.23
7f37b5c83000-7f37b5e83000 ---p 00061000 08:05 1574433                    /usr/lib/libsndfile.so.1.0.23
7f37b5e83000-7f37b5e85000 r--p 00061000 08:05 1574433                    /usr/lib/libsndfile.so.1.0.23
7f37b5e85000-7f37b5e86000 rw-p 00063000 08:05 1574433                    /usr/lib/libsndfile.so.1.0.23
7f37b5e86000-7f37b5e8a000 rw-p 00000000 00:00 0 
7f37b5e8a000-7f37b5e92000 r-xp 00000000 08:05 538930                     /lib/libwrap.so.0.7.6
7f37b5e92000-7f37b6092000 ---p 00008000 08:05 538930                     /lib/libwrap.so.0.7.6
7f37b6092000-7f37b6093000 r--p 00008000 08:05 538930                     /lib/libwrap.so.0.7.6
7f37b6093000-7f37b6094000 rw-p 00009000 08:05 538930                     /lib/libwrap.so.0.7.6
7f37b6094000-7f37b6095000 rw-p 00000000 00:00 0 
7f37b6095000-7f37b6099000 r-xp 00000000 08:05 534738                     /lib/x86_64-linux-gnu/libuuid.so.1.3.0
7f37b6099000-7f37b6298000 ---p 00004000 08:05 534738                     /lib/x86_64-linux-gnu/libuuid.so.1.3.0
7f37b6298000-7f37b6299000 r--p 00003000 08:05 534738                     /lib/x86_64-linux-gnu/libuuid.so.1.3.0
7f37b6299000-7f37b629a000 rw-p 00004000 08:05 534738                     /lib/x86_64-linux-gnu/libuuid.so.1.3.0
7f37b629a000-7f37b62dc000 r-xp 00000000 08:05 525819                     /lib/x86_64-linux-gnu/libdbus-1.so.3.5.4
7f37b62dc000-7f37b64dc000 ---p 00042000 08:05 525819                     /lib/x86_64-linux-gnu/libdbus-1.so.3.5.4
7f37b64dc000-7f37b64dd000 r--p 00042000 08:05 525819                     /lib/x86_64-linux-gnu/libdbus-1.so.3.5.4
7f37b64dd000-7f37b64de000 rw-p 00043000 08:05 525819                     /lib/x86_64-linux-gnu/libdbus-1.so.3.5.4
7f37b64de000-7f37b6529000 r-xp 00000000 08:05 1580900                    /usr/lib/libpulsecommon-0.9.22.so
7f37b6529000-7f37b6728000 ---p 0004b000 08:05 1580900                    /usr/lib/libpulsecommon-0.9.22.so
7f37b6728000-7f37b6729000 r--p 0004a000 08:05 1580900                    /usr/lib/libpulsecommon-0.9.22.so
7f37b6729000-7f37b672a000 rw-p 0004b000 08:05 1580900                    /usr/lib/libpulsecommon-0.9.22.so
7f37b672a000-7f37b672d000 r-xp 00000000 08:05 1573582                    /usr/lib/libxcb-atom.so.1.0.0
7f37b672d000-7f37b692d000 ---p 00003000 08:05 1573582                    /usr/lib/libxcb-atom.so.1.0.0
7f37b692d000-7f37b692e000 r--p 00003000 08:05 1573582                    /usr/lib/libxcb-atom.so.1.0.0
7f37b692e000-7f37b692f000 rw-p 00004000 08:05 1573582                    /usr/lib/libxcb-atom.so.1.0.0
7f37b692f000-7f37b6936000 r-xp 00000000 08:05 1578963                    /usr/lib/x86_64-linux-gnu/libSM.so.6.0.1
7f37b6936000-7f37b6b35000 ---p 00007000 08:05 1578963                    /usr/lib/x86_64-linux-gnu/libSM.so.6.0.1
7f37b6b35000-7f37b6b36000 r--p 00006000 08:05 1578963                    /usr/lib/x86_64-linux-gnu/libSM.so.6.0.1
7f37b6b36000-7f37b6b37000 rw-p 00007000 08:05 1578963                    /usr/lib/x86_64-linux-gnu/libSM.so.6.0.1
7f37b6b37000-7f37b6b4d000 r-xp 00000000 08:05 1571606                    /usr/lib/x86_64-linux-gnu/libICE.so.6.3.0
7f37b6b4d000-7f37b6d4d000 ---p 00016000 08:05 1571606                    /usr/lib/x86_64-linux-gnu/libICE.so.6.3.0
7f37b6d4d000-7f37b6d4e000 r--p 00016000 08:05 1571606                    /usr/lib/x86_64-linux-gnu/libICE.so.6.3.0
7f37b6d4e000-7f37b6d4f000 rw-p 00017000 08:05 1571606                    /usr/lib/x86_64-linux-gnu/libICE.so.6.3.0
7f37b6d4f000-7f37b6d52000 rw-p 00000000 00:00 0 
7f37b6d52000-7f37b6d53000 r-xp 00000000 08:05 1570508                    /usr/lib/x86_64-linux-gnu/libX11-xcb.so.1.0.0
7f37b6d53000-7f37b6f52000 ---p 00001000 08:05 1570508                    /usr/lib/x86_64-linux-gnu/libX11-xcb.so.1.0.0
7f37b6f52000-7f37b6f53000 r--p 00000000 08:05 1570508                    /usr/lib/x86_64-linux-gnu/libX11-xcb.so.1.0.0
7f37b6f53000-7f37b6f54000 rw-p 00001000 08:05 1570508                    /usr/lib/x86_64-linux-gnu/libX11-xcb.so.1.0.0
7f37b6f54000-7f37b6f94000 r-xp 00000000 08:05 1573921                    /usr/lib/libpulse.so.0.12.3
7f37b6f94000-7f37b7193000 ---p 00040000 08:05 1573921                    /usr/lib/libpulse.so.0.12.3
7f37b7193000-7f37b7194000 r--p 0003f000 08:05 1573921                    /usr/lib/libpulse.so.0.12.3
7f37b7194000-7f37b7195000 rw-p 00040000 08:05 1573921                    /usr/lib/libpulse.so.0.12.3
7f37b7195000-7f37b71e1000 r-xp 00000000 08:05 525790                     /tmp/libgdx/3154261069/libopenal64.so
7f37b71e1000-7f37b73e0000 ---p 0004c000 08:05 525790                     /tmp/libgdx/3154261069/libopenal64.so
7f37b73e0000-7f37b73e2000 r--p 0004b000 08:05 525790                     /tmp/libgdx/3154261069/libopenal64.so
7f37b73e2000-7f37b73e3000 rw-p 0004d000 08:05 525790                     /tmp/libgdx/3154261069/libopenal64.so
7f37b73e3000-7f37b73e4000 rw-p 00000000 00:00 0 
7f37b73e4000-7f37b73e5000 r-xp 00000000 08:05 1597389                    /usr/lib/jvm/java-6-openjdk/jre/lib/amd64/libjawt.so
7f37b73e5000-7f37b75e4000 ---p 00001000 08:05 1597389                    /usr/lib/jvm/java-6-openjdk/jre/lib/amd64/libjawt.so
7f37b75e4000-7f37b75e5000 r--p 00000000 08:05 1597389                    /usr/lib/jvm/java-6-openjdk/jre/lib/amd64/libjawt.so
7f37b75e5000-7f37b75e6000 rw-p 00001000 08:05 1597389                    /usr/lib/jvm/java-6-openjdk/jre/lib/amd64/libjawt.so
7f37b75e6000-7f37b75eb000 r-xp 00000000 08:05 1581972                    /usr/lib/x86_64-linux-gnu/libXxf86vm.so.1.0.0
7f37b75eb000-7f37b77ea000 ---p 00005000 08:05 1581972                    /usr/lib/x86_64-linux-gnu/libXxf86vm.so.1.0.0
7f37b77ea000-7f37b77eb000 r--p 00004000 08:05 1581972                    /usr/lib/x86_64-linux-gnu/libXxf86vm.so.1.0.0
7f37b77eb000-7f37b77ec000 rw-p 00005000 08:05 1581972                    /usr/lib/x86_64-linux-gnu/libXxf86vm.so.1.0.0
7f37b77ec000-7f37b7865000 r-xp 00000000 08:05 525820                     /tmp/libgdx/3154261069/liblwjgl64.so
7f37b7865000-7f37b7a65000 ---p 00079000 08:05 525820                     /tmp/libgdx/3154261069/liblwjgl64.so
7f37b7a65000-7f37b7a67000 r--p 00079000 08:05 525820                     /tmp/libgdx/3154261069/liblwjgl64.so
7f37b7a67000-7f37b7a68000 rw-p 0007b000 08:05 525820                     /tmp/libgdx/3154261069/liblwjgl64.so
7f37b7a68000-7f37b7a6b000 ---p 00000000 00:00 0 
7f37b7a6b000-7f37b7b69000 rw-p 00000000 00:00 0 
7f37b7b69000-7f37b7b6e000 r-xp 00000000 08:05 1570859                    /usr/lib/x86_64-linux-gnu/libXfixes.so.3.1.0
7f37b7b6e000-7f37b7d6d000 ---p 00005000 08:05 1570859                    /usr/lib/x86_64-linux-gnu/libXfixes.so.3.1.0
7f37b7d6d000-7f37b7d6e000 r--p 00004000 08:05 1570859                    /usr/lib/x86_64-linux-gnu/libXfixes.so.3.1.0
7f37b7d6e000-7f37b7d6f000 rw-p 00005000 08:05 1570859                    /usr/lib/x86_64-linux-gnu/libXfixes.so.3.1.0
7f37b7d6f000-7f37b7dfb000 r-xp 00000000 08:05 525608                     /tmp/libgdx/3154261069/libgdx-64.so
7f37b7dfb000-7f37b7ffb000 ---p 0008c000 08:05 525608                     /tmp/libgdx/3154261069/libgdx-64.so
7f37b7ffb000-7f37b7ffc000 r--p 0008c000 08:05 525608                     /tmp/libgdx/3154261069/libgdx-64.so
7f37b7ffc000-7f37b7ffd000 rw-p 0008d000 08:05 525608                     /tmp/libgdx/3154261069/libgdx-64.so
7f37b7ffd000-7f37b8000000 rw-p 00000000 00:00 0 
7f37b8000000-7f37ba517000 rw-p 00000000 00:00 0 
7f37ba517000-7f37bc000000 ---p 00000000 00:00 0 
7f37bc05d000-7f37bc066000 r-xp 00000000 08:05 1573929                    /usr/lib/x86_64-linux-gnu/libXcursor.so.1.0.2
7f37bc066000-7f37bc265000 ---p 00009000 08:05 1573929                    /usr/lib/x86_64-linux-gnu/libXcursor.so.1.0.2
7f37bc265000-7f37bc266000 r--p 00008000 08:05 1573929                    /usr/lib/x86_64-linux-gnu/libXcursor.so.1.0.2
7f37bc266000-7f37bc267000 rw-p 00009000 08:05 1573929                    /usr/lib/x86_64-linux-gnu/libXcursor.so.1.0.2
7f37bc267000-7f37bc268000 r--s 00000000 08:05 532633                     /var/cache/fontconfig/26de28bc8622bbc1fb67fd234c21975f-le64.cache-3
7f37bc268000-7f37bc269000 r--s 00000000 08:05 554485                     /var/cache/fontconfig/c05880de57d1f5e948fdfacc138775d9-le64.cache-3
7f37bc269000-7f37bc272000 r--s 00000000 08:05 527845                     /var/cache/fontconfig/945677eb7aeaf62f1d50efc3fb3ec7d8-le64.cache-3
7f37bc272000-7f37bc274000 r--s 00000000 08:05 554480                     /var/cache/fontconfig/99e8ed0e538f840c565b6ed5dad60d56-le64.cache-3
7f37bc274000-7f37bc277000 r--s 00000000 08:05 554411                     /var/cache/fontconfig/f24b2111ab8703b4e963115a8cf14259-le64.cache-3
7f37bc277000-7f37bc27a000 r--s 00000000 08:05 554479                     /var/cache/fontconfig/e383d7ea5fbe662a33d9b44caf393297-le64.cache-3
7f37bc27a000-7f37bc27d000 r--s 00000000 08:05 554477                     /var/cache/fontconfig/2cd17615ca594fa2959ae173292e504c-le64.cache-3
7f37bc27d000-7f37bc27e000 r--s 00000000 08:05 554471                     /var/cache/fontconfig/e7071f4a29fa870f4323321c154eba04-le64.cache-3
7f37bc27e000-7f37bc282000 r--s 00000000 08:05 554470                     /var/cache/fontconfig/6eb3985aa4124903f6ff08ba781cd364-le64.cache-3
7f37bc282000-7f37bc283000 r--s 00000000 08:05 554466                     /var/cache/fontconfig/4c73fe0c47614734b17d736dbde7580a-le64.cache-3
7f37bc283000-7f37bc284000 r--s 00000000 08:05 554459                     /var/cache/fontconfig/0d8c3b2ac0904cb8a57a757ad11a4a08-le64.cache-3
7f37bc284000-7f37bc289000 r--s 00000000 08:05 554453                     /var/cache/fontconfig/062808c12e6e608270f93bb230aed730-le64.cache-3
7f37bc289000-7f37bc28f000 r--s 00000000 08:05 554429                     /var/cache/fontconfig/a755afe4a08bf5b97852ceb7400b47bc-le64.cache-3
7f37bc28f000-7f37bc2bd000 r--s 00000000 08:05 554435                     /var/cache/fontconfig/365b55f210c0a22e9a19e35191240f32-le64.cache-3
7f37bc2eb000-7f37bc2ec000 rw-p 00000000 00:00 0 
7f37bc2ec000-7f37bc2f0000 rw-s 51061000 00:05 6951                       /dev/nvidia0
7f37bc2f0000-7f37bc2f1000 rw-s d0008000 00:05 6951                       /dev/nvidia0
7f37bc2f1000-7f37bc2f2000 rw-s bea13000 00:05 6951                       /dev/nvidia0
7f37bc2f2000-7f37bc2f6000 rw-s 5a20d000 00:05 6951                       /dev/nvidia0
7f37bc2f6000-7f37bc336000 rw-s 59865000 00:05 6951                       /dev/nvidia0
7f37bc336000-7f37bc339000 ---p 00000000 00:00 0 
7f37bc339000-7f37bc437000 rw-p 00000000 00:00 0 
7f37bc437000-7f37bc438000 r--s 00000000 08:05 532633                     /var/cache/fontconfig/26de28bc8622bbc1fb67fd234c21975f-le64.cache-3
7f37bc438000-7f37bc439000 r--s 00000000 08:05 554485                     /var/cache/fontconfig/c05880de57d1f5e948fdfacc138775d9-le64.cache-3
7f37bc439000-7f37bc442000 r--s 00000000 08:05 527845                     /var/cache/fontconfig/945677eb7aeaf62f1d50efc3fb3ec7d8-le64.cache-3
7f37bc442000-7f37bc444000 r--s 00000000 08:05 554480                     /var/cache/fontconfig/99e8ed0e538f840c565b6ed5dad60d56-le64.cache-3
7f37bc444000-7f37bc447000 r--s 00000000 08:05 554411                     /var/cache/fontconfig/f24b2111ab8703b4e963115a8cf14259-le64.cache-3
7f37bc447000-7f37bc44a000 r--s 00000000 08:05 554479                     /var/cache/fontconfig/e383d7ea5fbe662a33d9b44caf393297-le64.cache-3
7f37bc44a000-7f37bc44d000 r--s 00000000 08:05 554477                     /var/cache/fontconfig/2cd17615ca594fa2959ae173292e504c-le64.cache-3
7f37bc44d000-7f37bc44e000 r--s 00000000 08:05 554471                     /var/cache/fontconfig/e7071f4a29fa870f4323321c154eba04-le64.cache-3
7f37bc44e000-7f37bc452000 r--s 00000000 08:05 554470                     /var/cache/fontconfig/6eb3985aa4124903f6ff08ba781cd364-le64.cache-3
7f37bc452000-7f37bc453000 r--s 00000000 08:05 554466                     /var/cache/fontconfig/4c73fe0c47614734b17d736dbde7580a-le64.cache-3
7f37bc453000-7f37bc454000 r--s 00000000 08:05 554459                     /var/cache/fontconfig/0d8c3b2ac0904cb8a57a757ad11a4a08-le64.cache-3
7f37bc454000-7f37bc455000 r--s 00000000 08:05 554454                     /var/cache/fontconfig/6a53c69dea097a2d716e069445527da8-le64.cache-3
7f37bc455000-7f37bc45a000 r--s 00000000 08:05 554453                     /var/cache/fontconfig/062808c12e6e608270f93bb230aed730-le64.cache-3
7f37bc45a000-7f37bc460000 r--s 00000000 08:05 554429                     /var/cache/fontconfig/a755afe4a08bf5b97852ceb7400b47bc-le64.cache-3
7f37bc460000-7f37bc465000 r--s 00000000 08:05 554452                     /var/cache/fontconfig/515ca1ebc4b18308bea979be5704f9db-le64.cache-3
7f37bc465000-7f37bc46e000 r--s 00000000 08:05 554448                     /var/cache/fontconfig/6d41288fd70b0be22e8c3a91e032eec0-le64.cache-3
7f37bc46e000-7f37bc47e000 r--s 00000000 08:05 554447                     /var/cache/fontconfig/0f34bcd4b6ee430af32735b75db7f02b-le64.cache-3
7f37bc47e000-7f37bc481000 r--s 00000000 08:05 554441                     /var/cache/fontconfig/d60319d88cac85ba9e1a07bd06cfbb8c-le64.cache-3
7f37bc481000-7f37bc482000 r--s 00000000 08:05 554034                     /var/cache/fontconfig/4794a0821666d79190d59a36cb4f44b5-le64.cache-3
7f37bc482000-7f37bc4b0000 r--s 00000000 08:05 554435                     /var/cache/fontconfig/365b55f210c0a22e9a19e35191240f32-le64.cache-3
7f37bc4b0000-7f37bc4ba000 r--s 00000000 08:05 554433                     /var/cache/fontconfig/d52a8644073d54c13679302ca1180695-le64.cache-3
7f37bc4ba000-7f37bc4c2000 r-xp 00000000 08:05 1581969                    /usr/lib/x86_64-linux-gnu/libXrandr.so.2.2.0
7f37bc4c2000-7f37bc6c1000 ---p 00008000 08:05 1581969                    /usr/lib/x86_64-linux-gnu/libXrandr.so.2.2.0
7f37bc6c1000-7f37bc6c2000 r--p 00007000 08:05 1581969                    /usr/lib/x86_64-linux-gnu/libXrandr.so.2.2.0
7f37bc6c2000-7f37bc6c3000 rw-p 00008000 08:05 1581969                    /usr/lib/x86_64-linux-gnu/libXrandr.so.2.2.0
7f37bc6c3000-7f37bc6c4000 rw-s fbc0a000 00:05 6951                       /dev/nvidia0
7f37bc6e4000-7f37bc6e5000 rw-s fb641000 00:05 6951                       /dev/nvidia0
7f37bc6e5000-7f37bc6e6000 rw-s 128080000 00:05 6951                      /dev/nvidia0
7f37bc6e6000-7f37bc6e7000 rw-s 59735000 00:05 6951                       /dev/nvidia0
7f37bc6e7000-7f37bc6e8000 rw-s fb060000 00:05 6951                       /dev/nvidia0
7f37bc6e8000-7f37bc6e9000 r--p 00000000 00:00 0 
7f37bc6e9000-7f37bc6f0000 r--s 000fb000 08:05 1597348                    /usr/lib/jvm/java-6-openjdk/jre/lib/resources.jar
7f37bc6f0000-7f37bc6f1000 r--s 00000000 08:05 554418                     /var/cache/fontconfig/ec648e9a1aea82bddd4bd6050028158d-le64.cache-3
7f37bc6f1000-7f37bc704000 r--s 00000000 08:05 538224                     /var/cache/fontconfig/e13b20fdb08344e0e664864cc2ede53d-le64.cache-3
7f37bc704000-7f37bc708000 r--s 00000000 08:05 538228                     /var/cache/fontconfig/7ef2298fde41cc6eeb7af42e48b7d293-le64.cache-3
7f37bc708000-7f37bc71c000 r--s 00000000 08:05 527842                     /var/cache/fontconfig/865f88548240fee46819705c6468c165-le64.cache-3
7f37bc71c000-7f37bc71d000 r--s 00000000 08:05 1340105                    /home/bompo/.fontconfig/aa7e4f27e681240d22a1f116cf7520f0-le64.cache-3
7f37bc71d000-7f37bc720000 ---p 00000000 00:00 0 
7f37bc720000-7f37bc81e000 rw-p 00000000 00:00 0 
7f37bc81e000-7f37bc8b1000 r-xp 00000000 08:05 1572891                    /usr/lib/x86_64-linux-gnu/libfreetype.so.6.6.2
7f37bc8b1000-7f37bcab0000 ---p 00093000 08:05 1572891                    /usr/lib/x86_64-linux-gnu/libfreetype.so.6.6.2
7f37bcab0000-7f37bcab6000 r--p 00092000 08:05 1572891                    /usr/lib/x86_64-linux-gnu/libfreetype.so.6.6.2
7f37bcab6000-7f37bcab7000 rw-p 00098000 08:05 1572891                    /usr/lib/x86_64-linux-gnu/libfreetype.so.6.6.2
7f37bcab7000-7f37bcaf0000 r-xp 00000000 08:05 1597379                    /usr/lib/jvm/java-6-openjdk/jre/lib/amd64/libfontmanager.so
7f37bcaf0000-7f37bccef000 ---p 00039000 08:05 1597379                    /usr/lib/jvm/java-6-openjdk/jre/lib/amd64/libfontmanager.so
7f37bccef000-7f37bccf1000 r--p 00038000 08:05 1597379                    /usr/lib/jvm/java-6-openjdk/jre/lib/amd64/libfontmanager.so
7f37bccf1000-7f37bccf2000 rw-p 0003a000 08:05 1597379                    /usr/lib/jvm/java-6-openjdk/jre/lib/amd64/libfontmanager.so
7f37bccf2000-7f37bccf7000 r-xp 00000000 08:05 1573561                    /usr/lib/x86_64-linux-gnu/libXdmcp.so.6.0.0
7f37bccf7000-7f37bcef6000 ---p 00005000 08:05 1573561                    /usr/lib/x86_64-linux-gnu/libXdmcp.so.6.0.0
7f37bcef6000-7f37bcef7000 r--p 00004000 08:05 1573561                    /usr/lib/x86_64-linux-gnu/libXdmcp.so.6.0.0
7f37bcef7000-7f37bcef8000 rw-p 00005000 08:05 1573561                    /usr/lib/x86_64-linux-gnu/libXdmcp.so.6.0.0
7f37bcef8000-7f37bcefa000 r-xp 00000000 08:05 1570542                    /usr/lib/x86_64-linux-gnu/libXau.so.6.0.0
7f37bcefa000-7f37bd0f9000 ---p 00002000 08:05 1570542                    /usr/lib/x86_64-linux-gnu/libXau.so.6.0.0
7f37bd0f9000-7f37bd0fa000 r--p 00001000 08:05 1570542                    /usr/lib/x86_64-linux-gnu/libXau.so.6.0.0
7f37bd0fa000-7f37bd0fb000 rw-p 00002000 08:05 1570542                    /usr/lib/x86_64-linux-gnu/libXau.so.6.0.0
7f37bd0fb000-7f37bd116000 r-xp 00000000 08:05 1572615                    /usr/lib/x86_64-linux-gnu/libxcb.so.1.1.0
7f37bd116000-7f37bd315000 ---p 0001b000 08:05 1572615                    /usr/lib/x86_64-linux-gnu/libxcb.so.1.1.0
7f37bd315000-7f37bd316000 r--p 0001a000 08:05 1572615                    /usr/lib/x86_64-linux-gnu/libxcb.so.1.1.0
7f37bd316000-7f37bd317000 rw-p 0001b000 08:05 1572615                    /usr/lib/x86_64-linux-gnu/libxcb.so.1.1.0
7f37bd317000-7f37bd326000 r-xp 00000000 08:05 1613065                    /usr/lib/x86_64-linux-gnu/libXi.so.6.1.0
7f37bd326000-7f37bd525000 ---p 0000f000 08:05 1613065                    /usr/lib/x86_64-linux-gnu/libXi.so.6.1.0
7f37bd525000-7f37bd526000 r--p 0000e000 08:05 1613065                    /usr/lib/x86_64-linux-gnu/libXi.so.6.1.0
7f37bd526000-7f37bd527000 rw-p 0000f000 08:05 1613065                    /usr/lib/x86_64-linux-gnu/libXi.so.6.1.0
7f37bd527000-7f37bd52c000 r-xp 00000000 08:05 1572606                    /usr/lib/libXtst.so.6.1.0
7f37bd52c000-7f37bd72b000 ---p 00005000 08:05 1572606                    /usr/lib/libXtst.so.6.1.0
7f37bd72b000-7f37bd72c000 r--p 00004000 08:05 1572606                    /usr/lib/libXtst.so.6.1.0
7f37bd72c000-7f37bd72d000 rw-p 00005000 08:05 1572606                    /usr/lib/libXtst.so.6.1.0
7f37bd72d000-7f37bd736000 r-xp 00000000 08:05 1570620                    /usr/lib/x86_64-linux-gnu/libXrender.so.1.3.0
7f37bd736000-7f37bd936000 ---p 00009000 08:05 1570620                    /usr/lib/x86_64-linux-gnu/libXrender.so.1.3.0
7f37bd936000-7f37bd937000 r--p 00009000 08:05 1570620                    /usr/lib/x86_64-linux-gnu/libXrender.so.1.3.0
7f37bd937000-7f37bd938000 rw-p 0000a000 08:05 1570620                    /usr/lib/x86_64-linux-gnu/libXrender.so.1.3.0
7f37bd938000-7f37bda6d000 r-xp 00000000 08:05 1573591                    /usr/lib/x86_64-linux-gnu/libX11.so.6.3.0
7f37bda6d000-7f37bdc6d000 ---p 00135000 08:05 1573591                    /usr/lib/x86_64-linux-gnu/libX11.so.6.3.0
7f37bdc6d000-7f37bdc6e000 r--p 00135000 08:05 1573591                    /usr/lib/x86_64-linux-gnu/libX11.so.6.3.0
7f37bdc6e000-7f37bdc72000 rw-p 00136000 08:05 1573591                    /usr/lib/x86_64-linux-gnu/libX11.so.6.3.0
7f37bdc72000-7f37bdc83000 r-xp 00000000 08:05 1571673                    /usr/lib/x86_64-linux-gnu/libXext.so.6.4.0
7f37bdc83000-7f37bde82000 ---p 00011000 08:05 1571673                    /usr/lib/x86_64-linux-gnu/libXext.so.6.4.0
7f37bde82000-7f37bde83000 r--p 00010000 08:05 1571673                    /usr/lib/x86_64-linux-gnu/libXext.so.6.4.0
7f37bde83000-7f37bde84000 rw-p 00011000 08:05 1571673                    /usr/lib/x86_64-linux-gnu/libXext.so.6.4.0
7f37bde84000-7f37bde85000 r--s 00000000 08:05 554454                     /var/cache/fontconfig/6a53c69dea097a2d716e069445527da8-le64.cache-3
7f37bde85000-7f37bde8e000 r--s 00000000 08:05 554448                     /var/cache/fontconfig/6d41288fd70b0be22e8c3a91e032eec0-le64.cache-3
7f37bde8e000-7f37bde9e000 r--s 00000000 08:05 554447                     /var/cache/fontconfig/0f34bcd4b6ee430af32735b75db7f02b-le64.cache-3
7f37bde9e000-7f37bdeb1000 r--s 00000000 08:05 538224                     /var/cache/fontconfig/e13b20fdb08344e0e664864cc2ede53d-le64.cache-3
7f37bdeb1000-7f37bdefc000 r-xp 00000000 08:05 1597420                    /usr/lib/jvm/java-6-openjdk/jre/lib/amd64/xawt/libmawt.so
7f37bdefc000-7f37be0fc000 ---p 0004b000 08:05 1597420                    /usr/lib/jvm/java-6-openjdk/jre/lib/amd64/xawt/libmawt.so
7f37be0fc000-7f37be0fd000 r--p 0004b000 08:05 1597420                    /usr/lib/jvm/java-6-openjdk/jre/lib/amd64/xawt/libmawt.so
7f37be0fd000-7f37be100000 rw-p 0004c000 08:05 1597420                    /usr/lib/jvm/java-6-openjdk/jre/lib/amd64/xawt/libmawt.so
7f37be100000-7f37be101000 rw-p 00000000 00:00 0 
7f37be101000-7f37be1aa000 r-xp 00000000 08:05 1597388                    /usr/lib/jvm/java-6-openjdk/jre/lib/amd64/libawt.so
7f37be1aa000-7f37be3a9000 ---p 000a9000 08:05 1597388                    /usr/lib/jvm/java-6-openjdk/jre/lib/amd64/libawt.so
7f37be3a9000-7f37be3aa000 r--p 000a8000 08:05 1597388                    /usr/lib/jvm/java-6-openjdk/jre/lib/amd64/libawt.so
7f37be3aa000-7f37be3b5000 rw-p 000a9000 08:05 1597388                    /usr/lib/jvm/java-6-openjdk/jre/lib/amd64/libawt.so
7f37be3b5000-7f37be3da000 rw-p 00000000 00:00 0 
7f37be3da000-7f37be3eb000 r--s 0011a000 08:05 1440866                    /home/bompo/git/kpmusikspiel/libs/gdx-backend-lwjgl.jar
7f37be3eb000-7f37be3ec000 r--s 00007000 08:05 1440877                    /home/bompo/git/kpmusikspiel/libs/gdx-backend-lwjgl-sources.jar
7f37be3ec000-7f37be3ed000 r--s 00127000 08:05 1440876                    /home/bompo/git/kpmusikspiel/libs/gdx-backend-lwjgl-natives.jar
7f37be3ed000-7f37be3f0000 r--s 00017000 08:05 1439905                    /home/bompo/git/kpmusikspiel/libs/tritonus_share.jar
7f37be3f0000-7f37be3f1000 r--s 00002000 08:05 1439810                    /home/bompo/git/kpmusikspiel/libs/tritonus_aos.jar
7f37be3f1000-7f37be3f2000 r--s 00005000 08:05 1447554                    /home/bompo/git/kpmusikspiel/libs/mp3spi1.9.4.jar
7f37be3f2000-7f37be3f7000 r--s 00028000 08:05 1447540                    /home/bompo/git/kpmusikspiel/libs/beads.jar
7f37be3f7000-7f37be3fb000 r--s 0007c000 08:05 1597316                    /usr/lib/jvm/java-6-openjdk/jre/lib/jsse.jar
7f37be3fb000-7f37be406000 r--s 00094000 08:05 1498923                    /home/bompo/git/kpmusikspiel/libs/gdx.jar
7f37be406000-7f37be407000 r--s 001a1000 08:05 1440083                    /home/bompo/git/kpmusikspiel/libs/gdx-natives.jar
7f37be407000-7f37be421000 r--s 00207000 08:05 1498924                    /home/bompo/git/kpmusikspiel/libs/gdx-backend-jogl.jar
7f37be421000-7f37be422000 r--s 00203000 08:05 1498925                    /home/bompo/git/kpmusikspiel/libs/gdx-backend-jogl-natives.jar
7f37be422000-7f37be42a000 r--s 00066000 08:05 1721290                    /usr/share/java/gnome-java-bridge.jar
7f37be42a000-7f37be42d000 r--s 0000f000 08:05 1597341                    /usr/lib/jvm/java-6-openjdk/jre/lib/ext/pulse-java.jar
7f37be42d000-7f37be42e000 ---p 00000000 00:00 0 
7f37be42e000-7f37be52e000 rw-p 00000000 00:00 0 
7f37be52e000-7f37be531000 ---p 00000000 00:00 0 
7f37be531000-7f37be62f000 rw-p 00000000 00:00 0 
7f37be62f000-7f37be632000 ---p 00000000 00:00 0 
7f37be632000-7f37be730000 rw-p 00000000 00:00 0 
7f37be730000-7f37be733000 ---p 00000000 00:00 0 
7f37be733000-7f37be831000 rw-p 00000000 00:00 0 
7f37be831000-7f37be834000 ---p 00000000 00:00 0 
7f37be834000-7f37be932000 rw-p 00000000 00:00 0 
7f37be932000-7f37bed3a000 r--p 00000000 08:05 1570348                    /usr/lib/locale/locale-archive
7f37bed3a000-7f37bed3d000 ---p 00000000 00:00 0 
7f37bed3d000-7f37bee3b000 rw-p 00000000 00:00 0 
7f37bee3b000-7f37bee3e000 ---p 00000000 00:00 0 
7f37bee3e000-7f37bef3c000 rw-p 00000000 00:00 0 
7f37bef3c000-7f37bef3d000 ---p 00000000 00:00 0 
7f37bef3d000-7f37bf575000 rw-p 00000000 00:00 0 
7f37bf575000-7f37bf705000 r--s 037af000 08:05 1597397                    /usr/lib/jvm/java-6-openjdk/jre/lib/rt.jar
7f37bf705000-7f37bf72d000 rw-p 00000000 00:00 0 
7f37bf72d000-7f37bf72e000 ---p 00000000 00:00 0 
7f37bf72e000-7f37bf82e000 rw-p 00000000 00:00 0 
7f37bf82e000-7f37bf82f000 ---p 00000000 00:00 0 
7f37bf82f000-7f37bf92f000 rw-p 00000000 00:00 0 
7f37bf92f000-7f37bf930000 ---p 00000000 00:00 0 
7f37bf930000-7f37bfa30000 rw-p 00000000 00:00 0 
7f37bfa30000-7f37bfa31000 ---p 00000000 00:00 0 
7f37bfa31000-7f37bfb3c000 rw-p 00000000 00:00 0 
7f37bfb3c000-7f37bfb84000 rw-p 00000000 00:00 0 
7f37bfb84000-7f37bfba8000 rw-p 00000000 00:00 0 
7f37bfba8000-7f37bfcce000 rw-p 00000000 00:00 0 
7f37bfcce000-7f37bfcd9000 rw-p 00000000 00:00 0 
7f37bfcd9000-7f37bfd21000 rw-p 00000000 00:00 0 
7f37bfd21000-7f37bfd45000 rw-p 00000000 00:00 0 
7f37bfd45000-7f37bfe6b000 rw-p 00000000 00:00 0 
7f37bfe6b000-7f37bfe7d000 rw-p 00000000 00:00 0 
7f37bfe7d000-7f37bff10000 rw-p 00000000 00:00 0 
7f37bff10000-7f37bff11000 rw-p 00000000 00:00 0 
7f37bff11000-7f37c0181000 rwxp 00000000 00:00 0 
7f37c0181000-7f37c2f11000 rw-p 00000000 00:00 0 
7f37c2f11000-7f37c2f18000 r-xp 00000000 08:05 1597383                    /usr/lib/jvm/java-6-openjdk/jre/lib/amd64/libzip.so
7f37c2f18000-7f37c3117000 ---p 00007000 08:05 1597383                    /usr/lib/jvm/java-6-openjdk/jre/lib/amd64/libzip.so
7f37c3117000-7f37c3118000 r--p 00006000 08:05 1597383                    /usr/lib/jvm/java-6-openjdk/jre/lib/amd64/libzip.so
7f37c3118000-7f37c3119000 rw-p 00007000 08:05 1597383                    /usr/lib/jvm/java-6-openjdk/jre/lib/amd64/libzip.so
7f37c3119000-7f37c3125000 r-xp 00000000 08:05 535712                     /lib/x86_64-linux-gnu/libnss_files-2.13.so
7f37c3125000-7f37c3324000 ---p 0000c000 08:05 535712                     /lib/x86_64-linux-gnu/libnss_files-2.13.so
7f37c3324000-7f37c3325000 r--p 0000b000 08:05 535712                     /lib/x86_64-linux-gnu/libnss_files-2.13.so
7f37c3325000-7f37c3326000 rw-p 0000c000 08:05 535712                     /lib/x86_64-linux-gnu/libnss_files-2.13.so
7f37c3326000-7f37c3331000 r-xp 00000000 08:05 535714                     /lib/x86_64-linux-gnu/libnss_nis-2.13.so
7f37c3331000-7f37c3530000 ---p 0000b000 08:05 535714                     /lib/x86_64-linux-gnu/libnss_nis-2.13.so
7f37c3530000-7f37c3531000 r--p 0000a000 08:05 535714                     /lib/x86_64-linux-gnu/libnss_nis-2.13.so
7f37c3531000-7f37c3532000 rw-p 0000b000 08:05 535714                     /lib/x86_64-linux-gnu/libnss_nis-2.13.so
7f37c3532000-7f37c353a000 r-xp 00000000 08:05 535710                     /lib/x86_64-linux-gnu/libnss_compat-2.13.so
7f37c353a000-7f37c3739000 ---p 00008000 08:05 535710                     /lib/x86_64-linux-gnu/libnss_compat-2.13.so
7f37c3739000-7f37c373a000 r--p 00007000 08:05 535710                     /lib/x86_64-linux-gnu/libnss_compat-2.13.so
7f37c373a000-7f37c373b000 rw-p 00008000 08:05 535710                     /lib/x86_64-linux-gnu/libnss_compat-2.13.so
7f37c373b000-7f37c3752000 r-xp 00000000 08:05 535709                     /lib/x86_64-linux-gnu/libnsl-2.13.so
7f37c3752000-7f37c3951000 ---p 00017000 08:05 535709                     /lib/x86_64-linux-gnu/libnsl-2.13.so
7f37c3951000-7f37c3952000 r--p 00016000 08:05 535709                     /lib/x86_64-linux-gnu/libnsl-2.13.so
7f37c3952000-7f37c3953000 rw-p 00017000 08:05 535709                     /lib/x86_64-linux-gnu/libnsl-2.13.so
7f37c3953000-7f37c3955000 rw-p 00000000 00:00 0 
7f37c3955000-7f37c3981000 r-xp 00000000 08:05 1597382                    /usr/lib/jvm/java-6-openjdk/jre/lib/amd64/libjava.so
7f37c3981000-7f37c3b80000 ---p 0002c000 08:05 1597382                    /usr/lib/jvm/java-6-openjdk/jre/lib/amd64/libjava.so
7f37c3b80000-7f37c3b81000 r--p 0002b000 08:05 1597382                    /usr/lib/jvm/java-6-openjdk/jre/lib/amd64/libjava.so
7f37c3b81000-7f37c3b84000 rw-p 0002c000 08:05 1597382                    /usr/lib/jvm/java-6-openjdk/jre/lib/amd64/libjava.so
7f37c3b84000-7f37c3b92000 r-xp 00000000 08:05 1597368                    /usr/lib/jvm/java-6-openjdk/jre/lib/amd64/libverify.so
7f37c3b92000-7f37c3d91000 ---p 0000e000 08:05 1597368                    /usr/lib/jvm/java-6-openjdk/jre/lib/amd64/libverify.so
7f37c3d91000-7f37c3d93000 r--p 0000d000 08:05 1597368                    /usr/lib/jvm/java-6-openjdk/jre/lib/amd64/libverify.so
7f37c3d93000-7f37c3d94000 rw-p 0000f000 08:05 1597368                    /usr/lib/jvm/java-6-openjdk/jre/lib/amd64/libverify.so
7f37c3d94000-7f37c3d9b000 r-xp 00000000 08:05 535724                     /lib/x86_64-linux-gnu/librt-2.13.so
7f37c3d9b000-7f37c3f9a000 ---p 00007000 08:05 535724                     /lib/x86_64-linux-gnu/librt-2.13.so
7f37c3f9a000-7f37c3f9b000 r--p 00006000 08:05 535724                     /lib/x86_64-linux-gnu/librt-2.13.so
7f37c3f9b000-7f37c3f9c000 rw-p 00007000 08:05 535724                     /lib/x86_64-linux-gnu/librt-2.13.so
7f37c3f9c000-7f37c3fb1000 r-xp 00000000 08:05 528127                     /lib/x86_64-linux-gnu/libgcc_s.so.1
7f37c3fb1000-7f37c41b0000 ---p 00015000 08:05 528127                     /lib/x86_64-linux-gnu/libgcc_s.so.1
7f37c41b0000-7f37c41b1000 r--p 00014000 08:05 528127                     /lib/x86_64-linux-gnu/libgcc_s.so.1
7f37c41b1000-7f37c41b2000 rw-p 00015000 08:05 528127                     /lib/x86_64-linux-gnu/libgcc_s.so.1
7f37c41b2000-7f37c4236000 r-xp 00000000 08:05 535703                     /lib/x86_64-linux-gnu/libm-2.13.so
7f37c4236000-7f37c4435000 ---p 00084000 08:05 535703                     /lib/x86_64-linux-gnu/libm-2.13.so
7f37c4435000-7f37c4436000 r--p 00083000 08:05 535703                     /lib/x86_64-linux-gnu/libm-2.13.so
7f37c4436000-7f37c4437000 rw-p 00084000 08:05 535703                     /lib/x86_64-linux-gnu/libm-2.13.so
7f37c4437000-7f37c451f000 r-xp 00000000 08:05 1571250                    /usr/lib/x86_64-linux-gnu/libstdc++.so.6.0.14
7f37c451f000-7f37c471e000 ---p 000e8000 08:05 1571250                    /usr/lib/x86_64-linux-gnu/libstdc++.so.6.0.14
7f37c471e000-7f37c4726000 r--p 000e7000 08:05 1571250                    /usr/lib/x86_64-linux-gnu/libstdc++.so.6.0.14
7f37c4726000-7f37c4728000 rw-p 000ef000 08:05 1571250                    /usr/lib/x86_64-linux-gnu/libstdc++.so.6.0.14
7f37c4728000-7f37c473d000 rw-p 00000000 00:00 0 
7f37c473d000-7f37c5092000 r-xp 00000000 08:05 1597385                    /usr/lib/jvm/java-6-openjdk/jre/lib/amd64/server/libjvm.so
7f37c5092000-7f37c5291000 ---p 00955000 08:05 1597385                    /usr/lib/jvm/java-6-openjdk/jre/lib/amd64/server/libjvm.so
7f37c5291000-7f37c5312000 r--p 00954000 08:05 1597385                    /usr/lib/jvm/java-6-openjdk/jre/lib/amd64/server/libjvm.so
7f37c5312000-7f37c532d000 rw-p 009d5000 08:05 1597385                    /usr/lib/jvm/java-6-openjdk/jre/lib/amd64/server/libjvm.so
7f37c532d000-7f37c5356000 rw-p 00000000 00:00 0 
7f37c5356000-7f37c54e0000 r-xp 00000000 08:05 535697                     /lib/x86_64-linux-gnu/libc-2.13.so
7f37c54e0000-7f37c56df000 ---p 0018a000 08:05 535697                     /lib/x86_64-linux-gnu/libc-2.13.so
7f37c56df000-7f37c56e3000 r--p 00189000 08:05 535697                     /lib/x86_64-linux-gnu/libc-2.13.so
7f37c56e3000-7f37c56e4000 rw-p 0018d000 08:05 535697                     /lib/x86_64-linux-gnu/libc-2.13.so
7f37c56e4000-7f37c56ea000 rw-p 00000000 00:00 0 
7f37c56ea000-7f37c56ec000 r-xp 00000000 08:05 535702                     /lib/x86_64-linux-gnu/libdl-2.13.so
7f37c56ec000-7f37c58ec000 ---p 00002000 08:05 535702                     /lib/x86_64-linux-gnu/libdl-2.13.so
7f37c58ec000-7f37c58ed000 r--p 00002000 08:05 535702                     /lib/x86_64-linux-gnu/libdl-2.13.so
7f37c58ed000-7f37c58ee000 rw-p 00003000 08:05 535702                     /lib/x86_64-linux-gnu/libdl-2.13.so
7f37c58ee000-7f37c58f2000 r-xp 00000000 08:05 1597366                    /usr/lib/jvm/java-6-openjdk/jre/lib/amd64/jli/libjli.so
7f37c58f2000-7f37c5af1000 ---p 00004000 08:05 1597366                    /usr/lib/jvm/java-6-openjdk/jre/lib/amd64/jli/libjli.so
7f37c5af1000-7f37c5af2000 r--p 00003000 08:05 1597366                    /usr/lib/jvm/java-6-openjdk/jre/lib/amd64/jli/libjli.so
7f37c5af2000-7f37c5af3000 rw-p 00004000 08:05 1597366                    /usr/lib/jvm/java-6-openjdk/jre/lib/amd64/jli/libjli.so
7f37c5af3000-7f37c5b0b000 r-xp 00000000 08:05 535718                     /lib/x86_64-linux-gnu/libpthread-2.13.so
7f37c5b0b000-7f37c5d0b000 ---p 00018000 08:05 535718                     /lib/x86_64-linux-gnu/libpthread-2.13.so
7f37c5d0b000-7f37c5d0c000 r--p 00018000 08:05 535718                     /lib/x86_64-linux-gnu/libpthread-2.13.so
7f37c5d0c000-7f37c5d0d000 rw-p 00019000 08:05 535718                     /lib/x86_64-linux-gnu/libpthread-2.13.so
7f37c5d0d000-7f37c5d11000 rw-p 00000000 00:00 0 
7f37c5d11000-7f37c5d28000 r-xp 00000000 08:05 535781                     /lib/x86_64-linux-gnu/libz.so.1.2.3.4
7f37c5d28000-7f37c5f27000 ---p 00017000 08:05 535781                     /lib/x86_64-linux-gnu/libz.so.1.2.3.4
7f37c5f27000-7f37c5f28000 r--p 00016000 08:05 535781                     /lib/x86_64-linux-gnu/libz.so.1.2.3.4
7f37c5f28000-7f37c5f29000 rw-p 00017000 08:05 535781                     /lib/x86_64-linux-gnu/libz.so.1.2.3.4
7f37c5f29000-7f37c5f4a000 r-xp 00000000 08:05 535673                     /lib/x86_64-linux-gnu/ld-2.13.so
7f37c5f4a000-7f37c5f54000 r--s 00000000 08:05 554433                     /var/cache/fontconfig/d52a8644073d54c13679302ca1180695-le64.cache-3
7f37c5f54000-7f37c5f5e000 rw-p 00000000 00:00 0 
7f37c5f5e000-7f37c6014000 rw-p 00000000 00:00 0 
7f37c6014000-7f37c6017000 ---p 00000000 00:00 0 
7f37c6017000-7f37c611a000 rw-p 00000000 00:00 0 
7f37c611a000-7f37c611f000 r--s 00000000 08:05 554452                     /var/cache/fontconfig/515ca1ebc4b18308bea979be5704f9db-le64.cache-3
7f37c611f000-7f37c6122000 r--s 00000000 08:05 554441                     /var/cache/fontconfig/d60319d88cac85ba9e1a07bd06cfbb8c-le64.cache-3
7f37c6122000-7f37c6123000 r--s 00000000 08:05 554034                     /var/cache/fontconfig/4794a0821666d79190d59a36cb4f44b5-le64.cache-3
7f37c6123000-7f37c6124000 r--s 00000000 08:05 554418                     /var/cache/fontconfig/ec648e9a1aea82bddd4bd6050028158d-le64.cache-3
7f37c6124000-7f37c6128000 r--s 00000000 08:05 538228                     /var/cache/fontconfig/7ef2298fde41cc6eeb7af42e48b7d293-le64.cache-3
7f37c6128000-7f37c613c000 r--s 00000000 08:05 527842                     /var/cache/fontconfig/865f88548240fee46819705c6468c165-le64.cache-3
7f37c613c000-7f37c613d000 r--s 00000000 08:05 1340105                    /home/bompo/.fontconfig/aa7e4f27e681240d22a1f116cf7520f0-le64.cache-3
7f37c613d000-7f37c6145000 rw-s 00000000 08:05 525912                     /tmp/hsperfdata_bompo/12241
7f37c6145000-7f37c6146000 rw-p 00000000 00:00 0 
7f37c6146000-7f37c6147000 r--p 00000000 00:00 0 
7f37c6147000-7f37c6149000 rw-p 00000000 00:00 0 
7f37c6149000-7f37c614a000 r--p 00020000 08:05 535673                     /lib/x86_64-linux-gnu/ld-2.13.so
7f37c614a000-7f37c614c000 rw-p 00021000 08:05 535673                     /lib/x86_64-linux-gnu/ld-2.13.so
7fff569b0000-7fff569d1000 rw-p 00000000 00:00 0                          [stack]
7fff569ff000-7fff56a00000 r-xp 00000000 00:00 0                          [vdso]
ffffffffff600000-ffffffffff601000 r-xp 00000000 00:00 0                  [vsyscall]

VM Arguments:
jvm_args: -Dfile.encoding=UTF-8 
java_command: com.jumpandrun.DesktopStarter
Launcher Type: SUN_STANDARD

Environment Variables:
PATH=/usr/local/sbin:/usr/local/bin:/usr/sbin:/usr/bin:/sbin:/bin:/usr/games
USERNAME=bompo
LD_LIBRARY_PATH=/usr/lib/jvm/java-6-openjdk/jre/lib/amd64/server:/usr/lib/jvm/java-6-openjdk/jre/lib/amd64:/usr/lib/jvm/java-6-openjdk/jre/../lib/amd64:/usr/lib64/xulrunner-addons
SHELL=/bin/bash
DISPLAY=:0.0

Signal Handlers:
SIGSEGV: [libjvm.so+0x7d0f60], sa_mask[0]=0x7ffbfeff, sa_flags=0x10000004
SIGBUS: [libjvm.so+0x7d0f60], sa_mask[0]=0x7ffbfeff, sa_flags=0x10000004
SIGFPE: [libjvm.so+0x683760], sa_mask[0]=0x7ffbfeff, sa_flags=0x10000004
SIGPIPE: [libjvm.so+0x683760], sa_mask[0]=0x7ffbfeff, sa_flags=0x10000004
SIGXFSZ: [libjvm.so+0x683760], sa_mask[0]=0x7ffbfeff, sa_flags=0x10000004
SIGILL: [libjvm.so+0x683760], sa_mask[0]=0x7ffbfeff, sa_flags=0x10000004
SIGUSR1: SIG_DFL, sa_mask[0]=0x00000000, sa_flags=0x00000000
SIGUSR2: [libjvm.so+0x683930], sa_mask[0]=0x00000004, sa_flags=0x10000004
SIGHUP: [libjvm.so+0x6862d0], sa_mask[0]=0x7ffbfeff, sa_flags=0x10000004
SIGINT: [libjvm.so+0x6862d0], sa_mask[0]=0x7ffbfeff, sa_flags=0x10000004
SIGTERM: [libjvm.so+0x6862d0], sa_mask[0]=0x7ffbfeff, sa_flags=0x10000004
SIGQUIT: [libjvm.so+0x6862d0], sa_mask[0]=0x7ffbfeff, sa_flags=0x10000004


---------------  S Y S T E M  ---------------

OS:Ubuntu 11.04 (natty)
uname:Linux 2.6.38-10-generic #46-Ubuntu SMP Tue Jun 28 15:07:17 UTC 2011 x86_64
libc:glibc 2.13 NPTL 2.13 
rlimit: STACK 8192k, CORE 0k, NPROC infinity, NOFILE 4096, AS infinity
load average:0.09 0.27 0.24

/proc/meminfo:
MemTotal:        4047872 kB
MemFree:          674740 kB
Buffers:          286160 kB
Cached:          1159200 kB
SwapCached:            0 kB
Active:          1848296 kB
Inactive:        1085768 kB
Active(anon):    1142212 kB
Inactive(anon):   358228 kB
Active(file):     706084 kB
Inactive(file):   727540 kB
Unevictable:         248 kB
Mlocked:             132 kB
SwapTotal:      19529724 kB
SwapFree:       19529724 kB
Dirty:               252 kB
Writeback:             0 kB
AnonPages:       1489124 kB
Mapped:           171096 kB
Shmem:             11616 kB
Slab:             238736 kB
SReclaimable:     211476 kB
SUnreclaim:        27260 kB
KernelStack:        3608 kB
PageTables:        30476 kB
NFS_Unstable:          0 kB
Bounce:                0 kB
WritebackTmp:          0 kB
CommitLimit:    21553660 kB
Committed_AS:    3505312 kB
VmallocTotal:   34359738367 kB
VmallocUsed:      341848 kB
VmallocChunk:   34359372796 kB
HardwareCorrupted:     0 kB
HugePages_Total:       0
HugePages_Free:        0
HugePages_Rsvd:        0
HugePages_Surp:        0
Hugepagesize:       2048 kB
DirectMap4k:      253376 kB
DirectMap2M:     3932160 kB


CPU:total 4 (4 cores per cpu, 1 threads per core) family 6 model 30 stepping 5, cmov, cx8, fxsr, mmx, sse, sse2, sse3, ssse3, sse4.1, sse4.2, popcnt

Memory: 4k page, physical 4047872k(674740k free), swap 19529724k(19529724k free)

vm_info: OpenJDK 64-Bit Server VM (20.0-b11) for linux-amd64 JRE (1.6.0_22-b22), built on Jun 11 2011 05:56:16 by "buildd" with gcc 4.5.2

time: Tue Jul 26 17:31:19 2011
elapsed time: 6 seconds

