#
# A fatal error has been detected by the Java Runtime Environment:
#
#  SIGSEGV (0xb) at pc=0x00007f6635d3be7b, pid=11139, tid=140076970645248
#
# JRE version: 6.0_22-b22
# Java VM: OpenJDK 64-Bit Server VM (20.0-b11 mixed mode linux-amd64 compressed oops)
# Derivative: IcedTea6 1.10.2
# Distribution: Ubuntu 11.04, package 6b22-1.10.2-0ubuntu1~11.04.1
# Problematic frame:
# C  [libgdx-64.so+0x25e7b]  b2ContactManager::Destroy(b2Contact*)+0x1b
#
# If you would like to submit a bug report, please include
# instructions how to reproduce the bug and visit:
#   https://bugs.launchpad.net/ubuntu/+source/openjdk-6/
# The crash happened outside the Java Virtual Machine in native code.
# See problematic frame for where to report the bug.
#

---------------  T H R E A D  ---------------

Current thread (0x00007f6638243000):  JavaThread "LWJGL Application" [_thread_in_native, id=11167, stack(0x00007f6636039000,0x00007f663613a000)]

siginfo:si_signo=SIGSEGV: si_errno=0, si_code=1 (SEGV_MAPERR), si_addr=0x0000000000000060

Registers:
RAX=0x00007f6638cc7a60, RBX=0x00007f6638cc79a0, RCX=0x00007f66384ea560, RDX=0x00007f6638975820
RSP=0x00007f6636138560, RBP=0x00007f663898eac0, RSI=0x0000000000000000, RDI=0x00007f663898eac0
R8 =0x00007f664312c9a8, R9 =0x0000000000000002, R10=0x00007f6636138330, R11=0x00007f6635d5dbf0
R12=0x00007f663898eac0, R13=0x00007f66384ea560, R14=0x00007f6636138668, R15=0x00007f6638243000
RIP=0x00007f6635d3be7b, EFLAGS=0x0000000000010206, CSGSFS=0x0000000000000033, ERR=0x0000000000000004
  TRAPNO=0x000000000000000e

Top of Stack: (sp=0x00007f6636138560)
0x00007f6636138560:   00000000b85c6f90 00007f6638cc79a0
0x00007f6636138570:   00007f6638975820 00007f663898eac0
0x00007f6636138580:   00007f66384ea560 00007f6635d5dc93
0x00007f6636138590:   00000000b85c6f90 00007f6636138628
0x00007f66361385a0:   0000000000000000 00000000b85c6f90
0x00007f66361385b0:   00007f6636138668 00007f663dd15d68
0x00007f66361385c0:   000000000082f638 000000000082f638
0x00007f66361385d0:   00000000fffffffe 000000000082f658
0x00007f66361385e0:   00007f660000001b 00007f66361385e8
0x00007f66361385f0:   00000000b85c6f90 00007f6636138668
0x00007f6636138600:   00000000b85d9ad0 0000000000000000
0x00007f6636138610:   00000000b85c6f90 0000000000000000
0x00007f6636138620:   00007f6636138648 00007f66361386b0
0x00007f6636138630:   00007f663dd0a85a 0000000000000000
0x00007f6636138640:   00007f663dd12f58 00007f66384ea560
0x00007f6636138650:   00000000eb921c20 00007f6638975820
0x00007f6636138660:   00000000ec1b6b88 00000000ec1b6b88
0x00007f6636138670:   00007f6636138670 00000000b85c6e7a
0x00007f6636138680:   00007f66361386d0 00000000b85d9ad0
0x00007f6636138690:   0000000000000000 00000000b85c6ed0
0x00007f66361386a0:   00007f6636138648 00007f66361386e0
0x00007f66361386b0:   00000000eb921c20 00007f663de490b0
0x00007f66361386c0:   0000000000000000 00000000eb921c20
0x00007f66361386d0:   00000000ec1b6b88 00007f663de490b0
0x00007f66361386e0:   ec1b6b8800000000 00000000c23975c8
0x00007f66361386f0:   0000000000000021 00007fffa67ff7b2
0x00007f6636138700:   00000000ec7a1010 00007f663deb2cd8
0x00007f6636138710:   0000000000000003 ec34c0203bb8d676
0x00007f6636138720:   00000000ec7a0fd0 0000000100000000
0x00007f6636138730:   c2397590c2397590 00000000ec34c020
0x00007f6636138740:   00000000c23975c8 00007f6638116e90
0x00007f6636138750:   00000000000000ba 00007f66000000e5 

Instructions: (pc=0x00007f6635d3be7b)
0x00007f6635d3be5b:   ff 0f 1f 40 00 48 89 5c 24 e0 48 89 6c 24 e8 48
0x00007f6635d3be6b:   89 fd 4c 89 64 24 f0 4c 89 6c 24 f8 48 83 ec 28
0x00007f6635d3be7b:   48 8b 46 60 48 8b 7f 70 48 89 f3 4c 8b 68 20 48
0x00007f6635d3be8b:   8b 46 68 48 85 ff 4c 8b 60 20 74 0a f6 46 08 02 

Register to memory mapping:

RAX=0x00007f6638cc7a60 is an unknown value
RBX=0x00007f6638cc79a0 is an unknown value
RCX=0x00007f66384ea560 is an unknown value
RDX=0x00007f6638975820 is an unknown value
RSP=0x00007f6636138560 is pointing into the stack for thread: 0x00007f6638243000
RBP=0x00007f663898eac0 is an unknown value
RSI=0x0000000000000000 is an unknown value
RDI=0x00007f663898eac0 is an unknown value
R8 =0x00007f664312c9a8: <offset 0xbfb9a8> in /usr/lib/jvm/java-6-openjdk/jre/lib/amd64/server/libjvm.so at 0x00007f6642531000
R9 =0x0000000000000002 is an unknown value
R10=0x00007f6636138330 is pointing into the stack for thread: 0x00007f6638243000
R11=0x00007f6635d5dbf0: _ZN7b2World11DestroyBodyEP6b2Body+0 in /tmp/libgdx/3154261069/libgdx-64.so at 0x00007f6635d16000
R12=0x00007f663898eac0 is an unknown value
R13=0x00007f66384ea560 is an unknown value
R14=0x00007f6636138668 is pointing into the stack for thread: 0x00007f6638243000
R15=0x00007f6638243000 is a thread


Stack: [0x00007f6636039000,0x00007f663613a000],  sp=0x00007f6636138560,  free space=1021k
Native frames: (J=compiled Java code, j=interpreted, Vv=VM code, C=native code)
C  [libgdx-64.so+0x25e7b]  b2ContactManager::Destroy(b2Contact*)+0x1b

Java frames: (J=compiled Java code, j=interpreted, Vv=VM code)
j  com.badlogic.gdx.physics.box2d.World.jniDestroyBody(JJ)V+0
j  com.badlogic.gdx.physics.box2d.World.destroyBody(Lcom/badlogic/gdx/physics/box2d/Body;)V+106
J  com.jumpandrun.GameInstance.removeKilled()V
J  com.jumpandrun.GameInstance.physicStuff(F)V
J  com.jumpandrun.GameScreen.render(F)V
J  com.badlogic.gdx.Game.render()V
j  com.badlogic.gdx.backends.lwjgl.LwjglApplication.mainLoop()V+334
j  com.badlogic.gdx.backends.lwjgl.LwjglApplication.access$000(Lcom/badlogic/gdx/backends/lwjgl/LwjglApplication;)V+1
j  com.badlogic.gdx.backends.lwjgl.LwjglApplication$1.run()V+27
v  ~StubRoutines::call_stub

---------------  P R O C E S S  ---------------

Java Threads: ( => current thread )
  0x00000000008e2000 JavaThread "PulseAudio Eventloop Thread" daemon [_thread_in_native, id=11184, stack(0x00007f662aab8000,0x00007f662abb9000)]
  0x00007f66384b3000 JavaThread "Thread-2" [_thread_blocked, id=11178, stack(0x00007f662de43000,0x00007f662df44000)]
  0x00007f6638249000 JavaThread "DestroyJavaVM" [_thread_blocked, id=11144, stack(0x00007f6643e08000,0x00007f6643f09000)]
=>0x00007f6638243000 JavaThread "LWJGL Application" [_thread_in_native, id=11167, stack(0x00007f6636039000,0x00007f663613a000)]
  0x00007f66381df000 JavaThread "AWT-XAWT" daemon [_thread_in_native, id=11158, stack(0x00007f663613a000,0x00007f663623b000)]
  0x00007f66380b3000 JavaThread "Java2D Disposer" daemon [_thread_blocked, id=11157, stack(0x00007f663c0cd000,0x00007f663c1ce000)]
  0x00007f6638004800 JavaThread "Low Memory Detector" daemon [_thread_blocked, id=11155, stack(0x00007f663c322000,0x00007f663c423000)]
  0x00007f6638001800 JavaThread "C2 CompilerThread1" daemon [_thread_blocked, id=11154, stack(0x00007f663c423000,0x00007f663c524000)]
  0x0000000000785800 JavaThread "C2 CompilerThread0" daemon [_thread_blocked, id=11153, stack(0x00007f663c524000,0x00007f663c625000)]
  0x0000000000777000 JavaThread "Signal Dispatcher" daemon [_thread_blocked, id=11152, stack(0x00007f663c625000,0x00007f663c726000)]
  0x0000000000765000 JavaThread "Finalizer" daemon [_thread_blocked, id=11151, stack(0x00007f663cb2e000,0x00007f663cc2f000)]
  0x000000000075d800 JavaThread "Reference Handler" daemon [_thread_blocked, id=11150, stack(0x00007f663cc2f000,0x00007f663cd30000)]

Other Threads:
  0x0000000000756800 VMThread [stack: 0x00007f663cd30000,0x00007f663ce31000] [id=11149]
  0x00007f663800f000 WatcherThread [stack: 0x00007f663c221000,0x00007f663c322000] [id=11156]

VM state:not at safepoint (normal execution)

VM Mutex/Monitor currently owned by a thread: None

Heap
 PSYoungGen      total 34240K, used 20689K [0x00000000eb600000, 0x00000000ef3c0000, 0x0000000100000000)
  eden space 31616K, 64% used [0x00000000eb600000,0x00000000ec9fa8d8,0x00000000ed4e0000)
  from space 2624K, 8% used [0x00000000ed4e0000,0x00000000ed519c18,0x00000000ed770000)
  to   space 3008K, 0% used [0x00000000ef0d0000,0x00000000ef0d0000,0x00000000ef3c0000)
 PSOldGen        total 23744K, used 1822K [0x00000000c2200000, 0x00000000c3930000, 0x00000000eb600000)
  object space 23744K, 7% used [0x00000000c2200000,0x00000000c23c78b8,0x00000000c3930000)
 PSPermGen       total 26944K, used 13243K [0x00000000b7c00000, 0x00000000b9650000, 0x00000000c2200000)
  object space 26944K, 49% used [0x00000000b7c00000,0x00000000b88eef28,0x00000000b9650000)

Code Cache  [0x00007f663dd05000, 0x00007f663df75000, 0x00007f6640d05000)
 total_blobs=987 nmethods=446 adapters=495 free_code_cache=48507264 largest_free_block=10432

Dynamic libraries:
00400000-00409000 r-xp 00000000 08:05 1597353                            /usr/lib/jvm/java-6-openjdk/jre/bin/java
00608000-00609000 r--p 00008000 08:05 1597353                            /usr/lib/jvm/java-6-openjdk/jre/bin/java
00609000-0060a000 rw-p 00009000 08:05 1597353                            /usr/lib/jvm/java-6-openjdk/jre/bin/java
006e4000-02e6b000 rw-p 00000000 00:00 0                                  [heap]
400ae000-40128000 rw-p 00000000 00:00 0 
41e1b000-41e1d000 r-xs 00000000 08:05 525912                             /tmp/glyaeJr7 (deleted)
b7c00000-b9650000 rw-p 00000000 00:00 0 
b9650000-c2200000 rw-p 00000000 00:00 0 
c2200000-c3930000 rw-p 00000000 00:00 0 
c3930000-c6930000 ---p 00000000 00:00 0 
c6930000-eb600000 rw-p 00000000 00:00 0 
eb600000-ef3c0000 rw-p 00000000 00:00 0 
ef3c0000-100000000 rw-p 00000000 00:00 0 
7f6622643000-7f6626644000 rw-s 00000000 00:10 471592                     /dev/shm/pulse-shm-1625595609
7f6626644000-7f6626645000 ---p 00000000 00:00 0 
7f6626645000-7f6626e45000 rw-p 00000000 00:00 0 
7f6628f07000-7f6629cdf000 rw-p 00000000 00:00 0 
7f662a938000-7f662aa38000 rw-s 97d58000 00:05 6951                       /dev/nvidia0
7f662aa38000-7f662aab8000 rw-s 599a5000 00:05 6951                       /dev/nvidia0
7f662aab8000-7f662aabb000 ---p 00000000 00:00 0 
7f662aabb000-7f662abb9000 rw-p 00000000 00:00 0 
7f662abb9000-7f662abc4000 r-xp 00000000 08:05 1597424                    /usr/lib/jvm/java-6-openjdk/jre/lib/amd64/libpulse-java.so
7f662abc4000-7f662adc3000 ---p 0000b000 08:05 1597424                    /usr/lib/jvm/java-6-openjdk/jre/lib/amd64/libpulse-java.so
7f662adc3000-7f662adc4000 r--p 0000a000 08:05 1597424                    /usr/lib/jvm/java-6-openjdk/jre/lib/amd64/libpulse-java.so
7f662adc4000-7f662adc5000 rw-p 0000b000 08:05 1597424                    /usr/lib/jvm/java-6-openjdk/jre/lib/amd64/libpulse-java.so
7f662adc5000-7f662ae46000 rw-p 00000000 00:00 0 
7f662ae46000-7f662ae4b000 r-xp 00000000 08:05 1577007                    /usr/lib/alsa-lib/libasound_module_pcm_pulse.so
7f662ae4b000-7f662b04b000 ---p 00005000 08:05 1577007                    /usr/lib/alsa-lib/libasound_module_pcm_pulse.so
7f662b04b000-7f662b04c000 r--p 00005000 08:05 1577007                    /usr/lib/alsa-lib/libasound_module_pcm_pulse.so
7f662b04c000-7f662b04d000 rw-p 00006000 08:05 1577007                    /usr/lib/alsa-lib/libasound_module_pcm_pulse.so
7f662b04d000-7f662b131000 r-xp 00000000 08:05 1571897                    /usr/lib/libasound.so.2.0.0
7f662b131000-7f662b331000 ---p 000e4000 08:05 1571897                    /usr/lib/libasound.so.2.0.0
7f662b331000-7f662b337000 r--p 000e4000 08:05 1571897                    /usr/lib/libasound.so.2.0.0
7f662b337000-7f662b338000 rw-p 000ea000 08:05 1571897                    /usr/lib/libasound.so.2.0.0
7f662b338000-7f662b347000 r-xp 00000000 08:05 1597422                    /usr/lib/jvm/java-6-openjdk/jre/lib/amd64/libjsoundalsa.so
7f662b347000-7f662b546000 ---p 0000f000 08:05 1597422                    /usr/lib/jvm/java-6-openjdk/jre/lib/amd64/libjsoundalsa.so
7f662b546000-7f662b547000 r--p 0000e000 08:05 1597422                    /usr/lib/jvm/java-6-openjdk/jre/lib/amd64/libjsoundalsa.so
7f662b547000-7f662b548000 rw-p 0000f000 08:05 1597422                    /usr/lib/jvm/java-6-openjdk/jre/lib/amd64/libjsoundalsa.so
7f662b548000-7f662b549000 r-xp 00000000 08:05 1597377                    /usr/lib/jvm/java-6-openjdk/jre/lib/amd64/libjsound.so
7f662b549000-7f662b748000 ---p 00001000 08:05 1597377                    /usr/lib/jvm/java-6-openjdk/jre/lib/amd64/libjsound.so
7f662b748000-7f662b749000 r--p 00000000 08:05 1597377                    /usr/lib/jvm/java-6-openjdk/jre/lib/amd64/libjsound.so
7f662b749000-7f662b74a000 rw-p 00001000 08:05 1597377                    /usr/lib/jvm/java-6-openjdk/jre/lib/amd64/libjsound.so
7f662b74a000-7f662b94a000 rw-s 5a1af000 00:05 6951                       /dev/nvidia0
7f662b94a000-7f662ba4a000 rw-s 36ff2000 00:05 6951                       /dev/nvidia0
7f662ba4a000-7f662ba8a000 rw-s b9ad7000 00:05 6951                       /dev/nvidia0
7f662ba8a000-7f662bb08000 rw-p 00000000 00:00 0 
7f662bb08000-7f662d0dd000 r-xp 00000000 08:05 728                        /usr/lib/nvidia-current/libnvidia-glcore.so.275.19
7f662d0dd000-7f662d2dd000 ---p 015d5000 08:05 728                        /usr/lib/nvidia-current/libnvidia-glcore.so.275.19
7f662d2dd000-7f662d918000 rwxp 015d5000 08:05 728                        /usr/lib/nvidia-current/libnvidia-glcore.so.275.19
7f662d918000-7f662d930000 rwxp 00000000 00:00 0 
7f662d930000-7f662d933000 r-xp 00000000 08:05 718                        /usr/lib/nvidia-current/tls/libnvidia-tls.so.275.19
7f662d933000-7f662db32000 ---p 00003000 08:05 718                        /usr/lib/nvidia-current/tls/libnvidia-tls.so.275.19
7f662db32000-7f662db33000 rw-p 00002000 08:05 718                        /usr/lib/nvidia-current/tls/libnvidia-tls.so.275.19
7f662db33000-7f662dbf3000 r-xp 00000000 08:05 768                        /usr/lib/nvidia-current/libGL.so.275.19
7f662dbf3000-7f662ddf2000 ---p 000c0000 08:05 768                        /usr/lib/nvidia-current/libGL.so.275.19
7f662ddf2000-7f662de2d000 rwxp 000bf000 08:05 768                        /usr/lib/nvidia-current/libGL.so.275.19
7f662de2d000-7f662de43000 rwxp 00000000 00:00 0 
7f662de43000-7f662de46000 ---p 00000000 00:00 0 
7f662de46000-7f662df44000 rw-p 00000000 00:00 0 
7f662df44000-7f662df45000 ---p 00000000 00:00 0 
7f662df45000-7f662e745000 rw-p 00000000 00:00 0 
7f662e745000-7f6632746000 rw-s 00000000 00:10 473027                     /dev/shm/pulse-shm-3814990024
7f6632746000-7f6632747000 ---p 00000000 00:00 0 
7f6632747000-7f6632f47000 rw-p 00000000 00:00 0 
7f6632f47000-7f6632f4d000 r-xp 00000000 08:05 1573092                    /usr/lib/libogg.so.0.7.0
7f6632f4d000-7f663314c000 ---p 00006000 08:05 1573092                    /usr/lib/libogg.so.0.7.0
7f663314c000-7f663314d000 r--p 00005000 08:05 1573092                    /usr/lib/libogg.so.0.7.0
7f663314d000-7f663314e000 rw-p 00006000 08:05 1573092                    /usr/lib/libogg.so.0.7.0
7f663314e000-7f6633179000 r-xp 00000000 08:05 1582648                    /usr/lib/libvorbis.so.0.4.5
7f6633179000-7f6633378000 ---p 0002b000 08:05 1582648                    /usr/lib/libvorbis.so.0.4.5
7f6633378000-7f6633379000 r--p 0002a000 08:05 1582648                    /usr/lib/libvorbis.so.0.4.5
7f6633379000-7f663337a000 rw-p 0002b000 08:05 1582648                    /usr/lib/libvorbis.so.0.4.5
7f663337a000-7f663362d000 r-xp 00000000 08:05 1573212                    /usr/lib/libvorbisenc.so.2.0.8
7f663362d000-7f663382c000 ---p 002b3000 08:05 1573212                    /usr/lib/libvorbisenc.so.2.0.8
7f663382c000-7f6633848000 r--p 002b2000 08:05 1573212                    /usr/lib/libvorbisenc.so.2.0.8
7f6633848000-7f6633849000 rw-p 002ce000 08:05 1573212                    /usr/lib/libvorbisenc.so.2.0.8
7f6633849000-7f6633891000 r-xp 00000000 08:05 1570101                    /usr/lib/libFLAC.so.8.2.0
7f6633891000-7f6633a91000 ---p 00048000 08:05 1570101                    /usr/lib/libFLAC.so.8.2.0
7f6633a91000-7f6633a92000 r--p 00048000 08:05 1570101                    /usr/lib/libFLAC.so.8.2.0
7f6633a92000-7f6633a93000 rw-p 00049000 08:05 1570101                    /usr/lib/libFLAC.so.8.2.0
7f6633a93000-7f6633af4000 r-xp 00000000 08:05 1574433                    /usr/lib/libsndfile.so.1.0.23
7f6633af4000-7f6633cf4000 ---p 00061000 08:05 1574433                    /usr/lib/libsndfile.so.1.0.23
7f6633cf4000-7f6633cf6000 r--p 00061000 08:05 1574433                    /usr/lib/libsndfile.so.1.0.23
7f6633cf6000-7f6633cf7000 rw-p 00063000 08:05 1574433                    /usr/lib/libsndfile.so.1.0.23
7f6633cf7000-7f6633cfb000 rw-p 00000000 00:00 0 
7f6633cfb000-7f6633d03000 r-xp 00000000 08:05 538930                     /lib/libwrap.so.0.7.6
7f6633d03000-7f6633f03000 ---p 00008000 08:05 538930                     /lib/libwrap.so.0.7.6
7f6633f03000-7f6633f04000 r--p 00008000 08:05 538930                     /lib/libwrap.so.0.7.6
7f6633f04000-7f6633f05000 rw-p 00009000 08:05 538930                     /lib/libwrap.so.0.7.6
7f6633f05000-7f6633f06000 rw-p 00000000 00:00 0 
7f6633f06000-7f6633f0a000 r-xp 00000000 08:05 534738                     /lib/x86_64-linux-gnu/libuuid.so.1.3.0
7f6633f0a000-7f6634109000 ---p 00004000 08:05 534738                     /lib/x86_64-linux-gnu/libuuid.so.1.3.0
7f6634109000-7f663410a000 r--p 00003000 08:05 534738                     /lib/x86_64-linux-gnu/libuuid.so.1.3.0
7f663410a000-7f663410b000 rw-p 00004000 08:05 534738                     /lib/x86_64-linux-gnu/libuuid.so.1.3.0
7f663410b000-7f663414d000 r-xp 00000000 08:05 525819                     /lib/x86_64-linux-gnu/libdbus-1.so.3.5.4
7f663414d000-7f663434d000 ---p 00042000 08:05 525819                     /lib/x86_64-linux-gnu/libdbus-1.so.3.5.4
7f663434d000-7f663434e000 r--p 00042000 08:05 525819                     /lib/x86_64-linux-gnu/libdbus-1.so.3.5.4
7f663434e000-7f663434f000 rw-p 00043000 08:05 525819                     /lib/x86_64-linux-gnu/libdbus-1.so.3.5.4
7f663434f000-7f663439a000 r-xp 00000000 08:05 1580900                    /usr/lib/libpulsecommon-0.9.22.so
7f663439a000-7f6634599000 ---p 0004b000 08:05 1580900                    /usr/lib/libpulsecommon-0.9.22.so
7f6634599000-7f663459a000 r--p 0004a000 08:05 1580900                    /usr/lib/libpulsecommon-0.9.22.so
7f663459a000-7f663459b000 rw-p 0004b000 08:05 1580900                    /usr/lib/libpulsecommon-0.9.22.so
7f663459b000-7f663459e000 r-xp 00000000 08:05 1573582                    /usr/lib/libxcb-atom.so.1.0.0
7f663459e000-7f663479e000 ---p 00003000 08:05 1573582                    /usr/lib/libxcb-atom.so.1.0.0
7f663479e000-7f663479f000 r--p 00003000 08:05 1573582                    /usr/lib/libxcb-atom.so.1.0.0
7f663479f000-7f66347a0000 rw-p 00004000 08:05 1573582                    /usr/lib/libxcb-atom.so.1.0.0
7f66347a0000-7f66347a7000 r-xp 00000000 08:05 1578963                    /usr/lib/x86_64-linux-gnu/libSM.so.6.0.1
7f66347a7000-7f66349a6000 ---p 00007000 08:05 1578963                    /usr/lib/x86_64-linux-gnu/libSM.so.6.0.1
7f66349a6000-7f66349a7000 r--p 00006000 08:05 1578963                    /usr/lib/x86_64-linux-gnu/libSM.so.6.0.1
7f66349a7000-7f66349a8000 rw-p 00007000 08:05 1578963                    /usr/lib/x86_64-linux-gnu/libSM.so.6.0.1
7f66349a8000-7f66349be000 r-xp 00000000 08:05 1571606                    /usr/lib/x86_64-linux-gnu/libICE.so.6.3.0
7f66349be000-7f6634bbe000 ---p 00016000 08:05 1571606                    /usr/lib/x86_64-linux-gnu/libICE.so.6.3.0
7f6634bbe000-7f6634bbf000 r--p 00016000 08:05 1571606                    /usr/lib/x86_64-linux-gnu/libICE.so.6.3.0
7f6634bbf000-7f6634bc0000 rw-p 00017000 08:05 1571606                    /usr/lib/x86_64-linux-gnu/libICE.so.6.3.0
7f6634bc0000-7f6634bc3000 rw-p 00000000 00:00 0 
7f6634bc3000-7f6634bc4000 r-xp 00000000 08:05 1570508                    /usr/lib/x86_64-linux-gnu/libX11-xcb.so.1.0.0
7f6634bc4000-7f6634dc3000 ---p 00001000 08:05 1570508                    /usr/lib/x86_64-linux-gnu/libX11-xcb.so.1.0.0
7f6634dc3000-7f6634dc4000 r--p 00000000 08:05 1570508                    /usr/lib/x86_64-linux-gnu/libX11-xcb.so.1.0.0
7f6634dc4000-7f6634dc5000 rw-p 00001000 08:05 1570508                    /usr/lib/x86_64-linux-gnu/libX11-xcb.so.1.0.0
7f6634dc5000-7f6634e05000 r-xp 00000000 08:05 1573921                    /usr/lib/libpulse.so.0.12.3
7f6634e05000-7f6635004000 ---p 00040000 08:05 1573921                    /usr/lib/libpulse.so.0.12.3
7f6635004000-7f6635005000 r--p 0003f000 08:05 1573921                    /usr/lib/libpulse.so.0.12.3
7f6635005000-7f6635006000 rw-p 00040000 08:05 1573921                    /usr/lib/libpulse.so.0.12.3
7f6635006000-7f6635052000 r-xp 00000000 08:05 525790                     /tmp/libgdx/3154261069/libopenal64.so
7f6635052000-7f6635251000 ---p 0004c000 08:05 525790                     /tmp/libgdx/3154261069/libopenal64.so
7f6635251000-7f6635253000 r--p 0004b000 08:05 525790                     /tmp/libgdx/3154261069/libopenal64.so
7f6635253000-7f6635254000 rw-p 0004d000 08:05 525790                     /tmp/libgdx/3154261069/libopenal64.so
7f6635254000-7f6635255000 rw-p 00000000 00:00 0 
7f6635255000-7f6635256000 r-xp 00000000 08:05 1597389                    /usr/lib/jvm/java-6-openjdk/jre/lib/amd64/libjawt.so
7f6635256000-7f6635455000 ---p 00001000 08:05 1597389                    /usr/lib/jvm/java-6-openjdk/jre/lib/amd64/libjawt.so
7f6635455000-7f6635456000 r--p 00000000 08:05 1597389                    /usr/lib/jvm/java-6-openjdk/jre/lib/amd64/libjawt.so
7f6635456000-7f6635457000 rw-p 00001000 08:05 1597389                    /usr/lib/jvm/java-6-openjdk/jre/lib/amd64/libjawt.so
7f6635457000-7f663545c000 r-xp 00000000 08:05 1581972                    /usr/lib/x86_64-linux-gnu/libXxf86vm.so.1.0.0
7f663545c000-7f663565b000 ---p 00005000 08:05 1581972                    /usr/lib/x86_64-linux-gnu/libXxf86vm.so.1.0.0
7f663565b000-7f663565c000 r--p 00004000 08:05 1581972                    /usr/lib/x86_64-linux-gnu/libXxf86vm.so.1.0.0
7f663565c000-7f663565d000 rw-p 00005000 08:05 1581972                    /usr/lib/x86_64-linux-gnu/libXxf86vm.so.1.0.0
7f663568a000-7f6635703000 r-xp 00000000 08:05 525820                     /tmp/libgdx/3154261069/liblwjgl64.so
7f6635703000-7f6635903000 ---p 00079000 08:05 525820                     /tmp/libgdx/3154261069/liblwjgl64.so
7f6635903000-7f6635905000 r--p 00079000 08:05 525820                     /tmp/libgdx/3154261069/liblwjgl64.so
7f6635905000-7f6635906000 rw-p 0007b000 08:05 525820                     /tmp/libgdx/3154261069/liblwjgl64.so
7f6635906000-7f663590b000 r-xp 00000000 08:05 1570859                    /usr/lib/x86_64-linux-gnu/libXfixes.so.3.1.0
7f663590b000-7f6635b0a000 ---p 00005000 08:05 1570859                    /usr/lib/x86_64-linux-gnu/libXfixes.so.3.1.0
7f6635b0a000-7f6635b0b000 r--p 00004000 08:05 1570859                    /usr/lib/x86_64-linux-gnu/libXfixes.so.3.1.0
7f6635b0b000-7f6635b0c000 rw-p 00005000 08:05 1570859                    /usr/lib/x86_64-linux-gnu/libXfixes.so.3.1.0
7f6635b0c000-7f6635b15000 r-xp 00000000 08:05 1573929                    /usr/lib/x86_64-linux-gnu/libXcursor.so.1.0.2
7f6635b15000-7f6635d14000 ---p 00009000 08:05 1573929                    /usr/lib/x86_64-linux-gnu/libXcursor.so.1.0.2
7f6635d14000-7f6635d15000 r--p 00008000 08:05 1573929                    /usr/lib/x86_64-linux-gnu/libXcursor.so.1.0.2
7f6635d15000-7f6635d16000 rw-p 00009000 08:05 1573929                    /usr/lib/x86_64-linux-gnu/libXcursor.so.1.0.2
7f6635d16000-7f6635da2000 r-xp 00000000 08:05 525608                     /tmp/libgdx/3154261069/libgdx-64.so
7f6635da2000-7f6635fa2000 ---p 0008c000 08:05 525608                     /tmp/libgdx/3154261069/libgdx-64.so
7f6635fa2000-7f6635fa3000 r--p 0008c000 08:05 525608                     /tmp/libgdx/3154261069/libgdx-64.so
7f6635fa3000-7f6635fa4000 rw-p 0008d000 08:05 525608                     /tmp/libgdx/3154261069/libgdx-64.so
7f6635fa4000-7f6635fa7000 rw-p 00000000 00:00 0 
7f6635fa7000-7f6635fa8000 r--s 00000000 08:05 532633                     /var/cache/fontconfig/26de28bc8622bbc1fb67fd234c21975f-le64.cache-3
7f6635fa8000-7f6635fa9000 r--s 00000000 08:05 554485                     /var/cache/fontconfig/c05880de57d1f5e948fdfacc138775d9-le64.cache-3
7f6635fa9000-7f6635fb2000 r--s 00000000 08:05 527845                     /var/cache/fontconfig/945677eb7aeaf62f1d50efc3fb3ec7d8-le64.cache-3
7f6635fb2000-7f6635fb4000 r--s 00000000 08:05 554480                     /var/cache/fontconfig/99e8ed0e538f840c565b6ed5dad60d56-le64.cache-3
7f6635fb4000-7f6635fb7000 r--s 00000000 08:05 554411                     /var/cache/fontconfig/f24b2111ab8703b4e963115a8cf14259-le64.cache-3
7f6635fb7000-7f6635fba000 r--s 00000000 08:05 554479                     /var/cache/fontconfig/e383d7ea5fbe662a33d9b44caf393297-le64.cache-3
7f6635fba000-7f6635fbd000 r--s 00000000 08:05 554477                     /var/cache/fontconfig/2cd17615ca594fa2959ae173292e504c-le64.cache-3
7f6635fbd000-7f6635fbe000 r--s 00000000 08:05 554471                     /var/cache/fontconfig/e7071f4a29fa870f4323321c154eba04-le64.cache-3
7f6635fbe000-7f6635fc2000 r--s 00000000 08:05 554470                     /var/cache/fontconfig/6eb3985aa4124903f6ff08ba781cd364-le64.cache-3
7f6635fc2000-7f6635fc3000 r--s 00000000 08:05 554466                     /var/cache/fontconfig/4c73fe0c47614734b17d736dbde7580a-le64.cache-3
7f6635fc3000-7f6635fc4000 r--s 00000000 08:05 554459                     /var/cache/fontconfig/0d8c3b2ac0904cb8a57a757ad11a4a08-le64.cache-3
7f6635fc4000-7f6635fc5000 r--s 00000000 08:05 554454                     /var/cache/fontconfig/6a53c69dea097a2d716e069445527da8-le64.cache-3
7f6635fc5000-7f6635fca000 r--s 00000000 08:05 554453                     /var/cache/fontconfig/062808c12e6e608270f93bb230aed730-le64.cache-3
7f6635fca000-7f6635fd3000 r--s 00000000 08:05 554448                     /var/cache/fontconfig/6d41288fd70b0be22e8c3a91e032eec0-le64.cache-3
7f6635fd3000-7f6635fe3000 r--s 00000000 08:05 554447                     /var/cache/fontconfig/0f34bcd4b6ee430af32735b75db7f02b-le64.cache-3
7f6635fe3000-7f6636011000 r--s 00000000 08:05 554435                     /var/cache/fontconfig/365b55f210c0a22e9a19e35191240f32-le64.cache-3
7f6636015000-7f6636019000 rw-s 59944000 00:05 6951                       /dev/nvidia0
7f6636039000-7f663603c000 ---p 00000000 00:00 0 
7f663603c000-7f663613a000 rw-p 00000000 00:00 0 
7f663613a000-7f663613d000 ---p 00000000 00:00 0 
7f663613d000-7f663623b000 rw-p 00000000 00:00 0 
7f663623b000-7f6636243000 r-xp 00000000 08:05 1581969                    /usr/lib/x86_64-linux-gnu/libXrandr.so.2.2.0
7f6636243000-7f6636442000 ---p 00008000 08:05 1581969                    /usr/lib/x86_64-linux-gnu/libXrandr.so.2.2.0
7f6636442000-7f6636443000 r--p 00007000 08:05 1581969                    /usr/lib/x86_64-linux-gnu/libXrandr.so.2.2.0
7f6636443000-7f6636444000 rw-p 00008000 08:05 1581969                    /usr/lib/x86_64-linux-gnu/libXrandr.so.2.2.0
7f6636444000-7f6636445000 rw-p 00000000 00:00 0 
7f6636445000-7f6636447000 rw-s 00000000 08:05 525912                     /tmp/glyaeJr7 (deleted)
7f6636447000-7f6636448000 rw-s d0008000 00:05 6951                       /dev/nvidia0
7f6636448000-7f6636449000 rw-s 597fe000 00:05 6951                       /dev/nvidia0
7f6636449000-7f663644d000 rw-s 512c6000 00:05 6951                       /dev/nvidia0
7f663644d000-7f663644e000 rw-s fbc0a000 00:05 6951                       /dev/nvidia0
7f663644e000-7f663644f000 rw-s fb641000 00:05 6951                       /dev/nvidia0
7f663644f000-7f663646a000 rw-s 117ca0000 00:05 6951                      /dev/nvidia0
7f663646a000-7f6636471000 r--s 000fb000 08:05 1597348                    /usr/lib/jvm/java-6-openjdk/jre/lib/resources.jar
7f6636471000-7f6636504000 r-xp 00000000 08:05 1572891                    /usr/lib/x86_64-linux-gnu/libfreetype.so.6.6.2
7f6636504000-7f6636703000 ---p 00093000 08:05 1572891                    /usr/lib/x86_64-linux-gnu/libfreetype.so.6.6.2
7f6636703000-7f6636709000 r--p 00092000 08:05 1572891                    /usr/lib/x86_64-linux-gnu/libfreetype.so.6.6.2
7f6636709000-7f663670a000 rw-p 00098000 08:05 1572891                    /usr/lib/x86_64-linux-gnu/libfreetype.so.6.6.2
7f663670a000-7f6636743000 r-xp 00000000 08:05 1597379                    /usr/lib/jvm/java-6-openjdk/jre/lib/amd64/libfontmanager.so
7f6636743000-7f6636942000 ---p 00039000 08:05 1597379                    /usr/lib/jvm/java-6-openjdk/jre/lib/amd64/libfontmanager.so
7f6636942000-7f6636944000 r--p 00038000 08:05 1597379                    /usr/lib/jvm/java-6-openjdk/jre/lib/amd64/libfontmanager.so
7f6636944000-7f6636945000 rw-p 0003a000 08:05 1597379                    /usr/lib/jvm/java-6-openjdk/jre/lib/amd64/libfontmanager.so
7f6636945000-7f663694a000 r-xp 00000000 08:05 1573561                    /usr/lib/x86_64-linux-gnu/libXdmcp.so.6.0.0
7f663694a000-7f6636b49000 ---p 00005000 08:05 1573561                    /usr/lib/x86_64-linux-gnu/libXdmcp.so.6.0.0
7f6636b49000-7f6636b4a000 r--p 00004000 08:05 1573561                    /usr/lib/x86_64-linux-gnu/libXdmcp.so.6.0.0
7f6636b4a000-7f6636b4b000 rw-p 00005000 08:05 1573561                    /usr/lib/x86_64-linux-gnu/libXdmcp.so.6.0.0
7f6636b4b000-7f6636b4d000 r-xp 00000000 08:05 1570542                    /usr/lib/x86_64-linux-gnu/libXau.so.6.0.0
7f6636b4d000-7f6636d4c000 ---p 00002000 08:05 1570542                    /usr/lib/x86_64-linux-gnu/libXau.so.6.0.0
7f6636d4c000-7f6636d4d000 r--p 00001000 08:05 1570542                    /usr/lib/x86_64-linux-gnu/libXau.so.6.0.0
7f6636d4d000-7f6636d4e000 rw-p 00002000 08:05 1570542                    /usr/lib/x86_64-linux-gnu/libXau.so.6.0.0
7f6636d4e000-7f6636d69000 r-xp 00000000 08:05 1572615                    /usr/lib/x86_64-linux-gnu/libxcb.so.1.1.0
7f6636d69000-7f6636f68000 ---p 0001b000 08:05 1572615                    /usr/lib/x86_64-linux-gnu/libxcb.so.1.1.0
7f6636f68000-7f6636f69000 r--p 0001a000 08:05 1572615                    /usr/lib/x86_64-linux-gnu/libxcb.so.1.1.0
7f6636f69000-7f6636f6a000 rw-p 0001b000 08:05 1572615                    /usr/lib/x86_64-linux-gnu/libxcb.so.1.1.0
7f6636f6a000-7f6636f79000 r-xp 00000000 08:05 1613065                    /usr/lib/x86_64-linux-gnu/libXi.so.6.1.0
7f6636f79000-7f6637178000 ---p 0000f000 08:05 1613065                    /usr/lib/x86_64-linux-gnu/libXi.so.6.1.0
7f6637178000-7f6637179000 r--p 0000e000 08:05 1613065                    /usr/lib/x86_64-linux-gnu/libXi.so.6.1.0
7f6637179000-7f663717a000 rw-p 0000f000 08:05 1613065                    /usr/lib/x86_64-linux-gnu/libXi.so.6.1.0
7f663717a000-7f663717f000 r-xp 00000000 08:05 1572606                    /usr/lib/libXtst.so.6.1.0
7f663717f000-7f663737e000 ---p 00005000 08:05 1572606                    /usr/lib/libXtst.so.6.1.0
7f663737e000-7f663737f000 r--p 00004000 08:05 1572606                    /usr/lib/libXtst.so.6.1.0
7f663737f000-7f6637380000 rw-p 00005000 08:05 1572606                    /usr/lib/libXtst.so.6.1.0
7f6637380000-7f6637389000 r-xp 00000000 08:05 1570620                    /usr/lib/x86_64-linux-gnu/libXrender.so.1.3.0
7f6637389000-7f6637589000 ---p 00009000 08:05 1570620                    /usr/lib/x86_64-linux-gnu/libXrender.so.1.3.0
7f6637589000-7f663758a000 r--p 00009000 08:05 1570620                    /usr/lib/x86_64-linux-gnu/libXrender.so.1.3.0
7f663758a000-7f663758b000 rw-p 0000a000 08:05 1570620                    /usr/lib/x86_64-linux-gnu/libXrender.so.1.3.0
7f663758b000-7f66376c0000 r-xp 00000000 08:05 1573591                    /usr/lib/x86_64-linux-gnu/libX11.so.6.3.0
7f66376c0000-7f66378c0000 ---p 00135000 08:05 1573591                    /usr/lib/x86_64-linux-gnu/libX11.so.6.3.0
7f66378c0000-7f66378c1000 r--p 00135000 08:05 1573591                    /usr/lib/x86_64-linux-gnu/libX11.so.6.3.0
7f66378c1000-7f66378c5000 rw-p 00136000 08:05 1573591                    /usr/lib/x86_64-linux-gnu/libX11.so.6.3.0
7f66378c5000-7f66378d6000 r-xp 00000000 08:05 1571673                    /usr/lib/x86_64-linux-gnu/libXext.so.6.4.0
7f66378d6000-7f6637ad5000 ---p 00011000 08:05 1571673                    /usr/lib/x86_64-linux-gnu/libXext.so.6.4.0
7f6637ad5000-7f6637ad6000 r--p 00010000 08:05 1571673                    /usr/lib/x86_64-linux-gnu/libXext.so.6.4.0
7f6637ad6000-7f6637ad7000 rw-p 00011000 08:05 1571673                    /usr/lib/x86_64-linux-gnu/libXext.so.6.4.0
7f6637ad7000-7f6637b22000 r-xp 00000000 08:05 1597420                    /usr/lib/jvm/java-6-openjdk/jre/lib/amd64/xawt/libmawt.so
7f6637b22000-7f6637d22000 ---p 0004b000 08:05 1597420                    /usr/lib/jvm/java-6-openjdk/jre/lib/amd64/xawt/libmawt.so
7f6637d22000-7f6637d23000 r--p 0004b000 08:05 1597420                    /usr/lib/jvm/java-6-openjdk/jre/lib/amd64/xawt/libmawt.so
7f6637d23000-7f6637d26000 rw-p 0004c000 08:05 1597420                    /usr/lib/jvm/java-6-openjdk/jre/lib/amd64/xawt/libmawt.so
7f6637d26000-7f6637d27000 rw-p 00000000 00:00 0 
7f6637d27000-7f6637dd0000 r-xp 00000000 08:05 1597388                    /usr/lib/jvm/java-6-openjdk/jre/lib/amd64/libawt.so
7f6637dd0000-7f6637fcf000 ---p 000a9000 08:05 1597388                    /usr/lib/jvm/java-6-openjdk/jre/lib/amd64/libawt.so
7f6637fcf000-7f6637fd0000 r--p 000a8000 08:05 1597388                    /usr/lib/jvm/java-6-openjdk/jre/lib/amd64/libawt.so
7f6637fd0000-7f6637fdb000 rw-p 000a9000 08:05 1597388                    /usr/lib/jvm/java-6-openjdk/jre/lib/amd64/libawt.so
7f6637fdb000-7f6638000000 rw-p 00000000 00:00 0 
7f6638000000-7f6639fc2000 rw-p 00000000 00:00 0 
7f6639fc2000-7f663c000000 ---p 00000000 00:00 0 
7f663c000000-7f663c001000 rw-s 128080000 00:05 6951                      /dev/nvidia0
7f663c001000-7f663c002000 rw-s b9b0f000 00:05 6951                       /dev/nvidia0
7f663c002000-7f663c003000 rw-s fb060000 00:05 6951                       /dev/nvidia0
7f663c003000-7f663c009000 r--s 00000000 08:05 554429                     /var/cache/fontconfig/a755afe4a08bf5b97852ceb7400b47bc-le64.cache-3
7f663c009000-7f663c00e000 r--s 00000000 08:05 554452                     /var/cache/fontconfig/515ca1ebc4b18308bea979be5704f9db-le64.cache-3
7f663c00e000-7f663c018000 r--s 00000000 08:05 554433                     /var/cache/fontconfig/d52a8644073d54c13679302ca1180695-le64.cache-3
7f663c018000-7f663c019000 r--s 00000000 08:05 554418                     /var/cache/fontconfig/ec648e9a1aea82bddd4bd6050028158d-le64.cache-3
7f663c019000-7f663c02c000 r--s 00000000 08:05 538224                     /var/cache/fontconfig/e13b20fdb08344e0e664864cc2ede53d-le64.cache-3
7f663c02c000-7f663c030000 r--s 00000000 08:05 538228                     /var/cache/fontconfig/7ef2298fde41cc6eeb7af42e48b7d293-le64.cache-3
7f663c030000-7f663c044000 r--s 00000000 08:05 527842                     /var/cache/fontconfig/865f88548240fee46819705c6468c165-le64.cache-3
7f663c044000-7f663c045000 r--s 00000000 08:05 1340105                    /home/bompo/.fontconfig/aa7e4f27e681240d22a1f116cf7520f0-le64.cache-3
7f663c045000-7f663c046000 r--s 00000000 08:05 532633                     /var/cache/fontconfig/26de28bc8622bbc1fb67fd234c21975f-le64.cache-3
7f663c046000-7f663c047000 r--s 00000000 08:05 554485                     /var/cache/fontconfig/c05880de57d1f5e948fdfacc138775d9-le64.cache-3
7f663c047000-7f663c050000 r--s 00000000 08:05 527845                     /var/cache/fontconfig/945677eb7aeaf62f1d50efc3fb3ec7d8-le64.cache-3
7f663c050000-7f663c052000 r--s 00000000 08:05 554480                     /var/cache/fontconfig/99e8ed0e538f840c565b6ed5dad60d56-le64.cache-3
7f663c052000-7f663c055000 r--s 00000000 08:05 554411                     /var/cache/fontconfig/f24b2111ab8703b4e963115a8cf14259-le64.cache-3
7f663c055000-7f663c058000 r--s 00000000 08:05 554479                     /var/cache/fontconfig/e383d7ea5fbe662a33d9b44caf393297-le64.cache-3
7f663c058000-7f663c05b000 r--s 00000000 08:05 554477                     /var/cache/fontconfig/2cd17615ca594fa2959ae173292e504c-le64.cache-3
7f663c05b000-7f663c05c000 r--s 00000000 08:05 554471                     /var/cache/fontconfig/e7071f4a29fa870f4323321c154eba04-le64.cache-3
7f663c05c000-7f663c060000 r--s 00000000 08:05 554470                     /var/cache/fontconfig/6eb3985aa4124903f6ff08ba781cd364-le64.cache-3
7f663c060000-7f663c061000 r--s 00000000 08:05 554466                     /var/cache/fontconfig/4c73fe0c47614734b17d736dbde7580a-le64.cache-3
7f663c061000-7f663c062000 r--s 00000000 08:05 554459                     /var/cache/fontconfig/0d8c3b2ac0904cb8a57a757ad11a4a08-le64.cache-3
7f663c062000-7f663c063000 r--s 00000000 08:05 554454                     /var/cache/fontconfig/6a53c69dea097a2d716e069445527da8-le64.cache-3
7f663c063000-7f663c068000 r--s 00000000 08:05 554453                     /var/cache/fontconfig/062808c12e6e608270f93bb230aed730-le64.cache-3
7f663c068000-7f663c06e000 r--s 00000000 08:05 554429                     /var/cache/fontconfig/a755afe4a08bf5b97852ceb7400b47bc-le64.cache-3
7f663c06e000-7f663c073000 r--s 00000000 08:05 554452                     /var/cache/fontconfig/515ca1ebc4b18308bea979be5704f9db-le64.cache-3
7f663c073000-7f663c07c000 r--s 00000000 08:05 554448                     /var/cache/fontconfig/6d41288fd70b0be22e8c3a91e032eec0-le64.cache-3
7f663c07c000-7f663c08c000 r--s 00000000 08:05 554447                     /var/cache/fontconfig/0f34bcd4b6ee430af32735b75db7f02b-le64.cache-3
7f663c08c000-7f663c0ba000 r--s 00000000 08:05 554435                     /var/cache/fontconfig/365b55f210c0a22e9a19e35191240f32-le64.cache-3
7f663c0ba000-7f663c0cd000 r--s 00000000 08:05 538224                     /var/cache/fontconfig/e13b20fdb08344e0e664864cc2ede53d-le64.cache-3
7f663c0cd000-7f663c0d0000 ---p 00000000 00:00 0 
7f663c0d0000-7f663c1ce000 rw-p 00000000 00:00 0 
7f663c1ce000-7f663c1df000 r--s 0011a000 08:05 1440866                    /home/bompo/git/kpmusikspiel/libs/gdx-backend-lwjgl.jar
7f663c1df000-7f663c1e0000 r--s 00007000 08:05 1440877                    /home/bompo/git/kpmusikspiel/libs/gdx-backend-lwjgl-sources.jar
7f663c1e0000-7f663c1e1000 r--s 00127000 08:05 1440876                    /home/bompo/git/kpmusikspiel/libs/gdx-backend-lwjgl-natives.jar
7f663c1e1000-7f663c1e4000 r--s 00017000 08:05 1439905                    /home/bompo/git/kpmusikspiel/libs/tritonus_share.jar
7f663c1e4000-7f663c1e5000 r--s 00002000 08:05 1439810                    /home/bompo/git/kpmusikspiel/libs/tritonus_aos.jar
7f663c1e5000-7f663c1e6000 r--s 00005000 08:05 1447554                    /home/bompo/git/kpmusikspiel/libs/mp3spi1.9.4.jar
7f663c1e6000-7f663c1eb000 r--s 00028000 08:05 1447540                    /home/bompo/git/kpmusikspiel/libs/beads.jar
7f663c1eb000-7f663c1ef000 r--s 0007c000 08:05 1597316                    /usr/lib/jvm/java-6-openjdk/jre/lib/jsse.jar
7f663c1ef000-7f663c1fa000 r--s 00094000 08:05 1498923                    /home/bompo/git/kpmusikspiel/libs/gdx.jar
7f663c1fa000-7f663c1fb000 r--s 001a1000 08:05 1440083                    /home/bompo/git/kpmusikspiel/libs/gdx-natives.jar
7f663c1fb000-7f663c215000 r--s 00207000 08:05 1498924                    /home/bompo/git/kpmusikspiel/libs/gdx-backend-jogl.jar
7f663c215000-7f663c216000 r--s 00203000 08:05 1498925                    /home/bompo/git/kpmusikspiel/libs/gdx-backend-jogl-natives.jar
7f663c216000-7f663c21e000 r--s 00066000 08:05 1721290                    /usr/share/java/gnome-java-bridge.jar
7f663c21e000-7f663c221000 r--s 0000f000 08:05 1597341                    /usr/lib/jvm/java-6-openjdk/jre/lib/ext/pulse-java.jar
7f663c221000-7f663c222000 ---p 00000000 00:00 0 
7f663c222000-7f663c322000 rw-p 00000000 00:00 0 
7f663c322000-7f663c325000 ---p 00000000 00:00 0 
7f663c325000-7f663c423000 rw-p 00000000 00:00 0 
7f663c423000-7f663c426000 ---p 00000000 00:00 0 
7f663c426000-7f663c524000 rw-p 00000000 00:00 0 
7f663c524000-7f663c527000 ---p 00000000 00:00 0 
7f663c527000-7f663c625000 rw-p 00000000 00:00 0 
7f663c625000-7f663c628000 ---p 00000000 00:00 0 
7f663c628000-7f663c726000 rw-p 00000000 00:00 0 
7f663c726000-7f663cb2e000 r--p 00000000 08:05 1570348                    /usr/lib/locale/locale-archive
7f663cb2e000-7f663cb31000 ---p 00000000 00:00 0 
7f663cb31000-7f663cc2f000 rw-p 00000000 00:00 0 
7f663cc2f000-7f663cc32000 ---p 00000000 00:00 0 
7f663cc32000-7f663cd30000 rw-p 00000000 00:00 0 
7f663cd30000-7f663cd31000 ---p 00000000 00:00 0 
7f663cd31000-7f663d369000 rw-p 00000000 00:00 0 
7f663d369000-7f663d4f9000 r--s 037af000 08:05 1597397                    /usr/lib/jvm/java-6-openjdk/jre/lib/rt.jar
7f663d4f9000-7f663d521000 rw-p 00000000 00:00 0 
7f663d521000-7f663d522000 ---p 00000000 00:00 0 
7f663d522000-7f663d622000 rw-p 00000000 00:00 0 
7f663d622000-7f663d623000 ---p 00000000 00:00 0 
7f663d623000-7f663d723000 rw-p 00000000 00:00 0 
7f663d723000-7f663d724000 ---p 00000000 00:00 0 
7f663d724000-7f663d824000 rw-p 00000000 00:00 0 
7f663d824000-7f663d825000 ---p 00000000 00:00 0 
7f663d825000-7f663d933000 rw-p 00000000 00:00 0 
7f663d933000-7f663d978000 rw-p 00000000 00:00 0 
7f663d978000-7f663d984000 rw-p 00000000 00:00 0 
7f663d984000-7f663d99c000 ---p 00000000 00:00 0 
7f663d99c000-7f663dac2000 rw-p 00000000 00:00 0 
7f663dac2000-7f663dad0000 rw-p 00000000 00:00 0 
7f663dad0000-7f663db15000 rw-p 00000000 00:00 0 
7f663db15000-7f663db21000 rw-p 00000000 00:00 0 
7f663db21000-7f663db39000 ---p 00000000 00:00 0 
7f663db39000-7f663dc5f000 rw-p 00000000 00:00 0 
7f663dc5f000-7f663dc7e000 rw-p 00000000 00:00 0 
7f663dc7e000-7f663dd04000 rw-p 00000000 00:00 0 
7f663dd04000-7f663dd05000 rw-p 00000000 00:00 0 
7f663dd05000-7f663df75000 rwxp 00000000 00:00 0 
7f663df75000-7f6640d05000 rw-p 00000000 00:00 0 
7f6640d05000-7f6640d0c000 r-xp 00000000 08:05 1597383                    /usr/lib/jvm/java-6-openjdk/jre/lib/amd64/libzip.so
7f6640d0c000-7f6640f0b000 ---p 00007000 08:05 1597383                    /usr/lib/jvm/java-6-openjdk/jre/lib/amd64/libzip.so
7f6640f0b000-7f6640f0c000 r--p 00006000 08:05 1597383                    /usr/lib/jvm/java-6-openjdk/jre/lib/amd64/libzip.so
7f6640f0c000-7f6640f0d000 rw-p 00007000 08:05 1597383                    /usr/lib/jvm/java-6-openjdk/jre/lib/amd64/libzip.so
7f6640f0d000-7f6640f19000 r-xp 00000000 08:05 535712                     /lib/x86_64-linux-gnu/libnss_files-2.13.so
7f6640f19000-7f6641118000 ---p 0000c000 08:05 535712                     /lib/x86_64-linux-gnu/libnss_files-2.13.so
7f6641118000-7f6641119000 r--p 0000b000 08:05 535712                     /lib/x86_64-linux-gnu/libnss_files-2.13.so
7f6641119000-7f664111a000 rw-p 0000c000 08:05 535712                     /lib/x86_64-linux-gnu/libnss_files-2.13.so
7f664111a000-7f6641125000 r-xp 00000000 08:05 535714                     /lib/x86_64-linux-gnu/libnss_nis-2.13.so
7f6641125000-7f6641324000 ---p 0000b000 08:05 535714                     /lib/x86_64-linux-gnu/libnss_nis-2.13.so
7f6641324000-7f6641325000 r--p 0000a000 08:05 535714                     /lib/x86_64-linux-gnu/libnss_nis-2.13.so
7f6641325000-7f6641326000 rw-p 0000b000 08:05 535714                     /lib/x86_64-linux-gnu/libnss_nis-2.13.so
7f6641326000-7f664132e000 r-xp 00000000 08:05 535710                     /lib/x86_64-linux-gnu/libnss_compat-2.13.so
7f664132e000-7f664152d000 ---p 00008000 08:05 535710                     /lib/x86_64-linux-gnu/libnss_compat-2.13.so
7f664152d000-7f664152e000 r--p 00007000 08:05 535710                     /lib/x86_64-linux-gnu/libnss_compat-2.13.so
7f664152e000-7f664152f000 rw-p 00008000 08:05 535710                     /lib/x86_64-linux-gnu/libnss_compat-2.13.so
7f664152f000-7f6641546000 r-xp 00000000 08:05 535709                     /lib/x86_64-linux-gnu/libnsl-2.13.so
7f6641546000-7f6641745000 ---p 00017000 08:05 535709                     /lib/x86_64-linux-gnu/libnsl-2.13.so
7f6641745000-7f6641746000 r--p 00016000 08:05 535709                     /lib/x86_64-linux-gnu/libnsl-2.13.so
7f6641746000-7f6641747000 rw-p 00017000 08:05 535709                     /lib/x86_64-linux-gnu/libnsl-2.13.so
7f6641747000-7f6641749000 rw-p 00000000 00:00 0 
7f6641749000-7f6641775000 r-xp 00000000 08:05 1597382                    /usr/lib/jvm/java-6-openjdk/jre/lib/amd64/libjava.so
7f6641775000-7f6641974000 ---p 0002c000 08:05 1597382                    /usr/lib/jvm/java-6-openjdk/jre/lib/amd64/libjava.so
7f6641974000-7f6641975000 r--p 0002b000 08:05 1597382                    /usr/lib/jvm/java-6-openjdk/jre/lib/amd64/libjava.so
7f6641975000-7f6641978000 rw-p 0002c000 08:05 1597382                    /usr/lib/jvm/java-6-openjdk/jre/lib/amd64/libjava.so
7f6641978000-7f6641986000 r-xp 00000000 08:05 1597368                    /usr/lib/jvm/java-6-openjdk/jre/lib/amd64/libverify.so
7f6641986000-7f6641b85000 ---p 0000e000 08:05 1597368                    /usr/lib/jvm/java-6-openjdk/jre/lib/amd64/libverify.so
7f6641b85000-7f6641b87000 r--p 0000d000 08:05 1597368                    /usr/lib/jvm/java-6-openjdk/jre/lib/amd64/libverify.so
7f6641b87000-7f6641b88000 rw-p 0000f000 08:05 1597368                    /usr/lib/jvm/java-6-openjdk/jre/lib/amd64/libverify.so
7f6641b88000-7f6641b8f000 r-xp 00000000 08:05 535724                     /lib/x86_64-linux-gnu/librt-2.13.so
7f6641b8f000-7f6641d8e000 ---p 00007000 08:05 535724                     /lib/x86_64-linux-gnu/librt-2.13.so
7f6641d8e000-7f6641d8f000 r--p 00006000 08:05 535724                     /lib/x86_64-linux-gnu/librt-2.13.so
7f6641d8f000-7f6641d90000 rw-p 00007000 08:05 535724                     /lib/x86_64-linux-gnu/librt-2.13.so
7f6641d90000-7f6641da5000 r-xp 00000000 08:05 528127                     /lib/x86_64-linux-gnu/libgcc_s.so.1
7f6641da5000-7f6641fa4000 ---p 00015000 08:05 528127                     /lib/x86_64-linux-gnu/libgcc_s.so.1
7f6641fa4000-7f6641fa5000 r--p 00014000 08:05 528127                     /lib/x86_64-linux-gnu/libgcc_s.so.1
7f6641fa5000-7f6641fa6000 rw-p 00015000 08:05 528127                     /lib/x86_64-linux-gnu/libgcc_s.so.1
7f6641fa6000-7f664202a000 r-xp 00000000 08:05 535703                     /lib/x86_64-linux-gnu/libm-2.13.so
7f664202a000-7f6642229000 ---p 00084000 08:05 535703                     /lib/x86_64-linux-gnu/libm-2.13.so
7f6642229000-7f664222a000 r--p 00083000 08:05 535703                     /lib/x86_64-linux-gnu/libm-2.13.so
7f664222a000-7f664222b000 rw-p 00084000 08:05 535703                     /lib/x86_64-linux-gnu/libm-2.13.so
7f664222b000-7f6642313000 r-xp 00000000 08:05 1571250                    /usr/lib/x86_64-linux-gnu/libstdc++.so.6.0.14
7f6642313000-7f6642512000 ---p 000e8000 08:05 1571250                    /usr/lib/x86_64-linux-gnu/libstdc++.so.6.0.14
7f6642512000-7f664251a000 r--p 000e7000 08:05 1571250                    /usr/lib/x86_64-linux-gnu/libstdc++.so.6.0.14
7f664251a000-7f664251c000 rw-p 000ef000 08:05 1571250                    /usr/lib/x86_64-linux-gnu/libstdc++.so.6.0.14
7f664251c000-7f6642531000 rw-p 00000000 00:00 0 
7f6642531000-7f6642e86000 r-xp 00000000 08:05 1597385                    /usr/lib/jvm/java-6-openjdk/jre/lib/amd64/server/libjvm.so
7f6642e86000-7f6643085000 ---p 00955000 08:05 1597385                    /usr/lib/jvm/java-6-openjdk/jre/lib/amd64/server/libjvm.so
7f6643085000-7f6643106000 r--p 00954000 08:05 1597385                    /usr/lib/jvm/java-6-openjdk/jre/lib/amd64/server/libjvm.so
7f6643106000-7f6643121000 rw-p 009d5000 08:05 1597385                    /usr/lib/jvm/java-6-openjdk/jre/lib/amd64/server/libjvm.so
7f6643121000-7f664314a000 rw-p 00000000 00:00 0 
7f664314a000-7f66432d4000 r-xp 00000000 08:05 535697                     /lib/x86_64-linux-gnu/libc-2.13.so
7f66432d4000-7f66434d3000 ---p 0018a000 08:05 535697                     /lib/x86_64-linux-gnu/libc-2.13.so
7f66434d3000-7f66434d7000 r--p 00189000 08:05 535697                     /lib/x86_64-linux-gnu/libc-2.13.so
7f66434d7000-7f66434d8000 rw-p 0018d000 08:05 535697                     /lib/x86_64-linux-gnu/libc-2.13.so
7f66434d8000-7f66434de000 rw-p 00000000 00:00 0 
7f66434de000-7f66434e0000 r-xp 00000000 08:05 535702                     /lib/x86_64-linux-gnu/libdl-2.13.so
7f66434e0000-7f66436e0000 ---p 00002000 08:05 535702                     /lib/x86_64-linux-gnu/libdl-2.13.so
7f66436e0000-7f66436e1000 r--p 00002000 08:05 535702                     /lib/x86_64-linux-gnu/libdl-2.13.so
7f66436e1000-7f66436e2000 rw-p 00003000 08:05 535702                     /lib/x86_64-linux-gnu/libdl-2.13.so
7f66436e2000-7f66436e6000 r-xp 00000000 08:05 1597366                    /usr/lib/jvm/java-6-openjdk/jre/lib/amd64/jli/libjli.so
7f66436e6000-7f66438e5000 ---p 00004000 08:05 1597366                    /usr/lib/jvm/java-6-openjdk/jre/lib/amd64/jli/libjli.so
7f66438e5000-7f66438e6000 r--p 00003000 08:05 1597366                    /usr/lib/jvm/java-6-openjdk/jre/lib/amd64/jli/libjli.so
7f66438e6000-7f66438e7000 rw-p 00004000 08:05 1597366                    /usr/lib/jvm/java-6-openjdk/jre/lib/amd64/jli/libjli.so
7f66438e7000-7f66438ff000 r-xp 00000000 08:05 535718                     /lib/x86_64-linux-gnu/libpthread-2.13.so
7f66438ff000-7f6643aff000 ---p 00018000 08:05 535718                     /lib/x86_64-linux-gnu/libpthread-2.13.so
7f6643aff000-7f6643b00000 r--p 00018000 08:05 535718                     /lib/x86_64-linux-gnu/libpthread-2.13.so
7f6643b00000-7f6643b01000 rw-p 00019000 08:05 535718                     /lib/x86_64-linux-gnu/libpthread-2.13.so
7f6643b01000-7f6643b05000 rw-p 00000000 00:00 0 
7f6643b05000-7f6643b1c000 r-xp 00000000 08:05 535781                     /lib/x86_64-linux-gnu/libz.so.1.2.3.4
7f6643b1c000-7f6643d1b000 ---p 00017000 08:05 535781                     /lib/x86_64-linux-gnu/libz.so.1.2.3.4
7f6643d1b000-7f6643d1c000 r--p 00016000 08:05 535781                     /lib/x86_64-linux-gnu/libz.so.1.2.3.4
7f6643d1c000-7f6643d1d000 rw-p 00017000 08:05 535781                     /lib/x86_64-linux-gnu/libz.so.1.2.3.4
7f6643d1d000-7f6643d3e000 r-xp 00000000 08:05 535673                     /lib/x86_64-linux-gnu/ld-2.13.so
7f6643d3e000-7f6643d48000 r--s 00000000 08:05 554433                     /var/cache/fontconfig/d52a8644073d54c13679302ca1180695-le64.cache-3
7f6643d48000-7f6643d52000 rw-p 00000000 00:00 0 
7f6643d52000-7f6643e08000 rw-p 00000000 00:00 0 
7f6643e08000-7f6643e0b000 ---p 00000000 00:00 0 
7f6643e0b000-7f6643f0e000 rw-p 00000000 00:00 0 
7f6643f0e000-7f6643f0f000 r--p 00000000 00:00 0 
7f6643f0f000-7f6643f12000 r--s 00000000 08:05 554441                     /var/cache/fontconfig/d60319d88cac85ba9e1a07bd06cfbb8c-le64.cache-3
7f6643f12000-7f6643f13000 r--s 00000000 08:05 554034                     /var/cache/fontconfig/4794a0821666d79190d59a36cb4f44b5-le64.cache-3
7f6643f13000-7f6643f16000 r--s 00000000 08:05 554441                     /var/cache/fontconfig/d60319d88cac85ba9e1a07bd06cfbb8c-le64.cache-3
7f6643f16000-7f6643f17000 r--s 00000000 08:05 554034                     /var/cache/fontconfig/4794a0821666d79190d59a36cb4f44b5-le64.cache-3
7f6643f17000-7f6643f18000 r--s 00000000 08:05 554418                     /var/cache/fontconfig/ec648e9a1aea82bddd4bd6050028158d-le64.cache-3
7f6643f18000-7f6643f1c000 r--s 00000000 08:05 538228                     /var/cache/fontconfig/7ef2298fde41cc6eeb7af42e48b7d293-le64.cache-3
7f6643f1c000-7f6643f30000 r--s 00000000 08:05 527842                     /var/cache/fontconfig/865f88548240fee46819705c6468c165-le64.cache-3
7f6643f30000-7f6643f31000 r--s 00000000 08:05 1340105                    /home/bompo/.fontconfig/aa7e4f27e681240d22a1f116cf7520f0-le64.cache-3
7f6643f31000-7f6643f39000 rw-s 00000000 08:05 525863                     /tmp/hsperfdata_bompo/11139
7f6643f39000-7f6643f3a000 rw-p 00000000 00:00 0 
7f6643f3a000-7f6643f3b000 r--p 00000000 00:00 0 
7f6643f3b000-7f6643f3d000 rw-p 00000000 00:00 0 
7f6643f3d000-7f6643f3e000 r--p 00020000 08:05 535673                     /lib/x86_64-linux-gnu/ld-2.13.so
7f6643f3e000-7f6643f40000 rw-p 00021000 08:05 535673                     /lib/x86_64-linux-gnu/ld-2.13.so
7fffa6758000-7fffa6779000 rw-p 00000000 00:00 0                          [stack]
7fffa67ff000-7fffa6800000 r-xp 00000000 00:00 0                          [vdso]
ffffffffff600000-ffffffffff601000 r-xp 00000000 00:00 0                  [vsyscall]

VM Arguments:
jvm_args: -Dfile.encoding=UTF-8 
java_command: com.jumpandrun.DesktopStarter
Launcher Type: SUN_STANDARD

Environment Variables:
PATH=/usr/local/sbin:/usr/local/bin:/usr/sbin:/usr/bin:/sbin:/bin:/usr/games
USERNAME=bompo
LD_LIBRARY_PATH=/usr/lib/jvm/java-6-openjdk/jre/lib/amd64/server:/usr/lib/jvm/java-6-openjdk/jre/lib/amd64:/usr/lib/jvm/java-6-openjdk/jre/../lib/amd64:/usr/lib64/xulrunner-addons
SHELL=/bin/bash
DISPLAY=:0.0

Signal Handlers:
SIGSEGV: [libjvm.so+0x7d0f60], sa_mask[0]=0x7ffbfeff, sa_flags=0x10000004
SIGBUS: [libjvm.so+0x7d0f60], sa_mask[0]=0x7ffbfeff, sa_flags=0x10000004
SIGFPE: [libjvm.so+0x683760], sa_mask[0]=0x7ffbfeff, sa_flags=0x10000004
SIGPIPE: [libjvm.so+0x683760], sa_mask[0]=0x7ffbfeff, sa_flags=0x10000004
SIGXFSZ: [libjvm.so+0x683760], sa_mask[0]=0x7ffbfeff, sa_flags=0x10000004
SIGILL: [libjvm.so+0x683760], sa_mask[0]=0x7ffbfeff, sa_flags=0x10000004
SIGUSR1: SIG_DFL, sa_mask[0]=0x00000000, sa_flags=0x00000000
SIGUSR2: [libjvm.so+0x683930], sa_mask[0]=0x00000004, sa_flags=0x10000004
SIGHUP: [libjvm.so+0x6862d0], sa_mask[0]=0x7ffbfeff, sa_flags=0x10000004
SIGINT: [libjvm.so+0x6862d0], sa_mask[0]=0x7ffbfeff, sa_flags=0x10000004
SIGTERM: [libjvm.so+0x6862d0], sa_mask[0]=0x7ffbfeff, sa_flags=0x10000004
SIGQUIT: [libjvm.so+0x6862d0], sa_mask[0]=0x7ffbfeff, sa_flags=0x10000004


---------------  S Y S T E M  ---------------

OS:Ubuntu 11.04 (natty)
uname:Linux 2.6.38-10-generic #46-Ubuntu SMP Tue Jun 28 15:07:17 UTC 2011 x86_64
libc:glibc 2.13 NPTL 2.13 
rlimit: STACK 8192k, CORE 0k, NPROC infinity, NOFILE 4096, AS infinity
load average:0.52 0.24 0.17

/proc/meminfo:
MemTotal:        4047872 kB
MemFree:          671072 kB
Buffers:          282956 kB
Cached:          1145164 kB
SwapCached:            0 kB
Active:          1787040 kB
Inactive:        1155320 kB
Active(anon):    1093832 kB
Inactive(anon):   431996 kB
Active(file):     693208 kB
Inactive(file):   723324 kB
Unevictable:         248 kB
Mlocked:             132 kB
SwapTotal:      19529724 kB
SwapFree:       19529724 kB
Dirty:                80 kB
Writeback:             0 kB
AnonPages:       1514568 kB
Mapped:           173796 kB
Shmem:             11468 kB
Slab:             233576 kB
SReclaimable:     206080 kB
SUnreclaim:        27496 kB
KernelStack:        3608 kB
PageTables:        30788 kB
NFS_Unstable:          0 kB
Bounce:                0 kB
WritebackTmp:          0 kB
CommitLimit:    21553660 kB
Committed_AS:    4633216 kB
VmallocTotal:   34359738367 kB
VmallocUsed:      341848 kB
VmallocChunk:   34359372796 kB
HardwareCorrupted:     0 kB
HugePages_Total:       0
HugePages_Free:        0
HugePages_Rsvd:        0
HugePages_Surp:        0
Hugepagesize:       2048 kB
DirectMap4k:      208320 kB
DirectMap2M:     3977216 kB


CPU:total 4 (4 cores per cpu, 1 threads per core) family 6 model 30 stepping 5, cmov, cx8, fxsr, mmx, sse, sse2, sse3, ssse3, sse4.1, sse4.2, popcnt

Memory: 4k page, physical 4047872k(671072k free), swap 19529724k(19529724k free)

vm_info: OpenJDK 64-Bit Server VM (20.0-b11) for linux-amd64 JRE (1.6.0_22-b22), built on Jun 11 2011 05:56:16 by "buildd" with gcc 4.5.2

time: Tue Jul 26 17:13:36 2011
elapsed time: 39 seconds

