#
# A fatal error has been detected by the Java Runtime Environment:
#
#  SIGSEGV (0xb) at pc=0x00007f7e523a8ebb, pid=12287, tid=140180518844160
#
# JRE version: 6.0_22-b22
# Java VM: OpenJDK 64-Bit Server VM (20.0-b11 mixed mode linux-amd64 compressed oops)
# Derivative: IcedTea6 1.10.2
# Distribution: Ubuntu 11.04, package 6b22-1.10.2-0ubuntu1~11.04.1
# Problematic frame:
# C  [libgdx-64.so+0x25ebb]  b2ContactManager::Destroy(b2Contact*)+0x5b
#
# If you would like to submit a bug report, please include
# instructions how to reproduce the bug and visit:
#   https://bugs.launchpad.net/ubuntu/+source/openjdk-6/
# The crash happened outside the Java Virtual Machine in native code.
# See problematic frame for where to report the bug.
#

---------------  T H R E A D  ---------------

Current thread (0x00007f7e54325800):  JavaThread "LWJGL Application" [_thread_in_native, id=12315, stack(0x00007f7e51f7b000,0x00007f7e5207c000)]

siginfo:si_signo=SIGSEGV: si_errno=0, si_code=1 (SEGV_MAPERR), si_addr=0x00007f7e00000073

Registers:
RAX=0x0000000000000000, RBX=0x00007f7e549c0a30, RCX=0x00007f7e545c49c0, RDX=0x00007f7e00000063
RSP=0x00007f7e5207a350, RBP=0x000000000204f3f0, RSI=0x00007f7e549c0a30, RDI=0x0000000000000000
R8 =0x00007f7e5f79c9a8, R9 =0x0000000000000002, R10=0x00007f7e5207a120, R11=0x00007f7e523cabf0
R12=0x00007f7e5f744ab0, R13=0x00007f7e00000000, R14=0x00007f7e5207a458, R15=0x00007f7e54325800
RIP=0x00007f7e523a8ebb, EFLAGS=0x0000000000010206, CSGSFS=0x0000000000000033, ERR=0x0000000000000006
  TRAPNO=0x000000000000000e

Top of Stack: (sp=0x00007f7e5207a350)
0x00007f7e5207a350:   00000000b85ef418 00007f7e549c0ac0
0x00007f7e5207a360:   0000000002036150 000000000204f3f0
0x00007f7e5207a370:   00007f7e545c49c0 00007f7e523cac93
0x00007f7e5207a380:   00000000b85ef418 00007f7e5207a418
0x00007f7e5207a390:   0000000000000000 00000000b85ef418
0x00007f7e5207a3a0:   00007f7e5207a458 00007f7e5a385d68
0x00007f7e5207a3b0:   0000000001af2a28 0000000001af2a28
0x00007f7e5207a3c0:   00000000fffffffe 0000000001af2a48
0x00007f7e5207a3d0:   00007f7e0000001b 00007f7e5207a3d8
0x00007f7e5207a3e0:   00000000b85ef418 00007f7e5207a458
0x00007f7e5207a3f0:   00000000b8609188 0000000000000000
0x00007f7e5207a400:   00000000b85ef418 0000000000000000
0x00007f7e5207a410:   00007f7e5207a438 00007f7e5207a4a0
0x00007f7e5207a420:   00007f7e5a37a85a 0000000000000000
0x00007f7e5207a430:   00007f7e5a382f58 00007f7e545c49c0
0x00007f7e5207a440:   00000000eb72fb88 0000000002036150
0x00007f7e5207a450:   00000000ebdc2a20 00000000ebdc2a20
0x00007f7e5207a460:   00007f7e5207a460 00000000b85ef302
0x00007f7e5207a470:   00007f7e5207a4c0 00000000b8609188
0x00007f7e5207a480:   0000000000000000 00000000b85ef358
0x00007f7e5207a490:   00007f7e5207a438 00007f7e5207a4d0
0x00007f7e5207a4a0:   00000000eb72fb88 00007f7e5a4957e0
0x00007f7e5207a4b0:   0000000000000000 00000000eb72fb88
0x00007f7e5207a4c0:   00000000ebdc2a20 00007f7e5a4957e0
0x00007f7e5207a4d0:   ebdc2a2000000000 00000000ec70b3f8
0x00007f7e5207a4e0:   0000000000000019 00007f7e5207a5b0
0x00007f7e5207a4f0:   00000000ebf64d60 00007f7e5a476da0
0x00007f7e5207a500:   0000000400000000 000000013acfbde5
0x00007f7e5207a510:   00000000ebe5fe10 00000000ec706348
0x00007f7e5207a520:   00000000ec70b3f8 00000000b867a930
0x00007f7e5207a530:   00000000b88d89a8 00000000b8675c78
0x00007f7e5207a540:   00007f7e5207a5b0 00007f7e5a37a85a 

Instructions: (pc=0x00007f7e523a8ebb)
0x00007f7e523a8e9b:   0f 85 af 00 00 00 48 8b 43 10 48 85 c0 74 08 48
0x00007f7e523a8eab:   8b 53 18 48 89 50 18 48 8b 53 18 48 85 d2 74 04
0x00007f7e523a8ebb:   48 89 42 10 48 39 5d 58 0f 84 b7 00 00 00 48 8b
0x00007f7e523a8ecb:   43 30 48 85 c0 74 08 48 8b 53 38 48 89 50 18 48 

Register to memory mapping:

RAX=0x0000000000000000 is an unknown value
RBX=0x00007f7e549c0a30 is an unknown value
RCX=0x00007f7e545c49c0 is an unknown value
RDX=0x00007f7e00000063 is an unknown value
RSP=0x00007f7e5207a350 is pointing into the stack for thread: 0x00007f7e54325800
RBP=0x000000000204f3f0 is an unknown value
RSI=0x00007f7e549c0a30 is an unknown value
RDI=0x0000000000000000 is an unknown value
R8 =0x00007f7e5f79c9a8: <offset 0xbfb9a8> in /usr/lib/jvm/java-6-openjdk/jre/lib/amd64/server/libjvm.so at 0x00007f7e5eba1000
R9 =0x0000000000000002 is an unknown value
R10=0x00007f7e5207a120 is pointing into the stack for thread: 0x00007f7e54325800
R11=0x00007f7e523cabf0: _ZN7b2World11DestroyBodyEP6b2Body+0 in /tmp/libgdx/3154261069/libgdx-64.so at 0x00007f7e52383000
R12=0x00007f7e5f744ab0: _ZTV8ciSymbol+0x10 in /usr/lib/jvm/java-6-openjdk/jre/lib/amd64/server/libjvm.so at 0x00007f7e5eba1000
R13=0x00007f7e00000000 is an unknown value
R14=0x00007f7e5207a458 is pointing into the stack for thread: 0x00007f7e54325800
R15=0x00007f7e54325800 is a thread


Stack: [0x00007f7e51f7b000,0x00007f7e5207c000],  sp=0x00007f7e5207a350,  free space=1020k
Native frames: (J=compiled Java code, j=interpreted, Vv=VM code, C=native code)
C  [libgdx-64.so+0x25ebb]  b2ContactManager::Destroy(b2Contact*)+0x5b

Java frames: (J=compiled Java code, j=interpreted, Vv=VM code)
j  com.badlogic.gdx.physics.box2d.World.jniDestroyBody(JJ)V+0
j  com.badlogic.gdx.physics.box2d.World.destroyBody(Lcom/badlogic/gdx/physics/box2d/Body;)V+106
J  com.jumpandrun.GameInstance.removeKilled()V
J  com.jumpandrun.GameInstance.physicStuff(F)V
j  com.jumpandrun.GameScreen.render(F)V+583
j  com.badlogic.gdx.Game.render()V+19
j  com.badlogic.gdx.backends.lwjgl.LwjglApplication.mainLoop()V+334
j  com.badlogic.gdx.backends.lwjgl.LwjglApplication.access$000(Lcom/badlogic/gdx/backends/lwjgl/LwjglApplication;)V+1
j  com.badlogic.gdx.backends.lwjgl.LwjglApplication$1.run()V+27
v  ~StubRoutines::call_stub

---------------  P R O C E S S  ---------------

Java Threads: ( => current thread )
  0x0000000001dae800 JavaThread "PulseAudio Eventloop Thread" daemon [_thread_in_native, id=12330, stack(0x00007f7e47122000,0x00007f7e47223000)]
  0x00007f7e54577800 JavaThread "Thread-2" [_thread_blocked, id=12324, stack(0x00007f7e4a4b8000,0x00007f7e4a5b9000)]
  0x00007f7e54328800 JavaThread "DestroyJavaVM" [_thread_blocked, id=12292, stack(0x00007f7e60478000,0x00007f7e60579000)]
=>0x00007f7e54325800 JavaThread "LWJGL Application" [_thread_in_native, id=12315, stack(0x00007f7e51f7b000,0x00007f7e5207c000)]
  0x00007f7e54303000 JavaThread "AWT-XAWT" daemon [_thread_in_native, id=12306, stack(0x00007f7e5207c000,0x00007f7e5217d000)]
  0x00007f7e54143000 JavaThread "Java2D Disposer" daemon [_thread_blocked, id=12305, stack(0x00007f7e52aab000,0x00007f7e52bac000)]
  0x00007f7e54085000 JavaThread "Low Memory Detector" daemon [_thread_blocked, id=12303, stack(0x00007f7e58992000,0x00007f7e58a93000)]
  0x00007f7e54082000 JavaThread "C2 CompilerThread1" daemon [_thread_blocked, id=12302, stack(0x00007f7e58a93000,0x00007f7e58b94000)]
  0x00007f7e5407f000 JavaThread "C2 CompilerThread0" daemon [_thread_blocked, id=12301, stack(0x00007f7e58b94000,0x00007f7e58c95000)]
  0x00007f7e5407e000 JavaThread "Signal Dispatcher" daemon [_thread_blocked, id=12300, stack(0x00007f7e58c95000,0x00007f7e58d96000)]
  0x00007f7e5405f000 JavaThread "Finalizer" daemon [_thread_blocked, id=12299, stack(0x00007f7e5919e000,0x00007f7e5929f000)]
  0x00007f7e5405d000 JavaThread "Reference Handler" daemon [_thread_blocked, id=12298, stack(0x00007f7e5929f000,0x00007f7e593a0000)]

Other Threads:
  0x00007f7e54056000 VMThread [stack: 0x00007f7e593a0000,0x00007f7e594a1000] [id=12297]
  0x00007f7e5408f800 WatcherThread [stack: 0x00007f7e58891000,0x00007f7e58992000] [id=12304]

VM state:not at safepoint (normal execution)

VM Mutex/Monitor currently owned by a thread: None

Heap
 PSYoungGen      total 18432K, used 13911K [0x00000000eb600000, 0x00000000eca90000, 0x0000000100000000)
  eden space 15808K, 75% used [0x00000000eb600000,0x00000000ec1ac0a8,0x00000000ec570000)
  from space 2624K, 74% used [0x00000000ec570000,0x00000000ec759c78,0x00000000ec800000)
  to   space 2624K, 0% used [0x00000000ec800000,0x00000000ec800000,0x00000000eca90000)
 PSOldGen        total 72896K, used 69310K [0x00000000c2200000, 0x00000000c6930000, 0x00000000eb600000)
  object space 72896K, 95% used [0x00000000c2200000,0x00000000c65af840,0x00000000c6930000)
 PSPermGen       total 21248K, used 13161K [0x00000000b7c00000, 0x00000000b90c0000, 0x00000000c2200000)
  object space 21248K, 61% used [0x00000000b7c00000,0x00000000b88da4a8,0x00000000b90c0000)

Code Cache  [0x00007f7e5a375000, 0x00007f7e5a5e5000, 0x00007f7e5d375000)
 total_blobs=854 nmethods=313 adapters=495 free_code_cache=48959744 largest_free_block=14144

Dynamic libraries:
00400000-00409000 r-xp 00000000 08:05 1597353                            /usr/lib/jvm/java-6-openjdk/jre/bin/java
00608000-00609000 r--p 00008000 08:05 1597353                            /usr/lib/jvm/java-6-openjdk/jre/bin/java
00609000-0060a000 rw-p 00009000 08:05 1597353                            /usr/lib/jvm/java-6-openjdk/jre/bin/java
01a48000-03cf5000 rw-p 00000000 00:00 0                                  [heap]
4050d000-4050f000 r-xs 00000000 08:05 525997                             /tmp/glZ6dQi5 (deleted)
410a2000-4111c000 rw-p 00000000 00:00 0 
b7c00000-b90c0000 rw-p 00000000 00:00 0 
b90c0000-c2200000 rw-p 00000000 00:00 0 
c2200000-c6930000 rw-p 00000000 00:00 0 
c6930000-eb600000 rw-p 00000000 00:00 0 
eb600000-eca90000 rw-p 00000000 00:00 0 
eca90000-eda00000 ---p 00000000 00:00 0 
eda00000-100000000 rw-p 00000000 00:00 0 
7f7e3ec2c000-7f7e42c2d000 rw-s 00000000 00:10 490679                     /dev/shm/pulse-shm-1138462187
7f7e42c2d000-7f7e42c2e000 ---p 00000000 00:00 0 
7f7e42c2e000-7f7e4342e000 rw-p 00000000 00:00 0 
7f7e454f0000-7f7e462c8000 rw-p 00000000 00:00 0 
7f7e46f21000-7f7e47021000 rw-s 51039000 00:05 6951                       /dev/nvidia0
7f7e47021000-7f7e470a1000 rw-s 5987e000 00:05 6951                       /dev/nvidia0
7f7e470a1000-7f7e47122000 rw-p 00000000 00:00 0 
7f7e47122000-7f7e47125000 ---p 00000000 00:00 0 
7f7e47125000-7f7e47223000 rw-p 00000000 00:00 0 
7f7e47223000-7f7e4722e000 r-xp 00000000 08:05 1597424                    /usr/lib/jvm/java-6-openjdk/jre/lib/amd64/libpulse-java.so
7f7e4722e000-7f7e4742d000 ---p 0000b000 08:05 1597424                    /usr/lib/jvm/java-6-openjdk/jre/lib/amd64/libpulse-java.so
7f7e4742d000-7f7e4742e000 r--p 0000a000 08:05 1597424                    /usr/lib/jvm/java-6-openjdk/jre/lib/amd64/libpulse-java.so
7f7e4742e000-7f7e4742f000 rw-p 0000b000 08:05 1597424                    /usr/lib/jvm/java-6-openjdk/jre/lib/amd64/libpulse-java.so
7f7e4742f000-7f7e47434000 r-xp 00000000 08:05 1577007                    /usr/lib/alsa-lib/libasound_module_pcm_pulse.so
7f7e47434000-7f7e47634000 ---p 00005000 08:05 1577007                    /usr/lib/alsa-lib/libasound_module_pcm_pulse.so
7f7e47634000-7f7e47635000 r--p 00005000 08:05 1577007                    /usr/lib/alsa-lib/libasound_module_pcm_pulse.so
7f7e47635000-7f7e47636000 rw-p 00006000 08:05 1577007                    /usr/lib/alsa-lib/libasound_module_pcm_pulse.so
7f7e47636000-7f7e4771a000 r-xp 00000000 08:05 1571897                    /usr/lib/libasound.so.2.0.0
7f7e4771a000-7f7e4791a000 ---p 000e4000 08:05 1571897                    /usr/lib/libasound.so.2.0.0
7f7e4791a000-7f7e47920000 r--p 000e4000 08:05 1571897                    /usr/lib/libasound.so.2.0.0
7f7e47920000-7f7e47921000 rw-p 000ea000 08:05 1571897                    /usr/lib/libasound.so.2.0.0
7f7e47921000-7f7e47930000 r-xp 00000000 08:05 1597422                    /usr/lib/jvm/java-6-openjdk/jre/lib/amd64/libjsoundalsa.so
7f7e47930000-7f7e47b2f000 ---p 0000f000 08:05 1597422                    /usr/lib/jvm/java-6-openjdk/jre/lib/amd64/libjsoundalsa.so
7f7e47b2f000-7f7e47b30000 r--p 0000e000 08:05 1597422                    /usr/lib/jvm/java-6-openjdk/jre/lib/amd64/libjsoundalsa.so
7f7e47b30000-7f7e47b31000 rw-p 0000f000 08:05 1597422                    /usr/lib/jvm/java-6-openjdk/jre/lib/amd64/libjsoundalsa.so
7f7e47b31000-7f7e47b32000 r-xp 00000000 08:05 1597377                    /usr/lib/jvm/java-6-openjdk/jre/lib/amd64/libjsound.so
7f7e47b32000-7f7e47d31000 ---p 00001000 08:05 1597377                    /usr/lib/jvm/java-6-openjdk/jre/lib/amd64/libjsound.so
7f7e47d31000-7f7e47d32000 r--p 00000000 08:05 1597377                    /usr/lib/jvm/java-6-openjdk/jre/lib/amd64/libjsound.so
7f7e47d32000-7f7e47d33000 rw-p 00001000 08:05 1597377                    /usr/lib/jvm/java-6-openjdk/jre/lib/amd64/libjsound.so
7f7e47d33000-7f7e47d35000 rw-s 00000000 08:05 525997                     /tmp/glZ6dQi5 (deleted)
7f7e47d35000-7f7e47f35000 rw-s 5a309000 00:05 6951                       /dev/nvidia0
7f7e47f35000-7f7e48035000 rw-s b9afe000 00:05 6951                       /dev/nvidia0
7f7e48035000-7f7e48100000 rw-p 00000000 00:00 0 
7f7e4813d000-7f7e4817d000 rw-s 5a2b0000 00:05 6951                       /dev/nvidia0
7f7e4817d000-7f7e49752000 r-xp 00000000 08:05 728                        /usr/lib/nvidia-current/libnvidia-glcore.so.275.19
7f7e49752000-7f7e49952000 ---p 015d5000 08:05 728                        /usr/lib/nvidia-current/libnvidia-glcore.so.275.19
7f7e49952000-7f7e49f8d000 rwxp 015d5000 08:05 728                        /usr/lib/nvidia-current/libnvidia-glcore.so.275.19
7f7e49f8d000-7f7e49fa5000 rwxp 00000000 00:00 0 
7f7e49fa5000-7f7e49fa8000 r-xp 00000000 08:05 718                        /usr/lib/nvidia-current/tls/libnvidia-tls.so.275.19
7f7e49fa8000-7f7e4a1a7000 ---p 00003000 08:05 718                        /usr/lib/nvidia-current/tls/libnvidia-tls.so.275.19
7f7e4a1a7000-7f7e4a1a8000 rw-p 00002000 08:05 718                        /usr/lib/nvidia-current/tls/libnvidia-tls.so.275.19
7f7e4a1a8000-7f7e4a268000 r-xp 00000000 08:05 768                        /usr/lib/nvidia-current/libGL.so.275.19
7f7e4a268000-7f7e4a467000 ---p 000c0000 08:05 768                        /usr/lib/nvidia-current/libGL.so.275.19
7f7e4a467000-7f7e4a4a2000 rwxp 000bf000 08:05 768                        /usr/lib/nvidia-current/libGL.so.275.19
7f7e4a4a2000-7f7e4a4b8000 rwxp 00000000 00:00 0 
7f7e4a4b8000-7f7e4a4bb000 ---p 00000000 00:00 0 
7f7e4a4bb000-7f7e4a5b9000 rw-p 00000000 00:00 0 
7f7e4a5b9000-7f7e4a5ba000 ---p 00000000 00:00 0 
7f7e4a5ba000-7f7e4adba000 rw-p 00000000 00:00 0 
7f7e4adba000-7f7e4edbb000 rw-s 00000000 00:10 489883                     /dev/shm/pulse-shm-108438383
7f7e4edbb000-7f7e4edbc000 ---p 00000000 00:00 0 
7f7e4edbc000-7f7e4f5bc000 rw-p 00000000 00:00 0 
7f7e4f5bc000-7f7e4f5c2000 r-xp 00000000 08:05 1573092                    /usr/lib/libogg.so.0.7.0
7f7e4f5c2000-7f7e4f7c1000 ---p 00006000 08:05 1573092                    /usr/lib/libogg.so.0.7.0
7f7e4f7c1000-7f7e4f7c2000 r--p 00005000 08:05 1573092                    /usr/lib/libogg.so.0.7.0
7f7e4f7c2000-7f7e4f7c3000 rw-p 00006000 08:05 1573092                    /usr/lib/libogg.so.0.7.0
7f7e4f7c3000-7f7e4f7ee000 r-xp 00000000 08:05 1582648                    /usr/lib/libvorbis.so.0.4.5
7f7e4f7ee000-7f7e4f9ed000 ---p 0002b000 08:05 1582648                    /usr/lib/libvorbis.so.0.4.5
7f7e4f9ed000-7f7e4f9ee000 r--p 0002a000 08:05 1582648                    /usr/lib/libvorbis.so.0.4.5
7f7e4f9ee000-7f7e4f9ef000 rw-p 0002b000 08:05 1582648                    /usr/lib/libvorbis.so.0.4.5
7f7e4f9ef000-7f7e4fca2000 r-xp 00000000 08:05 1573212                    /usr/lib/libvorbisenc.so.2.0.8
7f7e4fca2000-7f7e4fea1000 ---p 002b3000 08:05 1573212                    /usr/lib/libvorbisenc.so.2.0.8
7f7e4fea1000-7f7e4febd000 r--p 002b2000 08:05 1573212                    /usr/lib/libvorbisenc.so.2.0.8
7f7e4febd000-7f7e4febe000 rw-p 002ce000 08:05 1573212                    /usr/lib/libvorbisenc.so.2.0.8
7f7e4febe000-7f7e4ff06000 r-xp 00000000 08:05 1570101                    /usr/lib/libFLAC.so.8.2.0
7f7e4ff06000-7f7e50106000 ---p 00048000 08:05 1570101                    /usr/lib/libFLAC.so.8.2.0
7f7e50106000-7f7e50107000 r--p 00048000 08:05 1570101                    /usr/lib/libFLAC.so.8.2.0
7f7e50107000-7f7e50108000 rw-p 00049000 08:05 1570101                    /usr/lib/libFLAC.so.8.2.0
7f7e50108000-7f7e50169000 r-xp 00000000 08:05 1574433                    /usr/lib/libsndfile.so.1.0.23
7f7e50169000-7f7e50369000 ---p 00061000 08:05 1574433                    /usr/lib/libsndfile.so.1.0.23
7f7e50369000-7f7e5036b000 r--p 00061000 08:05 1574433                    /usr/lib/libsndfile.so.1.0.23
7f7e5036b000-7f7e5036c000 rw-p 00063000 08:05 1574433                    /usr/lib/libsndfile.so.1.0.23
7f7e5036c000-7f7e50370000 rw-p 00000000 00:00 0 
7f7e50370000-7f7e50378000 r-xp 00000000 08:05 538930                     /lib/libwrap.so.0.7.6
7f7e50378000-7f7e50578000 ---p 00008000 08:05 538930                     /lib/libwrap.so.0.7.6
7f7e50578000-7f7e50579000 r--p 00008000 08:05 538930                     /lib/libwrap.so.0.7.6
7f7e50579000-7f7e5057a000 rw-p 00009000 08:05 538930                     /lib/libwrap.so.0.7.6
7f7e5057a000-7f7e5057b000 rw-p 00000000 00:00 0 
7f7e5057b000-7f7e5057f000 r-xp 00000000 08:05 534738                     /lib/x86_64-linux-gnu/libuuid.so.1.3.0
7f7e5057f000-7f7e5077e000 ---p 00004000 08:05 534738                     /lib/x86_64-linux-gnu/libuuid.so.1.3.0
7f7e5077e000-7f7e5077f000 r--p 00003000 08:05 534738                     /lib/x86_64-linux-gnu/libuuid.so.1.3.0
7f7e5077f000-7f7e50780000 rw-p 00004000 08:05 534738                     /lib/x86_64-linux-gnu/libuuid.so.1.3.0
7f7e50780000-7f7e507c2000 r-xp 00000000 08:05 525819                     /lib/x86_64-linux-gnu/libdbus-1.so.3.5.4
7f7e507c2000-7f7e509c2000 ---p 00042000 08:05 525819                     /lib/x86_64-linux-gnu/libdbus-1.so.3.5.4
7f7e509c2000-7f7e509c3000 r--p 00042000 08:05 525819                     /lib/x86_64-linux-gnu/libdbus-1.so.3.5.4
7f7e509c3000-7f7e509c4000 rw-p 00043000 08:05 525819                     /lib/x86_64-linux-gnu/libdbus-1.so.3.5.4
7f7e509c4000-7f7e50a0f000 r-xp 00000000 08:05 1580900                    /usr/lib/libpulsecommon-0.9.22.so
7f7e50a0f000-7f7e50c0e000 ---p 0004b000 08:05 1580900                    /usr/lib/libpulsecommon-0.9.22.so
7f7e50c0e000-7f7e50c0f000 r--p 0004a000 08:05 1580900                    /usr/lib/libpulsecommon-0.9.22.so
7f7e50c0f000-7f7e50c10000 rw-p 0004b000 08:05 1580900                    /usr/lib/libpulsecommon-0.9.22.so
7f7e50c10000-7f7e50c13000 r-xp 00000000 08:05 1573582                    /usr/lib/libxcb-atom.so.1.0.0
7f7e50c13000-7f7e50e13000 ---p 00003000 08:05 1573582                    /usr/lib/libxcb-atom.so.1.0.0
7f7e50e13000-7f7e50e14000 r--p 00003000 08:05 1573582                    /usr/lib/libxcb-atom.so.1.0.0
7f7e50e14000-7f7e50e15000 rw-p 00004000 08:05 1573582                    /usr/lib/libxcb-atom.so.1.0.0
7f7e50e15000-7f7e50e1c000 r-xp 00000000 08:05 1578963                    /usr/lib/x86_64-linux-gnu/libSM.so.6.0.1
7f7e50e1c000-7f7e5101b000 ---p 00007000 08:05 1578963                    /usr/lib/x86_64-linux-gnu/libSM.so.6.0.1
7f7e5101b000-7f7e5101c000 r--p 00006000 08:05 1578963                    /usr/lib/x86_64-linux-gnu/libSM.so.6.0.1
7f7e5101c000-7f7e5101d000 rw-p 00007000 08:05 1578963                    /usr/lib/x86_64-linux-gnu/libSM.so.6.0.1
7f7e5101d000-7f7e51033000 r-xp 00000000 08:05 1571606                    /usr/lib/x86_64-linux-gnu/libICE.so.6.3.0
7f7e51033000-7f7e51233000 ---p 00016000 08:05 1571606                    /usr/lib/x86_64-linux-gnu/libICE.so.6.3.0
7f7e51233000-7f7e51234000 r--p 00016000 08:05 1571606                    /usr/lib/x86_64-linux-gnu/libICE.so.6.3.0
7f7e51234000-7f7e51235000 rw-p 00017000 08:05 1571606                    /usr/lib/x86_64-linux-gnu/libICE.so.6.3.0
7f7e51235000-7f7e51238000 rw-p 00000000 00:00 0 
7f7e51238000-7f7e51239000 r-xp 00000000 08:05 1570508                    /usr/lib/x86_64-linux-gnu/libX11-xcb.so.1.0.0
7f7e51239000-7f7e51438000 ---p 00001000 08:05 1570508                    /usr/lib/x86_64-linux-gnu/libX11-xcb.so.1.0.0
7f7e51438000-7f7e51439000 r--p 00000000 08:05 1570508                    /usr/lib/x86_64-linux-gnu/libX11-xcb.so.1.0.0
7f7e51439000-7f7e5143a000 rw-p 00001000 08:05 1570508                    /usr/lib/x86_64-linux-gnu/libX11-xcb.so.1.0.0
7f7e5143a000-7f7e5147a000 r-xp 00000000 08:05 1573921                    /usr/lib/libpulse.so.0.12.3
7f7e5147a000-7f7e51679000 ---p 00040000 08:05 1573921                    /usr/lib/libpulse.so.0.12.3
7f7e51679000-7f7e5167a000 r--p 0003f000 08:05 1573921                    /usr/lib/libpulse.so.0.12.3
7f7e5167a000-7f7e5167b000 rw-p 00040000 08:05 1573921                    /usr/lib/libpulse.so.0.12.3
7f7e5167b000-7f7e516c7000 r-xp 00000000 08:05 525790                     /tmp/libgdx/3154261069/libopenal64.so
7f7e516c7000-7f7e518c6000 ---p 0004c000 08:05 525790                     /tmp/libgdx/3154261069/libopenal64.so
7f7e518c6000-7f7e518c8000 r--p 0004b000 08:05 525790                     /tmp/libgdx/3154261069/libopenal64.so
7f7e518c8000-7f7e518c9000 rw-p 0004d000 08:05 525790                     /tmp/libgdx/3154261069/libopenal64.so
7f7e518c9000-7f7e518ca000 rw-p 00000000 00:00 0 
7f7e518ca000-7f7e518cb000 r-xp 00000000 08:05 1597389                    /usr/lib/jvm/java-6-openjdk/jre/lib/amd64/libjawt.so
7f7e518cb000-7f7e51aca000 ---p 00001000 08:05 1597389                    /usr/lib/jvm/java-6-openjdk/jre/lib/amd64/libjawt.so
7f7e51aca000-7f7e51acb000 r--p 00000000 08:05 1597389                    /usr/lib/jvm/java-6-openjdk/jre/lib/amd64/libjawt.so
7f7e51acb000-7f7e51acc000 rw-p 00001000 08:05 1597389                    /usr/lib/jvm/java-6-openjdk/jre/lib/amd64/libjawt.so
7f7e51acc000-7f7e51ad1000 r-xp 00000000 08:05 1581972                    /usr/lib/x86_64-linux-gnu/libXxf86vm.so.1.0.0
7f7e51ad1000-7f7e51cd0000 ---p 00005000 08:05 1581972                    /usr/lib/x86_64-linux-gnu/libXxf86vm.so.1.0.0
7f7e51cd0000-7f7e51cd1000 r--p 00004000 08:05 1581972                    /usr/lib/x86_64-linux-gnu/libXxf86vm.so.1.0.0
7f7e51cd1000-7f7e51cd2000 rw-p 00005000 08:05 1581972                    /usr/lib/x86_64-linux-gnu/libXxf86vm.so.1.0.0
7f7e51cff000-7f7e51d78000 r-xp 00000000 08:05 525820                     /tmp/libgdx/3154261069/liblwjgl64.so
7f7e51d78000-7f7e51f78000 ---p 00079000 08:05 525820                     /tmp/libgdx/3154261069/liblwjgl64.so
7f7e51f78000-7f7e51f7a000 r--p 00079000 08:05 525820                     /tmp/libgdx/3154261069/liblwjgl64.so
7f7e51f7a000-7f7e51f7b000 rw-p 0007b000 08:05 525820                     /tmp/libgdx/3154261069/liblwjgl64.so
7f7e51f7b000-7f7e51f7e000 ---p 00000000 00:00 0 
7f7e51f7e000-7f7e5207c000 rw-p 00000000 00:00 0 
7f7e5207c000-7f7e5207f000 ---p 00000000 00:00 0 
7f7e5207f000-7f7e5217d000 rw-p 00000000 00:00 0 
7f7e5217d000-7f7e52182000 r-xp 00000000 08:05 1570859                    /usr/lib/x86_64-linux-gnu/libXfixes.so.3.1.0
7f7e52182000-7f7e52381000 ---p 00005000 08:05 1570859                    /usr/lib/x86_64-linux-gnu/libXfixes.so.3.1.0
7f7e52381000-7f7e52382000 r--p 00004000 08:05 1570859                    /usr/lib/x86_64-linux-gnu/libXfixes.so.3.1.0
7f7e52382000-7f7e52383000 rw-p 00005000 08:05 1570859                    /usr/lib/x86_64-linux-gnu/libXfixes.so.3.1.0
7f7e52383000-7f7e5240f000 r-xp 00000000 08:05 525608                     /tmp/libgdx/3154261069/libgdx-64.so
7f7e5240f000-7f7e5260f000 ---p 0008c000 08:05 525608                     /tmp/libgdx/3154261069/libgdx-64.so
7f7e5260f000-7f7e52610000 r--p 0008c000 08:05 525608                     /tmp/libgdx/3154261069/libgdx-64.so
7f7e52610000-7f7e52611000 rw-p 0008d000 08:05 525608                     /tmp/libgdx/3154261069/libgdx-64.so
7f7e52611000-7f7e52614000 rw-p 00000000 00:00 0 
7f7e52614000-7f7e52615000 r--s 00000000 08:05 532633                     /var/cache/fontconfig/26de28bc8622bbc1fb67fd234c21975f-le64.cache-3
7f7e52615000-7f7e52616000 r--s 00000000 08:05 554485                     /var/cache/fontconfig/c05880de57d1f5e948fdfacc138775d9-le64.cache-3
7f7e52616000-7f7e5261f000 r--s 00000000 08:05 527845                     /var/cache/fontconfig/945677eb7aeaf62f1d50efc3fb3ec7d8-le64.cache-3
7f7e5261f000-7f7e52621000 r--s 00000000 08:05 554480                     /var/cache/fontconfig/99e8ed0e538f840c565b6ed5dad60d56-le64.cache-3
7f7e52621000-7f7e52624000 r--s 00000000 08:05 554411                     /var/cache/fontconfig/f24b2111ab8703b4e963115a8cf14259-le64.cache-3
7f7e52624000-7f7e52627000 r--s 00000000 08:05 554479                     /var/cache/fontconfig/e383d7ea5fbe662a33d9b44caf393297-le64.cache-3
7f7e52627000-7f7e5262a000 r--s 00000000 08:05 554477                     /var/cache/fontconfig/2cd17615ca594fa2959ae173292e504c-le64.cache-3
7f7e5262a000-7f7e5262b000 r--s 00000000 08:05 554471                     /var/cache/fontconfig/e7071f4a29fa870f4323321c154eba04-le64.cache-3
7f7e5262b000-7f7e5262f000 r--s 00000000 08:05 554470                     /var/cache/fontconfig/6eb3985aa4124903f6ff08ba781cd364-le64.cache-3
7f7e5262f000-7f7e52630000 r--s 00000000 08:05 554466                     /var/cache/fontconfig/4c73fe0c47614734b17d736dbde7580a-le64.cache-3
7f7e52630000-7f7e52631000 r--s 00000000 08:05 554459                     /var/cache/fontconfig/0d8c3b2ac0904cb8a57a757ad11a4a08-le64.cache-3
7f7e52631000-7f7e52632000 r--s 00000000 08:05 554454                     /var/cache/fontconfig/6a53c69dea097a2d716e069445527da8-le64.cache-3
7f7e52632000-7f7e52637000 r--s 00000000 08:05 554453                     /var/cache/fontconfig/062808c12e6e608270f93bb230aed730-le64.cache-3
7f7e52637000-7f7e5263d000 r--s 00000000 08:05 554429                     /var/cache/fontconfig/a755afe4a08bf5b97852ceb7400b47bc-le64.cache-3
7f7e5263d000-7f7e52642000 r--s 00000000 08:05 554452                     /var/cache/fontconfig/515ca1ebc4b18308bea979be5704f9db-le64.cache-3
7f7e52642000-7f7e5264b000 r--s 00000000 08:05 554448                     /var/cache/fontconfig/6d41288fd70b0be22e8c3a91e032eec0-le64.cache-3
7f7e5266b000-7f7e52674000 r-xp 00000000 08:05 1573929                    /usr/lib/x86_64-linux-gnu/libXcursor.so.1.0.2
7f7e52674000-7f7e52873000 ---p 00009000 08:05 1573929                    /usr/lib/x86_64-linux-gnu/libXcursor.so.1.0.2
7f7e52873000-7f7e52874000 r--p 00008000 08:05 1573929                    /usr/lib/x86_64-linux-gnu/libXcursor.so.1.0.2
7f7e52874000-7f7e52875000 rw-p 00009000 08:05 1573929                    /usr/lib/x86_64-linux-gnu/libXcursor.so.1.0.2
7f7e52875000-7f7e5287d000 r-xp 00000000 08:05 1581969                    /usr/lib/x86_64-linux-gnu/libXrandr.so.2.2.0
7f7e5287d000-7f7e52a7c000 ---p 00008000 08:05 1581969                    /usr/lib/x86_64-linux-gnu/libXrandr.so.2.2.0
7f7e52a7c000-7f7e52a7d000 r--p 00007000 08:05 1581969                    /usr/lib/x86_64-linux-gnu/libXrandr.so.2.2.0
7f7e52a7d000-7f7e52a7e000 rw-p 00008000 08:05 1581969                    /usr/lib/x86_64-linux-gnu/libXrandr.so.2.2.0
7f7e52a7f000-7f7e52a80000 rw-p 00000000 00:00 0 
7f7e52a80000-7f7e52a84000 rw-s c120b000 00:05 6951                       /dev/nvidia0
7f7e52a84000-7f7e52a85000 rw-s d0008000 00:05 6951                       /dev/nvidia0
7f7e52a85000-7f7e52a86000 rw-s be96c000 00:05 6951                       /dev/nvidia0
7f7e52a86000-7f7e52a8a000 rw-s 59bf9000 00:05 6951                       /dev/nvidia0
7f7e52a8a000-7f7e52a8b000 rw-s fbc0a000 00:05 6951                       /dev/nvidia0
7f7e52a8b000-7f7e52a8c000 rw-s fb641000 00:05 6951                       /dev/nvidia0
7f7e52a8c000-7f7e52a8d000 rw-s 128080000 00:05 6951                      /dev/nvidia0
7f7e52a8d000-7f7e52a8e000 rw-s 59bcb000 00:05 6951                       /dev/nvidia0
7f7e52a8e000-7f7e52a8f000 rw-s fb060000 00:05 6951                       /dev/nvidia0
7f7e52a8f000-7f7e52aaa000 rw-s 117ca0000 00:05 6951                      /dev/nvidia0
7f7e52aaa000-7f7e52aab000 r--p 00000000 00:00 0 
7f7e52aab000-7f7e52aae000 ---p 00000000 00:00 0 
7f7e52aae000-7f7e52bac000 rw-p 00000000 00:00 0 
7f7e52bac000-7f7e52c3f000 r-xp 00000000 08:05 1572891                    /usr/lib/x86_64-linux-gnu/libfreetype.so.6.6.2
7f7e52c3f000-7f7e52e3e000 ---p 00093000 08:05 1572891                    /usr/lib/x86_64-linux-gnu/libfreetype.so.6.6.2
7f7e52e3e000-7f7e52e44000 r--p 00092000 08:05 1572891                    /usr/lib/x86_64-linux-gnu/libfreetype.so.6.6.2
7f7e52e44000-7f7e52e45000 rw-p 00098000 08:05 1572891                    /usr/lib/x86_64-linux-gnu/libfreetype.so.6.6.2
7f7e52e45000-7f7e52e7e000 r-xp 00000000 08:05 1597379                    /usr/lib/jvm/java-6-openjdk/jre/lib/amd64/libfontmanager.so
7f7e52e7e000-7f7e5307d000 ---p 00039000 08:05 1597379                    /usr/lib/jvm/java-6-openjdk/jre/lib/amd64/libfontmanager.so
7f7e5307d000-7f7e5307f000 r--p 00038000 08:05 1597379                    /usr/lib/jvm/java-6-openjdk/jre/lib/amd64/libfontmanager.so
7f7e5307f000-7f7e53080000 rw-p 0003a000 08:05 1597379                    /usr/lib/jvm/java-6-openjdk/jre/lib/amd64/libfontmanager.so
7f7e53080000-7f7e53085000 r-xp 00000000 08:05 1573561                    /usr/lib/x86_64-linux-gnu/libXdmcp.so.6.0.0
7f7e53085000-7f7e53284000 ---p 00005000 08:05 1573561                    /usr/lib/x86_64-linux-gnu/libXdmcp.so.6.0.0
7f7e53284000-7f7e53285000 r--p 00004000 08:05 1573561                    /usr/lib/x86_64-linux-gnu/libXdmcp.so.6.0.0
7f7e53285000-7f7e53286000 rw-p 00005000 08:05 1573561                    /usr/lib/x86_64-linux-gnu/libXdmcp.so.6.0.0
7f7e53286000-7f7e53288000 r-xp 00000000 08:05 1570542                    /usr/lib/x86_64-linux-gnu/libXau.so.6.0.0
7f7e53288000-7f7e53487000 ---p 00002000 08:05 1570542                    /usr/lib/x86_64-linux-gnu/libXau.so.6.0.0
7f7e53487000-7f7e53488000 r--p 00001000 08:05 1570542                    /usr/lib/x86_64-linux-gnu/libXau.so.6.0.0
7f7e53488000-7f7e53489000 rw-p 00002000 08:05 1570542                    /usr/lib/x86_64-linux-gnu/libXau.so.6.0.0
7f7e53489000-7f7e534a4000 r-xp 00000000 08:05 1572615                    /usr/lib/x86_64-linux-gnu/libxcb.so.1.1.0
7f7e534a4000-7f7e536a3000 ---p 0001b000 08:05 1572615                    /usr/lib/x86_64-linux-gnu/libxcb.so.1.1.0
7f7e536a3000-7f7e536a4000 r--p 0001a000 08:05 1572615                    /usr/lib/x86_64-linux-gnu/libxcb.so.1.1.0
7f7e536a4000-7f7e536a5000 rw-p 0001b000 08:05 1572615                    /usr/lib/x86_64-linux-gnu/libxcb.so.1.1.0
7f7e536a5000-7f7e536b4000 r-xp 00000000 08:05 1613065                    /usr/lib/x86_64-linux-gnu/libXi.so.6.1.0
7f7e536b4000-7f7e538b3000 ---p 0000f000 08:05 1613065                    /usr/lib/x86_64-linux-gnu/libXi.so.6.1.0
7f7e538b3000-7f7e538b4000 r--p 0000e000 08:05 1613065                    /usr/lib/x86_64-linux-gnu/libXi.so.6.1.0
7f7e538b4000-7f7e538b5000 rw-p 0000f000 08:05 1613065                    /usr/lib/x86_64-linux-gnu/libXi.so.6.1.0
7f7e538b5000-7f7e538ba000 r-xp 00000000 08:05 1572606                    /usr/lib/libXtst.so.6.1.0
7f7e538ba000-7f7e53ab9000 ---p 00005000 08:05 1572606                    /usr/lib/libXtst.so.6.1.0
7f7e53ab9000-7f7e53aba000 r--p 00004000 08:05 1572606                    /usr/lib/libXtst.so.6.1.0
7f7e53aba000-7f7e53abb000 rw-p 00005000 08:05 1572606                    /usr/lib/libXtst.so.6.1.0
7f7e53abb000-7f7e53ac4000 r-xp 00000000 08:05 1570620                    /usr/lib/x86_64-linux-gnu/libXrender.so.1.3.0
7f7e53ac4000-7f7e53cc4000 ---p 00009000 08:05 1570620                    /usr/lib/x86_64-linux-gnu/libXrender.so.1.3.0
7f7e53cc4000-7f7e53cc5000 r--p 00009000 08:05 1570620                    /usr/lib/x86_64-linux-gnu/libXrender.so.1.3.0
7f7e53cc5000-7f7e53cc6000 rw-p 0000a000 08:05 1570620                    /usr/lib/x86_64-linux-gnu/libXrender.so.1.3.0
7f7e53cc6000-7f7e53dfb000 r-xp 00000000 08:05 1573591                    /usr/lib/x86_64-linux-gnu/libX11.so.6.3.0
7f7e53dfb000-7f7e53ffb000 ---p 00135000 08:05 1573591                    /usr/lib/x86_64-linux-gnu/libX11.so.6.3.0
7f7e53ffb000-7f7e53ffc000 r--p 00135000 08:05 1573591                    /usr/lib/x86_64-linux-gnu/libX11.so.6.3.0
7f7e53ffc000-7f7e54000000 rw-p 00136000 08:05 1573591                    /usr/lib/x86_64-linux-gnu/libX11.so.6.3.0
7f7e54000000-7f7e55828000 rw-p 00000000 00:00 0 
7f7e55828000-7f7e58000000 ---p 00000000 00:00 0 
7f7e58000000-7f7e58007000 r--s 000fb000 08:05 1597348                    /usr/lib/jvm/java-6-openjdk/jre/lib/resources.jar
7f7e58007000-7f7e58017000 r--s 00000000 08:05 554447                     /var/cache/fontconfig/0f34bcd4b6ee430af32735b75db7f02b-le64.cache-3
7f7e58017000-7f7e5801a000 r--s 00000000 08:05 554441                     /var/cache/fontconfig/d60319d88cac85ba9e1a07bd06cfbb8c-le64.cache-3
7f7e5801a000-7f7e5801b000 r--s 00000000 08:05 554034                     /var/cache/fontconfig/4794a0821666d79190d59a36cb4f44b5-le64.cache-3
7f7e5801b000-7f7e58049000 r--s 00000000 08:05 554435                     /var/cache/fontconfig/365b55f210c0a22e9a19e35191240f32-le64.cache-3
7f7e58049000-7f7e58053000 r--s 00000000 08:05 554433                     /var/cache/fontconfig/d52a8644073d54c13679302ca1180695-le64.cache-3
7f7e58053000-7f7e58054000 r--s 00000000 08:05 554418                     /var/cache/fontconfig/ec648e9a1aea82bddd4bd6050028158d-le64.cache-3
7f7e58054000-7f7e58067000 r--s 00000000 08:05 538224                     /var/cache/fontconfig/e13b20fdb08344e0e664864cc2ede53d-le64.cache-3
7f7e58067000-7f7e5806b000 r--s 00000000 08:05 538228                     /var/cache/fontconfig/7ef2298fde41cc6eeb7af42e48b7d293-le64.cache-3
7f7e5806b000-7f7e5807f000 r--s 00000000 08:05 527842                     /var/cache/fontconfig/865f88548240fee46819705c6468c165-le64.cache-3
7f7e5807f000-7f7e58080000 r--s 00000000 08:05 1340105                    /home/bompo/.fontconfig/aa7e4f27e681240d22a1f116cf7520f0-le64.cache-3
7f7e58080000-7f7e58081000 r--s 00000000 08:05 532633                     /var/cache/fontconfig/26de28bc8622bbc1fb67fd234c21975f-le64.cache-3
7f7e58081000-7f7e58082000 r--s 00000000 08:05 554485                     /var/cache/fontconfig/c05880de57d1f5e948fdfacc138775d9-le64.cache-3
7f7e58082000-7f7e5808b000 r--s 00000000 08:05 527845                     /var/cache/fontconfig/945677eb7aeaf62f1d50efc3fb3ec7d8-le64.cache-3
7f7e5808b000-7f7e5808d000 r--s 00000000 08:05 554480                     /var/cache/fontconfig/99e8ed0e538f840c565b6ed5dad60d56-le64.cache-3
7f7e5808d000-7f7e58090000 r--s 00000000 08:05 554411                     /var/cache/fontconfig/f24b2111ab8703b4e963115a8cf14259-le64.cache-3
7f7e58090000-7f7e58093000 r--s 00000000 08:05 554479                     /var/cache/fontconfig/e383d7ea5fbe662a33d9b44caf393297-le64.cache-3
7f7e58093000-7f7e58096000 r--s 00000000 08:05 554477                     /var/cache/fontconfig/2cd17615ca594fa2959ae173292e504c-le64.cache-3
7f7e58096000-7f7e58097000 r--s 00000000 08:05 554471                     /var/cache/fontconfig/e7071f4a29fa870f4323321c154eba04-le64.cache-3
7f7e58097000-7f7e5809b000 r--s 00000000 08:05 554470                     /var/cache/fontconfig/6eb3985aa4124903f6ff08ba781cd364-le64.cache-3
7f7e5809b000-7f7e5809c000 r--s 00000000 08:05 554466                     /var/cache/fontconfig/4c73fe0c47614734b17d736dbde7580a-le64.cache-3
7f7e5809c000-7f7e5809d000 r--s 00000000 08:05 554459                     /var/cache/fontconfig/0d8c3b2ac0904cb8a57a757ad11a4a08-le64.cache-3
7f7e5809d000-7f7e580a2000 r--s 00000000 08:05 554453                     /var/cache/fontconfig/062808c12e6e608270f93bb230aed730-le64.cache-3
7f7e580a2000-7f7e580a8000 r--s 00000000 08:05 554429                     /var/cache/fontconfig/a755afe4a08bf5b97852ceb7400b47bc-le64.cache-3
7f7e580a8000-7f7e580d6000 r--s 00000000 08:05 554435                     /var/cache/fontconfig/365b55f210c0a22e9a19e35191240f32-le64.cache-3
7f7e580d6000-7f7e580e7000 r-xp 00000000 08:05 1571673                    /usr/lib/x86_64-linux-gnu/libXext.so.6.4.0
7f7e580e7000-7f7e582e6000 ---p 00011000 08:05 1571673                    /usr/lib/x86_64-linux-gnu/libXext.so.6.4.0
7f7e582e6000-7f7e582e7000 r--p 00010000 08:05 1571673                    /usr/lib/x86_64-linux-gnu/libXext.so.6.4.0
7f7e582e7000-7f7e582e8000 rw-p 00011000 08:05 1571673                    /usr/lib/x86_64-linux-gnu/libXext.so.6.4.0
7f7e582e8000-7f7e582e9000 r--s 00000000 08:05 554454                     /var/cache/fontconfig/6a53c69dea097a2d716e069445527da8-le64.cache-3
7f7e582e9000-7f7e582f2000 r--s 00000000 08:05 554448                     /var/cache/fontconfig/6d41288fd70b0be22e8c3a91e032eec0-le64.cache-3
7f7e582f2000-7f7e58302000 r--s 00000000 08:05 554447                     /var/cache/fontconfig/0f34bcd4b6ee430af32735b75db7f02b-le64.cache-3
7f7e58302000-7f7e58315000 r--s 00000000 08:05 538224                     /var/cache/fontconfig/e13b20fdb08344e0e664864cc2ede53d-le64.cache-3
7f7e58315000-7f7e58360000 r-xp 00000000 08:05 1597420                    /usr/lib/jvm/java-6-openjdk/jre/lib/amd64/xawt/libmawt.so
7f7e58360000-7f7e58560000 ---p 0004b000 08:05 1597420                    /usr/lib/jvm/java-6-openjdk/jre/lib/amd64/xawt/libmawt.so
7f7e58560000-7f7e58561000 r--p 0004b000 08:05 1597420                    /usr/lib/jvm/java-6-openjdk/jre/lib/amd64/xawt/libmawt.so
7f7e58561000-7f7e58564000 rw-p 0004c000 08:05 1597420                    /usr/lib/jvm/java-6-openjdk/jre/lib/amd64/xawt/libmawt.so
7f7e58564000-7f7e58565000 rw-p 00000000 00:00 0 
7f7e58565000-7f7e5860e000 r-xp 00000000 08:05 1597388                    /usr/lib/jvm/java-6-openjdk/jre/lib/amd64/libawt.so
7f7e5860e000-7f7e5880d000 ---p 000a9000 08:05 1597388                    /usr/lib/jvm/java-6-openjdk/jre/lib/amd64/libawt.so
7f7e5880d000-7f7e5880e000 r--p 000a8000 08:05 1597388                    /usr/lib/jvm/java-6-openjdk/jre/lib/amd64/libawt.so
7f7e5880e000-7f7e58819000 rw-p 000a9000 08:05 1597388                    /usr/lib/jvm/java-6-openjdk/jre/lib/amd64/libawt.so
7f7e58819000-7f7e5883e000 rw-p 00000000 00:00 0 
7f7e5883e000-7f7e5884f000 r--s 0011a000 08:05 1440866                    /home/bompo/git/kpmusikspiel/libs/gdx-backend-lwjgl.jar
7f7e5884f000-7f7e58850000 r--s 00007000 08:05 1440877                    /home/bompo/git/kpmusikspiel/libs/gdx-backend-lwjgl-sources.jar
7f7e58850000-7f7e58851000 r--s 00127000 08:05 1440876                    /home/bompo/git/kpmusikspiel/libs/gdx-backend-lwjgl-natives.jar
7f7e58851000-7f7e58854000 r--s 00017000 08:05 1439905                    /home/bompo/git/kpmusikspiel/libs/tritonus_share.jar
7f7e58854000-7f7e58855000 r--s 00002000 08:05 1439810                    /home/bompo/git/kpmusikspiel/libs/tritonus_aos.jar
7f7e58855000-7f7e58856000 r--s 00005000 08:05 1447554                    /home/bompo/git/kpmusikspiel/libs/mp3spi1.9.4.jar
7f7e58856000-7f7e5885b000 r--s 00028000 08:05 1447540                    /home/bompo/git/kpmusikspiel/libs/beads.jar
7f7e5885b000-7f7e5885f000 r--s 0007c000 08:05 1597316                    /usr/lib/jvm/java-6-openjdk/jre/lib/jsse.jar
7f7e5885f000-7f7e5886a000 r--s 00094000 08:05 1498923                    /home/bompo/git/kpmusikspiel/libs/gdx.jar
7f7e5886a000-7f7e5886b000 r--s 001a1000 08:05 1440083                    /home/bompo/git/kpmusikspiel/libs/gdx-natives.jar
7f7e5886b000-7f7e58885000 r--s 00207000 08:05 1498924                    /home/bompo/git/kpmusikspiel/libs/gdx-backend-jogl.jar
7f7e58885000-7f7e58886000 r--s 00203000 08:05 1498925                    /home/bompo/git/kpmusikspiel/libs/gdx-backend-jogl-natives.jar
7f7e58886000-7f7e5888e000 r--s 00066000 08:05 1721290                    /usr/share/java/gnome-java-bridge.jar
7f7e5888e000-7f7e58891000 r--s 0000f000 08:05 1597341                    /usr/lib/jvm/java-6-openjdk/jre/lib/ext/pulse-java.jar
7f7e58891000-7f7e58892000 ---p 00000000 00:00 0 
7f7e58892000-7f7e58992000 rw-p 00000000 00:00 0 
7f7e58992000-7f7e58995000 ---p 00000000 00:00 0 
7f7e58995000-7f7e58a93000 rw-p 00000000 00:00 0 
7f7e58a93000-7f7e58a96000 ---p 00000000 00:00 0 
7f7e58a96000-7f7e58b94000 rw-p 00000000 00:00 0 
7f7e58b94000-7f7e58b97000 ---p 00000000 00:00 0 
7f7e58b97000-7f7e58c95000 rw-p 00000000 00:00 0 
7f7e58c95000-7f7e58c98000 ---p 00000000 00:00 0 
7f7e58c98000-7f7e58d96000 rw-p 00000000 00:00 0 
7f7e58d96000-7f7e5919e000 r--p 00000000 08:05 1570348                    /usr/lib/locale/locale-archive
7f7e5919e000-7f7e591a1000 ---p 00000000 00:00 0 
7f7e591a1000-7f7e5929f000 rw-p 00000000 00:00 0 
7f7e5929f000-7f7e592a2000 ---p 00000000 00:00 0 
7f7e592a2000-7f7e593a0000 rw-p 00000000 00:00 0 
7f7e593a0000-7f7e593a1000 ---p 00000000 00:00 0 
7f7e593a1000-7f7e599d9000 rw-p 00000000 00:00 0 
7f7e599d9000-7f7e59b69000 r--s 037af000 08:05 1597397                    /usr/lib/jvm/java-6-openjdk/jre/lib/rt.jar
7f7e59b69000-7f7e59b91000 rw-p 00000000 00:00 0 
7f7e59b91000-7f7e59b92000 ---p 00000000 00:00 0 
7f7e59b92000-7f7e59c92000 rw-p 00000000 00:00 0 
7f7e59c92000-7f7e59c93000 ---p 00000000 00:00 0 
7f7e59c93000-7f7e59d93000 rw-p 00000000 00:00 0 
7f7e59d93000-7f7e59d94000 ---p 00000000 00:00 0 
7f7e59d94000-7f7e59e94000 rw-p 00000000 00:00 0 
7f7e59e94000-7f7e59e95000 ---p 00000000 00:00 0 
7f7e59e95000-7f7e59fa0000 rw-p 00000000 00:00 0 
7f7e59fa0000-7f7e59fe8000 rw-p 00000000 00:00 0 
7f7e59fe8000-7f7e5a00c000 rw-p 00000000 00:00 0 
7f7e5a00c000-7f7e5a132000 rw-p 00000000 00:00 0 
7f7e5a132000-7f7e5a13d000 rw-p 00000000 00:00 0 
7f7e5a13d000-7f7e5a185000 rw-p 00000000 00:00 0 
7f7e5a185000-7f7e5a1a9000 rw-p 00000000 00:00 0 
7f7e5a1a9000-7f7e5a2cf000 rw-p 00000000 00:00 0 
7f7e5a2cf000-7f7e5a2da000 rw-p 00000000 00:00 0 
7f7e5a2da000-7f7e5a2e1000 ---p 00000000 00:00 0 
7f7e5a2e1000-7f7e5a374000 rw-p 00000000 00:00 0 
7f7e5a374000-7f7e5a375000 rw-p 00000000 00:00 0 
7f7e5a375000-7f7e5a5e5000 rwxp 00000000 00:00 0 
7f7e5a5e5000-7f7e5d375000 rw-p 00000000 00:00 0 
7f7e5d375000-7f7e5d37c000 r-xp 00000000 08:05 1597383                    /usr/lib/jvm/java-6-openjdk/jre/lib/amd64/libzip.so
7f7e5d37c000-7f7e5d57b000 ---p 00007000 08:05 1597383                    /usr/lib/jvm/java-6-openjdk/jre/lib/amd64/libzip.so
7f7e5d57b000-7f7e5d57c000 r--p 00006000 08:05 1597383                    /usr/lib/jvm/java-6-openjdk/jre/lib/amd64/libzip.so
7f7e5d57c000-7f7e5d57d000 rw-p 00007000 08:05 1597383                    /usr/lib/jvm/java-6-openjdk/jre/lib/amd64/libzip.so
7f7e5d57d000-7f7e5d589000 r-xp 00000000 08:05 535712                     /lib/x86_64-linux-gnu/libnss_files-2.13.so
7f7e5d589000-7f7e5d788000 ---p 0000c000 08:05 535712                     /lib/x86_64-linux-gnu/libnss_files-2.13.so
7f7e5d788000-7f7e5d789000 r--p 0000b000 08:05 535712                     /lib/x86_64-linux-gnu/libnss_files-2.13.so
7f7e5d789000-7f7e5d78a000 rw-p 0000c000 08:05 535712                     /lib/x86_64-linux-gnu/libnss_files-2.13.so
7f7e5d78a000-7f7e5d795000 r-xp 00000000 08:05 535714                     /lib/x86_64-linux-gnu/libnss_nis-2.13.so
7f7e5d795000-7f7e5d994000 ---p 0000b000 08:05 535714                     /lib/x86_64-linux-gnu/libnss_nis-2.13.so
7f7e5d994000-7f7e5d995000 r--p 0000a000 08:05 535714                     /lib/x86_64-linux-gnu/libnss_nis-2.13.so
7f7e5d995000-7f7e5d996000 rw-p 0000b000 08:05 535714                     /lib/x86_64-linux-gnu/libnss_nis-2.13.so
7f7e5d996000-7f7e5d99e000 r-xp 00000000 08:05 535710                     /lib/x86_64-linux-gnu/libnss_compat-2.13.so
7f7e5d99e000-7f7e5db9d000 ---p 00008000 08:05 535710                     /lib/x86_64-linux-gnu/libnss_compat-2.13.so
7f7e5db9d000-7f7e5db9e000 r--p 00007000 08:05 535710                     /lib/x86_64-linux-gnu/libnss_compat-2.13.so
7f7e5db9e000-7f7e5db9f000 rw-p 00008000 08:05 535710                     /lib/x86_64-linux-gnu/libnss_compat-2.13.so
7f7e5db9f000-7f7e5dbb6000 r-xp 00000000 08:05 535709                     /lib/x86_64-linux-gnu/libnsl-2.13.so
7f7e5dbb6000-7f7e5ddb5000 ---p 00017000 08:05 535709                     /lib/x86_64-linux-gnu/libnsl-2.13.so
7f7e5ddb5000-7f7e5ddb6000 r--p 00016000 08:05 535709                     /lib/x86_64-linux-gnu/libnsl-2.13.so
7f7e5ddb6000-7f7e5ddb7000 rw-p 00017000 08:05 535709                     /lib/x86_64-linux-gnu/libnsl-2.13.so
7f7e5ddb7000-7f7e5ddb9000 rw-p 00000000 00:00 0 
7f7e5ddb9000-7f7e5dde5000 r-xp 00000000 08:05 1597382                    /usr/lib/jvm/java-6-openjdk/jre/lib/amd64/libjava.so
7f7e5dde5000-7f7e5dfe4000 ---p 0002c000 08:05 1597382                    /usr/lib/jvm/java-6-openjdk/jre/lib/amd64/libjava.so
7f7e5dfe4000-7f7e5dfe5000 r--p 0002b000 08:05 1597382                    /usr/lib/jvm/java-6-openjdk/jre/lib/amd64/libjava.so
7f7e5dfe5000-7f7e5dfe8000 rw-p 0002c000 08:05 1597382                    /usr/lib/jvm/java-6-openjdk/jre/lib/amd64/libjava.so
7f7e5dfe8000-7f7e5dff6000 r-xp 00000000 08:05 1597368                    /usr/lib/jvm/java-6-openjdk/jre/lib/amd64/libverify.so
7f7e5dff6000-7f7e5e1f5000 ---p 0000e000 08:05 1597368                    /usr/lib/jvm/java-6-openjdk/jre/lib/amd64/libverify.so
7f7e5e1f5000-7f7e5e1f7000 r--p 0000d000 08:05 1597368                    /usr/lib/jvm/java-6-openjdk/jre/lib/amd64/libverify.so
7f7e5e1f7000-7f7e5e1f8000 rw-p 0000f000 08:05 1597368                    /usr/lib/jvm/java-6-openjdk/jre/lib/amd64/libverify.so
7f7e5e1f8000-7f7e5e1ff000 r-xp 00000000 08:05 535724                     /lib/x86_64-linux-gnu/librt-2.13.so
7f7e5e1ff000-7f7e5e3fe000 ---p 00007000 08:05 535724                     /lib/x86_64-linux-gnu/librt-2.13.so
7f7e5e3fe000-7f7e5e3ff000 r--p 00006000 08:05 535724                     /lib/x86_64-linux-gnu/librt-2.13.so
7f7e5e3ff000-7f7e5e400000 rw-p 00007000 08:05 535724                     /lib/x86_64-linux-gnu/librt-2.13.so
7f7e5e400000-7f7e5e415000 r-xp 00000000 08:05 528127                     /lib/x86_64-linux-gnu/libgcc_s.so.1
7f7e5e415000-7f7e5e614000 ---p 00015000 08:05 528127                     /lib/x86_64-linux-gnu/libgcc_s.so.1
7f7e5e614000-7f7e5e615000 r--p 00014000 08:05 528127                     /lib/x86_64-linux-gnu/libgcc_s.so.1
7f7e5e615000-7f7e5e616000 rw-p 00015000 08:05 528127                     /lib/x86_64-linux-gnu/libgcc_s.so.1
7f7e5e616000-7f7e5e69a000 r-xp 00000000 08:05 535703                     /lib/x86_64-linux-gnu/libm-2.13.so
7f7e5e69a000-7f7e5e899000 ---p 00084000 08:05 535703                     /lib/x86_64-linux-gnu/libm-2.13.so
7f7e5e899000-7f7e5e89a000 r--p 00083000 08:05 535703                     /lib/x86_64-linux-gnu/libm-2.13.so
7f7e5e89a000-7f7e5e89b000 rw-p 00084000 08:05 535703                     /lib/x86_64-linux-gnu/libm-2.13.so
7f7e5e89b000-7f7e5e983000 r-xp 00000000 08:05 1571250                    /usr/lib/x86_64-linux-gnu/libstdc++.so.6.0.14
7f7e5e983000-7f7e5eb82000 ---p 000e8000 08:05 1571250                    /usr/lib/x86_64-linux-gnu/libstdc++.so.6.0.14
7f7e5eb82000-7f7e5eb8a000 r--p 000e7000 08:05 1571250                    /usr/lib/x86_64-linux-gnu/libstdc++.so.6.0.14
7f7e5eb8a000-7f7e5eb8c000 rw-p 000ef000 08:05 1571250                    /usr/lib/x86_64-linux-gnu/libstdc++.so.6.0.14
7f7e5eb8c000-7f7e5eba1000 rw-p 00000000 00:00 0 
7f7e5eba1000-7f7e5f4f6000 r-xp 00000000 08:05 1597385                    /usr/lib/jvm/java-6-openjdk/jre/lib/amd64/server/libjvm.so
7f7e5f4f6000-7f7e5f6f5000 ---p 00955000 08:05 1597385                    /usr/lib/jvm/java-6-openjdk/jre/lib/amd64/server/libjvm.so
7f7e5f6f5000-7f7e5f776000 r--p 00954000 08:05 1597385                    /usr/lib/jvm/java-6-openjdk/jre/lib/amd64/server/libjvm.so
7f7e5f776000-7f7e5f791000 rw-p 009d5000 08:05 1597385                    /usr/lib/jvm/java-6-openjdk/jre/lib/amd64/server/libjvm.so
7f7e5f791000-7f7e5f7ba000 rw-p 00000000 00:00 0 
7f7e5f7ba000-7f7e5f944000 r-xp 00000000 08:05 535697                     /lib/x86_64-linux-gnu/libc-2.13.so
7f7e5f944000-7f7e5fb43000 ---p 0018a000 08:05 535697                     /lib/x86_64-linux-gnu/libc-2.13.so
7f7e5fb43000-7f7e5fb47000 r--p 00189000 08:05 535697                     /lib/x86_64-linux-gnu/libc-2.13.so
7f7e5fb47000-7f7e5fb48000 rw-p 0018d000 08:05 535697                     /lib/x86_64-linux-gnu/libc-2.13.so
7f7e5fb48000-7f7e5fb4e000 rw-p 00000000 00:00 0 
7f7e5fb4e000-7f7e5fb50000 r-xp 00000000 08:05 535702                     /lib/x86_64-linux-gnu/libdl-2.13.so
7f7e5fb50000-7f7e5fd50000 ---p 00002000 08:05 535702                     /lib/x86_64-linux-gnu/libdl-2.13.so
7f7e5fd50000-7f7e5fd51000 r--p 00002000 08:05 535702                     /lib/x86_64-linux-gnu/libdl-2.13.so
7f7e5fd51000-7f7e5fd52000 rw-p 00003000 08:05 535702                     /lib/x86_64-linux-gnu/libdl-2.13.so
7f7e5fd52000-7f7e5fd56000 r-xp 00000000 08:05 1597366                    /usr/lib/jvm/java-6-openjdk/jre/lib/amd64/jli/libjli.so
7f7e5fd56000-7f7e5ff55000 ---p 00004000 08:05 1597366                    /usr/lib/jvm/java-6-openjdk/jre/lib/amd64/jli/libjli.so
7f7e5ff55000-7f7e5ff56000 r--p 00003000 08:05 1597366                    /usr/lib/jvm/java-6-openjdk/jre/lib/amd64/jli/libjli.so
7f7e5ff56000-7f7e5ff57000 rw-p 00004000 08:05 1597366                    /usr/lib/jvm/java-6-openjdk/jre/lib/amd64/jli/libjli.so
7f7e5ff57000-7f7e5ff6f000 r-xp 00000000 08:05 535718                     /lib/x86_64-linux-gnu/libpthread-2.13.so
7f7e5ff6f000-7f7e6016f000 ---p 00018000 08:05 535718                     /lib/x86_64-linux-gnu/libpthread-2.13.so
7f7e6016f000-7f7e60170000 r--p 00018000 08:05 535718                     /lib/x86_64-linux-gnu/libpthread-2.13.so
7f7e60170000-7f7e60171000 rw-p 00019000 08:05 535718                     /lib/x86_64-linux-gnu/libpthread-2.13.so
7f7e60171000-7f7e60175000 rw-p 00000000 00:00 0 
7f7e60175000-7f7e6018c000 r-xp 00000000 08:05 535781                     /lib/x86_64-linux-gnu/libz.so.1.2.3.4
7f7e6018c000-7f7e6038b000 ---p 00017000 08:05 535781                     /lib/x86_64-linux-gnu/libz.so.1.2.3.4
7f7e6038b000-7f7e6038c000 r--p 00016000 08:05 535781                     /lib/x86_64-linux-gnu/libz.so.1.2.3.4
7f7e6038c000-7f7e6038d000 rw-p 00017000 08:05 535781                     /lib/x86_64-linux-gnu/libz.so.1.2.3.4
7f7e6038d000-7f7e603ae000 r-xp 00000000 08:05 535673                     /lib/x86_64-linux-gnu/ld-2.13.so
7f7e603ae000-7f7e603b8000 r--s 00000000 08:05 554433                     /var/cache/fontconfig/d52a8644073d54c13679302ca1180695-le64.cache-3
7f7e603b8000-7f7e603c2000 rw-p 00000000 00:00 0 
7f7e603c2000-7f7e60478000 rw-p 00000000 00:00 0 
7f7e60478000-7f7e6047b000 ---p 00000000 00:00 0 
7f7e6047b000-7f7e6057e000 rw-p 00000000 00:00 0 
7f7e6057e000-7f7e60583000 r--s 00000000 08:05 554452                     /var/cache/fontconfig/515ca1ebc4b18308bea979be5704f9db-le64.cache-3
7f7e60583000-7f7e60586000 r--s 00000000 08:05 554441                     /var/cache/fontconfig/d60319d88cac85ba9e1a07bd06cfbb8c-le64.cache-3
7f7e60586000-7f7e60587000 r--s 00000000 08:05 554034                     /var/cache/fontconfig/4794a0821666d79190d59a36cb4f44b5-le64.cache-3
7f7e60587000-7f7e60588000 r--s 00000000 08:05 554418                     /var/cache/fontconfig/ec648e9a1aea82bddd4bd6050028158d-le64.cache-3
7f7e60588000-7f7e6058c000 r--s 00000000 08:05 538228                     /var/cache/fontconfig/7ef2298fde41cc6eeb7af42e48b7d293-le64.cache-3
7f7e6058c000-7f7e605a0000 r--s 00000000 08:05 527842                     /var/cache/fontconfig/865f88548240fee46819705c6468c165-le64.cache-3
7f7e605a0000-7f7e605a1000 r--s 00000000 08:05 1340105                    /home/bompo/.fontconfig/aa7e4f27e681240d22a1f116cf7520f0-le64.cache-3
7f7e605a1000-7f7e605a9000 rw-s 00000000 08:05 525912                     /tmp/hsperfdata_bompo/12287
7f7e605a9000-7f7e605aa000 rw-p 00000000 00:00 0 
7f7e605aa000-7f7e605ab000 r--p 00000000 00:00 0 
7f7e605ab000-7f7e605ad000 rw-p 00000000 00:00 0 
7f7e605ad000-7f7e605ae000 r--p 00020000 08:05 535673                     /lib/x86_64-linux-gnu/ld-2.13.so
7f7e605ae000-7f7e605b0000 rw-p 00021000 08:05 535673                     /lib/x86_64-linux-gnu/ld-2.13.so
7fffb3c84000-7fffb3ca5000 rw-p 00000000 00:00 0                          [stack]
7fffb3cd2000-7fffb3cd3000 r-xp 00000000 00:00 0                          [vdso]
ffffffffff600000-ffffffffff601000 r-xp 00000000 00:00 0                  [vsyscall]

VM Arguments:
jvm_args: -Dfile.encoding=UTF-8 
java_command: com.jumpandrun.DesktopStarter
Launcher Type: SUN_STANDARD

Environment Variables:
PATH=/usr/local/sbin:/usr/local/bin:/usr/sbin:/usr/bin:/sbin:/bin:/usr/games
USERNAME=bompo
LD_LIBRARY_PATH=/usr/lib/jvm/java-6-openjdk/jre/lib/amd64/server:/usr/lib/jvm/java-6-openjdk/jre/lib/amd64:/usr/lib/jvm/java-6-openjdk/jre/../lib/amd64:/usr/lib64/xulrunner-addons
SHELL=/bin/bash
DISPLAY=:0.0

Signal Handlers:
SIGSEGV: [libjvm.so+0x7d0f60], sa_mask[0]=0x7ffbfeff, sa_flags=0x10000004
SIGBUS: [libjvm.so+0x7d0f60], sa_mask[0]=0x7ffbfeff, sa_flags=0x10000004
SIGFPE: [libjvm.so+0x683760], sa_mask[0]=0x7ffbfeff, sa_flags=0x10000004
SIGPIPE: [libjvm.so+0x683760], sa_mask[0]=0x7ffbfeff, sa_flags=0x10000004
SIGXFSZ: [libjvm.so+0x683760], sa_mask[0]=0x7ffbfeff, sa_flags=0x10000004
SIGILL: [libjvm.so+0x683760], sa_mask[0]=0x7ffbfeff, sa_flags=0x10000004
SIGUSR1: SIG_DFL, sa_mask[0]=0x00000000, sa_flags=0x00000000
SIGUSR2: [libjvm.so+0x683930], sa_mask[0]=0x00000004, sa_flags=0x10000004
SIGHUP: [libjvm.so+0x6862d0], sa_mask[0]=0x7ffbfeff, sa_flags=0x10000004
SIGINT: [libjvm.so+0x6862d0], sa_mask[0]=0x7ffbfeff, sa_flags=0x10000004
SIGTERM: [libjvm.so+0x6862d0], sa_mask[0]=0x7ffbfeff, sa_flags=0x10000004
SIGQUIT: [libjvm.so+0x6862d0], sa_mask[0]=0x7ffbfeff, sa_flags=0x10000004


---------------  S Y S T E M  ---------------

OS:Ubuntu 11.04 (natty)
uname:Linux 2.6.38-10-generic #46-Ubuntu SMP Tue Jun 28 15:07:17 UTC 2011 x86_64
libc:glibc 2.13 NPTL 2.13 
rlimit: STACK 8192k, CORE 0k, NPROC infinity, NOFILE 4096, AS infinity
load average:0.16 0.28 0.24

/proc/meminfo:
MemTotal:        4047872 kB
MemFree:          680164 kB
Buffers:          286176 kB
Cached:          1159028 kB
SwapCached:            0 kB
Active:          1842952 kB
Inactive:        1085860 kB
Active(anon):    1137060 kB
Inactive(anon):   358288 kB
Active(file):     705892 kB
Inactive(file):   727572 kB
Unevictable:         248 kB
Mlocked:             132 kB
SwapTotal:      19529724 kB
SwapFree:       19529724 kB
Dirty:               324 kB
Writeback:             0 kB
AnonPages:       1483996 kB
Mapped:           171072 kB
Shmem:             11624 kB
Slab:             238764 kB
SReclaimable:     211476 kB
SUnreclaim:        27288 kB
KernelStack:        3608 kB
PageTables:        30472 kB
NFS_Unstable:          0 kB
Bounce:                0 kB
WritebackTmp:          0 kB
CommitLimit:    21553660 kB
Committed_AS:    3500120 kB
VmallocTotal:   34359738367 kB
VmallocUsed:      341848 kB
VmallocChunk:   34359372796 kB
HardwareCorrupted:     0 kB
HugePages_Total:       0
HugePages_Free:        0
HugePages_Rsvd:        0
HugePages_Surp:        0
Hugepagesize:       2048 kB
DirectMap4k:      253376 kB
DirectMap2M:     3932160 kB


CPU:total 4 (4 cores per cpu, 1 threads per core) family 6 model 30 stepping 5, cmov, cx8, fxsr, mmx, sse, sse2, sse3, ssse3, sse4.1, sse4.2, popcnt

Memory: 4k page, physical 4047872k(680164k free), swap 19529724k(19529724k free)

vm_info: OpenJDK 64-Bit Server VM (20.0-b11) for linux-amd64 JRE (1.6.0_22-b22), built on Jun 11 2011 05:56:16 by "buildd" with gcc 4.5.2

time: Tue Jul 26 17:31:27 2011
elapsed time: 6 seconds

