#
# A fatal error has been detected by the Java Runtime Environment:
#
#  SIGSEGV (0xb) at pc=0x00007ffc56eb388d, pid=14685, tid=140721540171520
#
# JRE version: 6.0_22-b22
# Java VM: OpenJDK 64-Bit Server VM (20.0-b11 mixed mode linux-amd64 compressed oops)
# Derivative: IcedTea6 1.10.2
# Distribution: Ubuntu 11.04, package 6b22-1.10.2-0ubuntu1~11.04.1
# Problematic frame:
# C  [libc.so.6+0x7c88d]  cfree+0x1d
#
# If you would like to submit a bug report, please include
# instructions how to reproduce the bug and visit:
#   https://bugs.launchpad.net/ubuntu/+source/openjdk-6/
# The crash happened outside the Java Virtual Machine in native code.
# See problematic frame for where to report the bug.
#

---------------  T H R E A D  ---------------

Current thread (0x0000000001c6a000):  JavaThread "LWJGL Application" [_thread_in_native, id=14713, stack(0x00007ffc495a0000,0x00007ffc496a1000)]

siginfo:si_signo=SIGSEGV: si_errno=0, si_code=1 (SEGV_MAPERR), si_addr=0x000000fffffffef9

Registers:
RAX=0x0000000000000000, RBX=0x00007ffc4c53e7a0, RCX=0x0000000000000000, RDX=0x00007ffc4c537190
RSP=0x00007ffc4969f1c0, RBP=0x0000000000000000, RSI=0x000000ffffffff01, RDI=0x000000ffffffff01
R8 =0x00007ffc4c0006b8, R9 =0x00007ffc4c000088, R10=0x0000000000000800, R11=0x0000000000000051
R12=0x0000000000000006, R13=0x000000ffffffff01, R14=0x00007ffc4969f410, R15=0x0000000001c6a000
RIP=0x00007ffc56eb388d, EFLAGS=0x0000000000010202, CSGSFS=0x0000000000000033, ERR=0x0000000000000004
  TRAPNO=0x000000000000000e

Top of Stack: (sp=0x00007ffc4969f1c0)
0x00007ffc4969f1c0:   00000000b85ed030 00007ffc4c53e7a0
0x00007ffc4969f1d0:   0000000000000000 0000000000000006
0x00007ffc4969f1e0:   00007ffc4c53e7a0 00007ffc49ad19d2
0x00007ffc4969f1f0:   00007ffc4c53e7a0 00007ffc4c53e7a0
0x00007ffc4969f200:   00007ffc4969f368 00007ffc4969f240
0x00007ffc4969f210:   00000000b85ed030 00007ffc49af8dec
0x00007ffc4969f220:   00000000b85ed030 00007ffc4969f368
0x00007ffc4969f230:   0000000000000000 00007ffc49ad0ecf
0x00007ffc4969f240:   0000000000000000 0000000000000000
0x00007ffc4969f250:   0000000000000000 0000000000000000
0x00007ffc4969f260:   0000010100000000 0000000000000001
0x00007ffc4969f270:   0000000000000000 000000003f800000
0x00007ffc4969f280:   0000000000000000 00007ffc51a02d68
0x00007ffc4969f290:   0000000000000000 0000000000000000
0x00007ffc4969f2a0:   0000000000000001 000000003f800000
0x00007ffc4969f2b0:   00007ffc4969f458 00007ffc4969f388
0x00007ffc4969f2c0:   00007ffc4969f388 00007ffc51a0d39f
0x00007ffc4969f2d0:   00007ffc519f6dd0 00007ffc00000000
0x00007ffc4969f2e0:   00007ffc4969f458 00007ffc4969f388
0x00007ffc4969f2f0:   0000000001a65308 0000000001a65308
0x00007ffc4969f300:   0000000001a65348 0000000001a65348
0x00007ffc4969f310:   00007ffcfffffffe 00007ffc4969f388
0x00007ffc4969f320:   0000000001a65330 00007ffc4969f328
0x00007ffc4969f330:   00000000b85ed030 00007ffc4969f410
0x00007ffc4969f340:   00000000b8607070 0000000000000000
0x00007ffc4969f350:   00000000b85ed030 0000000000000000
0x00007ffc4969f360:   00007ffc4969f388 00007ffc4969f458
0x00007ffc4969f370:   00007ffc519f7929 0000000000000000
0x00007ffc4969f380:   00007ffc519fff57 000000003f800000
0x00007ffc4969f390:   0000000000000001 0000000000000000
0x00007ffc4969f3a0:   0000000000000000 0000000000000001
0x00007ffc4969f3b0:   0000000000000001 0000000000000000 

Instructions: (pc=0x00007ffc56eb388d)
0x00007ffc56eb386d:   00 00 00 53 48 83 ec 20 48 8b 05 ec 06 31 00 48
0x00007ffc56eb387d:   8b 00 48 85 c0 0f 85 68 01 00 00 48 85 ff 74 72
0x00007ffc56eb388d:   48 8b 77 f8 4c 8d 47 f0 40 f6 c6 02 75 6d 83 e6
0x00007ffc56eb389d:   04 48 8d 1d 1b 29 31 00 74 0c 4c 89 c0 48 25 00 

Register to memory mapping:

RAX=0x0000000000000000 is an unknown value
RBX=0x00007ffc4c53e7a0 is an unknown value
RCX=0x0000000000000000 is an unknown value
RDX=0x00007ffc4c537190 is an unknown value
RSP=0x00007ffc4969f1c0 is pointing into the stack for thread: 0x0000000001c6a000
RBP=0x0000000000000000 is an unknown value
RSI=0x000000ffffffff01 is an unknown value
RDI=0x000000ffffffff01 is an unknown value
R8 =0x00007ffc4c0006b8 is an unknown value
R9 =0x00007ffc4c000088 is an unknown value
R10=0x0000000000000800 is an unknown value
R11=0x0000000000000051 is an unknown value
R12=0x0000000000000006 is an unknown value
R13=0x000000ffffffff01 is an unknown value
R14=0x00007ffc4969f410 is pointing into the stack for thread: 0x0000000001c6a000
R15=0x0000000001c6a000 is a thread


Stack: [0x00007ffc495a0000,0x00007ffc496a1000],  sp=0x00007ffc4969f1c0,  free space=1020k
Native frames: (J=compiled Java code, j=interpreted, Vv=VM code, C=native code)
C  [libc.so.6+0x7c88d]  cfree+0x1d

[error occurred during error reporting (printing native stack), id 0xb]

Java frames: (J=compiled Java code, j=interpreted, Vv=VM code)
j  com.badlogic.gdx.physics.box2d.World.jniCreateBody(JIFFFFFFFFZZZZZF)J+0
j  com.badlogic.gdx.physics.box2d.World.createBody(Lcom/badlogic/gdx/physics/box2d/BodyDef;)Lcom/badlogic/gdx/physics/box2d/Body;+80
j  com.jumpandrun.GameInstance.createBox(Lcom/badlogic/gdx/physics/box2d/BodyDef$BodyType;FFF)Lcom/badlogic/gdx/physics/box2d/Body;+23
j  com.jumpandrun.GameInstance.addBlock(FF)V+19
j  com.jumpandrun.Map.<init>()V+118
j  com.jumpandrun.GameInstance.resetGame()V+33
j  com.jumpandrun.GameScreen.<init>(Lcom/badlogic/gdx/Game;)V+150
j  com.jumpandrun.DesktopStarter.create()V+6
j  com.badlogic.gdx.backends.lwjgl.LwjglApplication.mainLoop()V+24
j  com.badlogic.gdx.backends.lwjgl.LwjglApplication.access$000(Lcom/badlogic/gdx/backends/lwjgl/LwjglApplication;)V+1
j  com.badlogic.gdx.backends.lwjgl.LwjglApplication$1.run()V+27
v  ~StubRoutines::call_stub

---------------  P R O C E S S  ---------------

Java Threads: ( => current thread )
  0x00007ffc4c521800 JavaThread "Thread-2" [_thread_in_Java, id=14722, stack(0x00007ffc41b0a000,0x00007ffc41c0b000)]
  0x0000000001946000 JavaThread "DestroyJavaVM" [_thread_blocked, id=14690, stack(0x00007ffc57af5000,0x00007ffc57bf6000)]
=>0x0000000001c6a000 JavaThread "LWJGL Application" [_thread_in_native, id=14713, stack(0x00007ffc495a0000,0x00007ffc496a1000)]
  0x00007ffc4c2a1800 JavaThread "AWT-XAWT" daemon [_thread_in_native, id=14704, stack(0x00007ffc49e30000,0x00007ffc49f31000)]
  0x00007ffc4c0b3800 JavaThread "Java2D Disposer" daemon [_thread_blocked, id=14703, stack(0x00007ffc4a217000,0x00007ffc4a318000)]
  0x00007ffc4c003800 JavaThread "Low Memory Detector" daemon [_thread_blocked, id=14701, stack(0x00007ffc5000f000,0x00007ffc50110000)]
  0x00000000019df800 JavaThread "C2 CompilerThread1" daemon [_thread_blocked, id=14700, stack(0x00007ffc50110000,0x00007ffc50211000)]
  0x00000000019dc800 JavaThread "C2 CompilerThread0" daemon [_thread_blocked, id=14699, stack(0x00007ffc50211000,0x00007ffc50312000)]
  0x00000000019ce000 JavaThread "Signal Dispatcher" daemon [_thread_blocked, id=14698, stack(0x00007ffc50312000,0x00007ffc50413000)]
  0x00000000019bc000 JavaThread "Finalizer" daemon [_thread_blocked, id=14697, stack(0x00007ffc5081b000,0x00007ffc5091c000)]
  0x00000000019b4800 JavaThread "Reference Handler" daemon [_thread_blocked, id=14696, stack(0x00007ffc5091c000,0x00007ffc50a1d000)]

Other Threads:
  0x00000000019ad800 VMThread [stack: 0x00007ffc50a1d000,0x00007ffc50b1e000] [id=14695]
  0x00007ffc4c00e800 WatcherThread [stack: 0x00007ffc4beff000,0x00007ffc4c000000] [id=14702]

VM state:not at safepoint (normal execution)

VM Mutex/Monitor currently owned by a thread: None

Heap
 PSYoungGen      total 18432K, used 11345K [0x00000000eb600000, 0x00000000eca90000, 0x0000000100000000)
  eden space 15808K, 71% used [0x00000000eb600000,0x00000000ec114508,0x00000000ec570000)
  from space 2624K, 0% used [0x00000000ec800000,0x00000000ec800000,0x00000000eca90000)
  to   space 2624K, 0% used [0x00000000ec570000,0x00000000ec570000,0x00000000ec800000)
 PSOldGen        total 42240K, used 0K [0x00000000c2200000, 0x00000000c4b40000, 0x00000000eb600000)
  object space 42240K, 0% used [0x00000000c2200000,0x00000000c2200000,0x00000000c4b40000)
 PSPermGen       total 21248K, used 10446K [0x00000000b7c00000, 0x00000000b90c0000, 0x00000000c2200000)
  object space 21248K, 49% used [0x00000000b7c00000,0x00000000b8633800,0x00000000b90c0000)

Code Cache  [0x00007ffc519f2000, 0x00007ffc51c62000, 0x00007ffc549f2000)
 total_blobs=527 nmethods=40 adapters=442 free_code_cache=49685120 largest_free_block=384

Dynamic libraries:
00400000-00409000 r-xp 00000000 08:05 1597353                            /usr/lib/jvm/java-6-openjdk/jre/bin/java
00608000-00609000 r--p 00008000 08:05 1597353                            /usr/lib/jvm/java-6-openjdk/jre/bin/java
00609000-0060a000 rw-p 00009000 08:05 1597353                            /usr/lib/jvm/java-6-openjdk/jre/bin/java
0193b000-01df5000 rw-p 00000000 00:00 0                                  [heap]
41b6a000-41b6c000 r-xs 00000000 08:05 524988                             /tmp/glH82jf0 (deleted)
41b98000-41c12000 rw-p 00000000 00:00 0 
b7c00000-b90c0000 rw-p 00000000 00:00 0 
b90c0000-c2200000 rw-p 00000000 00:00 0 
c2200000-c4b40000 rw-p 00000000 00:00 0 
c4b40000-eb600000 rw-p 00000000 00:00 0 
eb600000-eca90000 rw-p 00000000 00:00 0 
eca90000-100000000 rw-p 00000000 00:00 0 
7ffc3a281000-7ffc3a282000 ---p 00000000 00:00 0 
7ffc3a282000-7ffc3aa82000 rw-p 00000000 00:00 0 
7ffc3ea83000-7ffc3ea88000 r-xp 00000000 08:05 1577007                    /usr/lib/alsa-lib/libasound_module_pcm_pulse.so
7ffc3ea88000-7ffc3ec88000 ---p 00005000 08:05 1577007                    /usr/lib/alsa-lib/libasound_module_pcm_pulse.so
7ffc3ec88000-7ffc3ec89000 r--p 00005000 08:05 1577007                    /usr/lib/alsa-lib/libasound_module_pcm_pulse.so
7ffc3ec89000-7ffc3ec8a000 rw-p 00006000 08:05 1577007                    /usr/lib/alsa-lib/libasound_module_pcm_pulse.so
7ffc3ec8a000-7ffc3ed6e000 r-xp 00000000 08:05 1571897                    /usr/lib/libasound.so.2.0.0
7ffc3ed6e000-7ffc3ef6e000 ---p 000e4000 08:05 1571897                    /usr/lib/libasound.so.2.0.0
7ffc3ef6e000-7ffc3ef74000 r--p 000e4000 08:05 1571897                    /usr/lib/libasound.so.2.0.0
7ffc3ef74000-7ffc3ef75000 rw-p 000ea000 08:05 1571897                    /usr/lib/libasound.so.2.0.0
7ffc3ef75000-7ffc3ef84000 r-xp 00000000 08:05 1597422                    /usr/lib/jvm/java-6-openjdk/jre/lib/amd64/libjsoundalsa.so
7ffc3ef84000-7ffc3f183000 ---p 0000f000 08:05 1597422                    /usr/lib/jvm/java-6-openjdk/jre/lib/amd64/libjsoundalsa.so
7ffc3f183000-7ffc3f184000 r--p 0000e000 08:05 1597422                    /usr/lib/jvm/java-6-openjdk/jre/lib/amd64/libjsoundalsa.so
7ffc3f184000-7ffc3f185000 rw-p 0000f000 08:05 1597422                    /usr/lib/jvm/java-6-openjdk/jre/lib/amd64/libjsoundalsa.so
7ffc3f185000-7ffc3f186000 r-xp 00000000 08:05 1597377                    /usr/lib/jvm/java-6-openjdk/jre/lib/amd64/libjsound.so
7ffc3f186000-7ffc3f385000 ---p 00001000 08:05 1597377                    /usr/lib/jvm/java-6-openjdk/jre/lib/amd64/libjsound.so
7ffc3f385000-7ffc3f386000 r--p 00000000 08:05 1597377                    /usr/lib/jvm/java-6-openjdk/jre/lib/amd64/libjsound.so
7ffc3f386000-7ffc3f387000 rw-p 00001000 08:05 1597377                    /usr/lib/jvm/java-6-openjdk/jre/lib/amd64/libjsound.so
7ffc3f387000-7ffc3f389000 rw-s 00000000 08:05 524988                     /tmp/glH82jf0 (deleted)
7ffc3f389000-7ffc3f589000 rw-s 99ee1000 00:05 7008                       /dev/nvidia0
7ffc3f589000-7ffc3f689000 rw-s 354a7000 00:05 7008                       /dev/nvidia0
7ffc3f689000-7ffc3f754000 rw-p 00000000 00:00 0 
7ffc3f7b7000-7ffc3f7d2000 rw-s 116e00000 00:05 7008                      /dev/nvidia0
7ffc3f7d2000-7ffc40da6000 r-xp 00000000 08:05 972                        /usr/lib/nvidia-current/libnvidia-glcore.so.275.09.07
7ffc40da6000-7ffc40fa5000 ---p 015d4000 08:05 972                        /usr/lib/nvidia-current/libnvidia-glcore.so.275.09.07
7ffc40fa5000-7ffc415e0000 rwxp 015d3000 08:05 972                        /usr/lib/nvidia-current/libnvidia-glcore.so.275.09.07
7ffc415e0000-7ffc415f8000 rwxp 00000000 00:00 0 
7ffc415f8000-7ffc415fa000 r-xp 00000000 08:05 506                        /usr/lib/nvidia-current/tls/libnvidia-tls.so.275.09.07
7ffc415fa000-7ffc417f9000 ---p 00002000 08:05 506                        /usr/lib/nvidia-current/tls/libnvidia-tls.so.275.09.07
7ffc417f9000-7ffc417fa000 rw-p 00001000 08:05 506                        /usr/lib/nvidia-current/tls/libnvidia-tls.so.275.09.07
7ffc417fa000-7ffc418ba000 r-xp 00000000 08:05 974                        /usr/lib/nvidia-current/libGL.so.275.09.07
7ffc418ba000-7ffc41aba000 ---p 000c0000 08:05 974                        /usr/lib/nvidia-current/libGL.so.275.09.07
7ffc41aba000-7ffc41af4000 rwxp 000c0000 08:05 974                        /usr/lib/nvidia-current/libGL.so.275.09.07
7ffc41af4000-7ffc41b0a000 rwxp 00000000 00:00 0 
7ffc41b0a000-7ffc41b0d000 ---p 00000000 00:00 0 
7ffc41b0d000-7ffc41c0b000 rw-p 00000000 00:00 0 
7ffc41c0b000-7ffc41c0c000 ---p 00000000 00:00 0 
7ffc41c0c000-7ffc4240c000 rw-p 00000000 00:00 0 
7ffc4240c000-7ffc4640d000 rw-s 00000000 00:10 607425                     /dev/shm/pulse-shm-1215865394
7ffc4640d000-7ffc4640e000 ---p 00000000 00:00 0 
7ffc4640e000-7ffc46c0e000 rw-p 00000000 00:00 0 
7ffc46c0e000-7ffc46c14000 r-xp 00000000 08:05 1573092                    /usr/lib/libogg.so.0.7.0
7ffc46c14000-7ffc46e13000 ---p 00006000 08:05 1573092                    /usr/lib/libogg.so.0.7.0
7ffc46e13000-7ffc46e14000 r--p 00005000 08:05 1573092                    /usr/lib/libogg.so.0.7.0
7ffc46e14000-7ffc46e15000 rw-p 00006000 08:05 1573092                    /usr/lib/libogg.so.0.7.0
7ffc46e15000-7ffc46e40000 r-xp 00000000 08:05 1582648                    /usr/lib/libvorbis.so.0.4.5
7ffc46e40000-7ffc4703f000 ---p 0002b000 08:05 1582648                    /usr/lib/libvorbis.so.0.4.5
7ffc4703f000-7ffc47040000 r--p 0002a000 08:05 1582648                    /usr/lib/libvorbis.so.0.4.5
7ffc47040000-7ffc47041000 rw-p 0002b000 08:05 1582648                    /usr/lib/libvorbis.so.0.4.5
7ffc47041000-7ffc472f4000 r-xp 00000000 08:05 1573212                    /usr/lib/libvorbisenc.so.2.0.8
7ffc472f4000-7ffc474f3000 ---p 002b3000 08:05 1573212                    /usr/lib/libvorbisenc.so.2.0.8
7ffc474f3000-7ffc4750f000 r--p 002b2000 08:05 1573212                    /usr/lib/libvorbisenc.so.2.0.8
7ffc4750f000-7ffc47510000 rw-p 002ce000 08:05 1573212                    /usr/lib/libvorbisenc.so.2.0.8
7ffc47510000-7ffc47558000 r-xp 00000000 08:05 1570101                    /usr/lib/libFLAC.so.8.2.0
7ffc47558000-7ffc47758000 ---p 00048000 08:05 1570101                    /usr/lib/libFLAC.so.8.2.0
7ffc47758000-7ffc47759000 r--p 00048000 08:05 1570101                    /usr/lib/libFLAC.so.8.2.0
7ffc47759000-7ffc4775a000 rw-p 00049000 08:05 1570101                    /usr/lib/libFLAC.so.8.2.0
7ffc4775a000-7ffc477bb000 r-xp 00000000 08:05 1570821                    /usr/lib/libsndfile.so.1.0.23
7ffc477bb000-7ffc479bb000 ---p 00061000 08:05 1570821                    /usr/lib/libsndfile.so.1.0.23
7ffc479bb000-7ffc479bd000 r--p 00061000 08:05 1570821                    /usr/lib/libsndfile.so.1.0.23
7ffc479bd000-7ffc479be000 rw-p 00063000 08:05 1570821                    /usr/lib/libsndfile.so.1.0.23
7ffc479be000-7ffc479c2000 rw-p 00000000 00:00 0 
7ffc479c2000-7ffc479ca000 r-xp 00000000 08:05 538930                     /lib/libwrap.so.0.7.6
7ffc479ca000-7ffc47bca000 ---p 00008000 08:05 538930                     /lib/libwrap.so.0.7.6
7ffc47bca000-7ffc47bcb000 r--p 00008000 08:05 538930                     /lib/libwrap.so.0.7.6
7ffc47bcb000-7ffc47bcc000 rw-p 00009000 08:05 538930                     /lib/libwrap.so.0.7.6
7ffc47bcc000-7ffc47bcd000 rw-p 00000000 00:00 0 
7ffc47bcd000-7ffc47bd1000 r-xp 00000000 08:05 534738                     /lib/x86_64-linux-gnu/libuuid.so.1.3.0
7ffc47bd1000-7ffc47dd0000 ---p 00004000 08:05 534738                     /lib/x86_64-linux-gnu/libuuid.so.1.3.0
7ffc47dd0000-7ffc47dd1000 r--p 00003000 08:05 534738                     /lib/x86_64-linux-gnu/libuuid.so.1.3.0
7ffc47dd1000-7ffc47dd2000 rw-p 00004000 08:05 534738                     /lib/x86_64-linux-gnu/libuuid.so.1.3.0
7ffc47dd2000-7ffc47e14000 r-xp 00000000 08:05 525819                     /lib/x86_64-linux-gnu/libdbus-1.so.3.5.4
7ffc47e14000-7ffc48014000 ---p 00042000 08:05 525819                     /lib/x86_64-linux-gnu/libdbus-1.so.3.5.4
7ffc48014000-7ffc48015000 r--p 00042000 08:05 525819                     /lib/x86_64-linux-gnu/libdbus-1.so.3.5.4
7ffc48015000-7ffc48016000 rw-p 00043000 08:05 525819                     /lib/x86_64-linux-gnu/libdbus-1.so.3.5.4
7ffc48016000-7ffc48061000 r-xp 00000000 08:05 1580900                    /usr/lib/libpulsecommon-0.9.22.so
7ffc48061000-7ffc48260000 ---p 0004b000 08:05 1580900                    /usr/lib/libpulsecommon-0.9.22.so
7ffc48260000-7ffc48261000 r--p 0004a000 08:05 1580900                    /usr/lib/libpulsecommon-0.9.22.so
7ffc48261000-7ffc48262000 rw-p 0004b000 08:05 1580900                    /usr/lib/libpulsecommon-0.9.22.so
7ffc48262000-7ffc48265000 r-xp 00000000 08:05 1573582                    /usr/lib/libxcb-atom.so.1.0.0
7ffc48265000-7ffc48465000 ---p 00003000 08:05 1573582                    /usr/lib/libxcb-atom.so.1.0.0
7ffc48465000-7ffc48466000 r--p 00003000 08:05 1573582                    /usr/lib/libxcb-atom.so.1.0.0
7ffc48466000-7ffc48467000 rw-p 00004000 08:05 1573582                    /usr/lib/libxcb-atom.so.1.0.0
7ffc48467000-7ffc4846e000 r-xp 00000000 08:05 1578963                    /usr/lib/x86_64-linux-gnu/libSM.so.6.0.1
7ffc4846e000-7ffc4866d000 ---p 00007000 08:05 1578963                    /usr/lib/x86_64-linux-gnu/libSM.so.6.0.1
7ffc4866d000-7ffc4866e000 r--p 00006000 08:05 1578963                    /usr/lib/x86_64-linux-gnu/libSM.so.6.0.1
7ffc4866e000-7ffc4866f000 rw-p 00007000 08:05 1578963                    /usr/lib/x86_64-linux-gnu/libSM.so.6.0.1
7ffc4866f000-7ffc48685000 r-xp 00000000 08:05 1571606                    /usr/lib/x86_64-linux-gnu/libICE.so.6.3.0
7ffc48685000-7ffc48885000 ---p 00016000 08:05 1571606                    /usr/lib/x86_64-linux-gnu/libICE.so.6.3.0
7ffc48885000-7ffc48886000 r--p 00016000 08:05 1571606                    /usr/lib/x86_64-linux-gnu/libICE.so.6.3.0
7ffc48886000-7ffc48887000 rw-p 00017000 08:05 1571606                    /usr/lib/x86_64-linux-gnu/libICE.so.6.3.0
7ffc48887000-7ffc4888a000 rw-p 00000000 00:00 0 
7ffc4888a000-7ffc4888b000 r-xp 00000000 08:05 1570508                    /usr/lib/x86_64-linux-gnu/libX11-xcb.so.1.0.0
7ffc4888b000-7ffc48a8a000 ---p 00001000 08:05 1570508                    /usr/lib/x86_64-linux-gnu/libX11-xcb.so.1.0.0
7ffc48a8a000-7ffc48a8b000 r--p 00000000 08:05 1570508                    /usr/lib/x86_64-linux-gnu/libX11-xcb.so.1.0.0
7ffc48a8b000-7ffc48a8c000 rw-p 00001000 08:05 1570508                    /usr/lib/x86_64-linux-gnu/libX11-xcb.so.1.0.0
7ffc48a8c000-7ffc48acc000 r-xp 00000000 08:05 1573921                    /usr/lib/libpulse.so.0.12.3
7ffc48acc000-7ffc48ccb000 ---p 00040000 08:05 1573921                    /usr/lib/libpulse.so.0.12.3
7ffc48ccb000-7ffc48ccc000 r--p 0003f000 08:05 1573921                    /usr/lib/libpulse.so.0.12.3
7ffc48ccc000-7ffc48ccd000 rw-p 00040000 08:05 1573921                    /usr/lib/libpulse.so.0.12.3
7ffc48ccd000-7ffc48d19000 r-xp 00000000 08:05 525267                     /tmp/libgdx/3154261069/libopenal64.so
7ffc48d19000-7ffc48f18000 ---p 0004c000 08:05 525267                     /tmp/libgdx/3154261069/libopenal64.so
7ffc48f18000-7ffc48f1a000 r--p 0004b000 08:05 525267                     /tmp/libgdx/3154261069/libopenal64.so
7ffc48f1a000-7ffc48f1b000 rw-p 0004d000 08:05 525267                     /tmp/libgdx/3154261069/libopenal64.so
7ffc48f1b000-7ffc48f1c000 rw-p 00000000 00:00 0 
7ffc48f1c000-7ffc48f1d000 r-xp 00000000 08:05 1597389                    /usr/lib/jvm/java-6-openjdk/jre/lib/amd64/libjawt.so
7ffc48f1d000-7ffc4911c000 ---p 00001000 08:05 1597389                    /usr/lib/jvm/java-6-openjdk/jre/lib/amd64/libjawt.so
7ffc4911c000-7ffc4911d000 r--p 00000000 08:05 1597389                    /usr/lib/jvm/java-6-openjdk/jre/lib/amd64/libjawt.so
7ffc4911d000-7ffc4911e000 rw-p 00001000 08:05 1597389                    /usr/lib/jvm/java-6-openjdk/jre/lib/amd64/libjawt.so
7ffc4911e000-7ffc49123000 r-xp 00000000 08:05 1581972                    /usr/lib/x86_64-linux-gnu/libXxf86vm.so.1.0.0
7ffc49123000-7ffc49322000 ---p 00005000 08:05 1581972                    /usr/lib/x86_64-linux-gnu/libXxf86vm.so.1.0.0
7ffc49322000-7ffc49323000 r--p 00004000 08:05 1581972                    /usr/lib/x86_64-linux-gnu/libXxf86vm.so.1.0.0
7ffc49323000-7ffc49324000 rw-p 00005000 08:05 1581972                    /usr/lib/x86_64-linux-gnu/libXxf86vm.so.1.0.0
7ffc49324000-7ffc4939d000 r-xp 00000000 08:05 525279                     /tmp/libgdx/3154261069/liblwjgl64.so
7ffc4939d000-7ffc4959d000 ---p 00079000 08:05 525279                     /tmp/libgdx/3154261069/liblwjgl64.so
7ffc4959d000-7ffc4959f000 r--p 00079000 08:05 525279                     /tmp/libgdx/3154261069/liblwjgl64.so
7ffc4959f000-7ffc495a0000 rw-p 0007b000 08:05 525279                     /tmp/libgdx/3154261069/liblwjgl64.so
7ffc495a0000-7ffc495a3000 ---p 00000000 00:00 0 
7ffc495a3000-7ffc496a1000 rw-p 00000000 00:00 0 
7ffc496a1000-7ffc496a6000 r-xp 00000000 08:05 1570859                    /usr/lib/x86_64-linux-gnu/libXfixes.so.3.1.0
7ffc496a6000-7ffc498a5000 ---p 00005000 08:05 1570859                    /usr/lib/x86_64-linux-gnu/libXfixes.so.3.1.0
7ffc498a5000-7ffc498a6000 r--p 00004000 08:05 1570859                    /usr/lib/x86_64-linux-gnu/libXfixes.so.3.1.0
7ffc498a6000-7ffc498a7000 rw-p 00005000 08:05 1570859                    /usr/lib/x86_64-linux-gnu/libXfixes.so.3.1.0
7ffc498a7000-7ffc498b0000 r-xp 00000000 08:05 1573929                    /usr/lib/x86_64-linux-gnu/libXcursor.so.1.0.2
7ffc498b0000-7ffc49aaf000 ---p 00009000 08:05 1573929                    /usr/lib/x86_64-linux-gnu/libXcursor.so.1.0.2
7ffc49aaf000-7ffc49ab0000 r--p 00008000 08:05 1573929                    /usr/lib/x86_64-linux-gnu/libXcursor.so.1.0.2
7ffc49ab0000-7ffc49ab1000 rw-p 00009000 08:05 1573929                    /usr/lib/x86_64-linux-gnu/libXcursor.so.1.0.2
7ffc49ab1000-7ffc49b3d000 r-xp 00000000 08:05 525228                     /tmp/libgdx/3154261069/libgdx-64.so
7ffc49b3d000-7ffc49d3d000 ---p 0008c000 08:05 525228                     /tmp/libgdx/3154261069/libgdx-64.so
7ffc49d3d000-7ffc49d3e000 r--p 0008c000 08:05 525228                     /tmp/libgdx/3154261069/libgdx-64.so
7ffc49d3e000-7ffc49d3f000 rw-p 0008d000 08:05 525228                     /tmp/libgdx/3154261069/libgdx-64.so
7ffc49d3f000-7ffc49d42000 rw-p 00000000 00:00 0 
7ffc49d42000-7ffc49d43000 r--s 00000000 08:05 532633                     /var/cache/fontconfig/26de28bc8622bbc1fb67fd234c21975f-le64.cache-3
7ffc49d43000-7ffc49d44000 r--s 00000000 08:05 554485                     /var/cache/fontconfig/c05880de57d1f5e948fdfacc138775d9-le64.cache-3
7ffc49d44000-7ffc49d4d000 r--s 00000000 08:05 527845                     /var/cache/fontconfig/945677eb7aeaf62f1d50efc3fb3ec7d8-le64.cache-3
7ffc49d4d000-7ffc49d4f000 r--s 00000000 08:05 554480                     /var/cache/fontconfig/99e8ed0e538f840c565b6ed5dad60d56-le64.cache-3
7ffc49d4f000-7ffc49d52000 r--s 00000000 08:05 554411                     /var/cache/fontconfig/f24b2111ab8703b4e963115a8cf14259-le64.cache-3
7ffc49d52000-7ffc49d55000 r--s 00000000 08:05 554479                     /var/cache/fontconfig/e383d7ea5fbe662a33d9b44caf393297-le64.cache-3
7ffc49d55000-7ffc49d58000 r--s 00000000 08:05 554477                     /var/cache/fontconfig/2cd17615ca594fa2959ae173292e504c-le64.cache-3
7ffc49d58000-7ffc49d59000 r--s 00000000 08:05 554471                     /var/cache/fontconfig/e7071f4a29fa870f4323321c154eba04-le64.cache-3
7ffc49d59000-7ffc49d5d000 r--s 00000000 08:05 554470                     /var/cache/fontconfig/6eb3985aa4124903f6ff08ba781cd364-le64.cache-3
7ffc49d5d000-7ffc49d5e000 r--s 00000000 08:05 554466                     /var/cache/fontconfig/4c73fe0c47614734b17d736dbde7580a-le64.cache-3
7ffc49d5e000-7ffc49d5f000 r--s 00000000 08:05 554459                     /var/cache/fontconfig/0d8c3b2ac0904cb8a57a757ad11a4a08-le64.cache-3
7ffc49d5f000-7ffc49d60000 r--s 00000000 08:05 554454                     /var/cache/fontconfig/6a53c69dea097a2d716e069445527da8-le64.cache-3
7ffc49d60000-7ffc49d65000 r--s 00000000 08:05 554453                     /var/cache/fontconfig/062808c12e6e608270f93bb230aed730-le64.cache-3
7ffc49d65000-7ffc49d6b000 r--s 00000000 08:05 554429                     /var/cache/fontconfig/a755afe4a08bf5b97852ceb7400b47bc-le64.cache-3
7ffc49d6b000-7ffc49d70000 r--s 00000000 08:05 554452                     /var/cache/fontconfig/515ca1ebc4b18308bea979be5704f9db-le64.cache-3
7ffc49d70000-7ffc49d79000 r--s 00000000 08:05 554448                     /var/cache/fontconfig/6d41288fd70b0be22e8c3a91e032eec0-le64.cache-3
7ffc49d79000-7ffc49d89000 r--s 00000000 08:05 554447                     /var/cache/fontconfig/0f34bcd4b6ee430af32735b75db7f02b-le64.cache-3
7ffc49d89000-7ffc49db7000 r--s 00000000 08:05 554435                     /var/cache/fontconfig/365b55f210c0a22e9a19e35191240f32-le64.cache-3
7ffc49deb000-7ffc49dec000 rw-p 00000000 00:00 0 
7ffc49dec000-7ffc49df0000 rw-s 6c566000 00:05 7008                       /dev/nvidia0
7ffc49df0000-7ffc49e30000 rw-s 35555000 00:05 7008                       /dev/nvidia0
7ffc49e30000-7ffc49e33000 ---p 00000000 00:00 0 
7ffc49e33000-7ffc49f31000 rw-p 00000000 00:00 0 
7ffc49f31000-7ffc49f32000 r--s 00000000 08:05 532633                     /var/cache/fontconfig/26de28bc8622bbc1fb67fd234c21975f-le64.cache-3
7ffc49f32000-7ffc49f33000 r--s 00000000 08:05 554485                     /var/cache/fontconfig/c05880de57d1f5e948fdfacc138775d9-le64.cache-3
7ffc49f33000-7ffc49f3c000 r--s 00000000 08:05 527845                     /var/cache/fontconfig/945677eb7aeaf62f1d50efc3fb3ec7d8-le64.cache-3
7ffc49f3c000-7ffc49f3e000 r--s 00000000 08:05 554480                     /var/cache/fontconfig/99e8ed0e538f840c565b6ed5dad60d56-le64.cache-3
7ffc49f3e000-7ffc49f41000 r--s 00000000 08:05 554411                     /var/cache/fontconfig/f24b2111ab8703b4e963115a8cf14259-le64.cache-3
7ffc49f41000-7ffc49f44000 r--s 00000000 08:05 554479                     /var/cache/fontconfig/e383d7ea5fbe662a33d9b44caf393297-le64.cache-3
7ffc49f44000-7ffc49f47000 r--s 00000000 08:05 554477                     /var/cache/fontconfig/2cd17615ca594fa2959ae173292e504c-le64.cache-3
7ffc49f47000-7ffc49f48000 r--s 00000000 08:05 554471                     /var/cache/fontconfig/e7071f4a29fa870f4323321c154eba04-le64.cache-3
7ffc49f48000-7ffc49f4c000 r--s 00000000 08:05 554470                     /var/cache/fontconfig/6eb3985aa4124903f6ff08ba781cd364-le64.cache-3
7ffc49f4c000-7ffc49f4d000 r--s 00000000 08:05 554466                     /var/cache/fontconfig/4c73fe0c47614734b17d736dbde7580a-le64.cache-3
7ffc49f4d000-7ffc49f4e000 r--s 00000000 08:05 554459                     /var/cache/fontconfig/0d8c3b2ac0904cb8a57a757ad11a4a08-le64.cache-3
7ffc49f4e000-7ffc49f4f000 r--s 00000000 08:05 554454                     /var/cache/fontconfig/6a53c69dea097a2d716e069445527da8-le64.cache-3
7ffc49f4f000-7ffc49f54000 r--s 00000000 08:05 554453                     /var/cache/fontconfig/062808c12e6e608270f93bb230aed730-le64.cache-3
7ffc49f54000-7ffc49f5a000 r--s 00000000 08:05 554429                     /var/cache/fontconfig/a755afe4a08bf5b97852ceb7400b47bc-le64.cache-3
7ffc49f5a000-7ffc49f5f000 r--s 00000000 08:05 554452                     /var/cache/fontconfig/515ca1ebc4b18308bea979be5704f9db-le64.cache-3
7ffc49f5f000-7ffc49f68000 r--s 00000000 08:05 554448                     /var/cache/fontconfig/6d41288fd70b0be22e8c3a91e032eec0-le64.cache-3
7ffc49f68000-7ffc49f78000 r--s 00000000 08:05 554447                     /var/cache/fontconfig/0f34bcd4b6ee430af32735b75db7f02b-le64.cache-3
7ffc49f78000-7ffc49f7b000 r--s 00000000 08:05 554441                     /var/cache/fontconfig/d60319d88cac85ba9e1a07bd06cfbb8c-le64.cache-3
7ffc49f7b000-7ffc49f7c000 r--s 00000000 08:05 530935                     /var/cache/fontconfig/4794a0821666d79190d59a36cb4f44b5-le64.cache-3
7ffc49f7c000-7ffc49faa000 r--s 00000000 08:05 554435                     /var/cache/fontconfig/365b55f210c0a22e9a19e35191240f32-le64.cache-3
7ffc49faa000-7ffc49fb4000 r--s 00000000 08:05 554433                     /var/cache/fontconfig/d52a8644073d54c13679302ca1180695-le64.cache-3
7ffc49fb4000-7ffc49fb5000 rw-s d0008000 00:05 7008                       /dev/nvidia0
7ffc49fb5000-7ffc49fb6000 rw-s 6c5a5000 00:05 7008                       /dev/nvidia0
7ffc49fb6000-7ffc49fba000 rw-s 6c6dc000 00:05 7008                       /dev/nvidia0
7ffc49fba000-7ffc49fc2000 r-xp 00000000 08:05 1581969                    /usr/lib/x86_64-linux-gnu/libXrandr.so.2.2.0
7ffc49fc2000-7ffc4a1c1000 ---p 00008000 08:05 1581969                    /usr/lib/x86_64-linux-gnu/libXrandr.so.2.2.0
7ffc4a1c1000-7ffc4a1c2000 r--p 00007000 08:05 1581969                    /usr/lib/x86_64-linux-gnu/libXrandr.so.2.2.0
7ffc4a1c2000-7ffc4a1c3000 rw-p 00008000 08:05 1581969                    /usr/lib/x86_64-linux-gnu/libXrandr.so.2.2.0
7ffc4a1c3000-7ffc4a1c4000 rw-s fbc0a000 00:05 7008                       /dev/nvidia0
7ffc4a1c4000-7ffc4a1e4000 rw-s 99f05000 00:05 7008                       /dev/nvidia0
7ffc4a1e4000-7ffc4a1e5000 rw-s fb641000 00:05 7008                       /dev/nvidia0
7ffc4a1e5000-7ffc4a1e6000 rw-s 117363000 00:05 7008                      /dev/nvidia0
7ffc4a1e6000-7ffc4a1e7000 rw-s 99e0d000 00:05 7008                       /dev/nvidia0
7ffc4a1e7000-7ffc4a1e8000 rw-s fb060000 00:05 7008                       /dev/nvidia0
7ffc4a1e8000-7ffc4a1e9000 r--p 00000000 00:00 0 
7ffc4a1e9000-7ffc4a1f0000 r--s 000fb000 08:05 1597348                    /usr/lib/jvm/java-6-openjdk/jre/lib/resources.jar
7ffc4a1f0000-7ffc4a203000 r--s 00000000 08:05 538224                     /var/cache/fontconfig/e13b20fdb08344e0e664864cc2ede53d-le64.cache-3
7ffc4a203000-7ffc4a217000 r--s 00000000 08:05 527842                     /var/cache/fontconfig/865f88548240fee46819705c6468c165-le64.cache-3
7ffc4a217000-7ffc4a21a000 ---p 00000000 00:00 0 
7ffc4a21a000-7ffc4a318000 rw-p 00000000 00:00 0 
7ffc4a318000-7ffc4a3ab000 r-xp 00000000 08:05 1574433                    /usr/lib/x86_64-linux-gnu/libfreetype.so.6.6.2
7ffc4a3ab000-7ffc4a5aa000 ---p 00093000 08:05 1574433                    /usr/lib/x86_64-linux-gnu/libfreetype.so.6.6.2
7ffc4a5aa000-7ffc4a5b0000 r--p 00092000 08:05 1574433                    /usr/lib/x86_64-linux-gnu/libfreetype.so.6.6.2
7ffc4a5b0000-7ffc4a5b1000 rw-p 00098000 08:05 1574433                    /usr/lib/x86_64-linux-gnu/libfreetype.so.6.6.2
7ffc4a5b1000-7ffc4a5ea000 r-xp 00000000 08:05 1597379                    /usr/lib/jvm/java-6-openjdk/jre/lib/amd64/libfontmanager.so
7ffc4a5ea000-7ffc4a7e9000 ---p 00039000 08:05 1597379                    /usr/lib/jvm/java-6-openjdk/jre/lib/amd64/libfontmanager.so
7ffc4a7e9000-7ffc4a7eb000 r--p 00038000 08:05 1597379                    /usr/lib/jvm/java-6-openjdk/jre/lib/amd64/libfontmanager.so
7ffc4a7eb000-7ffc4a7ec000 rw-p 0003a000 08:05 1597379                    /usr/lib/jvm/java-6-openjdk/jre/lib/amd64/libfontmanager.so
7ffc4a7ec000-7ffc4a7f1000 r-xp 00000000 08:05 1573561                    /usr/lib/x86_64-linux-gnu/libXdmcp.so.6.0.0
7ffc4a7f1000-7ffc4a9f0000 ---p 00005000 08:05 1573561                    /usr/lib/x86_64-linux-gnu/libXdmcp.so.6.0.0
7ffc4a9f0000-7ffc4a9f1000 r--p 00004000 08:05 1573561                    /usr/lib/x86_64-linux-gnu/libXdmcp.so.6.0.0
7ffc4a9f1000-7ffc4a9f2000 rw-p 00005000 08:05 1573561                    /usr/lib/x86_64-linux-gnu/libXdmcp.so.6.0.0
7ffc4a9f2000-7ffc4a9f4000 r-xp 00000000 08:05 1570542                    /usr/lib/x86_64-linux-gnu/libXau.so.6.0.0
7ffc4a9f4000-7ffc4abf3000 ---p 00002000 08:05 1570542                    /usr/lib/x86_64-linux-gnu/libXau.so.6.0.0
7ffc4abf3000-7ffc4abf4000 r--p 00001000 08:05 1570542                    /usr/lib/x86_64-linux-gnu/libXau.so.6.0.0
7ffc4abf4000-7ffc4abf5000 rw-p 00002000 08:05 1570542                    /usr/lib/x86_64-linux-gnu/libXau.so.6.0.0
7ffc4abf5000-7ffc4ac10000 r-xp 00000000 08:05 1572615                    /usr/lib/x86_64-linux-gnu/libxcb.so.1.1.0
7ffc4ac10000-7ffc4ae0f000 ---p 0001b000 08:05 1572615                    /usr/lib/x86_64-linux-gnu/libxcb.so.1.1.0
7ffc4ae0f000-7ffc4ae10000 r--p 0001a000 08:05 1572615                    /usr/lib/x86_64-linux-gnu/libxcb.so.1.1.0
7ffc4ae10000-7ffc4ae11000 rw-p 0001b000 08:05 1572615                    /usr/lib/x86_64-linux-gnu/libxcb.so.1.1.0
7ffc4ae11000-7ffc4ae20000 r-xp 00000000 08:05 1613065                    /usr/lib/x86_64-linux-gnu/libXi.so.6.1.0
7ffc4ae20000-7ffc4b01f000 ---p 0000f000 08:05 1613065                    /usr/lib/x86_64-linux-gnu/libXi.so.6.1.0
7ffc4b01f000-7ffc4b020000 r--p 0000e000 08:05 1613065                    /usr/lib/x86_64-linux-gnu/libXi.so.6.1.0
7ffc4b020000-7ffc4b021000 rw-p 0000f000 08:05 1613065                    /usr/lib/x86_64-linux-gnu/libXi.so.6.1.0
7ffc4b021000-7ffc4b026000 r-xp 00000000 08:05 1572606                    /usr/lib/libXtst.so.6.1.0
7ffc4b026000-7ffc4b225000 ---p 00005000 08:05 1572606                    /usr/lib/libXtst.so.6.1.0
7ffc4b225000-7ffc4b226000 r--p 00004000 08:05 1572606                    /usr/lib/libXtst.so.6.1.0
7ffc4b226000-7ffc4b227000 rw-p 00005000 08:05 1572606                    /usr/lib/libXtst.so.6.1.0
7ffc4b227000-7ffc4b230000 r-xp 00000000 08:05 1570620                    /usr/lib/x86_64-linux-gnu/libXrender.so.1.3.0
7ffc4b230000-7ffc4b430000 ---p 00009000 08:05 1570620                    /usr/lib/x86_64-linux-gnu/libXrender.so.1.3.0
7ffc4b430000-7ffc4b431000 r--p 00009000 08:05 1570620                    /usr/lib/x86_64-linux-gnu/libXrender.so.1.3.0
7ffc4b431000-7ffc4b432000 rw-p 0000a000 08:05 1570620                    /usr/lib/x86_64-linux-gnu/libXrender.so.1.3.0
7ffc4b432000-7ffc4b567000 r-xp 00000000 08:05 1573591                    /usr/lib/x86_64-linux-gnu/libX11.so.6.3.0
7ffc4b567000-7ffc4b767000 ---p 00135000 08:05 1573591                    /usr/lib/x86_64-linux-gnu/libX11.so.6.3.0
7ffc4b767000-7ffc4b768000 r--p 00135000 08:05 1573591                    /usr/lib/x86_64-linux-gnu/libX11.so.6.3.0
7ffc4b768000-7ffc4b76c000 rw-p 00136000 08:05 1573591                    /usr/lib/x86_64-linux-gnu/libX11.so.6.3.0
7ffc4b76c000-7ffc4b77d000 r-xp 00000000 08:05 1571673                    /usr/lib/x86_64-linux-gnu/libXext.so.6.4.0
7ffc4b77d000-7ffc4b97c000 ---p 00011000 08:05 1571673                    /usr/lib/x86_64-linux-gnu/libXext.so.6.4.0
7ffc4b97c000-7ffc4b97d000 r--p 00010000 08:05 1571673                    /usr/lib/x86_64-linux-gnu/libXext.so.6.4.0
7ffc4b97d000-7ffc4b97e000 rw-p 00011000 08:05 1571673                    /usr/lib/x86_64-linux-gnu/libXext.so.6.4.0
7ffc4b97e000-7ffc4b97f000 r--s 00000000 08:05 554418                     /var/cache/fontconfig/ec648e9a1aea82bddd4bd6050028158d-le64.cache-3
7ffc4b97f000-7ffc4b983000 r--s 00000000 08:05 538228                     /var/cache/fontconfig/7ef2298fde41cc6eeb7af42e48b7d293-le64.cache-3
7ffc4b983000-7ffc4b984000 r--s 00000000 08:05 1340105                    /home/bompo/.fontconfig/aa7e4f27e681240d22a1f116cf7520f0-le64.cache-3
7ffc4b984000-7ffc4b997000 r--s 00000000 08:05 538224                     /var/cache/fontconfig/e13b20fdb08344e0e664864cc2ede53d-le64.cache-3
7ffc4b997000-7ffc4b9ab000 r--s 00000000 08:05 527842                     /var/cache/fontconfig/865f88548240fee46819705c6468c165-le64.cache-3
7ffc4b9ab000-7ffc4b9f6000 r-xp 00000000 08:05 1597420                    /usr/lib/jvm/java-6-openjdk/jre/lib/amd64/xawt/libmawt.so
7ffc4b9f6000-7ffc4bbf6000 ---p 0004b000 08:05 1597420                    /usr/lib/jvm/java-6-openjdk/jre/lib/amd64/xawt/libmawt.so
7ffc4bbf6000-7ffc4bbf7000 r--p 0004b000 08:05 1597420                    /usr/lib/jvm/java-6-openjdk/jre/lib/amd64/xawt/libmawt.so
7ffc4bbf7000-7ffc4bbfa000 rw-p 0004c000 08:05 1597420                    /usr/lib/jvm/java-6-openjdk/jre/lib/amd64/xawt/libmawt.so
7ffc4bbfa000-7ffc4bbfb000 rw-p 00000000 00:00 0 
7ffc4bbfb000-7ffc4bca4000 r-xp 00000000 08:05 1597388                    /usr/lib/jvm/java-6-openjdk/jre/lib/amd64/libawt.so
7ffc4bca4000-7ffc4bea3000 ---p 000a9000 08:05 1597388                    /usr/lib/jvm/java-6-openjdk/jre/lib/amd64/libawt.so
7ffc4bea3000-7ffc4bea4000 r--p 000a8000 08:05 1597388                    /usr/lib/jvm/java-6-openjdk/jre/lib/amd64/libawt.so
7ffc4bea4000-7ffc4beaf000 rw-p 000a9000 08:05 1597388                    /usr/lib/jvm/java-6-openjdk/jre/lib/amd64/libawt.so
7ffc4beaf000-7ffc4bed4000 rw-p 00000000 00:00 0 
7ffc4bed4000-7ffc4bee5000 r--s 0011a000 08:05 1440866                    /home/bompo/git/kpmusikspiel/libs/gdx-backend-lwjgl.jar
7ffc4bee5000-7ffc4beff000 r--s 00207000 08:05 1498924                    /home/bompo/git/kpmusikspiel/libs/gdx-backend-jogl.jar
7ffc4beff000-7ffc4bf00000 ---p 00000000 00:00 0 
7ffc4bf00000-7ffc4c000000 rw-p 00000000 00:00 0 
7ffc4c000000-7ffc4c7a1000 rw-p 00000000 00:00 0 
7ffc4c7a1000-7ffc50000000 ---p 00000000 00:00 0 
7ffc50000000-7ffc50003000 r--s 00000000 08:05 554441                     /var/cache/fontconfig/d60319d88cac85ba9e1a07bd06cfbb8c-le64.cache-3
7ffc50003000-7ffc50004000 r--s 00000000 08:05 530935                     /var/cache/fontconfig/4794a0821666d79190d59a36cb4f44b5-le64.cache-3
7ffc50004000-7ffc5000e000 r--s 00000000 08:05 554433                     /var/cache/fontconfig/d52a8644073d54c13679302ca1180695-le64.cache-3
7ffc5000e000-7ffc5000f000 r--s 00000000 08:05 554418                     /var/cache/fontconfig/ec648e9a1aea82bddd4bd6050028158d-le64.cache-3
7ffc5000f000-7ffc50012000 ---p 00000000 00:00 0 
7ffc50012000-7ffc50110000 rw-p 00000000 00:00 0 
7ffc50110000-7ffc50113000 ---p 00000000 00:00 0 
7ffc50113000-7ffc50211000 rw-p 00000000 00:00 0 
7ffc50211000-7ffc50214000 ---p 00000000 00:00 0 
7ffc50214000-7ffc50312000 rw-p 00000000 00:00 0 
7ffc50312000-7ffc50315000 ---p 00000000 00:00 0 
7ffc50315000-7ffc50413000 rw-p 00000000 00:00 0 
7ffc50413000-7ffc5081b000 r--p 00000000 08:05 1570348                    /usr/lib/locale/locale-archive
7ffc5081b000-7ffc5081e000 ---p 00000000 00:00 0 
7ffc5081e000-7ffc5091c000 rw-p 00000000 00:00 0 
7ffc5091c000-7ffc5091f000 ---p 00000000 00:00 0 
7ffc5091f000-7ffc50a1d000 rw-p 00000000 00:00 0 
7ffc50a1d000-7ffc50a1e000 ---p 00000000 00:00 0 
7ffc50a1e000-7ffc51056000 rw-p 00000000 00:00 0 
7ffc51056000-7ffc511e6000 r--s 037af000 08:05 1597397                    /usr/lib/jvm/java-6-openjdk/jre/lib/rt.jar
7ffc511e6000-7ffc5120e000 rw-p 00000000 00:00 0 
7ffc5120e000-7ffc5120f000 ---p 00000000 00:00 0 
7ffc5120f000-7ffc5130f000 rw-p 00000000 00:00 0 
7ffc5130f000-7ffc51310000 ---p 00000000 00:00 0 
7ffc51310000-7ffc51410000 rw-p 00000000 00:00 0 
7ffc51410000-7ffc51411000 ---p 00000000 00:00 0 
7ffc51411000-7ffc51511000 rw-p 00000000 00:00 0 
7ffc51511000-7ffc51512000 ---p 00000000 00:00 0 
7ffc51512000-7ffc5161d000 rw-p 00000000 00:00 0 
7ffc5161d000-7ffc51665000 rw-p 00000000 00:00 0 
7ffc51665000-7ffc5167a000 rw-p 00000000 00:00 0 
7ffc5167a000-7ffc517af000 rw-p 00000000 00:00 0 
7ffc517af000-7ffc517ba000 rw-p 00000000 00:00 0 
7ffc517ba000-7ffc51802000 rw-p 00000000 00:00 0 
7ffc51802000-7ffc51817000 rw-p 00000000 00:00 0 
7ffc51817000-7ffc5194c000 rw-p 00000000 00:00 0 
7ffc5194c000-7ffc51957000 rw-p 00000000 00:00 0 
7ffc51957000-7ffc519f1000 rw-p 00000000 00:00 0 
7ffc519f1000-7ffc519f2000 rw-p 00000000 00:00 0 
7ffc519f2000-7ffc51c62000 rwxp 00000000 00:00 0 
7ffc51c62000-7ffc549f2000 rw-p 00000000 00:00 0 
7ffc549f2000-7ffc549f9000 r-xp 00000000 08:05 1597383                    /usr/lib/jvm/java-6-openjdk/jre/lib/amd64/libzip.so
7ffc549f9000-7ffc54bf8000 ---p 00007000 08:05 1597383                    /usr/lib/jvm/java-6-openjdk/jre/lib/amd64/libzip.so
7ffc54bf8000-7ffc54bf9000 r--p 00006000 08:05 1597383                    /usr/lib/jvm/java-6-openjdk/jre/lib/amd64/libzip.so
7ffc54bf9000-7ffc54bfa000 rw-p 00007000 08:05 1597383                    /usr/lib/jvm/java-6-openjdk/jre/lib/amd64/libzip.so
7ffc54bfa000-7ffc54c06000 r-xp 00000000 08:05 535712                     /lib/x86_64-linux-gnu/libnss_files-2.13.so
7ffc54c06000-7ffc54e05000 ---p 0000c000 08:05 535712                     /lib/x86_64-linux-gnu/libnss_files-2.13.so
7ffc54e05000-7ffc54e06000 r--p 0000b000 08:05 535712                     /lib/x86_64-linux-gnu/libnss_files-2.13.so
7ffc54e06000-7ffc54e07000 rw-p 0000c000 08:05 535712                     /lib/x86_64-linux-gnu/libnss_files-2.13.so
7ffc54e07000-7ffc54e12000 r-xp 00000000 08:05 535714                     /lib/x86_64-linux-gnu/libnss_nis-2.13.so
7ffc54e12000-7ffc55011000 ---p 0000b000 08:05 535714                     /lib/x86_64-linux-gnu/libnss_nis-2.13.so
7ffc55011000-7ffc55012000 r--p 0000a000 08:05 535714                     /lib/x86_64-linux-gnu/libnss_nis-2.13.so
7ffc55012000-7ffc55013000 rw-p 0000b000 08:05 535714                     /lib/x86_64-linux-gnu/libnss_nis-2.13.so
7ffc55013000-7ffc5501b000 r-xp 00000000 08:05 535710                     /lib/x86_64-linux-gnu/libnss_compat-2.13.so
7ffc5501b000-7ffc5521a000 ---p 00008000 08:05 535710                     /lib/x86_64-linux-gnu/libnss_compat-2.13.so
7ffc5521a000-7ffc5521b000 r--p 00007000 08:05 535710                     /lib/x86_64-linux-gnu/libnss_compat-2.13.so
7ffc5521b000-7ffc5521c000 rw-p 00008000 08:05 535710                     /lib/x86_64-linux-gnu/libnss_compat-2.13.so
7ffc5521c000-7ffc55233000 r-xp 00000000 08:05 535709                     /lib/x86_64-linux-gnu/libnsl-2.13.so
7ffc55233000-7ffc55432000 ---p 00017000 08:05 535709                     /lib/x86_64-linux-gnu/libnsl-2.13.so
7ffc55432000-7ffc55433000 r--p 00016000 08:05 535709                     /lib/x86_64-linux-gnu/libnsl-2.13.so
7ffc55433000-7ffc55434000 rw-p 00017000 08:05 535709                     /lib/x86_64-linux-gnu/libnsl-2.13.so
7ffc55434000-7ffc55436000 rw-p 00000000 00:00 0 
7ffc55436000-7ffc55462000 r-xp 00000000 08:05 1597382                    /usr/lib/jvm/java-6-openjdk/jre/lib/amd64/libjava.so
7ffc55462000-7ffc55661000 ---p 0002c000 08:05 1597382                    /usr/lib/jvm/java-6-openjdk/jre/lib/amd64/libjava.so
7ffc55661000-7ffc55662000 r--p 0002b000 08:05 1597382                    /usr/lib/jvm/java-6-openjdk/jre/lib/amd64/libjava.so
7ffc55662000-7ffc55665000 rw-p 0002c000 08:05 1597382                    /usr/lib/jvm/java-6-openjdk/jre/lib/amd64/libjava.so
7ffc55665000-7ffc55673000 r-xp 00000000 08:05 1597368                    /usr/lib/jvm/java-6-openjdk/jre/lib/amd64/libverify.so
7ffc55673000-7ffc55872000 ---p 0000e000 08:05 1597368                    /usr/lib/jvm/java-6-openjdk/jre/lib/amd64/libverify.so
7ffc55872000-7ffc55874000 r--p 0000d000 08:05 1597368                    /usr/lib/jvm/java-6-openjdk/jre/lib/amd64/libverify.so
7ffc55874000-7ffc55875000 rw-p 0000f000 08:05 1597368                    /usr/lib/jvm/java-6-openjdk/jre/lib/amd64/libverify.so
7ffc55875000-7ffc5587c000 r-xp 00000000 08:05 535724                     /lib/x86_64-linux-gnu/librt-2.13.so
7ffc5587c000-7ffc55a7b000 ---p 00007000 08:05 535724                     /lib/x86_64-linux-gnu/librt-2.13.so
7ffc55a7b000-7ffc55a7c000 r--p 00006000 08:05 535724                     /lib/x86_64-linux-gnu/librt-2.13.so
7ffc55a7c000-7ffc55a7d000 rw-p 00007000 08:05 535724                     /lib/x86_64-linux-gnu/librt-2.13.so
7ffc55a7d000-7ffc55a92000 r-xp 00000000 08:05 528127                     /lib/x86_64-linux-gnu/libgcc_s.so.1
7ffc55a92000-7ffc55c91000 ---p 00015000 08:05 528127                     /lib/x86_64-linux-gnu/libgcc_s.so.1
7ffc55c91000-7ffc55c92000 r--p 00014000 08:05 528127                     /lib/x86_64-linux-gnu/libgcc_s.so.1
7ffc55c92000-7ffc55c93000 rw-p 00015000 08:05 528127                     /lib/x86_64-linux-gnu/libgcc_s.so.1
7ffc55c93000-7ffc55d17000 r-xp 00000000 08:05 535703                     /lib/x86_64-linux-gnu/libm-2.13.so
7ffc55d17000-7ffc55f16000 ---p 00084000 08:05 535703                     /lib/x86_64-linux-gnu/libm-2.13.so
7ffc55f16000-7ffc55f17000 r--p 00083000 08:05 535703                     /lib/x86_64-linux-gnu/libm-2.13.so
7ffc55f17000-7ffc55f18000 rw-p 00084000 08:05 535703                     /lib/x86_64-linux-gnu/libm-2.13.so
7ffc55f18000-7ffc56000000 r-xp 00000000 08:05 1571250                    /usr/lib/x86_64-linux-gnu/libstdc++.so.6.0.14
7ffc56000000-7ffc561ff000 ---p 000e8000 08:05 1571250                    /usr/lib/x86_64-linux-gnu/libstdc++.so.6.0.14
7ffc561ff000-7ffc56207000 r--p 000e7000 08:05 1571250                    /usr/lib/x86_64-linux-gnu/libstdc++.so.6.0.14
7ffc56207000-7ffc56209000 rw-p 000ef000 08:05 1571250                    /usr/lib/x86_64-linux-gnu/libstdc++.so.6.0.14
7ffc56209000-7ffc5621e000 rw-p 00000000 00:00 0 
7ffc5621e000-7ffc56b73000 r-xp 00000000 08:05 1597385                    /usr/lib/jvm/java-6-openjdk/jre/lib/amd64/server/libjvm.so
7ffc56b73000-7ffc56d72000 ---p 00955000 08:05 1597385                    /usr/lib/jvm/java-6-openjdk/jre/lib/amd64/server/libjvm.so
7ffc56d72000-7ffc56df3000 r--p 00954000 08:05 1597385                    /usr/lib/jvm/java-6-openjdk/jre/lib/amd64/server/libjvm.so
7ffc56df3000-7ffc56e0e000 rw-p 009d5000 08:05 1597385                    /usr/lib/jvm/java-6-openjdk/jre/lib/amd64/server/libjvm.so
7ffc56e0e000-7ffc56e37000 rw-p 00000000 00:00 0 
7ffc56e37000-7ffc56fc1000 r-xp 00000000 08:05 535697                     /lib/x86_64-linux-gnu/libc-2.13.so
7ffc56fc1000-7ffc571c0000 ---p 0018a000 08:05 535697                     /lib/x86_64-linux-gnu/libc-2.13.so
7ffc571c0000-7ffc571c4000 r--p 00189000 08:05 535697                     /lib/x86_64-linux-gnu/libc-2.13.so
7ffc571c4000-7ffc571c5000 rw-p 0018d000 08:05 535697                     /lib/x86_64-linux-gnu/libc-2.13.so
7ffc571c5000-7ffc571cb000 rw-p 00000000 00:00 0 
7ffc571cb000-7ffc571cd000 r-xp 00000000 08:05 535702                     /lib/x86_64-linux-gnu/libdl-2.13.so
7ffc571cd000-7ffc573cd000 ---p 00002000 08:05 535702                     /lib/x86_64-linux-gnu/libdl-2.13.so
7ffc573cd000-7ffc573ce000 r--p 00002000 08:05 535702                     /lib/x86_64-linux-gnu/libdl-2.13.so
7ffc573ce000-7ffc573cf000 rw-p 00003000 08:05 535702                     /lib/x86_64-linux-gnu/libdl-2.13.so
7ffc573cf000-7ffc573d3000 r-xp 00000000 08:05 1597366                    /usr/lib/jvm/java-6-openjdk/jre/lib/amd64/jli/libjli.so
7ffc573d3000-7ffc575d2000 ---p 00004000 08:05 1597366                    /usr/lib/jvm/java-6-openjdk/jre/lib/amd64/jli/libjli.so
7ffc575d2000-7ffc575d3000 r--p 00003000 08:05 1597366                    /usr/lib/jvm/java-6-openjdk/jre/lib/amd64/jli/libjli.so
7ffc575d3000-7ffc575d4000 rw-p 00004000 08:05 1597366                    /usr/lib/jvm/java-6-openjdk/jre/lib/amd64/jli/libjli.so
7ffc575d4000-7ffc575ec000 r-xp 00000000 08:05 535718                     /lib/x86_64-linux-gnu/libpthread-2.13.so
7ffc575ec000-7ffc577ec000 ---p 00018000 08:05 535718                     /lib/x86_64-linux-gnu/libpthread-2.13.so
7ffc577ec000-7ffc577ed000 r--p 00018000 08:05 535718                     /lib/x86_64-linux-gnu/libpthread-2.13.so
7ffc577ed000-7ffc577ee000 rw-p 00019000 08:05 535718                     /lib/x86_64-linux-gnu/libpthread-2.13.so
7ffc577ee000-7ffc577f2000 rw-p 00000000 00:00 0 
7ffc577f2000-7ffc57809000 r-xp 00000000 08:05 535781                     /lib/x86_64-linux-gnu/libz.so.1.2.3.4
7ffc57809000-7ffc57a08000 ---p 00017000 08:05 535781                     /lib/x86_64-linux-gnu/libz.so.1.2.3.4
7ffc57a08000-7ffc57a09000 r--p 00016000 08:05 535781                     /lib/x86_64-linux-gnu/libz.so.1.2.3.4
7ffc57a09000-7ffc57a0a000 rw-p 00017000 08:05 535781                     /lib/x86_64-linux-gnu/libz.so.1.2.3.4
7ffc57a0a000-7ffc57a2b000 r-xp 00000000 08:05 535673                     /lib/x86_64-linux-gnu/ld-2.13.so
7ffc57a2b000-7ffc57a2f000 r--s 00000000 08:05 538228                     /var/cache/fontconfig/7ef2298fde41cc6eeb7af42e48b7d293-le64.cache-3
7ffc57a2f000-7ffc57a30000 r--s 00000000 08:05 1340105                    /home/bompo/.fontconfig/aa7e4f27e681240d22a1f116cf7520f0-le64.cache-3
7ffc57a30000-7ffc57a31000 r--s 00007000 08:05 1440877                    /home/bompo/git/kpmusikspiel/libs/gdx-backend-lwjgl-sources.jar
7ffc57a31000-7ffc57a32000 r--s 00127000 08:05 1440876                    /home/bompo/git/kpmusikspiel/libs/gdx-backend-lwjgl-natives.jar
7ffc57a32000-7ffc57a35000 r--s 00017000 08:05 1439905                    /home/bompo/git/kpmusikspiel/libs/tritonus_share.jar
7ffc57a35000-7ffc57a3f000 rw-p 00000000 00:00 0 
7ffc57a3f000-7ffc57af5000 rw-p 00000000 00:00 0 
7ffc57af5000-7ffc57af8000 ---p 00000000 00:00 0 
7ffc57af8000-7ffc57bfb000 rw-p 00000000 00:00 0 
7ffc57bfb000-7ffc57bfc000 r--s 00002000 08:05 1439810                    /home/bompo/git/kpmusikspiel/libs/tritonus_aos.jar
7ffc57bfc000-7ffc57bfd000 r--s 00005000 08:05 1447554                    /home/bompo/git/kpmusikspiel/libs/mp3spi1.9.4.jar
7ffc57bfd000-7ffc57c02000 r--s 00028000 08:05 1447540                    /home/bompo/git/kpmusikspiel/libs/beads.jar
7ffc57c02000-7ffc57c06000 r--s 0007c000 08:05 1597316                    /usr/lib/jvm/java-6-openjdk/jre/lib/jsse.jar
7ffc57c06000-7ffc57c11000 r--s 00094000 08:05 1498923                    /home/bompo/git/kpmusikspiel/libs/gdx.jar
7ffc57c11000-7ffc57c12000 r--s 001a1000 08:05 1440083                    /home/bompo/git/kpmusikspiel/libs/gdx-natives.jar
7ffc57c12000-7ffc57c13000 r--s 00203000 08:05 1498925                    /home/bompo/git/kpmusikspiel/libs/gdx-backend-jogl-natives.jar
7ffc57c13000-7ffc57c1b000 r--s 00066000 08:05 1721290                    /usr/share/java/gnome-java-bridge.jar
7ffc57c1b000-7ffc57c1e000 r--s 0000f000 08:05 1597341                    /usr/lib/jvm/java-6-openjdk/jre/lib/ext/pulse-java.jar
7ffc57c1e000-7ffc57c26000 rw-s 00000000 08:05 524976                     /tmp/hsperfdata_bompo/14685
7ffc57c26000-7ffc57c27000 rw-p 00000000 00:00 0 
7ffc57c27000-7ffc57c28000 r--p 00000000 00:00 0 
7ffc57c28000-7ffc57c2a000 rw-p 00000000 00:00 0 
7ffc57c2a000-7ffc57c2b000 r--p 00020000 08:05 535673                     /lib/x86_64-linux-gnu/ld-2.13.so
7ffc57c2b000-7ffc57c2d000 rw-p 00021000 08:05 535673                     /lib/x86_64-linux-gnu/ld-2.13.so
7fffd1f40000-7fffd1f61000 rw-p 00000000 00:00 0                          [stack]
7fffd1fff000-7fffd2000000 r-xp 00000000 00:00 0                          [vdso]
ffffffffff600000-ffffffffff601000 r-xp 00000000 00:00 0                  [vsyscall]

VM Arguments:
jvm_args: -Dfile.encoding=UTF-8 
java_command: com.jumpandrun.DesktopStarter
Launcher Type: SUN_STANDARD

Environment Variables:
PATH=/usr/local/sbin:/usr/local/bin:/usr/sbin:/usr/bin:/sbin:/bin:/usr/games
USERNAME=bompo
LD_LIBRARY_PATH=/usr/lib/jvm/java-6-openjdk/jre/lib/amd64/server:/usr/lib/jvm/java-6-openjdk/jre/lib/amd64:/usr/lib/jvm/java-6-openjdk/jre/../lib/amd64:/usr/lib64/xulrunner-addons
SHELL=/bin/bash
DISPLAY=:0.0

Signal Handlers:
SIGSEGV: [libjvm.so+0x7d0f60], sa_mask[0]=0x7ffbfeff, sa_flags=0x10000004
SIGBUS: [libjvm.so+0x7d0f60], sa_mask[0]=0x7ffbfeff, sa_flags=0x10000004
SIGFPE: [libjvm.so+0x683760], sa_mask[0]=0x7ffbfeff, sa_flags=0x10000004
SIGPIPE: [libjvm.so+0x683760], sa_mask[0]=0x7ffbfeff, sa_flags=0x10000004
SIGXFSZ: [libjvm.so+0x683760], sa_mask[0]=0x7ffbfeff, sa_flags=0x10000004
SIGILL: [libjvm.so+0x683760], sa_mask[0]=0x7ffbfeff, sa_flags=0x10000004
SIGUSR1: SIG_DFL, sa_mask[0]=0x00000000, sa_flags=0x00000000
SIGUSR2: [libjvm.so+0x683930], sa_mask[0]=0x00000004, sa_flags=0x10000004
SIGHUP: [libjvm.so+0x6862d0], sa_mask[0]=0x7ffbfeff, sa_flags=0x10000004
SIGINT: [libjvm.so+0x6862d0], sa_mask[0]=0x7ffbfeff, sa_flags=0x10000004
SIGTERM: [libjvm.so+0x6862d0], sa_mask[0]=0x7ffbfeff, sa_flags=0x10000004
SIGQUIT: [libjvm.so+0x6862d0], sa_mask[0]=0x7ffbfeff, sa_flags=0x10000004


---------------  S Y S T E M  ---------------

OS:Ubuntu 11.04 (natty)
uname:Linux 2.6.38-10-generic #46-Ubuntu SMP Tue Jun 28 15:07:17 UTC 2011 x86_64
libc:glibc 2.13 NPTL 2.13 
rlimit: STACK 8192k, CORE 0k, NPROC infinity, NOFILE 4096, AS infinity
load average:0.12 0.13 0.14

/proc/meminfo:
MemTotal:        4047872 kB
MemFree:          934084 kB
Buffers:          213024 kB
Cached:          1041508 kB
SwapCached:            0 kB
Active:          1530636 kB
Inactive:        1152316 kB
Active(anon):     909332 kB
Inactive(anon):   524176 kB
Active(file):     621304 kB
Inactive(file):   628140 kB
Unevictable:         248 kB
Mlocked:             132 kB
SwapTotal:      19529724 kB
SwapFree:       19529704 kB
Dirty:              1508 kB
Writeback:             0 kB
AnonPages:       1428832 kB
Mapped:           158152 kB
Shmem:              4972 kB
Slab:             232432 kB
SReclaimable:     205364 kB
SUnreclaim:        27068 kB
KernelStack:        3496 kB
PageTables:        29828 kB
NFS_Unstable:          0 kB
Bounce:                0 kB
WritebackTmp:          0 kB
CommitLimit:    21553660 kB
Committed_AS:    3414360 kB
VmallocTotal:   34359738367 kB
VmallocUsed:      341848 kB
VmallocChunk:   34359382612 kB
HardwareCorrupted:     0 kB
HugePages_Total:       0
HugePages_Free:        0
HugePages_Rsvd:        0
HugePages_Surp:        0
Hugepagesize:       2048 kB
DirectMap4k:      189888 kB
DirectMap2M:     3995648 kB


CPU:total 4 (4 cores per cpu, 1 threads per core) family 6 model 30 stepping 5, cmov, cx8, fxsr, mmx, sse, sse2, sse3, ssse3, sse4.1, sse4.2, popcnt

Memory: 4k page, physical 4047872k(934084k free), swap 19529724k(19529704k free)

vm_info: OpenJDK 64-Bit Server VM (20.0-b11) for linux-amd64 JRE (1.6.0_22-b22), built on Jun 11 2011 05:56:16 by "buildd" with gcc 4.5.2

time: Sun Jul 17 16:59:18 2011
elapsed time: 0 seconds

