#
# A fatal error has been detected by the Java Runtime Environment:
#
#  SIGBUS (0x7) at pc=0x00007f4754b728a9, pid=15206, tid=139944336299776
#
# JRE version: 6.0_22-b22
# Java VM: OpenJDK 64-Bit Server VM (20.0-b11 mixed mode linux-amd64 compressed oops)
# Derivative: IcedTea6 1.10.2
# Distribution: Ubuntu 11.04, package 6b22-1.10.2-0ubuntu1~11.04.1
# Problematic frame:
# C  [libgdx-64.so+0x208a9]  b2BlockAllocator::Allocate(int)+0x59
#
# If you would like to submit a bug report, please include
# instructions how to reproduce the bug and visit:
#   https://bugs.launchpad.net/ubuntu/+source/openjdk-6/
# The crash happened outside the Java Virtual Machine in native code.
# See problematic frame for where to report the bug.
#

---------------  T H R E A D  ---------------

Current thread (0x00007f4750235000):  JavaThread "LWJGL Application" [_thread_in_native, id=15234, stack(0x00007f4754641000,0x00007f4754742000)]

siginfo:si_signo=SIGBUS: si_errno=0, si_code=128 (), si_addr=0x0000000000000000

Registers:
RAX=0x0000000000000008, RBX=0x0000000000f9dab0, RCX=0x0000000000000000, RDX=0x0000000000f9dab0
RSP=0x00007f4754740170, RBP=0x6900130068000400, RSI=0x00000000000000c0, RDI=0x0000000000f9dab0
R8 =0x0000000000000001, R9 =0x0000000000000001, R10=0x00007f475473ff10, R11=0x00007f4754b72850
R12=0x0000000000000006, R13=0x00000000b85dfe60, R14=0x00007f4754740390, R15=0x00007f4750235000
RIP=0x00007f4754b728a9, EFLAGS=0x0000000000010206, CSGSFS=0x0000000000000033, ERR=0x0000000000000000
  TRAPNO=0x000000000000000c

Top of Stack: (sp=0x00007f4754740170)
0x00007f4754740170:   0000000000f9dab0 0000000000f9dab0
0x00007f4754740180:   00007f47547402e8 00007f47547401c0
0x00007f4754740190:   00000000b85dfe60 00007f4754b99dec
0x00007f47547401a0:   00000000b85dfe60 00007f47547402e8
0x00007f47547401b0:   0000000000000000 00007f4754b71ecf
0x00007f47547401c0:   0000000000000000 0000000000000000
0x00007f47547401d0:   0000000000000000 0000000000000000
0x00007f47547401e0:   0000010100000000 0000000000000001
0x00007f47547401f0:   0000000000000000 000000003f800000
0x00007f4754740200:   0000000000000000 00007f4758a9dd68
0x00007f4754740210:   0000000000000000 0000000000000000
0x00007f4754740220:   0000000000000001 000000003f800000
0x00007f4754740230:   00007f47547403d8 00007f4754740308
0x00007f4754740240:   00007f4754740308 00007f4758aa839f
0x00007f4754740250:   00007f4758a91dd0 00007f4700000000
0x00007f4754740260:   00007f47547403d8 00007f4754740308
0x00007f4754740270:   0000000000971b18 0000000000971b18
0x00007f4754740280:   0000000000971b58 0000000000971b58
0x00007f4754740290:   00007f47fffffffe 00007f4754740308
0x00007f47547402a0:   0000000000971b40 00007f47547402a8
0x00007f47547402b0:   00000000b85dfe60 00007f4754740390
0x00007f47547402c0:   00000000b8601668 0000000000000000
0x00007f47547402d0:   00000000b85dfe60 0000000000000000
0x00007f47547402e0:   00007f4754740308 00007f47547403d8
0x00007f47547402f0:   00007f4758a92929 0000000000000000
0x00007f4754740300:   00007f4758a9af57 000000003f800000
0x00007f4754740310:   0000000000000001 0000000000000000
0x00007f4754740320:   0000000000000000 0000000000000001
0x00007f4754740330:   0000000000000001 0000000000000000
0x00007f4754740340:   0000000000000000 0000000000000000
0x00007f4754740350:   0000000000000000 0000000000000000
0x00007f4754740360:   0000000000000000 0000000000000000 

Instructions: (pc=0x00007f4754b728a9)
0x00007f4754b72889:   44 0f b6 24 30 41 83 fc 0d 0f 87 42 01 00 00 4d
0x00007f4754b72899:   63 e4 49 8d 44 24 02 48 8b 2c c7 48 85 ed 74 27
0x00007f4754b728a9:   48 8b 55 00 48 89 14 c7 48 89 e8 48 8b 5c 24 08
0x00007f4754b728b9:   48 8b 6c 24 10 4c 8b 64 24 18 4c 8b 6c 24 20 48 

Register to memory mapping:

RAX=0x0000000000000008 is an unknown value
RBX=0x0000000000f9dab0 is an unknown value
RCX=0x0000000000000000 is an unknown value
RDX=0x0000000000f9dab0 is an unknown value
RSP=0x00007f4754740170 is pointing into the stack for thread: 0x00007f4750235000
RBP=0x6900130068000400 is an unknown value
RSI=0x00000000000000c0 is an unknown value
RDI=0x0000000000f9dab0 is an unknown value
R8 =0x0000000000000001 is an unknown value
R9 =0x0000000000000001 is an unknown value
R10=0x00007f475473ff10 is pointing into the stack for thread: 0x00007f4750235000
R11=0x00007f4754b72850: _ZN16b2BlockAllocator8AllocateEi+0 in /tmp/libgdx/3154261069/libgdx-64.so at 0x00007f4754b52000
R12=0x0000000000000006 is an unknown value
R13=0x00000000b85dfe60 is an oop
{method} 
 - klass: {other class}
R14=0x00007f4754740390 is pointing into the stack for thread: 0x00007f4750235000
R15=0x00007f4750235000 is a thread


Stack: [0x00007f4754641000,0x00007f4754742000],  sp=0x00007f4754740170,  free space=1020k
Native frames: (J=compiled Java code, j=interpreted, Vv=VM code, C=native code)
C  [libgdx-64.so+0x208a9]  b2BlockAllocator::Allocate(int)+0x59
