#
# A fatal error has been detected by the Java Runtime Environment:
#
#  EXCEPTION_ACCESS_VIOLATION (0xc0000005) at pc=0x0427c5b5, pid=3400, tid=5180
#
# JRE version: 6.0_26-b03
# Java VM: Java HotSpot(TM) Client VM (20.1-b02 mixed mode, sharing windows-x86 )
# Problematic frame:
# C  [OpenAL32.dll+0x1c5b5]
#
# If you would like to submit a bug report, please visit:
#   http://java.sun.com/webapps/bugreport/crash.jsp
#

---------------  T H R E A D  ---------------

Current thread (0x02afb000):  VMThread [stack: 0x02be0000,0x02c30000] [id=5180]

siginfo: ExceptionCode=0xc0000005, reading address 0x043de940

Registers:
EAX=0x043de940, EBX=0x00000000, ECX=0x042c4308, EDX=0x00000000
ESP=0x02c2fbcc, EBP=0x02c2fc50, ESI=0x042c42c8, EDI=0x00000000
EIP=0x0427c5b5, EFLAGS=0x00010202

Top of Stack: (sp=0x02c2fbcc)
0x02c2fbcc:   042d0048 042c4330 0426946e 042d0048
0x02c2fbdc:   042f8a98 00000000 042d0048 0426990f
0x02c2fbec:   042c4330 00000001 00000000 00000000
0x02c2fbfc:   04269a59 042d0048 04260000 04269a6b
0x02c2fc0c:   00000000 04269ae7 04281ac4 04260000
0x02c2fc1c:   00000000 00000001 e2775514 00000000
0x02c2fc2c:   02c2fc70 001a3870 00000001 02c2fc24
0x02c2fc3c:   02c2f7e0 02c2fcf0 042828f0 e49fa77c 

Instructions: (pc=0x0427c5b5)
0x0427c595:   33 ff 39 7e 10 74 32 ff 76 10 c7 46 0c 01 00 00
0x0427c5a5:   00 e8 33 26 ff ff 8b 46 08 59 89 7e 10 89 7e 0c
0x0427c5b5:   8b 08 50 ff 51 08 8b 46 04 89 7e 08 3b c7 74 06
0x0427c5c5:   8b 08 50 ff 51 08 89 7e 04 5f 5e c3 56 57 8b 7c 


Register to memory mapping:

EAX=
[error occurred during error reporting (printing register info), id 0xc0000005]

Stack: [0x02be0000,0x02c30000],  sp=0x02c2fbcc,  free space=318k
Native frames: (J=compiled Java code, j=interpreted, Vv=VM code, C=native code)
C  [OpenAL32.dll+0x1c5b5]
C  [OpenAL32.dll+0x21b6c]
C  [ntdll.dll+0x118a]  LdrInitializeThunk+0x24
C  [ntdll.dll+0x224ca]  RtlDestroyEnvironment+0x178
C  [kernel32.dll+0x1caae]  IsValidLocale+0x8eb
C  [kernel32.dll+0x1cb26]  ExitProcess+0x14
C  [msvcr71.dll+0x8d04]  exit+0x0
C  [msvcr71.dll+0x8d11]  exit+0xd
V  [jvm.dll+0x11da2d]
V  [jvm.dll+0x11cd4e]
V  [jvm.dll+0x11d070]
V  [jvm.dll+0x11d472]
V  [jvm.dll+0x1411ac]
C  [msvcr71.dll+0x9565]  endthreadex+0xa0
C  [kernel32.dll+0xb729]  GetModuleFileNameA+0x1ba

VM_Operation (0x048af9a0): Exit, mode: safepoint, requested by thread 0x02f20400


---------------  P R O C E S S  ---------------

Java Threads: ( => current thread )
  0x07110400 JavaThread "AWT-Shutdown" [_thread_blocked, id=3324, stack(0x08220000,0x08270000)]
  0x07150400 JavaThread "Java Sound Event Dispatcher" daemon [_thread_blocked, id=5344, stack(0x07880000,0x078d0000)]
  0x003a7400 JavaThread "DestroyJavaVM" [_thread_blocked, id=3352, stack(0x008c0000,0x00910000)]
  0x02f20400 JavaThread "LWJGL Application" [_thread_blocked, id=5172, stack(0x04860000,0x048b0000)]
  0x02e99800 JavaThread "Java2D Disposer" daemon [_thread_blocked, id=5408, stack(0x030f0000,0x03140000)]
  0x02b51000 JavaThread "Low Memory Detector" daemon [_thread_blocked, id=4976, stack(0x02dc0000,0x02e10000)]
  0x02b42400 JavaThread "C1 CompilerThread0" daemon [_thread_blocked, id=3964, stack(0x02d70000,0x02dc0000)]
  0x02b40c00 JavaThread "Attach Listener" daemon [_thread_blocked, id=4448, stack(0x02d20000,0x02d70000)]
  0x02b3bc00 JavaThread "Finalizer" daemon [_thread_blocked, id=3000, stack(0x02c80000,0x02cd0000)]
  0x02b37000 JavaThread "Reference Handler" daemon [_thread_blocked, id=4536, stack(0x02c30000,0x02c80000)]

Other Threads:
=>0x02afb000 VMThread [stack: 0x02be0000,0x02c30000] [id=5180]

VM state:at safepoint (shutting down)

VM Mutex/Monitor currently owned by a thread:  ([mutex/lock_event])
[0x003a62a0] Threads_lock - owner thread: 0x02afb000

Heap
 def new generation   total 16064K, used 10368K [0x22990000, 0x23af0000, 0x27ee0000)
  eden space 14336K,  68% used [0x22990000, 0x23338270, 0x23790000)
  from space 1728K,  27% used [0x23940000, 0x239b8100, 0x23af0000)
  to   space 1728K,   0% used [0x23790000, 0x23790000, 0x23940000)
 tenured generation   total 35528K, used 25497K [0x27ee0000, 0x2a192000, 0x32990000)
   the space 35528K,  71% used [0x27ee0000, 0x297c66c8, 0x297c6800, 0x2a192000)
 compacting perm gen  total 12288K, used 3715K [0x32990000, 0x33590000, 0x36990000)
   the space 12288K,  30% used [0x32990000, 0x32d30ee8, 0x32d31000, 0x33590000)
    ro space 10240K,  51% used [0x36990000, 0x36ebdff8, 0x36ebe000, 0x37390000)
    rw space 12288K,  55% used [0x37390000, 0x37a2c208, 0x37a2c400, 0x37f90000)

Code Cache  [0x00910000, 0x00a98000, 0x02910000)
 total_blobs=850 nmethods=572 adapters=214 free_code_cache=31954048 largest_free_block=0

Dynamic libraries:
0x00400000 - 0x00424000 	C:\Programme\Java\jre6\bin\javaw.exe
0x7c910000 - 0x7c9c9000 	C:\WINDOWS\system32\ntdll.dll
0x7c800000 - 0x7c908000 	C:\WINDOWS\system32\kernel32.dll
0x77da0000 - 0x77e4a000 	C:\WINDOWS\system32\ADVAPI32.dll
0x77e50000 - 0x77ee3000 	C:\WINDOWS\system32\RPCRT4.dll
0x77fc0000 - 0x77fd1000 	C:\WINDOWS\system32\Secur32.dll
0x7e360000 - 0x7e3f1000 	C:\WINDOWS\system32\USER32.dll
0x77ef0000 - 0x77f39000 	C:\WINDOWS\system32\GDI32.dll
0x76330000 - 0x7634d000 	C:\WINDOWS\system32\IMM32.DLL
0x7c340000 - 0x7c396000 	C:\Programme\Java\jre6\bin\msvcr71.dll
0x6d7f0000 - 0x6da9f000 	C:\Programme\Java\jre6\bin\client\jvm.dll
0x76af0000 - 0x76b1e000 	C:\WINDOWS\system32\WINMM.dll
0x6d7a0000 - 0x6d7ac000 	C:\Programme\Java\jre6\bin\verify.dll
0x6d320000 - 0x6d33f000 	C:\Programme\Java\jre6\bin\java.dll
0x76bb0000 - 0x76bbb000 	C:\WINDOWS\system32\PSAPI.DLL
0x6d7e0000 - 0x6d7ef000 	C:\Programme\Java\jre6\bin\zip.dll
0x6d000000 - 0x6d14b000 	C:\Programme\Java\jre6\bin\awt.dll
0x72f70000 - 0x72f96000 	C:\WINDOWS\system32\WINSPOOL.DRV
0x77be0000 - 0x77c38000 	C:\WINDOWS\system32\msvcrt.dll
0x774b0000 - 0x775ee000 	C:\WINDOWS\system32\ole32.dll
0x773a0000 - 0x774a3000 	C:\WINDOWS\WinSxS\x86_Microsoft.Windows.Common-Controls_6595b64144ccf1df_6.0.2600.6028_x-ww_61e65202\COMCTL32.dll
0x77f40000 - 0x77fb6000 	C:\WINDOWS\system32\SHLWAPI.dll
0x5b0f0000 - 0x5b128000 	C:\WINDOWS\system32\uxtheme.dll
0x6d230000 - 0x6d27f000 	C:\Programme\Java\jre6\bin\fontmanager.dll
0x746a0000 - 0x746ec000 	C:\WINDOWS\system32\MSCTF.dll
0x75250000 - 0x7527e000 	C:\WINDOWS\system32\msctfime.ime
0x77bd0000 - 0x77bd8000 	C:\WINDOWS\system32\VERSION.dll
0x6e6c0000 - 0x6e73b000 	C:\Dokumente und Einstellungen\Vatl\Lokale Einstellungen\Temp\libgdx\3154261069\gdx.dll
0x10000000 - 0x1004b000 	C:\Dokumente und Einstellungen\Vatl\Lokale Einstellungen\Temp\libgdx\3154261069\lwjgl.dll
0x5f0d0000 - 0x5f19c000 	C:\WINDOWS\system32\OPENGL32.dll
0x68fc0000 - 0x68fe0000 	C:\WINDOWS\system32\GLU32.dll
0x736d0000 - 0x7371b000 	C:\WINDOWS\system32\DDRAW.dll
0x73b30000 - 0x73b36000 	C:\WINDOWS\system32\DCIMAN32.dll
0x04260000 - 0x042b0000 	C:\DOKUME~1\Vatl\LOKALE~1\Temp\libgdx\3154261069\OpenAL32.dll
0x7e670000 - 0x7ee91000 	C:\WINDOWS\system32\SHELL32.dll
0x73e70000 - 0x73ecc000 	C:\WINDOWS\system32\dsound.dll
0x76bf0000 - 0x76c1e000 	C:\WINDOWS\system32\WINTRUST.dll
0x77a50000 - 0x77ae6000 	C:\WINDOWS\system32\CRYPT32.dll
0x77af0000 - 0x77b02000 	C:\WINDOWS\system32\MSASN1.dll
0x76c50000 - 0x76c78000 	C:\WINDOWS\system32\IMAGEHLP.dll
0x72c90000 - 0x72c99000 	C:\WINDOWS\system32\wdmaud.drv
0x72c80000 - 0x72c88000 	C:\WINDOWS\system32\msacm32.drv
0x77bb0000 - 0x77bc5000 	C:\WINDOWS\system32\MSACM32.dll
0x77ba0000 - 0x77ba7000 	C:\WINDOWS\system32\midimap.dll
0x73e40000 - 0x73e44000 	C:\WINDOWS\system32\KsUser.dll
0x69030000 - 0x69bcd000 	C:\WINDOWS\system32\atioglxx.dll
0x71a10000 - 0x71a27000 	C:\WINDOWS\system32\WS2_32.dll
0x71a00000 - 0x71a08000 	C:\WINDOWS\system32\WS2HELP.dll
0x03170000 - 0x0318f000 	C:\WINDOWS\system32\atiadlxx.dll
0x778f0000 - 0x779e4000 	C:\WINDOWS\system32\SETUPAPI.dll
0x78130000 - 0x781cb000 	C:\WINDOWS\WinSxS\x86_Microsoft.VC80.CRT_1fc8b3b9a1e18e3b_8.0.50727.4053_x-ww_e6967989\MSVCR80.dll
0x73aa0000 - 0x73ab5000 	C:\WINDOWS\system32\mscms.dll
0x58d90000 - 0x58dd1000 	C:\WINDOWS\system32\icm32.dll
0x6d510000 - 0x6d535000 	C:\Programme\Java\jre6\bin\jsound.dll
0x6d540000 - 0x6d548000 	C:\Programme\Java\jre6\bin\jsoundds.dll
0x770f0000 - 0x7717b000 	C:\WINDOWS\system32\OLEAUT32.DLL
0x04a90000 - 0x04a9f000 	C:\Programme\ThinkPad\Bluetooth Software\btkeyind.dll
0x59dd0000 - 0x59e71000 	C:\WINDOWS\system32\dbghelp.dll

VM Arguments:
jvm_args: -Dfile.encoding=Cp1252 
java_command: com.jumpandrun.DesktopStarter
Launcher Type: SUN_STANDARD

Environment Variables:
CLASSPATH=.;C:\Programme\Java\jre6\lib\ext\QTJava.zip
PATH=C:\Programme\Gemeinsame Dateien\Apple\Apple Application Support\;C:\Programme\Gemeinsame Dateien\Apple\Apple Application Support\;C:/Programme/Java/jre6/bin/client;C:/Programme/Java/jre6/bin;C:/Programme/Java/jre6/lib/i386;C:\Programme\Gemeinsame Dateien\Apple\Apple Application Support\;C:\Programme\Gemeinsame Dateien\Apple\Apple Application Support\;C:\Programme\ThinkPad\Utilities;C:\WINDOWS\system32;C:\WINDOWS;C:\WINDOWS\System32\Wbem;C:\Programme\Intel\Wireless\Bin\;C:\Programme\ATI Technologies\ATI Control Panel;C:\IBMTOOLS\Python22;C:\Programme\Gemeinsame Dateien\DivX Shared\;C:\Programme\Gemeinsame Dateien\Acronis\SnapAPI\;C:\Programme\Gemeinsame Dateien\Lenovo;C:\Programme\ATI Technologies\ATI.ACE\Core-Static;C:\Programme\Gemeinsame Dateien\Adobe\AGL;C:\Programme\QuickTime\QTSystem\;C:\Dokumente und Einstellungen\Vatl\Desktop\e2\eclipse;
USERNAME=Vatl
OS=Windows_NT
PROCESSOR_IDENTIFIER=x86 Family 6 Model 13 Stepping 8, GenuineIntel



---------------  S Y S T E M  ---------------

OS: Windows XP Build 2600 Service Pack 3

CPU:total 1 (1 cores per cpu, 1 threads per core) family 6 model 13 stepping 8, cmov, cx8, fxsr, mmx, sse, sse2

Memory: 4k page, physical 2095536k(799868k free), swap 9103916k(7661548k free)

vm_info: Java HotSpot(TM) Client VM (20.1-b02) for windows-x86 JRE (1.6.0_26-b03), built on May  4 2011 00:50:59 by "java_re" with MS VC++ 7.1 (VS2003)

time: Tue Jul 26 20:32:52 2011
elapsed time: 54 seconds

