#
# A fatal error has been detected by the Java Runtime Environment:
#
#  SIGSEGV (0xb) at pc=0x00007f665d3adc3a, pid=12193, tid=140077622974208
#
# JRE version: 6.0_22-b22
# Java VM: OpenJDK 64-Bit Server VM (20.0-b11 mixed mode linux-amd64 compressed oops)
# Derivative: IcedTea6 1.10.2
# Distribution: Ubuntu 11.04, package 6b22-1.10.2-0ubuntu1~11.04.1
# Problematic frame:
# C  [libgdx-64.so+0x47c3a]  b2World::DestroyBody(b2Body*)+0x4a
#
# If you would like to submit a bug report, please include
# instructions how to reproduce the bug and visit:
#   https://bugs.launchpad.net/ubuntu/+source/openjdk-6/
# The crash happened outside the Java Virtual Machine in native code.
# See problematic frame for where to report the bug.
#

---------------  T H R E A D  ---------------

Current thread (0x00007f66582ff800):  JavaThread "LWJGL Application" [_thread_in_native, id=12223, stack(0x00007f665ce55000,0x00007f665cf56000)]

siginfo:si_signo=SIGSEGV: si_errno=0, si_code=128 (), si_addr=0x0000000000000000

Registers:
RAX=0x0000000000000076, RBX=0xfeffffff424c0000, RCX=0x00007f665828a030, RDX=0x000000000199f5f0
RSP=0x00007f665cf54680, RBP=0x000000000199f5f0, RSI=0x00007f665828a030, RDI=0x0000000000000000
R8 =0x00007f66666c89a8, R9 =0x0000000000000002, R10=0x00007f665cf54420, R11=0x00007f665d3adbf0
R12=0x0000000000000000, R13=0x00007f665828a030, R14=0x00007f665cf54758, R15=0x00007f66582ff800
RIP=0x00007f665d3adc3a, EFLAGS=0x0000000000010286, CSGSFS=0x0000000000000033, ERR=0x0000000000000000
  TRAPNO=0x000000000000000d

Top of Stack: (sp=0x00007f665cf54680)
0x00007f665cf54680:   00000000b85e2248 00007f665cf54718
0x00007f665cf54690:   0000000000000000 00000000b85e2248
0x00007f665cf546a0:   00007f665cf54758 00007f66612b1d68
0x00007f665cf546b0:   00007f6658081e18 00007f6658081e18
0x00007f665cf546c0:   00007f66fffffffe 00007f6658081e38
0x00007f665cf546d0:   00007f660000001b 00007f665cf546d8
0x00007f665cf546e0:   00000000b85e2248 00007f665cf54758
0x00007f665cf546f0:   00000000b8603580 0000000000000000
0x00007f665cf54700:   00000000b85e2248 0000000000000000
0x00007f665cf54710:   00007f665cf54738 00007f665cf547a0
0x00007f665cf54720:   00007f66612a685a 0000000000000000
0x00007f665cf54730:   00007f66612aef58 00007f665828a030
0x00007f665cf54740:   00000000eb72fbb8 000000000199f5f0
0x00007f665cf54750:   00000000ebeb5348 00000000ebeb5348
0x00007f665cf54760:   00007f665cf54760 00000000b85e2132
0x00007f665cf54770:   00007f665cf547c0 00000000b8603580
0x00007f665cf54780:   0000000000000000 00000000b85e2188
0x00007f665cf54790:   00007f665cf54738 00007f665cf547d0
0x00007f665cf547a0:   00000000eb72fbb8 00007f666130bda0
0x00007f665cf547b0:   0000000000000000 00000000eb72fbb8
0x00007f665cf547c0:   00000000ebeb5348 00007f666130bda0
0x00007f665cf547d0:   ebeb534800000000 00000000ec70d170
0x00007f665cf547e0:   00007f66613a0b58 0000000000000000
0x00007f665cf547f0:   00000000ebeb3bf0 00007f66613a0f20
0x00007f665cf54800:   00000000ec70d170 000000013bd83a1e
0x00007f665cf54810:   00000000ebf87940 00000000ec70d158
0x00007f665cf54820:   00000000ec70d170 0000000000000000
0x00007f665cf54830:   00000000b7c32c28 0000000000000000
0x00007f665cf54840:   00007f665cf548b0 00007f66612a685a
0x00007f665cf54850:   00007f665cf548b0 00007f66612a685a
0x00007f665cf54860:   00007f663bd83a1e 00000000ec70d170
0x00007f665cf54870:   00007f665cf54870 00000000b8573e7f 

Instructions: (pc=0x00007f665d3adc3a)
0x00007f665d3adc1a:   8b 9e 88 00 00 00 48 85 db 75 0e eb 37 66 0f 1f
0x00007f665d3adc2a:   84 00 00 00 00 00 4c 89 e3 48 8b bd 50 93 01 00
0x00007f665d3adc3a:   4c 8b 63 18 48 85 ff 74 0a 48 8b 07 48 8b 73 08
0x00007f665d3adc4a:   ff 50 10 48 8b 73 08 48 89 ef e8 7f 1d fd ff 4d 

Register to memory mapping:

RAX=0x0000000000000076 is an unknown value
RBX=0xfeffffff424c0000 is an unknown value
RCX=0x00007f665828a030 is an unknown value
RDX=0x000000000199f5f0 is an unknown value
RSP=0x00007f665cf54680 is pointing into the stack for thread: 0x00007f66582ff800
RBP=0x000000000199f5f0 is an unknown value
RSI=0x00007f665828a030 is an unknown value
RDI=0x0000000000000000 is an unknown value
R8 =0x00007f66666c89a8: <offset 0xbfb9a8> in /usr/lib/jvm/java-6-openjdk/jre/lib/amd64/server/libjvm.so at 0x00007f6665acd000
R9 =0x0000000000000002 is an unknown value
R10=0x00007f665cf54420 is pointing into the stack for thread: 0x00007f66582ff800
R11=0x00007f665d3adbf0: _ZN7b2World11DestroyBodyEP6b2Body+0 in /tmp/libgdx/3154261069/libgdx-64.so at 0x00007f665d366000
R12=0x0000000000000000 is an unknown value
R13=0x00007f665828a030 is an unknown value
R14=0x00007f665cf54758 is pointing into the stack for thread: 0x00007f66582ff800
R15=0x00007f66582ff800 is a thread


Stack: [0x00007f665ce55000,0x00007f665cf56000],  sp=0x00007f665cf54680,  free space=1021k
Native frames: (J=compiled Java code, j=interpreted, Vv=VM code, C=native code)
C  [libgdx-64.so+0x47c3a]  b2World::DestroyBody(b2Body*)+0x4a

Java frames: (J=compiled Java code, j=interpreted, Vv=VM code)
j  com.badlogic.gdx.physics.box2d.World.jniDestroyBody(JJ)V+0
j  com.badlogic.gdx.physics.box2d.World.destroyBody(Lcom/badlogic/gdx/physics/box2d/Body;)V+106
J  com.jumpandrun.GameInstance.removeKilled()V
J  com.jumpandrun.GameInstance.physicStuff(F)V
j  com.jumpandrun.GameScreen.render(F)V+583
j  com.badlogic.gdx.Game.render()V+19
j  com.badlogic.gdx.backends.lwjgl.LwjglApplication.mainLoop()V+334
j  com.badlogic.gdx.backends.lwjgl.LwjglApplication.access$000(Lcom/badlogic/gdx/backends/lwjgl/LwjglApplication;)V+1
j  com.badlogic.gdx.backends.lwjgl.LwjglApplication$1.run()V+27
v  ~StubRoutines::call_stub

---------------  P R O C E S S  ---------------

Java Threads: ( => current thread )
  0x0000000001998000 JavaThread "PulseAudio Eventloop Thread" daemon [_thread_in_native, id=12238, stack(0x00007f664e09b000,0x00007f664e19c000)]
  0x0000000001984000 JavaThread "Thread-2" [_thread_blocked, id=12232, stack(0x00007f665c03e000,0x00007f665c13f000)]
  0x00007f6658300800 JavaThread "DestroyJavaVM" [_thread_blocked, id=12194, stack(0x00007f66673a4000,0x00007f66674a5000)]
=>0x00007f66582ff800 JavaThread "LWJGL Application" [_thread_in_native, id=12223, stack(0x00007f665ce55000,0x00007f665cf56000)]
  0x00000000016cf800 JavaThread "AWT-XAWT" daemon [_thread_in_native, id=12214, stack(0x00007f665d6c6000,0x00007f665d7c7000)]
  0x0000000001512000 JavaThread "Java2D Disposer" daemon [_thread_blocked, id=12213, stack(0x00007f665daad000,0x00007f665dbae000)]
  0x00007f6658003800 JavaThread "Low Memory Detector" daemon [_thread_blocked, id=12211, stack(0x00007f665f8be000,0x00007f665f9bf000)]
  0x0000000001452800 JavaThread "C2 CompilerThread1" daemon [_thread_blocked, id=12210, stack(0x00007f665f9bf000,0x00007f665fac0000)]
  0x000000000144f800 JavaThread "C2 CompilerThread0" daemon [_thread_blocked, id=12209, stack(0x00007f665fac0000,0x00007f665fbc1000)]
  0x0000000001441000 JavaThread "Signal Dispatcher" daemon [_thread_blocked, id=12208, stack(0x00007f665fbc1000,0x00007f665fcc2000)]
  0x000000000142f000 JavaThread "Finalizer" daemon [_thread_blocked, id=12207, stack(0x00007f66600ca000,0x00007f66601cb000)]
  0x0000000001427800 JavaThread "Reference Handler" daemon [_thread_blocked, id=12206, stack(0x00007f66601cb000,0x00007f66602cc000)]

Other Threads:
  0x0000000001420800 VMThread [stack: 0x00007f66602cc000,0x00007f66603cd000] [id=12205]
  0x000000000145e800 WatcherThread [stack: 0x00007f665f7bd000,0x00007f665f8be000] [id=12212]

VM state:not at safepoint (normal execution)

VM Mutex/Monitor currently owned by a thread: None

Heap
 PSYoungGen      total 18432K, used 13527K [0x00000000eb600000, 0x00000000eda00000, 0x0000000100000000)
  eden space 15808K, 73% used [0x00000000eb600000,0x00000000ec1542b8,0x00000000ec570000)
  from space 2624K, 73% used [0x00000000ec570000,0x00000000ec751c78,0x00000000ec800000)
  to   space 2624K, 0% used [0x00000000ed770000,0x00000000ed770000,0x00000000eda00000)
 PSOldGen        total 72896K, used 69326K [0x00000000c2200000, 0x00000000c6930000, 0x00000000eb600000)
  object space 72896K, 95% used [0x00000000c2200000,0x00000000c65b3850,0x00000000c6930000)
 PSPermGen       total 21248K, used 13168K [0x00000000b7c00000, 0x00000000b90c0000, 0x00000000c2200000)
  object space 21248K, 61% used [0x00000000b7c00000,0x00000000b88dc230,0x00000000b90c0000)

Code Cache  [0x00007f66612a1000, 0x00007f6661511000, 0x00007f66642a1000)
 total_blobs=791 nmethods=250 adapters=495 free_code_cache=49107520 largest_free_block=12288

Dynamic libraries:
00400000-00409000 r-xp 00000000 08:05 1597353                            /usr/lib/jvm/java-6-openjdk/jre/bin/java
00608000-00609000 r--p 00008000 08:05 1597353                            /usr/lib/jvm/java-6-openjdk/jre/bin/java
00609000-0060a000 rw-p 00009000 08:05 1597353                            /usr/lib/jvm/java-6-openjdk/jre/bin/java
013ae000-02920000 rw-p 00000000 00:00 0                                  [heap]
40030000-40032000 r-xs 00000000 08:05 525997                             /tmp/gleSNtWy (deleted)
40402000-4047c000 rw-p 00000000 00:00 0 
b7c00000-b90c0000 rw-p 00000000 00:00 0 
b90c0000-c2200000 rw-p 00000000 00:00 0 
c2200000-c6930000 rw-p 00000000 00:00 0 
c6930000-eb600000 rw-p 00000000 00:00 0 
eb600000-eda00000 rw-p 00000000 00:00 0 
eda00000-100000000 rw-p 00000000 00:00 0 
7f6645ba5000-7f6649ba6000 rw-s 00000000 00:10 488153                     /dev/shm/pulse-shm-1380467782
7f6649ba6000-7f6649ba7000 ---p 00000000 00:00 0 
7f6649ba7000-7f664a3a7000 rw-p 00000000 00:00 0 
7f664c469000-7f664d241000 rw-p 00000000 00:00 0 
7f664de9a000-7f664df9a000 rw-s 59809000 00:05 6951                       /dev/nvidia0
7f664df9a000-7f664e01a000 rw-s 59631000 00:05 6951                       /dev/nvidia0
7f664e01a000-7f664e09b000 rw-p 00000000 00:00 0 
7f664e09b000-7f664e09e000 ---p 00000000 00:00 0 
7f664e09e000-7f664e19c000 rw-p 00000000 00:00 0 
7f664e19c000-7f664e1a7000 r-xp 00000000 08:05 1597424                    /usr/lib/jvm/java-6-openjdk/jre/lib/amd64/libpulse-java.so
7f664e1a7000-7f664e3a6000 ---p 0000b000 08:05 1597424                    /usr/lib/jvm/java-6-openjdk/jre/lib/amd64/libpulse-java.so
7f664e3a6000-7f664e3a7000 r--p 0000a000 08:05 1597424                    /usr/lib/jvm/java-6-openjdk/jre/lib/amd64/libpulse-java.so
7f664e3a7000-7f664e3a8000 rw-p 0000b000 08:05 1597424                    /usr/lib/jvm/java-6-openjdk/jre/lib/amd64/libpulse-java.so
7f664e3a8000-7f664e3ad000 r-xp 00000000 08:05 1577007                    /usr/lib/alsa-lib/libasound_module_pcm_pulse.so
7f664e3ad000-7f664e5ad000 ---p 00005000 08:05 1577007                    /usr/lib/alsa-lib/libasound_module_pcm_pulse.so
7f664e5ad000-7f664e5ae000 r--p 00005000 08:05 1577007                    /usr/lib/alsa-lib/libasound_module_pcm_pulse.so
7f664e5ae000-7f664e5af000 rw-p 00006000 08:05 1577007                    /usr/lib/alsa-lib/libasound_module_pcm_pulse.so
7f664e5af000-7f664e693000 r-xp 00000000 08:05 1571897                    /usr/lib/libasound.so.2.0.0
7f664e693000-7f664e893000 ---p 000e4000 08:05 1571897                    /usr/lib/libasound.so.2.0.0
7f664e893000-7f664e899000 r--p 000e4000 08:05 1571897                    /usr/lib/libasound.so.2.0.0
7f664e899000-7f664e89a000 rw-p 000ea000 08:05 1571897                    /usr/lib/libasound.so.2.0.0
7f664e89a000-7f664e8a9000 r-xp 00000000 08:05 1597422                    /usr/lib/jvm/java-6-openjdk/jre/lib/amd64/libjsoundalsa.so
7f664e8a9000-7f664eaa8000 ---p 0000f000 08:05 1597422                    /usr/lib/jvm/java-6-openjdk/jre/lib/amd64/libjsoundalsa.so
7f664eaa8000-7f664eaa9000 r--p 0000e000 08:05 1597422                    /usr/lib/jvm/java-6-openjdk/jre/lib/amd64/libjsoundalsa.so
7f664eaa9000-7f664eaaa000 rw-p 0000f000 08:05 1597422                    /usr/lib/jvm/java-6-openjdk/jre/lib/amd64/libjsoundalsa.so
7f664eaaa000-7f664eaab000 r-xp 00000000 08:05 1597377                    /usr/lib/jvm/java-6-openjdk/jre/lib/amd64/libjsound.so
7f664eaab000-7f664ecaa000 ---p 00001000 08:05 1597377                    /usr/lib/jvm/java-6-openjdk/jre/lib/amd64/libjsound.so
7f664ecaa000-7f664ecab000 r--p 00000000 08:05 1597377                    /usr/lib/jvm/java-6-openjdk/jre/lib/amd64/libjsound.so
7f664ecab000-7f664ecac000 rw-p 00001000 08:05 1597377                    /usr/lib/jvm/java-6-openjdk/jre/lib/amd64/libjsound.so
7f664ecac000-7f664eeac000 rw-s 595b1000 00:05 6951                       /dev/nvidia0
7f664eeac000-7f664efac000 rw-s b63dc000 00:05 6951                       /dev/nvidia0
7f664efac000-7f664f02a000 rw-p 00000000 00:00 0 
7f664f02b000-7f664f046000 rw-s 117ca0000 00:05 6951                      /dev/nvidia0
7f664f046000-7f665061b000 r-xp 00000000 08:05 728                        /usr/lib/nvidia-current/libnvidia-glcore.so.275.19
7f665061b000-7f665081b000 ---p 015d5000 08:05 728                        /usr/lib/nvidia-current/libnvidia-glcore.so.275.19
7f665081b000-7f6650e56000 rwxp 015d5000 08:05 728                        /usr/lib/nvidia-current/libnvidia-glcore.so.275.19
7f6650e56000-7f6650e6e000 rwxp 00000000 00:00 0 
7f6650e6e000-7f6650e71000 r-xp 00000000 08:05 718                        /usr/lib/nvidia-current/tls/libnvidia-tls.so.275.19
7f6650e71000-7f6651070000 ---p 00003000 08:05 718                        /usr/lib/nvidia-current/tls/libnvidia-tls.so.275.19
7f6651070000-7f6651071000 rw-p 00002000 08:05 718                        /usr/lib/nvidia-current/tls/libnvidia-tls.so.275.19
7f6651071000-7f6651131000 r-xp 00000000 08:05 768                        /usr/lib/nvidia-current/libGL.so.275.19
7f6651131000-7f6651330000 ---p 000c0000 08:05 768                        /usr/lib/nvidia-current/libGL.so.275.19
7f6651330000-7f665136b000 rwxp 000bf000 08:05 768                        /usr/lib/nvidia-current/libGL.so.275.19
7f665136b000-7f6651381000 rwxp 00000000 00:00 0 
7f6651381000-7f6651382000 ---p 00000000 00:00 0 
7f6651382000-7f6651b82000 rw-p 00000000 00:00 0 
7f6651b82000-7f6655b83000 rw-s 00000000 00:10 489280                     /dev/shm/pulse-shm-2099772393
7f6655b83000-7f6655b84000 ---p 00000000 00:00 0 
7f6655b84000-7f6656384000 rw-p 00000000 00:00 0 
7f6656384000-7f665638a000 r-xp 00000000 08:05 1573092                    /usr/lib/libogg.so.0.7.0
7f665638a000-7f6656589000 ---p 00006000 08:05 1573092                    /usr/lib/libogg.so.0.7.0
7f6656589000-7f665658a000 r--p 00005000 08:05 1573092                    /usr/lib/libogg.so.0.7.0
7f665658a000-7f665658b000 rw-p 00006000 08:05 1573092                    /usr/lib/libogg.so.0.7.0
7f665658b000-7f66565b6000 r-xp 00000000 08:05 1582648                    /usr/lib/libvorbis.so.0.4.5
7f66565b6000-7f66567b5000 ---p 0002b000 08:05 1582648                    /usr/lib/libvorbis.so.0.4.5
7f66567b5000-7f66567b6000 r--p 0002a000 08:05 1582648                    /usr/lib/libvorbis.so.0.4.5
7f66567b6000-7f66567b7000 rw-p 0002b000 08:05 1582648                    /usr/lib/libvorbis.so.0.4.5
7f66567b7000-7f6656a6a000 r-xp 00000000 08:05 1573212                    /usr/lib/libvorbisenc.so.2.0.8
7f6656a6a000-7f6656c69000 ---p 002b3000 08:05 1573212                    /usr/lib/libvorbisenc.so.2.0.8
7f6656c69000-7f6656c85000 r--p 002b2000 08:05 1573212                    /usr/lib/libvorbisenc.so.2.0.8
7f6656c85000-7f6656c86000 rw-p 002ce000 08:05 1573212                    /usr/lib/libvorbisenc.so.2.0.8
7f6656c86000-7f6656cce000 r-xp 00000000 08:05 1570101                    /usr/lib/libFLAC.so.8.2.0
7f6656cce000-7f6656ece000 ---p 00048000 08:05 1570101                    /usr/lib/libFLAC.so.8.2.0
7f6656ece000-7f6656ecf000 r--p 00048000 08:05 1570101                    /usr/lib/libFLAC.so.8.2.0
7f6656ecf000-7f6656ed0000 rw-p 00049000 08:05 1570101                    /usr/lib/libFLAC.so.8.2.0
7f6656ed0000-7f6656f31000 r-xp 00000000 08:05 1574433                    /usr/lib/libsndfile.so.1.0.23
7f6656f31000-7f6657131000 ---p 00061000 08:05 1574433                    /usr/lib/libsndfile.so.1.0.23
7f6657131000-7f6657133000 r--p 00061000 08:05 1574433                    /usr/lib/libsndfile.so.1.0.23
7f6657133000-7f6657134000 rw-p 00063000 08:05 1574433                    /usr/lib/libsndfile.so.1.0.23
7f6657134000-7f6657138000 rw-p 00000000 00:00 0 
7f6657138000-7f6657140000 r-xp 00000000 08:05 538930                     /lib/libwrap.so.0.7.6
7f6657140000-7f6657340000 ---p 00008000 08:05 538930                     /lib/libwrap.so.0.7.6
7f6657340000-7f6657341000 r--p 00008000 08:05 538930                     /lib/libwrap.so.0.7.6
7f6657341000-7f6657342000 rw-p 00009000 08:05 538930                     /lib/libwrap.so.0.7.6
7f6657342000-7f6657343000 rw-p 00000000 00:00 0 
7f6657343000-7f6657347000 r-xp 00000000 08:05 534738                     /lib/x86_64-linux-gnu/libuuid.so.1.3.0
7f6657347000-7f6657546000 ---p 00004000 08:05 534738                     /lib/x86_64-linux-gnu/libuuid.so.1.3.0
7f6657546000-7f6657547000 r--p 00003000 08:05 534738                     /lib/x86_64-linux-gnu/libuuid.so.1.3.0
7f6657547000-7f6657548000 rw-p 00004000 08:05 534738                     /lib/x86_64-linux-gnu/libuuid.so.1.3.0
7f6657548000-7f665758a000 r-xp 00000000 08:05 525819                     /lib/x86_64-linux-gnu/libdbus-1.so.3.5.4
7f665758a000-7f665778a000 ---p 00042000 08:05 525819                     /lib/x86_64-linux-gnu/libdbus-1.so.3.5.4
7f665778a000-7f665778b000 r--p 00042000 08:05 525819                     /lib/x86_64-linux-gnu/libdbus-1.so.3.5.4
7f665778b000-7f665778c000 rw-p 00043000 08:05 525819                     /lib/x86_64-linux-gnu/libdbus-1.so.3.5.4
7f665778c000-7f66577d7000 r-xp 00000000 08:05 1580900                    /usr/lib/libpulsecommon-0.9.22.so
7f66577d7000-7f66579d6000 ---p 0004b000 08:05 1580900                    /usr/lib/libpulsecommon-0.9.22.so
7f66579d6000-7f66579d7000 r--p 0004a000 08:05 1580900                    /usr/lib/libpulsecommon-0.9.22.so
7f66579d7000-7f66579d8000 rw-p 0004b000 08:05 1580900                    /usr/lib/libpulsecommon-0.9.22.so
7f66579d8000-7f66579db000 r-xp 00000000 08:05 1573582                    /usr/lib/libxcb-atom.so.1.0.0
7f66579db000-7f6657bdb000 ---p 00003000 08:05 1573582                    /usr/lib/libxcb-atom.so.1.0.0
7f6657bdb000-7f6657bdc000 r--p 00003000 08:05 1573582                    /usr/lib/libxcb-atom.so.1.0.0
7f6657bdc000-7f6657bdd000 rw-p 00004000 08:05 1573582                    /usr/lib/libxcb-atom.so.1.0.0
7f6657bdd000-7f6657be4000 r-xp 00000000 08:05 1578963                    /usr/lib/x86_64-linux-gnu/libSM.so.6.0.1
7f6657be4000-7f6657de3000 ---p 00007000 08:05 1578963                    /usr/lib/x86_64-linux-gnu/libSM.so.6.0.1
7f6657de3000-7f6657de4000 r--p 00006000 08:05 1578963                    /usr/lib/x86_64-linux-gnu/libSM.so.6.0.1
7f6657de4000-7f6657de5000 rw-p 00007000 08:05 1578963                    /usr/lib/x86_64-linux-gnu/libSM.so.6.0.1
7f6657de5000-7f6657dfb000 r-xp 00000000 08:05 1571606                    /usr/lib/x86_64-linux-gnu/libICE.so.6.3.0
7f6657dfb000-7f6657ffb000 ---p 00016000 08:05 1571606                    /usr/lib/x86_64-linux-gnu/libICE.so.6.3.0
7f6657ffb000-7f6657ffc000 r--p 00016000 08:05 1571606                    /usr/lib/x86_64-linux-gnu/libICE.so.6.3.0
7f6657ffc000-7f6657ffd000 rw-p 00017000 08:05 1571606                    /usr/lib/x86_64-linux-gnu/libICE.so.6.3.0
7f6657ffd000-7f6658000000 rw-p 00000000 00:00 0 
7f6658000000-7f665a490000 rw-p 00000000 00:00 0 
7f665a490000-7f665c000000 ---p 00000000 00:00 0 
7f665c03e000-7f665c041000 ---p 00000000 00:00 0 
7f665c041000-7f665c13f000 rw-p 00000000 00:00 0 
7f665c13f000-7f665c140000 r-xp 00000000 08:05 1570508                    /usr/lib/x86_64-linux-gnu/libX11-xcb.so.1.0.0
7f665c140000-7f665c33f000 ---p 00001000 08:05 1570508                    /usr/lib/x86_64-linux-gnu/libX11-xcb.so.1.0.0
7f665c33f000-7f665c340000 r--p 00000000 08:05 1570508                    /usr/lib/x86_64-linux-gnu/libX11-xcb.so.1.0.0
7f665c340000-7f665c341000 rw-p 00001000 08:05 1570508                    /usr/lib/x86_64-linux-gnu/libX11-xcb.so.1.0.0
7f665c341000-7f665c381000 r-xp 00000000 08:05 1573921                    /usr/lib/libpulse.so.0.12.3
7f665c381000-7f665c580000 ---p 00040000 08:05 1573921                    /usr/lib/libpulse.so.0.12.3
7f665c580000-7f665c581000 r--p 0003f000 08:05 1573921                    /usr/lib/libpulse.so.0.12.3
7f665c581000-7f665c582000 rw-p 00040000 08:05 1573921                    /usr/lib/libpulse.so.0.12.3
7f665c582000-7f665c5ce000 r-xp 00000000 08:05 525790                     /tmp/libgdx/3154261069/libopenal64.so
7f665c5ce000-7f665c7cd000 ---p 0004c000 08:05 525790                     /tmp/libgdx/3154261069/libopenal64.so
7f665c7cd000-7f665c7cf000 r--p 0004b000 08:05 525790                     /tmp/libgdx/3154261069/libopenal64.so
7f665c7cf000-7f665c7d0000 rw-p 0004d000 08:05 525790                     /tmp/libgdx/3154261069/libopenal64.so
7f665c7d0000-7f665c7d1000 rw-p 00000000 00:00 0 
7f665c7d1000-7f665c7d2000 r-xp 00000000 08:05 1597389                    /usr/lib/jvm/java-6-openjdk/jre/lib/amd64/libjawt.so
7f665c7d2000-7f665c9d1000 ---p 00001000 08:05 1597389                    /usr/lib/jvm/java-6-openjdk/jre/lib/amd64/libjawt.so
7f665c9d1000-7f665c9d2000 r--p 00000000 08:05 1597389                    /usr/lib/jvm/java-6-openjdk/jre/lib/amd64/libjawt.so
7f665c9d2000-7f665c9d3000 rw-p 00001000 08:05 1597389                    /usr/lib/jvm/java-6-openjdk/jre/lib/amd64/libjawt.so
7f665c9d3000-7f665c9d8000 r-xp 00000000 08:05 1581972                    /usr/lib/x86_64-linux-gnu/libXxf86vm.so.1.0.0
7f665c9d8000-7f665cbd7000 ---p 00005000 08:05 1581972                    /usr/lib/x86_64-linux-gnu/libXxf86vm.so.1.0.0
7f665cbd7000-7f665cbd8000 r--p 00004000 08:05 1581972                    /usr/lib/x86_64-linux-gnu/libXxf86vm.so.1.0.0
7f665cbd8000-7f665cbd9000 rw-p 00005000 08:05 1581972                    /usr/lib/x86_64-linux-gnu/libXxf86vm.so.1.0.0
7f665cbd9000-7f665cc52000 r-xp 00000000 08:05 525820                     /tmp/libgdx/3154261069/liblwjgl64.so
7f665cc52000-7f665ce52000 ---p 00079000 08:05 525820                     /tmp/libgdx/3154261069/liblwjgl64.so
7f665ce52000-7f665ce54000 r--p 00079000 08:05 525820                     /tmp/libgdx/3154261069/liblwjgl64.so
7f665ce54000-7f665ce55000 rw-p 0007b000 08:05 525820                     /tmp/libgdx/3154261069/liblwjgl64.so
7f665ce55000-7f665ce58000 ---p 00000000 00:00 0 
7f665ce58000-7f665cf56000 rw-p 00000000 00:00 0 
7f665cf56000-7f665cf5b000 r-xp 00000000 08:05 1570859                    /usr/lib/x86_64-linux-gnu/libXfixes.so.3.1.0
7f665cf5b000-7f665d15a000 ---p 00005000 08:05 1570859                    /usr/lib/x86_64-linux-gnu/libXfixes.so.3.1.0
7f665d15a000-7f665d15b000 r--p 00004000 08:05 1570859                    /usr/lib/x86_64-linux-gnu/libXfixes.so.3.1.0
7f665d15b000-7f665d15c000 rw-p 00005000 08:05 1570859                    /usr/lib/x86_64-linux-gnu/libXfixes.so.3.1.0
7f665d15c000-7f665d165000 r-xp 00000000 08:05 1573929                    /usr/lib/x86_64-linux-gnu/libXcursor.so.1.0.2
7f665d165000-7f665d364000 ---p 00009000 08:05 1573929                    /usr/lib/x86_64-linux-gnu/libXcursor.so.1.0.2
7f665d364000-7f665d365000 r--p 00008000 08:05 1573929                    /usr/lib/x86_64-linux-gnu/libXcursor.so.1.0.2
7f665d365000-7f665d366000 rw-p 00009000 08:05 1573929                    /usr/lib/x86_64-linux-gnu/libXcursor.so.1.0.2
7f665d366000-7f665d3f2000 r-xp 00000000 08:05 525608                     /tmp/libgdx/3154261069/libgdx-64.so
7f665d3f2000-7f665d5f2000 ---p 0008c000 08:05 525608                     /tmp/libgdx/3154261069/libgdx-64.so
7f665d5f2000-7f665d5f3000 r--p 0008c000 08:05 525608                     /tmp/libgdx/3154261069/libgdx-64.so
7f665d5f3000-7f665d5f4000 rw-p 0008d000 08:05 525608                     /tmp/libgdx/3154261069/libgdx-64.so
7f665d5f4000-7f665d5f7000 rw-p 00000000 00:00 0 
7f665d5f7000-7f665d5f8000 r--s 00000000 08:05 532633                     /var/cache/fontconfig/26de28bc8622bbc1fb67fd234c21975f-le64.cache-3
7f665d5f8000-7f665d5f9000 r--s 00000000 08:05 554485                     /var/cache/fontconfig/c05880de57d1f5e948fdfacc138775d9-le64.cache-3
7f665d5f9000-7f665d602000 r--s 00000000 08:05 527845                     /var/cache/fontconfig/945677eb7aeaf62f1d50efc3fb3ec7d8-le64.cache-3
7f665d602000-7f665d604000 r--s 00000000 08:05 554480                     /var/cache/fontconfig/99e8ed0e538f840c565b6ed5dad60d56-le64.cache-3
7f665d604000-7f665d607000 r--s 00000000 08:05 554411                     /var/cache/fontconfig/f24b2111ab8703b4e963115a8cf14259-le64.cache-3
7f665d607000-7f665d60a000 r--s 00000000 08:05 554479                     /var/cache/fontconfig/e383d7ea5fbe662a33d9b44caf393297-le64.cache-3
7f665d60a000-7f665d60d000 r--s 00000000 08:05 554477                     /var/cache/fontconfig/2cd17615ca594fa2959ae173292e504c-le64.cache-3
7f665d60d000-7f665d60e000 r--s 00000000 08:05 554471                     /var/cache/fontconfig/e7071f4a29fa870f4323321c154eba04-le64.cache-3
7f665d60e000-7f665d612000 r--s 00000000 08:05 554470                     /var/cache/fontconfig/6eb3985aa4124903f6ff08ba781cd364-le64.cache-3
7f665d612000-7f665d613000 r--s 00000000 08:05 554466                     /var/cache/fontconfig/4c73fe0c47614734b17d736dbde7580a-le64.cache-3
7f665d613000-7f665d614000 r--s 00000000 08:05 554459                     /var/cache/fontconfig/0d8c3b2ac0904cb8a57a757ad11a4a08-le64.cache-3
7f665d614000-7f665d619000 r--s 00000000 08:05 554453                     /var/cache/fontconfig/062808c12e6e608270f93bb230aed730-le64.cache-3
7f665d619000-7f665d61f000 r--s 00000000 08:05 554429                     /var/cache/fontconfig/a755afe4a08bf5b97852ceb7400b47bc-le64.cache-3
7f665d61f000-7f665d64d000 r--s 00000000 08:05 554435                     /var/cache/fontconfig/365b55f210c0a22e9a19e35191240f32-le64.cache-3
7f665d679000-7f665d67a000 rw-p 00000000 00:00 0 
7f665d67a000-7f665d67c000 rw-s 00000000 08:05 525997                     /tmp/gleSNtWy (deleted)
7f665d67c000-7f665d680000 rw-s b457b000 00:05 6951                       /dev/nvidia0
7f665d680000-7f665d681000 rw-s d0008000 00:05 6951                       /dev/nvidia0
7f665d681000-7f665d682000 rw-s b9ac3000 00:05 6951                       /dev/nvidia0
7f665d682000-7f665d686000 rw-s 510fb000 00:05 6951                       /dev/nvidia0
7f665d686000-7f665d6c6000 rw-s 59b0e000 00:05 6951                       /dev/nvidia0
7f665d6c6000-7f665d6c9000 ---p 00000000 00:00 0 
7f665d6c9000-7f665d7c7000 rw-p 00000000 00:00 0 
7f665d7c7000-7f665d7c8000 r--s 00000000 08:05 532633                     /var/cache/fontconfig/26de28bc8622bbc1fb67fd234c21975f-le64.cache-3
7f665d7c8000-7f665d7c9000 r--s 00000000 08:05 554485                     /var/cache/fontconfig/c05880de57d1f5e948fdfacc138775d9-le64.cache-3
7f665d7c9000-7f665d7d2000 r--s 00000000 08:05 527845                     /var/cache/fontconfig/945677eb7aeaf62f1d50efc3fb3ec7d8-le64.cache-3
7f665d7d2000-7f665d7d4000 r--s 00000000 08:05 554480                     /var/cache/fontconfig/99e8ed0e538f840c565b6ed5dad60d56-le64.cache-3
7f665d7d4000-7f665d7d7000 r--s 00000000 08:05 554411                     /var/cache/fontconfig/f24b2111ab8703b4e963115a8cf14259-le64.cache-3
7f665d7d7000-7f665d7da000 r--s 00000000 08:05 554479                     /var/cache/fontconfig/e383d7ea5fbe662a33d9b44caf393297-le64.cache-3
7f665d7da000-7f665d7dd000 r--s 00000000 08:05 554477                     /var/cache/fontconfig/2cd17615ca594fa2959ae173292e504c-le64.cache-3
7f665d7dd000-7f665d7de000 r--s 00000000 08:05 554471                     /var/cache/fontconfig/e7071f4a29fa870f4323321c154eba04-le64.cache-3
7f665d7de000-7f665d7e2000 r--s 00000000 08:05 554470                     /var/cache/fontconfig/6eb3985aa4124903f6ff08ba781cd364-le64.cache-3
7f665d7e2000-7f665d7e3000 r--s 00000000 08:05 554466                     /var/cache/fontconfig/4c73fe0c47614734b17d736dbde7580a-le64.cache-3
7f665d7e3000-7f665d7e4000 r--s 00000000 08:05 554459                     /var/cache/fontconfig/0d8c3b2ac0904cb8a57a757ad11a4a08-le64.cache-3
7f665d7e4000-7f665d7e5000 r--s 00000000 08:05 554454                     /var/cache/fontconfig/6a53c69dea097a2d716e069445527da8-le64.cache-3
7f665d7e5000-7f665d7ea000 r--s 00000000 08:05 554453                     /var/cache/fontconfig/062808c12e6e608270f93bb230aed730-le64.cache-3
7f665d7ea000-7f665d7f0000 r--s 00000000 08:05 554429                     /var/cache/fontconfig/a755afe4a08bf5b97852ceb7400b47bc-le64.cache-3
7f665d7f0000-7f665d7f5000 r--s 00000000 08:05 554452                     /var/cache/fontconfig/515ca1ebc4b18308bea979be5704f9db-le64.cache-3
7f665d7f5000-7f665d7fe000 r--s 00000000 08:05 554448                     /var/cache/fontconfig/6d41288fd70b0be22e8c3a91e032eec0-le64.cache-3
7f665d7fe000-7f665d80e000 r--s 00000000 08:05 554447                     /var/cache/fontconfig/0f34bcd4b6ee430af32735b75db7f02b-le64.cache-3
7f665d80e000-7f665d811000 r--s 00000000 08:05 554441                     /var/cache/fontconfig/d60319d88cac85ba9e1a07bd06cfbb8c-le64.cache-3
7f665d811000-7f665d812000 r--s 00000000 08:05 554034                     /var/cache/fontconfig/4794a0821666d79190d59a36cb4f44b5-le64.cache-3
7f665d812000-7f665d840000 r--s 00000000 08:05 554435                     /var/cache/fontconfig/365b55f210c0a22e9a19e35191240f32-le64.cache-3
7f665d840000-7f665d84a000 r--s 00000000 08:05 554433                     /var/cache/fontconfig/d52a8644073d54c13679302ca1180695-le64.cache-3
7f665d84a000-7f665d852000 r-xp 00000000 08:05 1581969                    /usr/lib/x86_64-linux-gnu/libXrandr.so.2.2.0
7f665d852000-7f665da51000 ---p 00008000 08:05 1581969                    /usr/lib/x86_64-linux-gnu/libXrandr.so.2.2.0
7f665da51000-7f665da52000 r--p 00007000 08:05 1581969                    /usr/lib/x86_64-linux-gnu/libXrandr.so.2.2.0
7f665da52000-7f665da53000 rw-p 00008000 08:05 1581969                    /usr/lib/x86_64-linux-gnu/libXrandr.so.2.2.0
7f665da53000-7f665da54000 rw-s fbc0a000 00:05 6951                       /dev/nvidia0
7f665da74000-7f665da75000 rw-s fb641000 00:05 6951                       /dev/nvidia0
7f665da75000-7f665da76000 rw-s 128080000 00:05 6951                      /dev/nvidia0
7f665da76000-7f665da77000 rw-s 599c0000 00:05 6951                       /dev/nvidia0
7f665da77000-7f665da78000 rw-s fb060000 00:05 6951                       /dev/nvidia0
7f665da78000-7f665da79000 r--p 00000000 00:00 0 
7f665da79000-7f665da80000 r--s 000fb000 08:05 1597348                    /usr/lib/jvm/java-6-openjdk/jre/lib/resources.jar
7f665da80000-7f665da81000 r--s 00000000 08:05 554418                     /var/cache/fontconfig/ec648e9a1aea82bddd4bd6050028158d-le64.cache-3
7f665da81000-7f665da94000 r--s 00000000 08:05 538224                     /var/cache/fontconfig/e13b20fdb08344e0e664864cc2ede53d-le64.cache-3
7f665da94000-7f665da98000 r--s 00000000 08:05 538228                     /var/cache/fontconfig/7ef2298fde41cc6eeb7af42e48b7d293-le64.cache-3
7f665da98000-7f665daac000 r--s 00000000 08:05 527842                     /var/cache/fontconfig/865f88548240fee46819705c6468c165-le64.cache-3
7f665daac000-7f665daad000 r--s 00000000 08:05 1340105                    /home/bompo/.fontconfig/aa7e4f27e681240d22a1f116cf7520f0-le64.cache-3
7f665daad000-7f665dab0000 ---p 00000000 00:00 0 
7f665dab0000-7f665dbae000 rw-p 00000000 00:00 0 
7f665dbae000-7f665dc41000 r-xp 00000000 08:05 1572891                    /usr/lib/x86_64-linux-gnu/libfreetype.so.6.6.2
7f665dc41000-7f665de40000 ---p 00093000 08:05 1572891                    /usr/lib/x86_64-linux-gnu/libfreetype.so.6.6.2
7f665de40000-7f665de46000 r--p 00092000 08:05 1572891                    /usr/lib/x86_64-linux-gnu/libfreetype.so.6.6.2
7f665de46000-7f665de47000 rw-p 00098000 08:05 1572891                    /usr/lib/x86_64-linux-gnu/libfreetype.so.6.6.2
7f665de47000-7f665de80000 r-xp 00000000 08:05 1597379                    /usr/lib/jvm/java-6-openjdk/jre/lib/amd64/libfontmanager.so
7f665de80000-7f665e07f000 ---p 00039000 08:05 1597379                    /usr/lib/jvm/java-6-openjdk/jre/lib/amd64/libfontmanager.so
7f665e07f000-7f665e081000 r--p 00038000 08:05 1597379                    /usr/lib/jvm/java-6-openjdk/jre/lib/amd64/libfontmanager.so
7f665e081000-7f665e082000 rw-p 0003a000 08:05 1597379                    /usr/lib/jvm/java-6-openjdk/jre/lib/amd64/libfontmanager.so
7f665e082000-7f665e087000 r-xp 00000000 08:05 1573561                    /usr/lib/x86_64-linux-gnu/libXdmcp.so.6.0.0
7f665e087000-7f665e286000 ---p 00005000 08:05 1573561                    /usr/lib/x86_64-linux-gnu/libXdmcp.so.6.0.0
7f665e286000-7f665e287000 r--p 00004000 08:05 1573561                    /usr/lib/x86_64-linux-gnu/libXdmcp.so.6.0.0
7f665e287000-7f665e288000 rw-p 00005000 08:05 1573561                    /usr/lib/x86_64-linux-gnu/libXdmcp.so.6.0.0
7f665e288000-7f665e28a000 r-xp 00000000 08:05 1570542                    /usr/lib/x86_64-linux-gnu/libXau.so.6.0.0
7f665e28a000-7f665e489000 ---p 00002000 08:05 1570542                    /usr/lib/x86_64-linux-gnu/libXau.so.6.0.0
7f665e489000-7f665e48a000 r--p 00001000 08:05 1570542                    /usr/lib/x86_64-linux-gnu/libXau.so.6.0.0
7f665e48a000-7f665e48b000 rw-p 00002000 08:05 1570542                    /usr/lib/x86_64-linux-gnu/libXau.so.6.0.0
7f665e48b000-7f665e4a6000 r-xp 00000000 08:05 1572615                    /usr/lib/x86_64-linux-gnu/libxcb.so.1.1.0
7f665e4a6000-7f665e6a5000 ---p 0001b000 08:05 1572615                    /usr/lib/x86_64-linux-gnu/libxcb.so.1.1.0
7f665e6a5000-7f665e6a6000 r--p 0001a000 08:05 1572615                    /usr/lib/x86_64-linux-gnu/libxcb.so.1.1.0
7f665e6a6000-7f665e6a7000 rw-p 0001b000 08:05 1572615                    /usr/lib/x86_64-linux-gnu/libxcb.so.1.1.0
7f665e6a7000-7f665e6b6000 r-xp 00000000 08:05 1613065                    /usr/lib/x86_64-linux-gnu/libXi.so.6.1.0
7f665e6b6000-7f665e8b5000 ---p 0000f000 08:05 1613065                    /usr/lib/x86_64-linux-gnu/libXi.so.6.1.0
7f665e8b5000-7f665e8b6000 r--p 0000e000 08:05 1613065                    /usr/lib/x86_64-linux-gnu/libXi.so.6.1.0
7f665e8b6000-7f665e8b7000 rw-p 0000f000 08:05 1613065                    /usr/lib/x86_64-linux-gnu/libXi.so.6.1.0
7f665e8b7000-7f665e8bc000 r-xp 00000000 08:05 1572606                    /usr/lib/libXtst.so.6.1.0
7f665e8bc000-7f665eabb000 ---p 00005000 08:05 1572606                    /usr/lib/libXtst.so.6.1.0
7f665eabb000-7f665eabc000 r--p 00004000 08:05 1572606                    /usr/lib/libXtst.so.6.1.0
7f665eabc000-7f665eabd000 rw-p 00005000 08:05 1572606                    /usr/lib/libXtst.so.6.1.0
7f665eabd000-7f665eac6000 r-xp 00000000 08:05 1570620                    /usr/lib/x86_64-linux-gnu/libXrender.so.1.3.0
7f665eac6000-7f665ecc6000 ---p 00009000 08:05 1570620                    /usr/lib/x86_64-linux-gnu/libXrender.so.1.3.0
7f665ecc6000-7f665ecc7000 r--p 00009000 08:05 1570620                    /usr/lib/x86_64-linux-gnu/libXrender.so.1.3.0
7f665ecc7000-7f665ecc8000 rw-p 0000a000 08:05 1570620                    /usr/lib/x86_64-linux-gnu/libXrender.so.1.3.0
7f665ecc8000-7f665edfd000 r-xp 00000000 08:05 1573591                    /usr/lib/x86_64-linux-gnu/libX11.so.6.3.0
7f665edfd000-7f665effd000 ---p 00135000 08:05 1573591                    /usr/lib/x86_64-linux-gnu/libX11.so.6.3.0
7f665effd000-7f665effe000 r--p 00135000 08:05 1573591                    /usr/lib/x86_64-linux-gnu/libX11.so.6.3.0
7f665effe000-7f665f002000 rw-p 00136000 08:05 1573591                    /usr/lib/x86_64-linux-gnu/libX11.so.6.3.0
7f665f002000-7f665f013000 r-xp 00000000 08:05 1571673                    /usr/lib/x86_64-linux-gnu/libXext.so.6.4.0
7f665f013000-7f665f212000 ---p 00011000 08:05 1571673                    /usr/lib/x86_64-linux-gnu/libXext.so.6.4.0
7f665f212000-7f665f213000 r--p 00010000 08:05 1571673                    /usr/lib/x86_64-linux-gnu/libXext.so.6.4.0
7f665f213000-7f665f214000 rw-p 00011000 08:05 1571673                    /usr/lib/x86_64-linux-gnu/libXext.so.6.4.0
7f665f214000-7f665f215000 r--s 00000000 08:05 554454                     /var/cache/fontconfig/6a53c69dea097a2d716e069445527da8-le64.cache-3
7f665f215000-7f665f21e000 r--s 00000000 08:05 554448                     /var/cache/fontconfig/6d41288fd70b0be22e8c3a91e032eec0-le64.cache-3
7f665f21e000-7f665f22e000 r--s 00000000 08:05 554447                     /var/cache/fontconfig/0f34bcd4b6ee430af32735b75db7f02b-le64.cache-3
7f665f22e000-7f665f241000 r--s 00000000 08:05 538224                     /var/cache/fontconfig/e13b20fdb08344e0e664864cc2ede53d-le64.cache-3
7f665f241000-7f665f28c000 r-xp 00000000 08:05 1597420                    /usr/lib/jvm/java-6-openjdk/jre/lib/amd64/xawt/libmawt.so
7f665f28c000-7f665f48c000 ---p 0004b000 08:05 1597420                    /usr/lib/jvm/java-6-openjdk/jre/lib/amd64/xawt/libmawt.so
7f665f48c000-7f665f48d000 r--p 0004b000 08:05 1597420                    /usr/lib/jvm/java-6-openjdk/jre/lib/amd64/xawt/libmawt.so
7f665f48d000-7f665f490000 rw-p 0004c000 08:05 1597420                    /usr/lib/jvm/java-6-openjdk/jre/lib/amd64/xawt/libmawt.so
7f665f490000-7f665f491000 rw-p 00000000 00:00 0 
7f665f491000-7f665f53a000 r-xp 00000000 08:05 1597388                    /usr/lib/jvm/java-6-openjdk/jre/lib/amd64/libawt.so
7f665f53a000-7f665f739000 ---p 000a9000 08:05 1597388                    /usr/lib/jvm/java-6-openjdk/jre/lib/amd64/libawt.so
7f665f739000-7f665f73a000 r--p 000a8000 08:05 1597388                    /usr/lib/jvm/java-6-openjdk/jre/lib/amd64/libawt.so
7f665f73a000-7f665f745000 rw-p 000a9000 08:05 1597388                    /usr/lib/jvm/java-6-openjdk/jre/lib/amd64/libawt.so
7f665f745000-7f665f76a000 rw-p 00000000 00:00 0 
7f665f76a000-7f665f77b000 r--s 0011a000 08:05 1440866                    /home/bompo/git/kpmusikspiel/libs/gdx-backend-lwjgl.jar
7f665f77b000-7f665f77c000 r--s 00007000 08:05 1440877                    /home/bompo/git/kpmusikspiel/libs/gdx-backend-lwjgl-sources.jar
7f665f77c000-7f665f77d000 r--s 00127000 08:05 1440876                    /home/bompo/git/kpmusikspiel/libs/gdx-backend-lwjgl-natives.jar
7f665f77d000-7f665f780000 r--s 00017000 08:05 1439905                    /home/bompo/git/kpmusikspiel/libs/tritonus_share.jar
7f665f780000-7f665f781000 r--s 00002000 08:05 1439810                    /home/bompo/git/kpmusikspiel/libs/tritonus_aos.jar
7f665f781000-7f665f782000 r--s 00005000 08:05 1447554                    /home/bompo/git/kpmusikspiel/libs/mp3spi1.9.4.jar
7f665f782000-7f665f787000 r--s 00028000 08:05 1447540                    /home/bompo/git/kpmusikspiel/libs/beads.jar
7f665f787000-7f665f78b000 r--s 0007c000 08:05 1597316                    /usr/lib/jvm/java-6-openjdk/jre/lib/jsse.jar
7f665f78b000-7f665f796000 r--s 00094000 08:05 1498923                    /home/bompo/git/kpmusikspiel/libs/gdx.jar
7f665f796000-7f665f797000 r--s 001a1000 08:05 1440083                    /home/bompo/git/kpmusikspiel/libs/gdx-natives.jar
7f665f797000-7f665f7b1000 r--s 00207000 08:05 1498924                    /home/bompo/git/kpmusikspiel/libs/gdx-backend-jogl.jar
7f665f7b1000-7f665f7b2000 r--s 00203000 08:05 1498925                    /home/bompo/git/kpmusikspiel/libs/gdx-backend-jogl-natives.jar
7f665f7b2000-7f665f7ba000 r--s 00066000 08:05 1721290                    /usr/share/java/gnome-java-bridge.jar
7f665f7ba000-7f665f7bd000 r--s 0000f000 08:05 1597341                    /usr/lib/jvm/java-6-openjdk/jre/lib/ext/pulse-java.jar
7f665f7bd000-7f665f7be000 ---p 00000000 00:00 0 
7f665f7be000-7f665f8be000 rw-p 00000000 00:00 0 
7f665f8be000-7f665f8c1000 ---p 00000000 00:00 0 
7f665f8c1000-7f665f9bf000 rw-p 00000000 00:00 0 
7f665f9bf000-7f665f9c2000 ---p 00000000 00:00 0 
7f665f9c2000-7f665fac0000 rw-p 00000000 00:00 0 
7f665fac0000-7f665fac3000 ---p 00000000 00:00 0 
7f665fac3000-7f665fbc1000 rw-p 00000000 00:00 0 
7f665fbc1000-7f665fbc4000 ---p 00000000 00:00 0 
7f665fbc4000-7f665fcc2000 rw-p 00000000 00:00 0 
7f665fcc2000-7f66600ca000 r--p 00000000 08:05 1570348                    /usr/lib/locale/locale-archive
7f66600ca000-7f66600cd000 ---p 00000000 00:00 0 
7f66600cd000-7f66601cb000 rw-p 00000000 00:00 0 
7f66601cb000-7f66601ce000 ---p 00000000 00:00 0 
7f66601ce000-7f66602cc000 rw-p 00000000 00:00 0 
7f66602cc000-7f66602cd000 ---p 00000000 00:00 0 
7f66602cd000-7f6660905000 rw-p 00000000 00:00 0 
7f6660905000-7f6660a95000 r--s 037af000 08:05 1597397                    /usr/lib/jvm/java-6-openjdk/jre/lib/rt.jar
7f6660a95000-7f6660abd000 rw-p 00000000 00:00 0 
7f6660abd000-7f6660abe000 ---p 00000000 00:00 0 
7f6660abe000-7f6660bbe000 rw-p 00000000 00:00 0 
7f6660bbe000-7f6660bbf000 ---p 00000000 00:00 0 
7f6660bbf000-7f6660cbf000 rw-p 00000000 00:00 0 
7f6660cbf000-7f6660cc0000 ---p 00000000 00:00 0 
7f6660cc0000-7f6660dc0000 rw-p 00000000 00:00 0 
7f6660dc0000-7f6660dc1000 ---p 00000000 00:00 0 
7f6660dc1000-7f6660ecc000 rw-p 00000000 00:00 0 
7f6660ecc000-7f6660f14000 rw-p 00000000 00:00 0 
7f6660f14000-7f6660f38000 rw-p 00000000 00:00 0 
7f6660f38000-7f666105e000 rw-p 00000000 00:00 0 
7f666105e000-7f6661069000 rw-p 00000000 00:00 0 
7f6661069000-7f66610b1000 rw-p 00000000 00:00 0 
7f66610b1000-7f66610d5000 rw-p 00000000 00:00 0 
7f66610d5000-7f66611fb000 rw-p 00000000 00:00 0 
7f66611fb000-7f666120d000 rw-p 00000000 00:00 0 
7f666120d000-7f66612a0000 rw-p 00000000 00:00 0 
7f66612a0000-7f66612a1000 rw-p 00000000 00:00 0 
7f66612a1000-7f6661511000 rwxp 00000000 00:00 0 
7f6661511000-7f66642a1000 rw-p 00000000 00:00 0 
7f66642a1000-7f66642a8000 r-xp 00000000 08:05 1597383                    /usr/lib/jvm/java-6-openjdk/jre/lib/amd64/libzip.so
7f66642a8000-7f66644a7000 ---p 00007000 08:05 1597383                    /usr/lib/jvm/java-6-openjdk/jre/lib/amd64/libzip.so
7f66644a7000-7f66644a8000 r--p 00006000 08:05 1597383                    /usr/lib/jvm/java-6-openjdk/jre/lib/amd64/libzip.so
7f66644a8000-7f66644a9000 rw-p 00007000 08:05 1597383                    /usr/lib/jvm/java-6-openjdk/jre/lib/amd64/libzip.so
7f66644a9000-7f66644b5000 r-xp 00000000 08:05 535712                     /lib/x86_64-linux-gnu/libnss_files-2.13.so
7f66644b5000-7f66646b4000 ---p 0000c000 08:05 535712                     /lib/x86_64-linux-gnu/libnss_files-2.13.so
7f66646b4000-7f66646b5000 r--p 0000b000 08:05 535712                     /lib/x86_64-linux-gnu/libnss_files-2.13.so
7f66646b5000-7f66646b6000 rw-p 0000c000 08:05 535712                     /lib/x86_64-linux-gnu/libnss_files-2.13.so
7f66646b6000-7f66646c1000 r-xp 00000000 08:05 535714                     /lib/x86_64-linux-gnu/libnss_nis-2.13.so
7f66646c1000-7f66648c0000 ---p 0000b000 08:05 535714                     /lib/x86_64-linux-gnu/libnss_nis-2.13.so
7f66648c0000-7f66648c1000 r--p 0000a000 08:05 535714                     /lib/x86_64-linux-gnu/libnss_nis-2.13.so
7f66648c1000-7f66648c2000 rw-p 0000b000 08:05 535714                     /lib/x86_64-linux-gnu/libnss_nis-2.13.so
7f66648c2000-7f66648ca000 r-xp 00000000 08:05 535710                     /lib/x86_64-linux-gnu/libnss_compat-2.13.so
7f66648ca000-7f6664ac9000 ---p 00008000 08:05 535710                     /lib/x86_64-linux-gnu/libnss_compat-2.13.so
7f6664ac9000-7f6664aca000 r--p 00007000 08:05 535710                     /lib/x86_64-linux-gnu/libnss_compat-2.13.so
7f6664aca000-7f6664acb000 rw-p 00008000 08:05 535710                     /lib/x86_64-linux-gnu/libnss_compat-2.13.so
7f6664acb000-7f6664ae2000 r-xp 00000000 08:05 535709                     /lib/x86_64-linux-gnu/libnsl-2.13.so
7f6664ae2000-7f6664ce1000 ---p 00017000 08:05 535709                     /lib/x86_64-linux-gnu/libnsl-2.13.so
7f6664ce1000-7f6664ce2000 r--p 00016000 08:05 535709                     /lib/x86_64-linux-gnu/libnsl-2.13.so
7f6664ce2000-7f6664ce3000 rw-p 00017000 08:05 535709                     /lib/x86_64-linux-gnu/libnsl-2.13.so
7f6664ce3000-7f6664ce5000 rw-p 00000000 00:00 0 
7f6664ce5000-7f6664d11000 r-xp 00000000 08:05 1597382                    /usr/lib/jvm/java-6-openjdk/jre/lib/amd64/libjava.so
7f6664d11000-7f6664f10000 ---p 0002c000 08:05 1597382                    /usr/lib/jvm/java-6-openjdk/jre/lib/amd64/libjava.so
7f6664f10000-7f6664f11000 r--p 0002b000 08:05 1597382                    /usr/lib/jvm/java-6-openjdk/jre/lib/amd64/libjava.so
7f6664f11000-7f6664f14000 rw-p 0002c000 08:05 1597382                    /usr/lib/jvm/java-6-openjdk/jre/lib/amd64/libjava.so
7f6664f14000-7f6664f22000 r-xp 00000000 08:05 1597368                    /usr/lib/jvm/java-6-openjdk/jre/lib/amd64/libverify.so
7f6664f22000-7f6665121000 ---p 0000e000 08:05 1597368                    /usr/lib/jvm/java-6-openjdk/jre/lib/amd64/libverify.so
7f6665121000-7f6665123000 r--p 0000d000 08:05 1597368                    /usr/lib/jvm/java-6-openjdk/jre/lib/amd64/libverify.so
7f6665123000-7f6665124000 rw-p 0000f000 08:05 1597368                    /usr/lib/jvm/java-6-openjdk/jre/lib/amd64/libverify.so
7f6665124000-7f666512b000 r-xp 00000000 08:05 535724                     /lib/x86_64-linux-gnu/librt-2.13.so
7f666512b000-7f666532a000 ---p 00007000 08:05 535724                     /lib/x86_64-linux-gnu/librt-2.13.so
7f666532a000-7f666532b000 r--p 00006000 08:05 535724                     /lib/x86_64-linux-gnu/librt-2.13.so
7f666532b000-7f666532c000 rw-p 00007000 08:05 535724                     /lib/x86_64-linux-gnu/librt-2.13.so
7f666532c000-7f6665341000 r-xp 00000000 08:05 528127                     /lib/x86_64-linux-gnu/libgcc_s.so.1
7f6665341000-7f6665540000 ---p 00015000 08:05 528127                     /lib/x86_64-linux-gnu/libgcc_s.so.1
7f6665540000-7f6665541000 r--p 00014000 08:05 528127                     /lib/x86_64-linux-gnu/libgcc_s.so.1
7f6665541000-7f6665542000 rw-p 00015000 08:05 528127                     /lib/x86_64-linux-gnu/libgcc_s.so.1
7f6665542000-7f66655c6000 r-xp 00000000 08:05 535703                     /lib/x86_64-linux-gnu/libm-2.13.so
7f66655c6000-7f66657c5000 ---p 00084000 08:05 535703                     /lib/x86_64-linux-gnu/libm-2.13.so
7f66657c5000-7f66657c6000 r--p 00083000 08:05 535703                     /lib/x86_64-linux-gnu/libm-2.13.so
7f66657c6000-7f66657c7000 rw-p 00084000 08:05 535703                     /lib/x86_64-linux-gnu/libm-2.13.so
7f66657c7000-7f66658af000 r-xp 00000000 08:05 1571250                    /usr/lib/x86_64-linux-gnu/libstdc++.so.6.0.14
7f66658af000-7f6665aae000 ---p 000e8000 08:05 1571250                    /usr/lib/x86_64-linux-gnu/libstdc++.so.6.0.14
7f6665aae000-7f6665ab6000 r--p 000e7000 08:05 1571250                    /usr/lib/x86_64-linux-gnu/libstdc++.so.6.0.14
7f6665ab6000-7f6665ab8000 rw-p 000ef000 08:05 1571250                    /usr/lib/x86_64-linux-gnu/libstdc++.so.6.0.14
7f6665ab8000-7f6665acd000 rw-p 00000000 00:00 0 
7f6665acd000-7f6666422000 r-xp 00000000 08:05 1597385                    /usr/lib/jvm/java-6-openjdk/jre/lib/amd64/server/libjvm.so
7f6666422000-7f6666621000 ---p 00955000 08:05 1597385                    /usr/lib/jvm/java-6-openjdk/jre/lib/amd64/server/libjvm.so
7f6666621000-7f66666a2000 r--p 00954000 08:05 1597385                    /usr/lib/jvm/java-6-openjdk/jre/lib/amd64/server/libjvm.so
7f66666a2000-7f66666bd000 rw-p 009d5000 08:05 1597385                    /usr/lib/jvm/java-6-openjdk/jre/lib/amd64/server/libjvm.so
7f66666bd000-7f66666e6000 rw-p 00000000 00:00 0 
7f66666e6000-7f6666870000 r-xp 00000000 08:05 535697                     /lib/x86_64-linux-gnu/libc-2.13.so
7f6666870000-7f6666a6f000 ---p 0018a000 08:05 535697                     /lib/x86_64-linux-gnu/libc-2.13.so
7f6666a6f000-7f6666a73000 r--p 00189000 08:05 535697                     /lib/x86_64-linux-gnu/libc-2.13.so
7f6666a73000-7f6666a74000 rw-p 0018d000 08:05 535697                     /lib/x86_64-linux-gnu/libc-2.13.so
7f6666a74000-7f6666a7a000 rw-p 00000000 00:00 0 
7f6666a7a000-7f6666a7c000 r-xp 00000000 08:05 535702                     /lib/x86_64-linux-gnu/libdl-2.13.so
7f6666a7c000-7f6666c7c000 ---p 00002000 08:05 535702                     /lib/x86_64-linux-gnu/libdl-2.13.so
7f6666c7c000-7f6666c7d000 r--p 00002000 08:05 535702                     /lib/x86_64-linux-gnu/libdl-2.13.so
7f6666c7d000-7f6666c7e000 rw-p 00003000 08:05 535702                     /lib/x86_64-linux-gnu/libdl-2.13.so
7f6666c7e000-7f6666c82000 r-xp 00000000 08:05 1597366                    /usr/lib/jvm/java-6-openjdk/jre/lib/amd64/jli/libjli.so
7f6666c82000-7f6666e81000 ---p 00004000 08:05 1597366                    /usr/lib/jvm/java-6-openjdk/jre/lib/amd64/jli/libjli.so
7f6666e81000-7f6666e82000 r--p 00003000 08:05 1597366                    /usr/lib/jvm/java-6-openjdk/jre/lib/amd64/jli/libjli.so
7f6666e82000-7f6666e83000 rw-p 00004000 08:05 1597366                    /usr/lib/jvm/java-6-openjdk/jre/lib/amd64/jli/libjli.so
7f6666e83000-7f6666e9b000 r-xp 00000000 08:05 535718                     /lib/x86_64-linux-gnu/libpthread-2.13.so
7f6666e9b000-7f666709b000 ---p 00018000 08:05 535718                     /lib/x86_64-linux-gnu/libpthread-2.13.so
7f666709b000-7f666709c000 r--p 00018000 08:05 535718                     /lib/x86_64-linux-gnu/libpthread-2.13.so
7f666709c000-7f666709d000 rw-p 00019000 08:05 535718                     /lib/x86_64-linux-gnu/libpthread-2.13.so
7f666709d000-7f66670a1000 rw-p 00000000 00:00 0 
7f66670a1000-7f66670b8000 r-xp 00000000 08:05 535781                     /lib/x86_64-linux-gnu/libz.so.1.2.3.4
7f66670b8000-7f66672b7000 ---p 00017000 08:05 535781                     /lib/x86_64-linux-gnu/libz.so.1.2.3.4
7f66672b7000-7f66672b8000 r--p 00016000 08:05 535781                     /lib/x86_64-linux-gnu/libz.so.1.2.3.4
7f66672b8000-7f66672b9000 rw-p 00017000 08:05 535781                     /lib/x86_64-linux-gnu/libz.so.1.2.3.4
7f66672b9000-7f66672da000 r-xp 00000000 08:05 535673                     /lib/x86_64-linux-gnu/ld-2.13.so
7f66672da000-7f66672e4000 r--s 00000000 08:05 554433                     /var/cache/fontconfig/d52a8644073d54c13679302ca1180695-le64.cache-3
7f66672e4000-7f66672ee000 rw-p 00000000 00:00 0 
7f66672ee000-7f66673a4000 rw-p 00000000 00:00 0 
7f66673a4000-7f66673a7000 ---p 00000000 00:00 0 
7f66673a7000-7f66674aa000 rw-p 00000000 00:00 0 
7f66674aa000-7f66674af000 r--s 00000000 08:05 554452                     /var/cache/fontconfig/515ca1ebc4b18308bea979be5704f9db-le64.cache-3
7f66674af000-7f66674b2000 r--s 00000000 08:05 554441                     /var/cache/fontconfig/d60319d88cac85ba9e1a07bd06cfbb8c-le64.cache-3
7f66674b2000-7f66674b3000 r--s 00000000 08:05 554034                     /var/cache/fontconfig/4794a0821666d79190d59a36cb4f44b5-le64.cache-3
7f66674b3000-7f66674b4000 r--s 00000000 08:05 554418                     /var/cache/fontconfig/ec648e9a1aea82bddd4bd6050028158d-le64.cache-3
7f66674b4000-7f66674b8000 r--s 00000000 08:05 538228                     /var/cache/fontconfig/7ef2298fde41cc6eeb7af42e48b7d293-le64.cache-3
7f66674b8000-7f66674cc000 r--s 00000000 08:05 527842                     /var/cache/fontconfig/865f88548240fee46819705c6468c165-le64.cache-3
7f66674cc000-7f66674cd000 r--s 00000000 08:05 1340105                    /home/bompo/.fontconfig/aa7e4f27e681240d22a1f116cf7520f0-le64.cache-3
7f66674cd000-7f66674d5000 rw-s 00000000 08:05 525912                     /tmp/hsperfdata_bompo/12193
7f66674d5000-7f66674d6000 rw-p 00000000 00:00 0 
7f66674d6000-7f66674d7000 r--p 00000000 00:00 0 
7f66674d7000-7f66674d9000 rw-p 00000000 00:00 0 
7f66674d9000-7f66674da000 r--p 00020000 08:05 535673                     /lib/x86_64-linux-gnu/ld-2.13.so
7f66674da000-7f66674dc000 rw-p 00021000 08:05 535673                     /lib/x86_64-linux-gnu/ld-2.13.so
7fff17397000-7fff173b8000 rw-p 00000000 00:00 0                          [stack]
7fff173ff000-7fff17400000 r-xp 00000000 00:00 0                          [vdso]
ffffffffff600000-ffffffffff601000 r-xp 00000000 00:00 0                  [vsyscall]

VM Arguments:
jvm_args: -Dfile.encoding=UTF-8 
java_command: com.jumpandrun.DesktopStarter
Launcher Type: SUN_STANDARD

Environment Variables:
PATH=/usr/local/sbin:/usr/local/bin:/usr/sbin:/usr/bin:/sbin:/bin:/usr/games
USERNAME=bompo
LD_LIBRARY_PATH=/usr/lib/jvm/java-6-openjdk/jre/lib/amd64/server:/usr/lib/jvm/java-6-openjdk/jre/lib/amd64:/usr/lib/jvm/java-6-openjdk/jre/../lib/amd64:/usr/lib64/xulrunner-addons
SHELL=/bin/bash
DISPLAY=:0.0

Signal Handlers:
SIGSEGV: [libjvm.so+0x7d0f60], sa_mask[0]=0x7ffbfeff, sa_flags=0x10000004
SIGBUS: [libjvm.so+0x7d0f60], sa_mask[0]=0x7ffbfeff, sa_flags=0x10000004
SIGFPE: [libjvm.so+0x683760], sa_mask[0]=0x7ffbfeff, sa_flags=0x10000004
SIGPIPE: [libjvm.so+0x683760], sa_mask[0]=0x7ffbfeff, sa_flags=0x10000004
SIGXFSZ: [libjvm.so+0x683760], sa_mask[0]=0x7ffbfeff, sa_flags=0x10000004
SIGILL: [libjvm.so+0x683760], sa_mask[0]=0x7ffbfeff, sa_flags=0x10000004
SIGUSR1: SIG_DFL, sa_mask[0]=0x00000000, sa_flags=0x00000000
SIGUSR2: [libjvm.so+0x683930], sa_mask[0]=0x00000004, sa_flags=0x10000004
SIGHUP: [libjvm.so+0x6862d0], sa_mask[0]=0x7ffbfeff, sa_flags=0x10000004
SIGINT: [libjvm.so+0x6862d0], sa_mask[0]=0x7ffbfeff, sa_flags=0x10000004
SIGTERM: [libjvm.so+0x6862d0], sa_mask[0]=0x7ffbfeff, sa_flags=0x10000004
SIGQUIT: [libjvm.so+0x6862d0], sa_mask[0]=0x7ffbfeff, sa_flags=0x10000004


---------------  S Y S T E M  ---------------

OS:Ubuntu 11.04 (natty)
uname:Linux 2.6.38-10-generic #46-Ubuntu SMP Tue Jun 28 15:07:17 UTC 2011 x86_64
libc:glibc 2.13 NPTL 2.13 
rlimit: STACK 8192k, CORE 0k, NPROC infinity, NOFILE 4096, AS infinity
load average:0.11 0.28 0.25

/proc/meminfo:
MemTotal:        4047872 kB
MemFree:          678844 kB
Buffers:          286140 kB
Cached:          1158900 kB
SwapCached:            0 kB
Active:          1844140 kB
Inactive:        1085716 kB
Active(anon):    1138256 kB
Inactive(anon):   358284 kB
Active(file):     705884 kB
Inactive(file):   727432 kB
Unevictable:         248 kB
Mlocked:             132 kB
SwapTotal:      19529724 kB
SwapFree:       19529724 kB
Dirty:              1072 kB
Writeback:             0 kB
AnonPages:       1485108 kB
Mapped:           171080 kB
Shmem:             11608 kB
Slab:             238732 kB
SReclaimable:     211432 kB
SUnreclaim:        27300 kB
KernelStack:        3608 kB
PageTables:        30464 kB
NFS_Unstable:          0 kB
Bounce:                0 kB
WritebackTmp:          0 kB
CommitLimit:    21553660 kB
Committed_AS:    3502060 kB
VmallocTotal:   34359738367 kB
VmallocUsed:      341848 kB
VmallocChunk:   34359372796 kB
HardwareCorrupted:     0 kB
HugePages_Total:       0
HugePages_Free:        0
HugePages_Rsvd:        0
HugePages_Surp:        0
Hugepagesize:       2048 kB
DirectMap4k:      253376 kB
DirectMap2M:     3932160 kB


CPU:total 4 (4 cores per cpu, 1 threads per core) family 6 model 30 stepping 5, cmov, cx8, fxsr, mmx, sse, sse2, sse3, ssse3, sse4.1, sse4.2, popcnt

Memory: 4k page, physical 4047872k(678844k free), swap 19529724k(19529724k free)

vm_info: OpenJDK 64-Bit Server VM (20.0-b11) for linux-amd64 JRE (1.6.0_22-b22), built on Jun 11 2011 05:56:16 by "buildd" with gcc 4.5.2

time: Tue Jul 26 17:31:08 2011
elapsed time: 6 seconds

