#
# A fatal error has been detected by the Java Runtime Environment:
#
#  SIGSEGV (0xb) at pc=0x00007f9c7efe188d, pid=15161, tid=140309895628544
#
# JRE version: 6.0_22-b22
# Java VM: OpenJDK 64-Bit Server VM (20.0-b11 mixed mode linux-amd64 compressed oops)
# Derivative: IcedTea6 1.10.2
# Distribution: Ubuntu 11.04, package 6b22-1.10.2-0ubuntu1~11.04.1
# Problematic frame:
# C  [libc.so.6+0x7c88d]  cfree+0x1d
#
# If you would like to submit a bug report, please include
# instructions how to reproduce the bug and visit:
#   https://bugs.launchpad.net/ubuntu/+source/openjdk-6/
# The crash happened outside the Java Virtual Machine in native code.
# See problematic frame for where to report the bug.
#

---------------  T H R E A D  ---------------

Current thread (0x00007f9c7420f800):  JavaThread "LWJGL Application" [_thread_in_native, id=15189, stack(0x00007f9c716cc000,0x00007f9c717cd000)]

siginfo:si_signo=SIGSEGV: si_errno=0, si_code=1 (SEGV_MAPERR), si_addr=0x000000fffffffef9

Registers:
RAX=0x0000000000000000, RBX=0x00007f9c74537a40, RCX=0x0000000000000000, RDX=0x00007f9c74526ce0
RSP=0x00007f9c717cb3c0, RBP=0x0000000000000000, RSI=0x000000ffffffff01, RDI=0x000000ffffffff01
R8 =0x00007f9c740005d8, R9 =0x00007f9c74000088, R10=0x0000000000000800, R11=0x0000000000000051
R12=0x0000000000000006, R13=0x000000ffffffff01, R14=0x00007f9c717cb610, R15=0x00007f9c7420f800
RIP=0x00007f9c7efe188d, EFLAGS=0x0000000000010202, CSGSFS=0x0000000000000033, ERR=0x0000000000000004
  TRAPNO=0x000000000000000e

Top of Stack: (sp=0x00007f9c717cb3c0)
0x00007f9c717cb3c0:   00000000b85ed030 00007f9c74537a40
0x00007f9c717cb3d0:   0000000000000000 0000000000000006
0x00007f9c717cb3e0:   00007f9c74537a40 00007f9c71bfd9d2
0x00007f9c717cb3f0:   00007f9c74537a40 00007f9c74537a40
0x00007f9c717cb400:   00007f9c717cb568 00007f9c717cb440
0x00007f9c717cb410:   00000000b85ed030 00007f9c71c24dec
0x00007f9c717cb420:   00000000b85ed030 00007f9c717cb568
0x00007f9c717cb430:   0000000000000000 00007f9c71bfcecf
0x00007f9c717cb440:   0000000000000000 0000000000000000
0x00007f9c717cb450:   0000000000000000 0000000000000000
0x00007f9c717cb460:   0000010100000000 0000000000000001
0x00007f9c717cb470:   0000000000000000 000000003f800000
0x00007f9c717cb480:   0000000000000000 00007f9c79b30d68
0x00007f9c717cb490:   0000000000000000 0000000000000000
0x00007f9c717cb4a0:   0000000000000001 000000003f800000
0x00007f9c717cb4b0:   00007f9c717cb658 00007f9c717cb588
0x00007f9c717cb4c0:   00007f9c717cb588 00007f9c79b3b39f
0x00007f9c717cb4d0:   00007f9c79b24dd0 00007f9c00000000
0x00007f9c717cb4e0:   00007f9c717cb658 00007f9c717cb588
0x00007f9c717cb4f0:   0000000001e10368 0000000001e10368
0x00007f9c717cb500:   0000000001e103a8 0000000001e103a8
0x00007f9c717cb510:   00007f9cfffffffe 00007f9c717cb588
0x00007f9c717cb520:   0000000001e10390 00007f9c717cb528
0x00007f9c717cb530:   00000000b85ed030 00007f9c717cb610
0x00007f9c717cb540:   00000000b8607070 0000000000000000
0x00007f9c717cb550:   00000000b85ed030 0000000000000000
0x00007f9c717cb560:   00007f9c717cb588 00007f9c717cb658
0x00007f9c717cb570:   00007f9c79b25929 0000000000000000
0x00007f9c717cb580:   00007f9c79b2df57 000000003f800000
0x00007f9c717cb590:   0000000000000001 0000000000000000
0x00007f9c717cb5a0:   0000000000000000 0000000000000001
0x00007f9c717cb5b0:   0000000000000001 0000000000000000 

Instructions: (pc=0x00007f9c7efe188d)
0x00007f9c7efe186d:   00 00 00 53 48 83 ec 20 48 8b 05 ec 06 31 00 48
0x00007f9c7efe187d:   8b 00 48 85 c0 0f 85 68 01 00 00 48 85 ff 74 72
0x00007f9c7efe188d:   48 8b 77 f8 4c 8d 47 f0 40 f6 c6 02 75 6d 83 e6
0x00007f9c7efe189d:   04 48 8d 1d 1b 29 31 00 74 0c 4c 89 c0 48 25 00 

Register to memory mapping:

RAX=0x0000000000000000 is an unknown value
RBX=0x00007f9c74537a40 is an unknown value
RCX=0x0000000000000000 is an unknown value
RDX=0x00007f9c74526ce0 is an unknown value
RSP=0x00007f9c717cb3c0 is pointing into the stack for thread: 0x00007f9c7420f800
RBP=0x0000000000000000 is an unknown value
RSI=0x000000ffffffff01 is an unknown value
RDI=0x000000ffffffff01 is an unknown value
R8 =0x00007f9c740005d8 is an unknown value
R9 =0x00007f9c74000088 is an unknown value
R10=0x0000000000000800 is an unknown value
R11=0x0000000000000051 is an unknown value
R12=0x0000000000000006 is an unknown value
R13=0x000000ffffffff01 is an unknown value
R14=0x00007f9c717cb610 is pointing into the stack for thread: 0x00007f9c7420f800
R15=0x00007f9c7420f800 is a thread


Stack: [0x00007f9c716cc000,0x00007f9c717cd000],  sp=0x00007f9c717cb3c0,  free space=1020k
Native frames: (J=compiled Java code, j=interpreted, Vv=VM code, C=native code)
C  [libc.so.6+0x7c88d]  cfree+0x1d

[error occurred during error reporting (printing native stack), id 0xb]

Java frames: (J=compiled Java code, j=interpreted, Vv=VM code)
j  com.badlogic.gdx.physics.box2d.World.jniCreateBody(JIFFFFFFFFZZZZZF)J+0
j  com.badlogic.gdx.physics.box2d.World.createBody(Lcom/badlogic/gdx/physics/box2d/BodyDef;)Lcom/badlogic/gdx/physics/box2d/Body;+80
j  com.jumpandrun.GameInstance.createBox(Lcom/badlogic/gdx/physics/box2d/BodyDef$BodyType;FFF)Lcom/badlogic/gdx/physics/box2d/Body;+23
j  com.jumpandrun.GameInstance.addBlock(FF)V+19
j  com.jumpandrun.Map.<init>()V+118
j  com.jumpandrun.GameInstance.resetGame()V+33
j  com.jumpandrun.GameScreen.<init>(Lcom/badlogic/gdx/Game;)V+150
j  com.jumpandrun.DesktopStarter.create()V+6
j  com.badlogic.gdx.backends.lwjgl.LwjglApplication.mainLoop()V+24
j  com.badlogic.gdx.backends.lwjgl.LwjglApplication.access$000(Lcom/badlogic/gdx/backends/lwjgl/LwjglApplication;)V+1
j  com.badlogic.gdx.backends.lwjgl.LwjglApplication$1.run()V+27
v  ~StubRoutines::call_stub

---------------  P R O C E S S  ---------------

Java Threads: ( => current thread )
  0x00007f9c74530000 JavaThread "Thread-2" [_thread_in_vm, id=15198, stack(0x00007f9c69c36000,0x00007f9c69d37000)]
  0x00007f9c74285000 JavaThread "DestroyJavaVM" [_thread_blocked, id=15166, stack(0x00007f9c7fc23000,0x00007f9c7fd24000)]
=>0x00007f9c7420f800 JavaThread "LWJGL Application" [_thread_in_native, id=15189, stack(0x00007f9c716cc000,0x00007f9c717cd000)]
  0x00000000020ca000 JavaThread "AWT-XAWT" daemon [_thread_in_native, id=15180, stack(0x00007f9c71f5c000,0x00007f9c7205d000)]
  0x00007f9c740ad000 JavaThread "Java2D Disposer" daemon [_thread_blocked, id=15179, stack(0x00007f9c72343000,0x00007f9c72444000)]
  0x00007f9c74006800 JavaThread "Low Memory Detector" daemon [_thread_blocked, id=15177, stack(0x00007f9c7813d000,0x00007f9c7823e000)]
  0x00007f9c74004000 JavaThread "C2 CompilerThread1" daemon [_thread_blocked, id=15176, stack(0x00007f9c7823e000,0x00007f9c7833f000)]
  0x00007f9c74001000 JavaThread "C2 CompilerThread0" daemon [_thread_blocked, id=15175, stack(0x00007f9c7833f000,0x00007f9c78440000)]
  0x0000000001d62000 JavaThread "Signal Dispatcher" daemon [_thread_blocked, id=15174, stack(0x00007f9c78440000,0x00007f9c78541000)]
  0x0000000001d50000 JavaThread "Finalizer" daemon [_thread_blocked, id=15173, stack(0x00007f9c78949000,0x00007f9c78a4a000)]
  0x0000000001d48800 JavaThread "Reference Handler" daemon [_thread_blocked, id=15172, stack(0x00007f9c78a4a000,0x00007f9c78b4b000)]

Other Threads:
  0x0000000001d41800 VMThread [stack: 0x00007f9c78b4b000,0x00007f9c78c4c000] [id=15171]
  0x00007f9c74011800 WatcherThread [stack: 0x00007f9c7803c000,0x00007f9c7813d000] [id=15178]

VM state:not at safepoint (normal execution)

VM Mutex/Monitor currently owned by a thread: None

Heap
 PSYoungGen      total 18432K, used 11671K [0x00000000eb600000, 0x00000000eca90000, 0x0000000100000000)
  eden space 15808K, 73% used [0x00000000eb600000,0x00000000ec165dd0,0x00000000ec570000)
  from space 2624K, 0% used [0x00000000ec800000,0x00000000ec800000,0x00000000eca90000)
  to   space 2624K, 0% used [0x00000000ec570000,0x00000000ec570000,0x00000000ec800000)
 PSOldGen        total 42240K, used 0K [0x00000000c2200000, 0x00000000c4b40000, 0x00000000eb600000)
  object space 42240K, 0% used [0x00000000c2200000,0x00000000c2200000,0x00000000c4b40000)
 PSPermGen       total 21248K, used 10514K [0x00000000b7c00000, 0x00000000b90c0000, 0x00000000c2200000)
  object space 21248K, 49% used [0x00000000b7c00000,0x00000000b8644b60,0x00000000b90c0000)

Code Cache  [0x00007f9c79b20000, 0x00007f9c79d90000, 0x00007f9c7cb20000)
 total_blobs=527 nmethods=40 adapters=442 free_code_cache=49683968 largest_free_block=384

Dynamic libraries:
00400000-00409000 r-xp 00000000 08:05 1597353                            /usr/lib/jvm/java-6-openjdk/jre/bin/java
00608000-00609000 r--p 00008000 08:05 1597353                            /usr/lib/jvm/java-6-openjdk/jre/bin/java
00609000-0060a000 rw-p 00009000 08:05 1597353                            /usr/lib/jvm/java-6-openjdk/jre/bin/java
01ccf000-0217f000 rw-p 00000000 00:00 0                                  [heap]
409af000-409b1000 r-xs 00000000 08:05 524988                             /tmp/glnE2dgu (deleted)
40c29000-40ca3000 rw-p 00000000 00:00 0 
b7c00000-b90c0000 rw-p 00000000 00:00 0 
b90c0000-c2200000 rw-p 00000000 00:00 0 
c2200000-c4b40000 rw-p 00000000 00:00 0 
c4b40000-eb600000 rw-p 00000000 00:00 0 
eb600000-eca90000 rw-p 00000000 00:00 0 
eca90000-100000000 rw-p 00000000 00:00 0 
7f9c6245e000-7f9c6245f000 ---p 00000000 00:00 0 
7f9c6245f000-7f9c62c5f000 rw-p 00000000 00:00 0 
7f9c66a54000-7f9c66a5f000 r-xp 00000000 08:05 1597424                    /usr/lib/jvm/java-6-openjdk/jre/lib/amd64/libpulse-java.so
7f9c66a5f000-7f9c66c5e000 ---p 0000b000 08:05 1597424                    /usr/lib/jvm/java-6-openjdk/jre/lib/amd64/libpulse-java.so
7f9c66c5e000-7f9c66c5f000 r--p 0000a000 08:05 1597424                    /usr/lib/jvm/java-6-openjdk/jre/lib/amd64/libpulse-java.so
7f9c66c5f000-7f9c66c60000 rw-p 0000b000 08:05 1597424                    /usr/lib/jvm/java-6-openjdk/jre/lib/amd64/libpulse-java.so
7f9c66c60000-7f9c66c65000 r-xp 00000000 08:05 1577007                    /usr/lib/alsa-lib/libasound_module_pcm_pulse.so
7f9c66c65000-7f9c66e65000 ---p 00005000 08:05 1577007                    /usr/lib/alsa-lib/libasound_module_pcm_pulse.so
7f9c66e65000-7f9c66e66000 r--p 00005000 08:05 1577007                    /usr/lib/alsa-lib/libasound_module_pcm_pulse.so
7f9c66e66000-7f9c66e67000 rw-p 00006000 08:05 1577007                    /usr/lib/alsa-lib/libasound_module_pcm_pulse.so
7f9c66e67000-7f9c66f4b000 r-xp 00000000 08:05 1571897                    /usr/lib/libasound.so.2.0.0
7f9c66f4b000-7f9c6714b000 ---p 000e4000 08:05 1571897                    /usr/lib/libasound.so.2.0.0
7f9c6714b000-7f9c67151000 r--p 000e4000 08:05 1571897                    /usr/lib/libasound.so.2.0.0
7f9c67151000-7f9c67152000 rw-p 000ea000 08:05 1571897                    /usr/lib/libasound.so.2.0.0
7f9c67152000-7f9c67161000 r-xp 00000000 08:05 1597422                    /usr/lib/jvm/java-6-openjdk/jre/lib/amd64/libjsoundalsa.so
7f9c67161000-7f9c67360000 ---p 0000f000 08:05 1597422                    /usr/lib/jvm/java-6-openjdk/jre/lib/amd64/libjsoundalsa.so
7f9c67360000-7f9c67361000 r--p 0000e000 08:05 1597422                    /usr/lib/jvm/java-6-openjdk/jre/lib/amd64/libjsoundalsa.so
7f9c67361000-7f9c67362000 rw-p 0000f000 08:05 1597422                    /usr/lib/jvm/java-6-openjdk/jre/lib/amd64/libjsoundalsa.so
7f9c67362000-7f9c67363000 r-xp 00000000 08:05 1597377                    /usr/lib/jvm/java-6-openjdk/jre/lib/amd64/libjsound.so
7f9c67363000-7f9c67562000 ---p 00001000 08:05 1597377                    /usr/lib/jvm/java-6-openjdk/jre/lib/amd64/libjsound.so
7f9c67562000-7f9c67563000 r--p 00000000 08:05 1597377                    /usr/lib/jvm/java-6-openjdk/jre/lib/amd64/libjsound.so
7f9c67563000-7f9c67564000 rw-p 00001000 08:05 1597377                    /usr/lib/jvm/java-6-openjdk/jre/lib/amd64/libjsound.so
7f9c67564000-7f9c67764000 rw-s b8981000 00:05 7008                       /dev/nvidia0
7f9c67764000-7f9c67864000 rw-s c17cc000 00:05 7008                       /dev/nvidia0
7f9c67864000-7f9c678e2000 rw-p 00000000 00:00 0 
7f9c678e3000-7f9c678fe000 rw-s 116e00000 00:05 7008                      /dev/nvidia0
7f9c678fe000-7f9c68ed2000 r-xp 00000000 08:05 972                        /usr/lib/nvidia-current/libnvidia-glcore.so.275.09.07
7f9c68ed2000-7f9c690d1000 ---p 015d4000 08:05 972                        /usr/lib/nvidia-current/libnvidia-glcore.so.275.09.07
7f9c690d1000-7f9c6970c000 rwxp 015d3000 08:05 972                        /usr/lib/nvidia-current/libnvidia-glcore.so.275.09.07
7f9c6970c000-7f9c69724000 rwxp 00000000 00:00 0 
7f9c69724000-7f9c69726000 r-xp 00000000 08:05 506                        /usr/lib/nvidia-current/tls/libnvidia-tls.so.275.09.07
7f9c69726000-7f9c69925000 ---p 00002000 08:05 506                        /usr/lib/nvidia-current/tls/libnvidia-tls.so.275.09.07
7f9c69925000-7f9c69926000 rw-p 00001000 08:05 506                        /usr/lib/nvidia-current/tls/libnvidia-tls.so.275.09.07
7f9c69926000-7f9c699e6000 r-xp 00000000 08:05 974                        /usr/lib/nvidia-current/libGL.so.275.09.07
7f9c699e6000-7f9c69be6000 ---p 000c0000 08:05 974                        /usr/lib/nvidia-current/libGL.so.275.09.07
7f9c69be6000-7f9c69c20000 rwxp 000c0000 08:05 974                        /usr/lib/nvidia-current/libGL.so.275.09.07
7f9c69c20000-7f9c69c36000 rwxp 00000000 00:00 0 
7f9c69c36000-7f9c69c39000 ---p 00000000 00:00 0 
7f9c69c39000-7f9c69d37000 rw-p 00000000 00:00 0 
7f9c69d37000-7f9c69d38000 ---p 00000000 00:00 0 
7f9c69d38000-7f9c6a538000 rw-p 00000000 00:00 0 
7f9c6a538000-7f9c6e539000 rw-s 00000000 00:10 615536                     /dev/shm/pulse-shm-2262502136
7f9c6e539000-7f9c6e53a000 ---p 00000000 00:00 0 
7f9c6e53a000-7f9c6ed3a000 rw-p 00000000 00:00 0 
7f9c6ed3a000-7f9c6ed40000 r-xp 00000000 08:05 1573092                    /usr/lib/libogg.so.0.7.0
7f9c6ed40000-7f9c6ef3f000 ---p 00006000 08:05 1573092                    /usr/lib/libogg.so.0.7.0
7f9c6ef3f000-7f9c6ef40000 r--p 00005000 08:05 1573092                    /usr/lib/libogg.so.0.7.0
7f9c6ef40000-7f9c6ef41000 rw-p 00006000 08:05 1573092                    /usr/lib/libogg.so.0.7.0
7f9c6ef41000-7f9c6ef6c000 r-xp 00000000 08:05 1582648                    /usr/lib/libvorbis.so.0.4.5
7f9c6ef6c000-7f9c6f16b000 ---p 0002b000 08:05 1582648                    /usr/lib/libvorbis.so.0.4.5
7f9c6f16b000-7f9c6f16c000 r--p 0002a000 08:05 1582648                    /usr/lib/libvorbis.so.0.4.5
7f9c6f16c000-7f9c6f16d000 rw-p 0002b000 08:05 1582648                    /usr/lib/libvorbis.so.0.4.5
7f9c6f16d000-7f9c6f420000 r-xp 00000000 08:05 1573212                    /usr/lib/libvorbisenc.so.2.0.8
7f9c6f420000-7f9c6f61f000 ---p 002b3000 08:05 1573212                    /usr/lib/libvorbisenc.so.2.0.8
7f9c6f61f000-7f9c6f63b000 r--p 002b2000 08:05 1573212                    /usr/lib/libvorbisenc.so.2.0.8
7f9c6f63b000-7f9c6f63c000 rw-p 002ce000 08:05 1573212                    /usr/lib/libvorbisenc.so.2.0.8
7f9c6f63c000-7f9c6f684000 r-xp 00000000 08:05 1570101                    /usr/lib/libFLAC.so.8.2.0
7f9c6f684000-7f9c6f884000 ---p 00048000 08:05 1570101                    /usr/lib/libFLAC.so.8.2.0
7f9c6f884000-7f9c6f885000 r--p 00048000 08:05 1570101                    /usr/lib/libFLAC.so.8.2.0
7f9c6f885000-7f9c6f886000 rw-p 00049000 08:05 1570101                    /usr/lib/libFLAC.so.8.2.0
7f9c6f886000-7f9c6f8e7000 r-xp 00000000 08:05 1570821                    /usr/lib/libsndfile.so.1.0.23
7f9c6f8e7000-7f9c6fae7000 ---p 00061000 08:05 1570821                    /usr/lib/libsndfile.so.1.0.23
7f9c6fae7000-7f9c6fae9000 r--p 00061000 08:05 1570821                    /usr/lib/libsndfile.so.1.0.23
7f9c6fae9000-7f9c6faea000 rw-p 00063000 08:05 1570821                    /usr/lib/libsndfile.so.1.0.23
7f9c6faea000-7f9c6faee000 rw-p 00000000 00:00 0 
7f9c6faee000-7f9c6faf6000 r-xp 00000000 08:05 538930                     /lib/libwrap.so.0.7.6
7f9c6faf6000-7f9c6fcf6000 ---p 00008000 08:05 538930                     /lib/libwrap.so.0.7.6
7f9c6fcf6000-7f9c6fcf7000 r--p 00008000 08:05 538930                     /lib/libwrap.so.0.7.6
7f9c6fcf7000-7f9c6fcf8000 rw-p 00009000 08:05 538930                     /lib/libwrap.so.0.7.6
7f9c6fcf8000-7f9c6fcf9000 rw-p 00000000 00:00 0 
7f9c6fcf9000-7f9c6fcfd000 r-xp 00000000 08:05 534738                     /lib/x86_64-linux-gnu/libuuid.so.1.3.0
7f9c6fcfd000-7f9c6fefc000 ---p 00004000 08:05 534738                     /lib/x86_64-linux-gnu/libuuid.so.1.3.0
7f9c6fefc000-7f9c6fefd000 r--p 00003000 08:05 534738                     /lib/x86_64-linux-gnu/libuuid.so.1.3.0
7f9c6fefd000-7f9c6fefe000 rw-p 00004000 08:05 534738                     /lib/x86_64-linux-gnu/libuuid.so.1.3.0
7f9c6fefe000-7f9c6ff40000 r-xp 00000000 08:05 525819                     /lib/x86_64-linux-gnu/libdbus-1.so.3.5.4
7f9c6ff40000-7f9c70140000 ---p 00042000 08:05 525819                     /lib/x86_64-linux-gnu/libdbus-1.so.3.5.4
7f9c70140000-7f9c70141000 r--p 00042000 08:05 525819                     /lib/x86_64-linux-gnu/libdbus-1.so.3.5.4
7f9c70141000-7f9c70142000 rw-p 00043000 08:05 525819                     /lib/x86_64-linux-gnu/libdbus-1.so.3.5.4
7f9c70142000-7f9c7018d000 r-xp 00000000 08:05 1580900                    /usr/lib/libpulsecommon-0.9.22.so
7f9c7018d000-7f9c7038c000 ---p 0004b000 08:05 1580900                    /usr/lib/libpulsecommon-0.9.22.so
7f9c7038c000-7f9c7038d000 r--p 0004a000 08:05 1580900                    /usr/lib/libpulsecommon-0.9.22.so
7f9c7038d000-7f9c7038e000 rw-p 0004b000 08:05 1580900                    /usr/lib/libpulsecommon-0.9.22.so
7f9c7038e000-7f9c70391000 r-xp 00000000 08:05 1573582                    /usr/lib/libxcb-atom.so.1.0.0
7f9c70391000-7f9c70591000 ---p 00003000 08:05 1573582                    /usr/lib/libxcb-atom.so.1.0.0
7f9c70591000-7f9c70592000 r--p 00003000 08:05 1573582                    /usr/lib/libxcb-atom.so.1.0.0
7f9c70592000-7f9c70593000 rw-p 00004000 08:05 1573582                    /usr/lib/libxcb-atom.so.1.0.0
7f9c70593000-7f9c7059a000 r-xp 00000000 08:05 1578963                    /usr/lib/x86_64-linux-gnu/libSM.so.6.0.1
7f9c7059a000-7f9c70799000 ---p 00007000 08:05 1578963                    /usr/lib/x86_64-linux-gnu/libSM.so.6.0.1
7f9c70799000-7f9c7079a000 r--p 00006000 08:05 1578963                    /usr/lib/x86_64-linux-gnu/libSM.so.6.0.1
7f9c7079a000-7f9c7079b000 rw-p 00007000 08:05 1578963                    /usr/lib/x86_64-linux-gnu/libSM.so.6.0.1
7f9c7079b000-7f9c707b1000 r-xp 00000000 08:05 1571606                    /usr/lib/x86_64-linux-gnu/libICE.so.6.3.0
7f9c707b1000-7f9c709b1000 ---p 00016000 08:05 1571606                    /usr/lib/x86_64-linux-gnu/libICE.so.6.3.0
7f9c709b1000-7f9c709b2000 r--p 00016000 08:05 1571606                    /usr/lib/x86_64-linux-gnu/libICE.so.6.3.0
7f9c709b2000-7f9c709b3000 rw-p 00017000 08:05 1571606                    /usr/lib/x86_64-linux-gnu/libICE.so.6.3.0
7f9c709b3000-7f9c709b6000 rw-p 00000000 00:00 0 
7f9c709b6000-7f9c709b7000 r-xp 00000000 08:05 1570508                    /usr/lib/x86_64-linux-gnu/libX11-xcb.so.1.0.0
7f9c709b7000-7f9c70bb6000 ---p 00001000 08:05 1570508                    /usr/lib/x86_64-linux-gnu/libX11-xcb.so.1.0.0
7f9c70bb6000-7f9c70bb7000 r--p 00000000 08:05 1570508                    /usr/lib/x86_64-linux-gnu/libX11-xcb.so.1.0.0
7f9c70bb7000-7f9c70bb8000 rw-p 00001000 08:05 1570508                    /usr/lib/x86_64-linux-gnu/libX11-xcb.so.1.0.0
7f9c70bb8000-7f9c70bf8000 r-xp 00000000 08:05 1573921                    /usr/lib/libpulse.so.0.12.3
7f9c70bf8000-7f9c70df7000 ---p 00040000 08:05 1573921                    /usr/lib/libpulse.so.0.12.3
7f9c70df7000-7f9c70df8000 r--p 0003f000 08:05 1573921                    /usr/lib/libpulse.so.0.12.3
7f9c70df8000-7f9c70df9000 rw-p 00040000 08:05 1573921                    /usr/lib/libpulse.so.0.12.3
7f9c70df9000-7f9c70e45000 r-xp 00000000 08:05 525267                     /tmp/libgdx/3154261069/libopenal64.so
7f9c70e45000-7f9c71044000 ---p 0004c000 08:05 525267                     /tmp/libgdx/3154261069/libopenal64.so
7f9c71044000-7f9c71046000 r--p 0004b000 08:05 525267                     /tmp/libgdx/3154261069/libopenal64.so
7f9c71046000-7f9c71047000 rw-p 0004d000 08:05 525267                     /tmp/libgdx/3154261069/libopenal64.so
7f9c71047000-7f9c71048000 rw-p 00000000 00:00 0 
7f9c71048000-7f9c71049000 r-xp 00000000 08:05 1597389                    /usr/lib/jvm/java-6-openjdk/jre/lib/amd64/libjawt.so
7f9c71049000-7f9c71248000 ---p 00001000 08:05 1597389                    /usr/lib/jvm/java-6-openjdk/jre/lib/amd64/libjawt.so
7f9c71248000-7f9c71249000 r--p 00000000 08:05 1597389                    /usr/lib/jvm/java-6-openjdk/jre/lib/amd64/libjawt.so
7f9c71249000-7f9c7124a000 rw-p 00001000 08:05 1597389                    /usr/lib/jvm/java-6-openjdk/jre/lib/amd64/libjawt.so
7f9c7124a000-7f9c7124f000 r-xp 00000000 08:05 1581972                    /usr/lib/x86_64-linux-gnu/libXxf86vm.so.1.0.0
7f9c7124f000-7f9c7144e000 ---p 00005000 08:05 1581972                    /usr/lib/x86_64-linux-gnu/libXxf86vm.so.1.0.0
7f9c7144e000-7f9c7144f000 r--p 00004000 08:05 1581972                    /usr/lib/x86_64-linux-gnu/libXxf86vm.so.1.0.0
7f9c7144f000-7f9c71450000 rw-p 00005000 08:05 1581972                    /usr/lib/x86_64-linux-gnu/libXxf86vm.so.1.0.0
7f9c71450000-7f9c714c9000 r-xp 00000000 08:05 525279                     /tmp/libgdx/3154261069/liblwjgl64.so
7f9c714c9000-7f9c716c9000 ---p 00079000 08:05 525279                     /tmp/libgdx/3154261069/liblwjgl64.so
7f9c716c9000-7f9c716cb000 r--p 00079000 08:05 525279                     /tmp/libgdx/3154261069/liblwjgl64.so
7f9c716cb000-7f9c716cc000 rw-p 0007b000 08:05 525279                     /tmp/libgdx/3154261069/liblwjgl64.so
7f9c716cc000-7f9c716cf000 ---p 00000000 00:00 0 
7f9c716cf000-7f9c717cd000 rw-p 00000000 00:00 0 
7f9c717cd000-7f9c717d2000 r-xp 00000000 08:05 1570859                    /usr/lib/x86_64-linux-gnu/libXfixes.so.3.1.0
7f9c717d2000-7f9c719d1000 ---p 00005000 08:05 1570859                    /usr/lib/x86_64-linux-gnu/libXfixes.so.3.1.0
7f9c719d1000-7f9c719d2000 r--p 00004000 08:05 1570859                    /usr/lib/x86_64-linux-gnu/libXfixes.so.3.1.0
7f9c719d2000-7f9c719d3000 rw-p 00005000 08:05 1570859                    /usr/lib/x86_64-linux-gnu/libXfixes.so.3.1.0
7f9c719d3000-7f9c719dc000 r-xp 00000000 08:05 1573929                    /usr/lib/x86_64-linux-gnu/libXcursor.so.1.0.2
7f9c719dc000-7f9c71bdb000 ---p 00009000 08:05 1573929                    /usr/lib/x86_64-linux-gnu/libXcursor.so.1.0.2
7f9c71bdb000-7f9c71bdc000 r--p 00008000 08:05 1573929                    /usr/lib/x86_64-linux-gnu/libXcursor.so.1.0.2
7f9c71bdc000-7f9c71bdd000 rw-p 00009000 08:05 1573929                    /usr/lib/x86_64-linux-gnu/libXcursor.so.1.0.2
7f9c71bdd000-7f9c71c69000 r-xp 00000000 08:05 525228                     /tmp/libgdx/3154261069/libgdx-64.so
7f9c71c69000-7f9c71e69000 ---p 0008c000 08:05 525228                     /tmp/libgdx/3154261069/libgdx-64.so
7f9c71e69000-7f9c71e6a000 r--p 0008c000 08:05 525228                     /tmp/libgdx/3154261069/libgdx-64.so
7f9c71e6a000-7f9c71e6b000 rw-p 0008d000 08:05 525228                     /tmp/libgdx/3154261069/libgdx-64.so
7f9c71e6b000-7f9c71e6e000 rw-p 00000000 00:00 0 
7f9c71e6e000-7f9c71e6f000 r--s 00000000 08:05 532633                     /var/cache/fontconfig/26de28bc8622bbc1fb67fd234c21975f-le64.cache-3
7f9c71e6f000-7f9c71e70000 r--s 00000000 08:05 554485                     /var/cache/fontconfig/c05880de57d1f5e948fdfacc138775d9-le64.cache-3
7f9c71e70000-7f9c71e79000 r--s 00000000 08:05 527845                     /var/cache/fontconfig/945677eb7aeaf62f1d50efc3fb3ec7d8-le64.cache-3
7f9c71e79000-7f9c71e7b000 r--s 00000000 08:05 554480                     /var/cache/fontconfig/99e8ed0e538f840c565b6ed5dad60d56-le64.cache-3
7f9c71e7b000-7f9c71e7e000 r--s 00000000 08:05 554411                     /var/cache/fontconfig/f24b2111ab8703b4e963115a8cf14259-le64.cache-3
7f9c71e7e000-7f9c71e81000 r--s 00000000 08:05 554479                     /var/cache/fontconfig/e383d7ea5fbe662a33d9b44caf393297-le64.cache-3
7f9c71e81000-7f9c71e84000 r--s 00000000 08:05 554477                     /var/cache/fontconfig/2cd17615ca594fa2959ae173292e504c-le64.cache-3
7f9c71e84000-7f9c71e85000 r--s 00000000 08:05 554471                     /var/cache/fontconfig/e7071f4a29fa870f4323321c154eba04-le64.cache-3
7f9c71e85000-7f9c71e89000 r--s 00000000 08:05 554470                     /var/cache/fontconfig/6eb3985aa4124903f6ff08ba781cd364-le64.cache-3
7f9c71e89000-7f9c71e8a000 r--s 00000000 08:05 554466                     /var/cache/fontconfig/4c73fe0c47614734b17d736dbde7580a-le64.cache-3
7f9c71e8a000-7f9c71e8b000 r--s 00000000 08:05 554459                     /var/cache/fontconfig/0d8c3b2ac0904cb8a57a757ad11a4a08-le64.cache-3
7f9c71e8b000-7f9c71e8c000 r--s 00000000 08:05 554454                     /var/cache/fontconfig/6a53c69dea097a2d716e069445527da8-le64.cache-3
7f9c71e8c000-7f9c71e91000 r--s 00000000 08:05 554453                     /var/cache/fontconfig/062808c12e6e608270f93bb230aed730-le64.cache-3
7f9c71e91000-7f9c71e97000 r--s 00000000 08:05 554429                     /var/cache/fontconfig/a755afe4a08bf5b97852ceb7400b47bc-le64.cache-3
7f9c71e97000-7f9c71e9c000 r--s 00000000 08:05 554452                     /var/cache/fontconfig/515ca1ebc4b18308bea979be5704f9db-le64.cache-3
7f9c71e9c000-7f9c71ea5000 r--s 00000000 08:05 554448                     /var/cache/fontconfig/6d41288fd70b0be22e8c3a91e032eec0-le64.cache-3
7f9c71ea5000-7f9c71eb5000 r--s 00000000 08:05 554447                     /var/cache/fontconfig/0f34bcd4b6ee430af32735b75db7f02b-le64.cache-3
7f9c71eb5000-7f9c71ee3000 r--s 00000000 08:05 554435                     /var/cache/fontconfig/365b55f210c0a22e9a19e35191240f32-le64.cache-3
7f9c71f16000-7f9c71f18000 rw-s 00000000 08:05 524988                     /tmp/glnE2dgu (deleted)
7f9c71f18000-7f9c71f1c000 rw-s 9f557000 00:05 7008                       /dev/nvidia0
7f9c71f1c000-7f9c71f5c000 rw-s b8b96000 00:05 7008                       /dev/nvidia0
7f9c71f5c000-7f9c71f5f000 ---p 00000000 00:00 0 
7f9c71f5f000-7f9c7205d000 rw-p 00000000 00:00 0 
7f9c7205d000-7f9c7205e000 r--s 00000000 08:05 532633                     /var/cache/fontconfig/26de28bc8622bbc1fb67fd234c21975f-le64.cache-3
7f9c7205e000-7f9c7205f000 r--s 00000000 08:05 554485                     /var/cache/fontconfig/c05880de57d1f5e948fdfacc138775d9-le64.cache-3
7f9c7205f000-7f9c72068000 r--s 00000000 08:05 527845                     /var/cache/fontconfig/945677eb7aeaf62f1d50efc3fb3ec7d8-le64.cache-3
7f9c72068000-7f9c7206a000 r--s 00000000 08:05 554480                     /var/cache/fontconfig/99e8ed0e538f840c565b6ed5dad60d56-le64.cache-3
7f9c7206a000-7f9c7206d000 r--s 00000000 08:05 554411                     /var/cache/fontconfig/f24b2111ab8703b4e963115a8cf14259-le64.cache-3
7f9c7206d000-7f9c72070000 r--s 00000000 08:05 554479                     /var/cache/fontconfig/e383d7ea5fbe662a33d9b44caf393297-le64.cache-3
7f9c72070000-7f9c72073000 r--s 00000000 08:05 554477                     /var/cache/fontconfig/2cd17615ca594fa2959ae173292e504c-le64.cache-3
7f9c72073000-7f9c72074000 r--s 00000000 08:05 554471                     /var/cache/fontconfig/e7071f4a29fa870f4323321c154eba04-le64.cache-3
7f9c72074000-7f9c72078000 r--s 00000000 08:05 554470                     /var/cache/fontconfig/6eb3985aa4124903f6ff08ba781cd364-le64.cache-3
7f9c72078000-7f9c72079000 r--s 00000000 08:05 554466                     /var/cache/fontconfig/4c73fe0c47614734b17d736dbde7580a-le64.cache-3
7f9c72079000-7f9c7207a000 r--s 00000000 08:05 554459                     /var/cache/fontconfig/0d8c3b2ac0904cb8a57a757ad11a4a08-le64.cache-3
7f9c7207a000-7f9c7207b000 r--s 00000000 08:05 554454                     /var/cache/fontconfig/6a53c69dea097a2d716e069445527da8-le64.cache-3
7f9c7207b000-7f9c72080000 r--s 00000000 08:05 554453                     /var/cache/fontconfig/062808c12e6e608270f93bb230aed730-le64.cache-3
7f9c72080000-7f9c72086000 r--s 00000000 08:05 554429                     /var/cache/fontconfig/a755afe4a08bf5b97852ceb7400b47bc-le64.cache-3
7f9c72086000-7f9c7208b000 r--s 00000000 08:05 554452                     /var/cache/fontconfig/515ca1ebc4b18308bea979be5704f9db-le64.cache-3
7f9c7208b000-7f9c72094000 r--s 00000000 08:05 554448                     /var/cache/fontconfig/6d41288fd70b0be22e8c3a91e032eec0-le64.cache-3
7f9c72094000-7f9c720a4000 r--s 00000000 08:05 554447                     /var/cache/fontconfig/0f34bcd4b6ee430af32735b75db7f02b-le64.cache-3
7f9c720a4000-7f9c720a7000 r--s 00000000 08:05 554441                     /var/cache/fontconfig/d60319d88cac85ba9e1a07bd06cfbb8c-le64.cache-3
7f9c720a7000-7f9c720a8000 r--s 00000000 08:05 530935                     /var/cache/fontconfig/4794a0821666d79190d59a36cb4f44b5-le64.cache-3
7f9c720a8000-7f9c720d6000 r--s 00000000 08:05 554435                     /var/cache/fontconfig/365b55f210c0a22e9a19e35191240f32-le64.cache-3
7f9c720d6000-7f9c720e0000 r--s 00000000 08:05 554433                     /var/cache/fontconfig/d52a8644073d54c13679302ca1180695-le64.cache-3
7f9c720e1000-7f9c720e5000 rw-s 35a1c000 00:05 7008                       /dev/nvidia0
7f9c720e5000-7f9c720ed000 r-xp 00000000 08:05 1581969                    /usr/lib/x86_64-linux-gnu/libXrandr.so.2.2.0
7f9c720ed000-7f9c722ec000 ---p 00008000 08:05 1581969                    /usr/lib/x86_64-linux-gnu/libXrandr.so.2.2.0
7f9c722ec000-7f9c722ed000 r--p 00007000 08:05 1581969                    /usr/lib/x86_64-linux-gnu/libXrandr.so.2.2.0
7f9c722ed000-7f9c722ee000 rw-p 00008000 08:05 1581969                    /usr/lib/x86_64-linux-gnu/libXrandr.so.2.2.0
7f9c722ee000-7f9c722ef000 rw-p 00000000 00:00 0 
7f9c722ef000-7f9c722f0000 rw-s d0008000 00:05 7008                       /dev/nvidia0
7f9c722f0000-7f9c722f1000 rw-s 35b75000 00:05 7008                       /dev/nvidia0
7f9c722f1000-7f9c722f2000 rw-s fbc0a000 00:05 7008                       /dev/nvidia0
7f9c722f2000-7f9c72312000 rw-s 99f6c000 00:05 7008                       /dev/nvidia0
7f9c72312000-7f9c72313000 rw-s fb641000 00:05 7008                       /dev/nvidia0
7f9c72313000-7f9c72314000 rw-s 117363000 00:05 7008                      /dev/nvidia0
7f9c72314000-7f9c7231b000 r--s 000fb000 08:05 1597348                    /usr/lib/jvm/java-6-openjdk/jre/lib/resources.jar
7f9c7231b000-7f9c7231c000 r--s 00000000 08:05 554418                     /var/cache/fontconfig/ec648e9a1aea82bddd4bd6050028158d-le64.cache-3
7f9c7231c000-7f9c7232f000 r--s 00000000 08:05 538224                     /var/cache/fontconfig/e13b20fdb08344e0e664864cc2ede53d-le64.cache-3
7f9c7232f000-7f9c72343000 r--s 00000000 08:05 527842                     /var/cache/fontconfig/865f88548240fee46819705c6468c165-le64.cache-3
7f9c72343000-7f9c72346000 ---p 00000000 00:00 0 
7f9c72346000-7f9c72444000 rw-p 00000000 00:00 0 
7f9c72444000-7f9c724d7000 r-xp 00000000 08:05 1574433                    /usr/lib/x86_64-linux-gnu/libfreetype.so.6.6.2
7f9c724d7000-7f9c726d6000 ---p 00093000 08:05 1574433                    /usr/lib/x86_64-linux-gnu/libfreetype.so.6.6.2
7f9c726d6000-7f9c726dc000 r--p 00092000 08:05 1574433                    /usr/lib/x86_64-linux-gnu/libfreetype.so.6.6.2
7f9c726dc000-7f9c726dd000 rw-p 00098000 08:05 1574433                    /usr/lib/x86_64-linux-gnu/libfreetype.so.6.6.2
7f9c726dd000-7f9c72716000 r-xp 00000000 08:05 1597379                    /usr/lib/jvm/java-6-openjdk/jre/lib/amd64/libfontmanager.so
7f9c72716000-7f9c72915000 ---p 00039000 08:05 1597379                    /usr/lib/jvm/java-6-openjdk/jre/lib/amd64/libfontmanager.so
7f9c72915000-7f9c72917000 r--p 00038000 08:05 1597379                    /usr/lib/jvm/java-6-openjdk/jre/lib/amd64/libfontmanager.so
7f9c72917000-7f9c72918000 rw-p 0003a000 08:05 1597379                    /usr/lib/jvm/java-6-openjdk/jre/lib/amd64/libfontmanager.so
7f9c72918000-7f9c7291d000 r-xp 00000000 08:05 1573561                    /usr/lib/x86_64-linux-gnu/libXdmcp.so.6.0.0
7f9c7291d000-7f9c72b1c000 ---p 00005000 08:05 1573561                    /usr/lib/x86_64-linux-gnu/libXdmcp.so.6.0.0
7f9c72b1c000-7f9c72b1d000 r--p 00004000 08:05 1573561                    /usr/lib/x86_64-linux-gnu/libXdmcp.so.6.0.0
7f9c72b1d000-7f9c72b1e000 rw-p 00005000 08:05 1573561                    /usr/lib/x86_64-linux-gnu/libXdmcp.so.6.0.0
7f9c72b1e000-7f9c72b20000 r-xp 00000000 08:05 1570542                    /usr/lib/x86_64-linux-gnu/libXau.so.6.0.0
7f9c72b20000-7f9c72d1f000 ---p 00002000 08:05 1570542                    /usr/lib/x86_64-linux-gnu/libXau.so.6.0.0
7f9c72d1f000-7f9c72d20000 r--p 00001000 08:05 1570542                    /usr/lib/x86_64-linux-gnu/libXau.so.6.0.0
7f9c72d20000-7f9c72d21000 rw-p 00002000 08:05 1570542                    /usr/lib/x86_64-linux-gnu/libXau.so.6.0.0
7f9c72d21000-7f9c72d3c000 r-xp 00000000 08:05 1572615                    /usr/lib/x86_64-linux-gnu/libxcb.so.1.1.0
7f9c72d3c000-7f9c72f3b000 ---p 0001b000 08:05 1572615                    /usr/lib/x86_64-linux-gnu/libxcb.so.1.1.0
7f9c72f3b000-7f9c72f3c000 r--p 0001a000 08:05 1572615                    /usr/lib/x86_64-linux-gnu/libxcb.so.1.1.0
7f9c72f3c000-7f9c72f3d000 rw-p 0001b000 08:05 1572615                    /usr/lib/x86_64-linux-gnu/libxcb.so.1.1.0
7f9c72f3d000-7f9c72f4c000 r-xp 00000000 08:05 1613065                    /usr/lib/x86_64-linux-gnu/libXi.so.6.1.0
7f9c72f4c000-7f9c7314b000 ---p 0000f000 08:05 1613065                    /usr/lib/x86_64-linux-gnu/libXi.so.6.1.0
7f9c7314b000-7f9c7314c000 r--p 0000e000 08:05 1613065                    /usr/lib/x86_64-linux-gnu/libXi.so.6.1.0
7f9c7314c000-7f9c7314d000 rw-p 0000f000 08:05 1613065                    /usr/lib/x86_64-linux-gnu/libXi.so.6.1.0
7f9c7314d000-7f9c73152000 r-xp 00000000 08:05 1572606                    /usr/lib/libXtst.so.6.1.0
7f9c73152000-7f9c73351000 ---p 00005000 08:05 1572606                    /usr/lib/libXtst.so.6.1.0
7f9c73351000-7f9c73352000 r--p 00004000 08:05 1572606                    /usr/lib/libXtst.so.6.1.0
7f9c73352000-7f9c73353000 rw-p 00005000 08:05 1572606                    /usr/lib/libXtst.so.6.1.0
7f9c73353000-7f9c7335c000 r-xp 00000000 08:05 1570620                    /usr/lib/x86_64-linux-gnu/libXrender.so.1.3.0
7f9c7335c000-7f9c7355c000 ---p 00009000 08:05 1570620                    /usr/lib/x86_64-linux-gnu/libXrender.so.1.3.0
7f9c7355c000-7f9c7355d000 r--p 00009000 08:05 1570620                    /usr/lib/x86_64-linux-gnu/libXrender.so.1.3.0
7f9c7355d000-7f9c7355e000 rw-p 0000a000 08:05 1570620                    /usr/lib/x86_64-linux-gnu/libXrender.so.1.3.0
7f9c7355e000-7f9c73693000 r-xp 00000000 08:05 1573591                    /usr/lib/x86_64-linux-gnu/libX11.so.6.3.0
7f9c73693000-7f9c73893000 ---p 00135000 08:05 1573591                    /usr/lib/x86_64-linux-gnu/libX11.so.6.3.0
7f9c73893000-7f9c73894000 r--p 00135000 08:05 1573591                    /usr/lib/x86_64-linux-gnu/libX11.so.6.3.0
7f9c73894000-7f9c73898000 rw-p 00136000 08:05 1573591                    /usr/lib/x86_64-linux-gnu/libX11.so.6.3.0
7f9c73898000-7f9c738a9000 r-xp 00000000 08:05 1571673                    /usr/lib/x86_64-linux-gnu/libXext.so.6.4.0
7f9c738a9000-7f9c73aa8000 ---p 00011000 08:05 1571673                    /usr/lib/x86_64-linux-gnu/libXext.so.6.4.0
7f9c73aa8000-7f9c73aa9000 r--p 00010000 08:05 1571673                    /usr/lib/x86_64-linux-gnu/libXext.so.6.4.0
7f9c73aa9000-7f9c73aaa000 rw-p 00011000 08:05 1571673                    /usr/lib/x86_64-linux-gnu/libXext.so.6.4.0
7f9c73aaa000-7f9c73aab000 rw-s 6c5c0000 00:05 7008                       /dev/nvidia0
7f9c73aab000-7f9c73aac000 rw-s fb060000 00:05 7008                       /dev/nvidia0
7f9c73aac000-7f9c73ab0000 r--s 00000000 08:05 538228                     /var/cache/fontconfig/7ef2298fde41cc6eeb7af42e48b7d293-le64.cache-3
7f9c73ab0000-7f9c73ac3000 r--s 00000000 08:05 538224                     /var/cache/fontconfig/e13b20fdb08344e0e664864cc2ede53d-le64.cache-3
7f9c73ac3000-7f9c73ad7000 r--s 00000000 08:05 527842                     /var/cache/fontconfig/865f88548240fee46819705c6468c165-le64.cache-3
7f9c73ad7000-7f9c73b22000 r-xp 00000000 08:05 1597420                    /usr/lib/jvm/java-6-openjdk/jre/lib/amd64/xawt/libmawt.so
7f9c73b22000-7f9c73d22000 ---p 0004b000 08:05 1597420                    /usr/lib/jvm/java-6-openjdk/jre/lib/amd64/xawt/libmawt.so
7f9c73d22000-7f9c73d23000 r--p 0004b000 08:05 1597420                    /usr/lib/jvm/java-6-openjdk/jre/lib/amd64/xawt/libmawt.so
7f9c73d23000-7f9c73d26000 rw-p 0004c000 08:05 1597420                    /usr/lib/jvm/java-6-openjdk/jre/lib/amd64/xawt/libmawt.so
7f9c73d26000-7f9c73d27000 rw-p 00000000 00:00 0 
7f9c73d27000-7f9c73dd0000 r-xp 00000000 08:05 1597388                    /usr/lib/jvm/java-6-openjdk/jre/lib/amd64/libawt.so
7f9c73dd0000-7f9c73fcf000 ---p 000a9000 08:05 1597388                    /usr/lib/jvm/java-6-openjdk/jre/lib/amd64/libawt.so
7f9c73fcf000-7f9c73fd0000 r--p 000a8000 08:05 1597388                    /usr/lib/jvm/java-6-openjdk/jre/lib/amd64/libawt.so
7f9c73fd0000-7f9c73fdb000 rw-p 000a9000 08:05 1597388                    /usr/lib/jvm/java-6-openjdk/jre/lib/amd64/libawt.so
7f9c73fdb000-7f9c74000000 rw-p 00000000 00:00 0 
7f9c74000000-7f9c74797000 rw-p 00000000 00:00 0 
7f9c74797000-7f9c78000000 ---p 00000000 00:00 0 
7f9c78000000-7f9c78001000 r--s 00005000 08:05 1447554                    /home/bompo/git/kpmusikspiel/libs/mp3spi1.9.4.jar
7f9c78001000-7f9c78006000 r--s 00028000 08:05 1447540                    /home/bompo/git/kpmusikspiel/libs/beads.jar
7f9c78006000-7f9c7800a000 r--s 0007c000 08:05 1597316                    /usr/lib/jvm/java-6-openjdk/jre/lib/jsse.jar
7f9c7800a000-7f9c78015000 r--s 00094000 08:05 1498923                    /home/bompo/git/kpmusikspiel/libs/gdx.jar
7f9c78015000-7f9c78016000 r--s 001a1000 08:05 1440083                    /home/bompo/git/kpmusikspiel/libs/gdx-natives.jar
7f9c78016000-7f9c78030000 r--s 00207000 08:05 1498924                    /home/bompo/git/kpmusikspiel/libs/gdx-backend-jogl.jar
7f9c78030000-7f9c78031000 r--s 00203000 08:05 1498925                    /home/bompo/git/kpmusikspiel/libs/gdx-backend-jogl-natives.jar
7f9c78031000-7f9c78039000 r--s 00066000 08:05 1721290                    /usr/share/java/gnome-java-bridge.jar
7f9c78039000-7f9c7803c000 r--s 0000f000 08:05 1597341                    /usr/lib/jvm/java-6-openjdk/jre/lib/ext/pulse-java.jar
7f9c7803c000-7f9c7803d000 ---p 00000000 00:00 0 
7f9c7803d000-7f9c7813d000 rw-p 00000000 00:00 0 
7f9c7813d000-7f9c78140000 ---p 00000000 00:00 0 
7f9c78140000-7f9c7823e000 rw-p 00000000 00:00 0 
7f9c7823e000-7f9c78241000 ---p 00000000 00:00 0 
7f9c78241000-7f9c7833f000 rw-p 00000000 00:00 0 
7f9c7833f000-7f9c78342000 ---p 00000000 00:00 0 
7f9c78342000-7f9c78440000 rw-p 00000000 00:00 0 
7f9c78440000-7f9c78443000 ---p 00000000 00:00 0 
7f9c78443000-7f9c78541000 rw-p 00000000 00:00 0 
7f9c78541000-7f9c78949000 r--p 00000000 08:05 1570348                    /usr/lib/locale/locale-archive
7f9c78949000-7f9c7894c000 ---p 00000000 00:00 0 
7f9c7894c000-7f9c78a4a000 rw-p 00000000 00:00 0 
7f9c78a4a000-7f9c78a4d000 ---p 00000000 00:00 0 
7f9c78a4d000-7f9c78b4b000 rw-p 00000000 00:00 0 
7f9c78b4b000-7f9c78b4c000 ---p 00000000 00:00 0 
7f9c78b4c000-7f9c79184000 rw-p 00000000 00:00 0 
7f9c79184000-7f9c79314000 r--s 037af000 08:05 1597397                    /usr/lib/jvm/java-6-openjdk/jre/lib/rt.jar
7f9c79314000-7f9c7933c000 rw-p 00000000 00:00 0 
7f9c7933c000-7f9c7933d000 ---p 00000000 00:00 0 
7f9c7933d000-7f9c7943d000 rw-p 00000000 00:00 0 
7f9c7943d000-7f9c7943e000 ---p 00000000 00:00 0 
7f9c7943e000-7f9c7953e000 rw-p 00000000 00:00 0 
7f9c7953e000-7f9c7953f000 ---p 00000000 00:00 0 
7f9c7953f000-7f9c7963f000 rw-p 00000000 00:00 0 
7f9c7963f000-7f9c79640000 ---p 00000000 00:00 0 
7f9c79640000-7f9c7974b000 rw-p 00000000 00:00 0 
7f9c7974b000-7f9c79793000 rw-p 00000000 00:00 0 
7f9c79793000-7f9c797a8000 rw-p 00000000 00:00 0 
7f9c797a8000-7f9c798dd000 rw-p 00000000 00:00 0 
7f9c798dd000-7f9c798e8000 rw-p 00000000 00:00 0 
7f9c798e8000-7f9c79930000 rw-p 00000000 00:00 0 
7f9c79930000-7f9c79945000 rw-p 00000000 00:00 0 
7f9c79945000-7f9c79a7a000 rw-p 00000000 00:00 0 
7f9c79a7a000-7f9c79a85000 rw-p 00000000 00:00 0 
7f9c79a85000-7f9c79b1f000 rw-p 00000000 00:00 0 
7f9c79b1f000-7f9c79b20000 rw-p 00000000 00:00 0 
7f9c79b20000-7f9c79d90000 rwxp 00000000 00:00 0 
7f9c79d90000-7f9c7cb20000 rw-p 00000000 00:00 0 
7f9c7cb20000-7f9c7cb27000 r-xp 00000000 08:05 1597383                    /usr/lib/jvm/java-6-openjdk/jre/lib/amd64/libzip.so
7f9c7cb27000-7f9c7cd26000 ---p 00007000 08:05 1597383                    /usr/lib/jvm/java-6-openjdk/jre/lib/amd64/libzip.so
7f9c7cd26000-7f9c7cd27000 r--p 00006000 08:05 1597383                    /usr/lib/jvm/java-6-openjdk/jre/lib/amd64/libzip.so
7f9c7cd27000-7f9c7cd28000 rw-p 00007000 08:05 1597383                    /usr/lib/jvm/java-6-openjdk/jre/lib/amd64/libzip.so
7f9c7cd28000-7f9c7cd34000 r-xp 00000000 08:05 535712                     /lib/x86_64-linux-gnu/libnss_files-2.13.so
7f9c7cd34000-7f9c7cf33000 ---p 0000c000 08:05 535712                     /lib/x86_64-linux-gnu/libnss_files-2.13.so
7f9c7cf33000-7f9c7cf34000 r--p 0000b000 08:05 535712                     /lib/x86_64-linux-gnu/libnss_files-2.13.so
7f9c7cf34000-7f9c7cf35000 rw-p 0000c000 08:05 535712                     /lib/x86_64-linux-gnu/libnss_files-2.13.so
7f9c7cf35000-7f9c7cf40000 r-xp 00000000 08:05 535714                     /lib/x86_64-linux-gnu/libnss_nis-2.13.so
7f9c7cf40000-7f9c7d13f000 ---p 0000b000 08:05 535714                     /lib/x86_64-linux-gnu/libnss_nis-2.13.so
7f9c7d13f000-7f9c7d140000 r--p 0000a000 08:05 535714                     /lib/x86_64-linux-gnu/libnss_nis-2.13.so
7f9c7d140000-7f9c7d141000 rw-p 0000b000 08:05 535714                     /lib/x86_64-linux-gnu/libnss_nis-2.13.so
7f9c7d141000-7f9c7d149000 r-xp 00000000 08:05 535710                     /lib/x86_64-linux-gnu/libnss_compat-2.13.so
7f9c7d149000-7f9c7d348000 ---p 00008000 08:05 535710                     /lib/x86_64-linux-gnu/libnss_compat-2.13.so
7f9c7d348000-7f9c7d349000 r--p 00007000 08:05 535710                     /lib/x86_64-linux-gnu/libnss_compat-2.13.so
7f9c7d349000-7f9c7d34a000 rw-p 00008000 08:05 535710                     /lib/x86_64-linux-gnu/libnss_compat-2.13.so
7f9c7d34a000-7f9c7d361000 r-xp 00000000 08:05 535709                     /lib/x86_64-linux-gnu/libnsl-2.13.so
7f9c7d361000-7f9c7d560000 ---p 00017000 08:05 535709                     /lib/x86_64-linux-gnu/libnsl-2.13.so
7f9c7d560000-7f9c7d561000 r--p 00016000 08:05 535709                     /lib/x86_64-linux-gnu/libnsl-2.13.so
7f9c7d561000-7f9c7d562000 rw-p 00017000 08:05 535709                     /lib/x86_64-linux-gnu/libnsl-2.13.so
7f9c7d562000-7f9c7d564000 rw-p 00000000 00:00 0 
7f9c7d564000-7f9c7d590000 r-xp 00000000 08:05 1597382                    /usr/lib/jvm/java-6-openjdk/jre/lib/amd64/libjava.so
7f9c7d590000-7f9c7d78f000 ---p 0002c000 08:05 1597382                    /usr/lib/jvm/java-6-openjdk/jre/lib/amd64/libjava.so
7f9c7d78f000-7f9c7d790000 r--p 0002b000 08:05 1597382                    /usr/lib/jvm/java-6-openjdk/jre/lib/amd64/libjava.so
7f9c7d790000-7f9c7d793000 rw-p 0002c000 08:05 1597382                    /usr/lib/jvm/java-6-openjdk/jre/lib/amd64/libjava.so
7f9c7d793000-7f9c7d7a1000 r-xp 00000000 08:05 1597368                    /usr/lib/jvm/java-6-openjdk/jre/lib/amd64/libverify.so
7f9c7d7a1000-7f9c7d9a0000 ---p 0000e000 08:05 1597368                    /usr/lib/jvm/java-6-openjdk/jre/lib/amd64/libverify.so
7f9c7d9a0000-7f9c7d9a2000 r--p 0000d000 08:05 1597368                    /usr/lib/jvm/java-6-openjdk/jre/lib/amd64/libverify.so
7f9c7d9a2000-7f9c7d9a3000 rw-p 0000f000 08:05 1597368                    /usr/lib/jvm/java-6-openjdk/jre/lib/amd64/libverify.so
7f9c7d9a3000-7f9c7d9aa000 r-xp 00000000 08:05 535724                     /lib/x86_64-linux-gnu/librt-2.13.so
7f9c7d9aa000-7f9c7dba9000 ---p 00007000 08:05 535724                     /lib/x86_64-linux-gnu/librt-2.13.so
7f9c7dba9000-7f9c7dbaa000 r--p 00006000 08:05 535724                     /lib/x86_64-linux-gnu/librt-2.13.so
7f9c7dbaa000-7f9c7dbab000 rw-p 00007000 08:05 535724                     /lib/x86_64-linux-gnu/librt-2.13.so
7f9c7dbab000-7f9c7dbc0000 r-xp 00000000 08:05 528127                     /lib/x86_64-linux-gnu/libgcc_s.so.1
7f9c7dbc0000-7f9c7ddbf000 ---p 00015000 08:05 528127                     /lib/x86_64-linux-gnu/libgcc_s.so.1
7f9c7ddbf000-7f9c7ddc0000 r--p 00014000 08:05 528127                     /lib/x86_64-linux-gnu/libgcc_s.so.1
7f9c7ddc0000-7f9c7ddc1000 rw-p 00015000 08:05 528127                     /lib/x86_64-linux-gnu/libgcc_s.so.1
7f9c7ddc1000-7f9c7de45000 r-xp 00000000 08:05 535703                     /lib/x86_64-linux-gnu/libm-2.13.so
7f9c7de45000-7f9c7e044000 ---p 00084000 08:05 535703                     /lib/x86_64-linux-gnu/libm-2.13.so
7f9c7e044000-7f9c7e045000 r--p 00083000 08:05 535703                     /lib/x86_64-linux-gnu/libm-2.13.so
7f9c7e045000-7f9c7e046000 rw-p 00084000 08:05 535703                     /lib/x86_64-linux-gnu/libm-2.13.so
7f9c7e046000-7f9c7e12e000 r-xp 00000000 08:05 1571250                    /usr/lib/x86_64-linux-gnu/libstdc++.so.6.0.14
7f9c7e12e000-7f9c7e32d000 ---p 000e8000 08:05 1571250                    /usr/lib/x86_64-linux-gnu/libstdc++.so.6.0.14
7f9c7e32d000-7f9c7e335000 r--p 000e7000 08:05 1571250                    /usr/lib/x86_64-linux-gnu/libstdc++.so.6.0.14
7f9c7e335000-7f9c7e337000 rw-p 000ef000 08:05 1571250                    /usr/lib/x86_64-linux-gnu/libstdc++.so.6.0.14
7f9c7e337000-7f9c7e34c000 rw-p 00000000 00:00 0 
7f9c7e34c000-7f9c7eca1000 r-xp 00000000 08:05 1597385                    /usr/lib/jvm/java-6-openjdk/jre/lib/amd64/server/libjvm.so
7f9c7eca1000-7f9c7eea0000 ---p 00955000 08:05 1597385                    /usr/lib/jvm/java-6-openjdk/jre/lib/amd64/server/libjvm.so
7f9c7eea0000-7f9c7ef21000 r--p 00954000 08:05 1597385                    /usr/lib/jvm/java-6-openjdk/jre/lib/amd64/server/libjvm.so
7f9c7ef21000-7f9c7ef3c000 rw-p 009d5000 08:05 1597385                    /usr/lib/jvm/java-6-openjdk/jre/lib/amd64/server/libjvm.so
7f9c7ef3c000-7f9c7ef65000 rw-p 00000000 00:00 0 
7f9c7ef65000-7f9c7f0ef000 r-xp 00000000 08:05 535697                     /lib/x86_64-linux-gnu/libc-2.13.so
7f9c7f0ef000-7f9c7f2ee000 ---p 0018a000 08:05 535697                     /lib/x86_64-linux-gnu/libc-2.13.so
7f9c7f2ee000-7f9c7f2f2000 r--p 00189000 08:05 535697                     /lib/x86_64-linux-gnu/libc-2.13.so
7f9c7f2f2000-7f9c7f2f3000 rw-p 0018d000 08:05 535697                     /lib/x86_64-linux-gnu/libc-2.13.so
7f9c7f2f3000-7f9c7f2f9000 rw-p 00000000 00:00 0 
7f9c7f2f9000-7f9c7f2fb000 r-xp 00000000 08:05 535702                     /lib/x86_64-linux-gnu/libdl-2.13.so
7f9c7f2fb000-7f9c7f4fb000 ---p 00002000 08:05 535702                     /lib/x86_64-linux-gnu/libdl-2.13.so
7f9c7f4fb000-7f9c7f4fc000 r--p 00002000 08:05 535702                     /lib/x86_64-linux-gnu/libdl-2.13.so
7f9c7f4fc000-7f9c7f4fd000 rw-p 00003000 08:05 535702                     /lib/x86_64-linux-gnu/libdl-2.13.so
7f9c7f4fd000-7f9c7f501000 r-xp 00000000 08:05 1597366                    /usr/lib/jvm/java-6-openjdk/jre/lib/amd64/jli/libjli.so
7f9c7f501000-7f9c7f700000 ---p 00004000 08:05 1597366                    /usr/lib/jvm/java-6-openjdk/jre/lib/amd64/jli/libjli.so
7f9c7f700000-7f9c7f701000 r--p 00003000 08:05 1597366                    /usr/lib/jvm/java-6-openjdk/jre/lib/amd64/jli/libjli.so
7f9c7f701000-7f9c7f702000 rw-p 00004000 08:05 1597366                    /usr/lib/jvm/java-6-openjdk/jre/lib/amd64/jli/libjli.so
7f9c7f702000-7f9c7f71a000 r-xp 00000000 08:05 535718                     /lib/x86_64-linux-gnu/libpthread-2.13.so
7f9c7f71a000-7f9c7f91a000 ---p 00018000 08:05 535718                     /lib/x86_64-linux-gnu/libpthread-2.13.so
7f9c7f91a000-7f9c7f91b000 r--p 00018000 08:05 535718                     /lib/x86_64-linux-gnu/libpthread-2.13.so
7f9c7f91b000-7f9c7f91c000 rw-p 00019000 08:05 535718                     /lib/x86_64-linux-gnu/libpthread-2.13.so
7f9c7f91c000-7f9c7f920000 rw-p 00000000 00:00 0 
7f9c7f920000-7f9c7f937000 r-xp 00000000 08:05 535781                     /lib/x86_64-linux-gnu/libz.so.1.2.3.4
7f9c7f937000-7f9c7fb36000 ---p 00017000 08:05 535781                     /lib/x86_64-linux-gnu/libz.so.1.2.3.4
7f9c7fb36000-7f9c7fb37000 r--p 00016000 08:05 535781                     /lib/x86_64-linux-gnu/libz.so.1.2.3.4
7f9c7fb37000-7f9c7fb38000 rw-p 00017000 08:05 535781                     /lib/x86_64-linux-gnu/libz.so.1.2.3.4
7f9c7fb38000-7f9c7fb59000 r-xp 00000000 08:05 535673                     /lib/x86_64-linux-gnu/ld-2.13.so
7f9c7fb59000-7f9c7fb63000 r--s 00000000 08:05 554433                     /var/cache/fontconfig/d52a8644073d54c13679302ca1180695-le64.cache-3
7f9c7fb63000-7f9c7fb6d000 rw-p 00000000 00:00 0 
7f9c7fb6d000-7f9c7fc23000 rw-p 00000000 00:00 0 
7f9c7fc23000-7f9c7fc26000 ---p 00000000 00:00 0 
7f9c7fc26000-7f9c7fd29000 rw-p 00000000 00:00 0 
7f9c7fd29000-7f9c7fd2a000 r--p 00000000 00:00 0 
7f9c7fd2a000-7f9c7fd2b000 r--s 00000000 08:05 1340105                    /home/bompo/.fontconfig/aa7e4f27e681240d22a1f116cf7520f0-le64.cache-3
7f9c7fd2b000-7f9c7fd2e000 r--s 00000000 08:05 554441                     /var/cache/fontconfig/d60319d88cac85ba9e1a07bd06cfbb8c-le64.cache-3
7f9c7fd2e000-7f9c7fd2f000 r--s 00000000 08:05 530935                     /var/cache/fontconfig/4794a0821666d79190d59a36cb4f44b5-le64.cache-3
7f9c7fd2f000-7f9c7fd30000 r--s 00000000 08:05 554418                     /var/cache/fontconfig/ec648e9a1aea82bddd4bd6050028158d-le64.cache-3
7f9c7fd30000-7f9c7fd34000 r--s 00000000 08:05 538228                     /var/cache/fontconfig/7ef2298fde41cc6eeb7af42e48b7d293-le64.cache-3
7f9c7fd34000-7f9c7fd35000 r--s 00000000 08:05 1340105                    /home/bompo/.fontconfig/aa7e4f27e681240d22a1f116cf7520f0-le64.cache-3
7f9c7fd35000-7f9c7fd46000 r--s 0011a000 08:05 1440866                    /home/bompo/git/kpmusikspiel/libs/gdx-backend-lwjgl.jar
7f9c7fd46000-7f9c7fd47000 r--s 00007000 08:05 1440877                    /home/bompo/git/kpmusikspiel/libs/gdx-backend-lwjgl-sources.jar
7f9c7fd47000-7f9c7fd48000 r--s 00127000 08:05 1440876                    /home/bompo/git/kpmusikspiel/libs/gdx-backend-lwjgl-natives.jar
7f9c7fd48000-7f9c7fd4b000 r--s 00017000 08:05 1439905                    /home/bompo/git/kpmusikspiel/libs/tritonus_share.jar
7f9c7fd4b000-7f9c7fd4c000 r--s 00002000 08:05 1439810                    /home/bompo/git/kpmusikspiel/libs/tritonus_aos.jar
7f9c7fd4c000-7f9c7fd54000 rw-s 00000000 08:05 524976                     /tmp/hsperfdata_bompo/15161
7f9c7fd54000-7f9c7fd55000 rw-p 00000000 00:00 0 
7f9c7fd55000-7f9c7fd56000 r--p 00000000 00:00 0 
7f9c7fd56000-7f9c7fd58000 rw-p 00000000 00:00 0 
7f9c7fd58000-7f9c7fd59000 r--p 00020000 08:05 535673                     /lib/x86_64-linux-gnu/ld-2.13.so
7f9c7fd59000-7f9c7fd5b000 rw-p 00021000 08:05 535673                     /lib/x86_64-linux-gnu/ld-2.13.so
7fffbb39a000-7fffbb3bb000 rw-p 00000000 00:00 0                          [stack]
7fffbb3ff000-7fffbb400000 r-xp 00000000 00:00 0                          [vdso]
ffffffffff600000-ffffffffff601000 r-xp 00000000 00:00 0                  [vsyscall]
7fffbb39a000-7fffbb3bb000 rw-p 00000000 00:00 0                          [stack]
7fffbb3ff000-7fffbb400000 r-xp 00000000 00:00 0                          [vdso]
ffffffffff600000-ffffffffff601000 r-xp 00000000 00:00 0                  [vsyscall]

VM Arguments:
jvm_args: -Dfile.encoding=UTF-8 
java_command: com.jumpandrun.DesktopStarter
Launcher Type: SUN_STANDARD

Environment Variables:
PATH=/usr/local/sbin:/usr/local/bin:/usr/sbin:/usr/bin:/sbin:/bin:/usr/games
USERNAME=bompo
LD_LIBRARY_PATH=/usr/lib/jvm/java-6-openjdk/jre/lib/amd64/server:/usr/lib/jvm/java-6-openjdk/jre/lib/amd64:/usr/lib/jvm/java-6-openjdk/jre/../lib/amd64:/usr/lib64/xulrunner-addons
SHELL=/bin/bash
DISPLAY=:0.0

Signal Handlers:
SIGSEGV: [libjvm.so+0x7d0f60], sa_mask[0]=0x7ffbfeff, sa_flags=0x10000004
SIGBUS: [libjvm.so+0x7d0f60], sa_mask[0]=0x7ffbfeff, sa_flags=0x10000004
SIGFPE: [libjvm.so+0x683760], sa_mask[0]=0x7ffbfeff, sa_flags=0x10000004
SIGPIPE: [libjvm.so+0x683760], sa_mask[0]=0x7ffbfeff, sa_flags=0x10000004
SIGXFSZ: [libjvm.so+0x683760], sa_mask[0]=0x7ffbfeff, sa_flags=0x10000004
SIGILL: [libjvm.so+0x683760], sa_mask[0]=0x7ffbfeff, sa_flags=0x10000004
SIGUSR1: SIG_DFL, sa_mask[0]=0x00000000, sa_flags=0x00000000
SIGUSR2: [libjvm.so+0x683930], sa_mask[0]=0x00000004, sa_flags=0x10000004
SIGHUP: [libjvm.so+0x6862d0], sa_mask[0]=0x7ffbfeff, sa_flags=0x10000004
SIGINT: [libjvm.so+0x6862d0], sa_mask[0]=0x7ffbfeff, sa_flags=0x10000004
SIGTERM: [libjvm.so+0x6862d0], sa_mask[0]=0x7ffbfeff, sa_flags=0x10000004
SIGQUIT: [libjvm.so+0x6862d0], sa_mask[0]=0x7ffbfeff, sa_flags=0x10000004


---------------  S Y S T E M  ---------------

OS:Ubuntu 11.04 (natty)
uname:Linux 2.6.38-10-generic #46-Ubuntu SMP Tue Jun 28 15:07:17 UTC 2011 x86_64
libc:glibc 2.13 NPTL 2.13 
rlimit: STACK 8192k, CORE 0k, NPROC infinity, NOFILE 4096, AS infinity
load average:0.25 0.16 0.15

/proc/meminfo:
MemTotal:        4047872 kB
MemFree:          924368 kB
Buffers:          213264 kB
Cached:          1041876 kB
SwapCached:            0 kB
Active:          1540964 kB
Inactive:        1152388 kB
Active(anon):     919724 kB
Inactive(anon):   523764 kB
Active(file):     621240 kB
Inactive(file):   628624 kB
Unevictable:         248 kB
Mlocked:             132 kB
SwapTotal:      19529724 kB
SwapFree:       19529704 kB
Dirty:              1576 kB
Writeback:             0 kB
AnonPages:       1438648 kB
Mapped:           158212 kB
Shmem:              5232 kB
Slab:             232568 kB
SReclaimable:     205384 kB
SUnreclaim:        27184 kB
KernelStack:        3432 kB
PageTables:        29696 kB
NFS_Unstable:          0 kB
Bounce:                0 kB
WritebackTmp:          0 kB
CommitLimit:    21553660 kB
Committed_AS:    3422324 kB
VmallocTotal:   34359738367 kB
VmallocUsed:      341848 kB
VmallocChunk:   34359382612 kB
HardwareCorrupted:     0 kB
HugePages_Total:       0
HugePages_Free:        0
HugePages_Rsvd:        0
HugePages_Surp:        0
Hugepagesize:       2048 kB
DirectMap4k:      189888 kB
DirectMap2M:     3995648 kB


CPU:total 4 (4 cores per cpu, 1 threads per core) family 6 model 30 stepping 5, cmov, cx8, fxsr, mmx, sse, sse2, sse3, ssse3, sse4.1, sse4.2, popcnt

Memory: 4k page, physical 4047872k(924368k free), swap 19529724k(19529704k free)

vm_info: OpenJDK 64-Bit Server VM (20.0-b11) for linux-amd64 JRE (1.6.0_22-b22), built on Jun 11 2011 05:56:16 by "buildd" with gcc 4.5.2

time: Sun Jul 17 17:02:37 2011
elapsed time: 0 seconds

