#
# A fatal error has been detected by the Java Runtime Environment:
#
#  SIGSEGV (0xb) at pc=0x00007f6b12026879, pid=20505, tid=140098067318560
#
# JRE version: 6.0_24-b07
# Java VM: Java HotSpot(TM) 64-Bit Server VM (19.1-b02 mixed mode linux-amd64 compressed oops)
# Problematic frame:
# 
[error occurred during error reporting (printing problematic frame), id 0xb]

# If you would like to submit a bug report, please visit:
#   http://java.sun.com/webapps/bugreport/crash.jsp
#

---------------  T H R E A D  ---------------

Current thread is native thread

siginfo:si_signo=SIGSEGV: si_errno=0, si_code=1 (SEGV_MAPERR), si_addr=0x0000000000100ce0

Registers:
RAX=0x0000000000100ce0, RBX=0x000000000000003a, RCX=0x0000000000000000, RDX=0x00007fffe4d1a4d0
RSP=0x00007fffe4d1a450, RBP=0x00007fffe4d1a450, RSI=0x0000000000000000, RDI=0x00007f6b1233c158
R8 =0x00007f6b1f9d29d8, R9 =0x00007f6b1233c158, R10=0x00007f6b1f38bf88, R11=0x00007f6b1f034ca0
R12=0x0000000000000000, R13=0x00007f6b1f9d2048, R14=0x0000000040d867d0, R15=0x000000000000000c
RIP=0x00007f6b12026879, EFL=0x0000000000010246, CSGSFS=0x0000000000000033, ERR=0x0000000000000004
  TRAPNO=0x000000000000000e

Register to memory mapping:

RAX=0x0000000000100ce0
0x0000000000100ce0 is pointing to unknown location

RBX=0x000000000000003a
0x000000000000003a is pointing to unknown location

RCX=0x0000000000000000
0x0000000000000000 is pointing to unknown location

RDX=0x00007fffe4d1a4d0
0x00007fffe4d1a4d0 is pointing to unknown location

RSP=0x00007fffe4d1a450
0x00007fffe4d1a450 is pointing to unknown location

RBP=0x00007fffe4d1a450
0x00007fffe4d1a450 is pointing to unknown location

RSI=0x0000000000000000
0x0000000000000000 is pointing to unknown location

RDI=0x00007f6b1233c158
0x00007f6b1233c158: <offset 0x215158> in /lib/x86_64-linux-gnu/libgcc_s.so.1 at 0x00007f6b12127000

R8 =0x00007f6b1f9d29d8
0x00007f6b1f9d29d8: _rtld_global+0x998 in /lib64/ld-linux-x86-64.so.2 at 0x00007f6b1f7b1000

R9 =0x00007f6b1233c158
0x00007f6b1233c158: <offset 0x215158> in /lib/x86_64-linux-gnu/libgcc_s.so.1 at 0x00007f6b12127000

R10=0x00007f6b1f38bf88
0x00007f6b1f38bf88: <offset 0x390f88> in /lib/x86_64-linux-gnu/libc.so.6 at 0x00007f6b1effb000

R11=0x00007f6b1f034ca0
0x00007f6b1f034ca0: __cxa_finalize+0 in /lib/x86_64-linux-gnu/libc.so.6 at 0x00007f6b1effb000

R12=0x0000000000000000
0x0000000000000000 is pointing to unknown location

R13=0x00007f6b1f9d2048
0x00007f6b1f9d2048: _rtld_global+0x8 in /lib64/ld-linux-x86-64.so.2 at 0x00007f6b1f7b1000

R14=0x0000000040d867d0
0x0000000040d867d0 is pointing to unknown location

R15=0x000000000000000c
0x000000000000000c is pointing to unknown location


Top of Stack: (sp=0x00007fffe4d1a450)
0x00007fffe4d1a450:   00007fffe4d1a6c0 00007f6b12026b31
0x00007fffe4d1a460:   00007fffe4d1a6c0 00007f6b1f7bfebc
0x00007fffe4d1a470:   00007f6b1f9d32e8 00007f6b1f9d3878
0x00007fffe4d1a480:   00007f6b1f9a1000 0000000040c9abf0
0x00007fffe4d1a490:   0000000040c9dd70 0000000040c9e2a0
0x00007fffe4d1a4a0:   0000000040c9e7a0 0000000040ca33e0
0x00007fffe4d1a4b0:   00007f6b140fce30 0000000040eda6c0
0x00007fffe4d1a4c0:   0000000040edab80 0000000040edb020
0x00007fffe4d1a4d0:   0000000040d867d0 0000000040d85670
0x00007fffe4d1a4e0:   0000000040eae3f0 0000000040d85b30
0x00007fffe4d1a4f0:   0000000040ead9a0 0000000040edc240
0x00007fffe4d1a500:   00007f6b1436bbe0 00007f6b14343800
0x00007fffe4d1a510:   0000000040edbda0 0000000040edb900
0x00007fffe4d1a520:   00007f6b141482d0 00007f6b142e6180
0x00007fffe4d1a530:   00007f6b14328510 00007f6b14061270
0x00007fffe4d1a540:   00007f6b14062750 00007f6b14055ef0
0x00007fffe4d1a550:   0000000040c99780 0000000040c990e0
0x00007fffe4d1a560:   0000000040c96730 00007f6b1437a230
0x00007fffe4d1a570:   00007f6b143778d0 00007f6b14377420
0x00007fffe4d1a580:   00007f6b14376f80 00007f6b14376ae0
0x00007fffe4d1a590:   00007f6b1437a6d0 00007f6b14062280
0x00007fffe4d1a5a0:   00007f6b14061940 00007f6b14061de0
0x00007fffe4d1a5b0:   00007f6b14062c90 00007f6b14063780
0x00007fffe4d1a5c0:   00007f6b14063280 00007f6b1f9a1508
0x00007fffe4d1a5d0:   00007f6b14377d80 0000000040c97b70
0x00007fffe4d1a5e0:   00007f6b1f9d09a0 00007f6b1437ace0
0x00007fffe4d1a5f0:   00007f6b1437b180 0000000040c99d60
0x00007fffe4d1a600:   00007f6b1437b620 00007f6b1437bac0
0x00007fffe4d1a610:   00007f6b1437bf60 00007f6b1437c410
0x00007fffe4d1a620:   0000000040c96c00 00007f6b1437c8b0
0x00007fffe4d1a630:   00007f6b1f9a19e8 00007f6b1f9d29d8
0x00007fffe4d1a640:   0000000000000000 00007f6b1f7bfd3d 

Instructions: (pc=0x00007f6b12026879)
0x00007f6b12026869:   48 89 05 60 06 10 00 ff d2 48 8b 05 57 06 10 00
0x00007f6b12026879:   48 8b 10 48 85 d2 75 e4 c6 05 50 06 10 00 01 c9 

Stack: [0x00007fffe4c1d000,0x00007fffe4d1d000],  sp=0x00007fffe4d1a450,  free space=1013k
Native frames: (J=compiled Java code, j=interpreted, Vv=VM code, C=native code)

[error occurred during error reporting (printing native stack), id 0xb]


---------------  P R O C E S S  ---------------

VM state:at safepoint (shutting down)

VM Mutex/Monitor currently owned by a thread:  ([mutex/lock_event])
[0x0000000040c9c140] Threads_lock - owner thread: 0x0000000040cfd000

Heap
 PSYoungGen      total 18432K, used 13869K [0x00000000eb600000, 0x00000000eca90000, 0x0000000100000000)
  eden space 15808K, 71% used [0x00000000eb600000,0x00000000ec0fcf08,0x00000000ec570000)
  from space 2624K, 99% used [0x00000000ec570000,0x00000000ec7fe5a0,0x00000000ec800000)
  to   space 2624K, 0% used [0x00000000ec800000,0x00000000ec800000,0x00000000eca90000)
 PSOldGen        total 42240K, used 1152K [0x00000000c2200000, 0x00000000c4b40000, 0x00000000eb600000)
  object space 42240K, 2% used [0x00000000c2200000,0x00000000c23201f0,0x00000000c4b40000)
 PSPermGen       total 21248K, used 17425K [0x00000000bd000000, 0x00000000be4c0000, 0x00000000c2200000)
  object space 21248K, 82% used [0x00000000bd000000,0x00000000be1044d0,0x00000000be4c0000)

Dynamic libraries:
40000000-40009000 r-xp 00000000 08:05 1662394                            /usr/lib/jvm/java-6-sun-1.6.0.24/jre/bin/java
40108000-4010a000 rwxp 00008000 08:05 1662394                            /usr/lib/jvm/java-6-sun-1.6.0.24/jre/bin/java
40c96000-410aa000 rwxp 00000000 00:00 0                                  [heap]
bd000000-be4c0000 rwxp 00000000 00:00 0 
be4c0000-c2200000 rwxp 00000000 00:00 0 
c2200000-c4b40000 rwxp 00000000 00:00 0 
c4b40000-eb600000 rwxp 00000000 00:00 0 
eb600000-eca90000 rwxp 00000000 00:00 0 
eca90000-100000000 rwxp 00000000 00:00 0 
7f6b07656000-7f6b077cd000 rwxs 00000000 00:04 51150867                   /SYSV00000000 (deleted)
7f6b0784d000-7f6b07c4d000 rwxp 00000000 00:00 0 
7f6b07cce000-7f6b07ece000 rwxs 08407000 00:05 10257                      /dev/nvidia0
7f6b0800e000-7f6b08011000 ---p 00000000 00:00 0 
7f6b08011000-7f6b0810f000 rwxp 00000000 00:00 0 
7f6b0810f000-7f6b08110000 ---p 00000000 00:00 0 
7f6b08110000-7f6b08910000 rwxp 00000000 00:00 0 
7f6b0c911000-7f6b0c912000 ---p 00000000 00:00 0 
7f6b0c912000-7f6b0d112000 rwxp 00000000 00:00 0 
7f6b0d112000-7f6b0d118000 r-xp 00000000 08:05 1573092                    /usr/lib/libogg.so.0.7.0
7f6b0d118000-7f6b0d317000 ---p 00006000 08:05 1573092                    /usr/lib/libogg.so.0.7.0
7f6b0d317000-7f6b0d318000 r-xp 00005000 08:05 1573092                    /usr/lib/libogg.so.0.7.0
7f6b0d318000-7f6b0d319000 rwxp 00006000 08:05 1573092                    /usr/lib/libogg.so.0.7.0
7f6b0d319000-7f6b0d344000 r-xp 00000000 08:05 1582648                    /usr/lib/libvorbis.so.0.4.5
7f6b0d344000-7f6b0d543000 ---p 0002b000 08:05 1582648                    /usr/lib/libvorbis.so.0.4.5
7f6b0d543000-7f6b0d544000 r-xp 0002a000 08:05 1582648                    /usr/lib/libvorbis.so.0.4.5
7f6b0d544000-7f6b0d545000 rwxp 0002b000 08:05 1582648                    /usr/lib/libvorbis.so.0.4.5
7f6b0d545000-7f6b0d7f8000 r-xp 00000000 08:05 1573212                    /usr/lib/libvorbisenc.so.2.0.8
7f6b0d7f8000-7f6b0d9f7000 ---p 002b3000 08:05 1573212                    /usr/lib/libvorbisenc.so.2.0.8
7f6b0d9f7000-7f6b0da13000 r-xp 002b2000 08:05 1573212                    /usr/lib/libvorbisenc.so.2.0.8
7f6b0da13000-7f6b0da14000 rwxp 002ce000 08:05 1573212                    /usr/lib/libvorbisenc.so.2.0.8
7f6b0da14000-7f6b0da5c000 r-xp 00000000 08:05 1570101                    /usr/lib/libFLAC.so.8.2.0
7f6b0da5c000-7f6b0dc5c000 ---p 00048000 08:05 1570101                    /usr/lib/libFLAC.so.8.2.0
7f6b0dc5c000-7f6b0dc5d000 r-xp 00048000 08:05 1570101                    /usr/lib/libFLAC.so.8.2.0
7f6b0dc5d000-7f6b0dc5e000 rwxp 00049000 08:05 1570101                    /usr/lib/libFLAC.so.8.2.0
7f6b0dc5e000-7f6b0dcbf000 r-xp 00000000 08:05 1570821                    /usr/lib/libsndfile.so.1.0.23
7f6b0dcbf000-7f6b0debf000 ---p 00061000 08:05 1570821                    /usr/lib/libsndfile.so.1.0.23
7f6b0debf000-7f6b0dec1000 r-xp 00061000 08:05 1570821                    /usr/lib/libsndfile.so.1.0.23
7f6b0dec1000-7f6b0dec2000 rwxp 00063000 08:05 1570821                    /usr/lib/libsndfile.so.1.0.23
7f6b0dec2000-7f6b0dec6000 rwxp 00000000 00:00 0 
7f6b0dec6000-7f6b0dece000 r-xp 00000000 08:05 538930                     /lib/libwrap.so.0.7.6
7f6b0dece000-7f6b0e0ce000 ---p 00008000 08:05 538930                     /lib/libwrap.so.0.7.6
7f6b0e0ce000-7f6b0e0cf000 r-xp 00008000 08:05 538930                     /lib/libwrap.so.0.7.6
7f6b0e0cf000-7f6b0e0d0000 rwxp 00009000 08:05 538930                     /lib/libwrap.so.0.7.6
7f6b0e0d0000-7f6b0e0d1000 rwxp 00000000 00:00 0 
7f6b0e0d1000-7f6b0e0d5000 r-xp 00000000 08:05 534738                     /lib/x86_64-linux-gnu/libuuid.so.1.3.0
7f6b0e0d5000-7f6b0e2d4000 ---p 00004000 08:05 534738                     /lib/x86_64-linux-gnu/libuuid.so.1.3.0
7f6b0e2d4000-7f6b0e2d5000 r-xp 00003000 08:05 534738                     /lib/x86_64-linux-gnu/libuuid.so.1.3.0
7f6b0e2d5000-7f6b0e2d6000 rwxp 00004000 08:05 534738                     /lib/x86_64-linux-gnu/libuuid.so.1.3.0
7f6b0e2d6000-7f6b0e318000 r-xp 00000000 08:05 525819                     /lib/x86_64-linux-gnu/libdbus-1.so.3.5.4
7f6b0e318000-7f6b0e518000 ---p 00042000 08:05 525819                     /lib/x86_64-linux-gnu/libdbus-1.so.3.5.4
7f6b0e518000-7f6b0e519000 r-xp 00042000 08:05 525819                     /lib/x86_64-linux-gnu/libdbus-1.so.3.5.4
7f6b0e519000-7f6b0e51a000 rwxp 00043000 08:05 525819                     /lib/x86_64-linux-gnu/libdbus-1.so.3.5.4
7f6b0e51a000-7f6b0e565000 r-xp 00000000 08:05 1580900                    /usr/lib/libpulsecommon-0.9.22.so
7f6b0e565000-7f6b0e764000 ---p 0004b000 08:05 1580900                    /usr/lib/libpulsecommon-0.9.22.so
7f6b0e764000-7f6b0e765000 r-xp 0004a000 08:05 1580900                    /usr/lib/libpulsecommon-0.9.22.so
7f6b0e765000-7f6b0e766000 rwxp 0004b000 08:05 1580900                    /usr/lib/libpulsecommon-0.9.22.so
7f6b0e766000-7f6b0e769000 r-xp 00000000 08:05 1573582                    /usr/lib/libxcb-atom.so.1.0.0
7f6b0e769000-7f6b0e969000 ---p 00003000 08:05 1573582                    /usr/lib/libxcb-atom.so.1.0.0
7f6b0e969000-7f6b0e96a000 r-xp 00003000 08:05 1573582                    /usr/lib/libxcb-atom.so.1.0.0
7f6b0e96a000-7f6b0e96b000 rwxp 00004000 08:05 1573582                    /usr/lib/libxcb-atom.so.1.0.0
7f6b0e96b000-7f6b0e972000 r-xp 00000000 08:05 1578963                    /usr/lib/x86_64-linux-gnu/libSM.so.6.0.1
7f6b0e972000-7f6b0eb71000 ---p 00007000 08:05 1578963                    /usr/lib/x86_64-linux-gnu/libSM.so.6.0.1
7f6b0eb71000-7f6b0eb72000 r-xp 00006000 08:05 1578963                    /usr/lib/x86_64-linux-gnu/libSM.so.6.0.1
7f6b0eb72000-7f6b0eb73000 rwxp 00007000 08:05 1578963                    /usr/lib/x86_64-linux-gnu/libSM.so.6.0.1
7f6b0eb73000-7f6b0eb89000 r-xp 00000000 08:05 1571606                    /usr/lib/x86_64-linux-gnu/libICE.so.6.3.0
7f6b0eb89000-7f6b0ed89000 ---p 00016000 08:05 1571606                    /usr/lib/x86_64-linux-gnu/libICE.so.6.3.0
7f6b0ed89000-7f6b0ed8a000 r-xp 00016000 08:05 1571606                    /usr/lib/x86_64-linux-gnu/libICE.so.6.3.0
7f6b0ed8a000-7f6b0ed8b000 rwxp 00017000 08:05 1571606                    /usr/lib/x86_64-linux-gnu/libICE.so.6.3.0
7f6b0ed8b000-7f6b0ed8e000 rwxp 00000000 00:00 0 
7f6b0ed8e000-7f6b0ed8f000 r-xp 00000000 08:05 1570508                    /usr/lib/x86_64-linux-gnu/libX11-xcb.so.1.0.0
7f6b0ed8f000-7f6b0ef8e000 ---p 00001000 08:05 1570508                    /usr/lib/x86_64-linux-gnu/libX11-xcb.so.1.0.0
7f6b0ef8e000-7f6b0ef8f000 r-xp 00000000 08:05 1570508                    /usr/lib/x86_64-linux-gnu/libX11-xcb.so.1.0.0
7f6b0ef8f000-7f6b0ef90000 rwxp 00001000 08:05 1570508                    /usr/lib/x86_64-linux-gnu/libX11-xcb.so.1.0.0
7f6b0ef90000-7f6b0efd0000 r-xp 00000000 08:05 1573921                    /usr/lib/libpulse.so.0.12.3
7f6b0efd0000-7f6b0f1cf000 ---p 00040000 08:05 1573921                    /usr/lib/libpulse.so.0.12.3
7f6b0f1cf000-7f6b0f1d0000 r-xp 0003f000 08:05 1573921                    /usr/lib/libpulse.so.0.12.3
7f6b0f1d0000-7f6b0f1d1000 rwxp 00040000 08:05 1573921                    /usr/lib/libpulse.so.0.12.3
7f6b0f31f000-7f6b0f322000 ---p 00000000 00:00 0 
7f6b0f322000-7f6b0f420000 rwxp 00000000 00:00 0 
7f6b0f420000-7f6b0f499000 r-xp 00000000 08:05 525332                     /tmp/libgdx/3154261069/liblwjgl64.so
7f6b0f499000-7f6b0f699000 ---p 00079000 08:05 525332                     /tmp/libgdx/3154261069/liblwjgl64.so
7f6b0f699000-7f6b0f69b000 r-xp 00079000 08:05 525332                     /tmp/libgdx/3154261069/liblwjgl64.so
7f6b0f69b000-7f6b0f69c000 rwxp 0007b000 08:05 525332                     /tmp/libgdx/3154261069/liblwjgl64.so
7f6b0f69c000-7f6b0f6a4000 r-xp 00000000 08:05 1581969                    /usr/lib/x86_64-linux-gnu/libXrandr.so.2.2.0
7f6b0f6a4000-7f6b0f8a3000 ---p 00008000 08:05 1581969                    /usr/lib/x86_64-linux-gnu/libXrandr.so.2.2.0
7f6b0f8a3000-7f6b0f8a4000 r-xp 00007000 08:05 1581969                    /usr/lib/x86_64-linux-gnu/libXrandr.so.2.2.0
7f6b0f8a4000-7f6b0f8a5000 rwxp 00008000 08:05 1581969                    /usr/lib/x86_64-linux-gnu/libXrandr.so.2.2.0
7f6b0f8bf000-7f6b0f8c2000 r-xs 00017000 08:05 1439905                    /home/bompo/git/kpmusikspiel/libs/tritonus_share.jar
7f6b0f8c2000-7f6b0f8c3000 r-xs 00002000 08:05 1439810                    /home/bompo/git/kpmusikspiel/libs/tritonus_aos.jar
7f6b0f8c3000-7f6b0f8c8000 r-xs 00028000 08:05 1447540                    /home/bompo/git/kpmusikspiel/libs/beads.jar
7f6b0f8d2000-7f6b0f9c1000 r-xp 00000000 08:05 525170                     /tmp/libgdx/3154261069/libjogl-linux64.so
7f6b0f9c1000-7f6b0fac1000 ---p 000ef000 08:05 525170                     /tmp/libgdx/3154261069/libjogl-linux64.so
7f6b0fac1000-7f6b0fac2000 rwxp 000ef000 08:05 525170                     /tmp/libgdx/3154261069/libjogl-linux64.so
7f6b0fac2000-7f6b10f10000 r-xp 00000000 08:05 723                        /usr/lib/nvidia-current/libnvidia-glcore.so.270.41.19
7f6b10f10000-7f6b11110000 ---p 0144e000 08:05 723                        /usr/lib/nvidia-current/libnvidia-glcore.so.270.41.19
7f6b11110000-7f6b116f8000 rwxp 0144e000 08:05 723                        /usr/lib/nvidia-current/libnvidia-glcore.so.270.41.19
7f6b116f8000-7f6b1170f000 rwxp 00000000 00:00 0 
7f6b1170f000-7f6b11710000 r-xp 00000000 08:05 716                        /usr/lib/nvidia-current/tls/libnvidia-tls.so.270.41.19
7f6b11710000-7f6b11910000 ---p 00001000 08:05 716                        /usr/lib/nvidia-current/tls/libnvidia-tls.so.270.41.19
7f6b11910000-7f6b11911000 rwxp 00001000 08:05 716                        /usr/lib/nvidia-current/tls/libnvidia-tls.so.270.41.19
7f6b11911000-7f6b11912000 r-xp 00000000 08:05 1734853                    /usr/lib/jvm/java-6-sun-1.6.0.24/jre/lib/amd64/libjawt.so
7f6b11912000-7f6b11a11000 ---p 00001000 08:05 1734853                    /usr/lib/jvm/java-6-sun-1.6.0.24/jre/lib/amd64/libjawt.so
7f6b11a11000-7f6b11a12000 rwxp 00000000 08:05 1734853                    /usr/lib/jvm/java-6-sun-1.6.0.24/jre/lib/amd64/libjawt.so
7f6b11a12000-7f6b11a17000 r-xp 00000000 08:05 1581972                    /usr/lib/x86_64-linux-gnu/libXxf86vm.so.1.0.0
7f6b11a17000-7f6b11c16000 ---p 00005000 08:05 1581972                    /usr/lib/x86_64-linux-gnu/libXxf86vm.so.1.0.0
7f6b11c16000-7f6b11c17000 r-xp 00004000 08:05 1581972                    /usr/lib/x86_64-linux-gnu/libXxf86vm.so.1.0.0
7f6b11c17000-7f6b11c18000 rwxp 00005000 08:05 1581972                    /usr/lib/x86_64-linux-gnu/libXxf86vm.so.1.0.0
7f6b11c18000-7f6b11cd5000 r-xp 00000000 08:05 928                        /usr/lib/nvidia-current/libGL.so.270.41.19
7f6b11cd5000-7f6b11ed5000 ---p 000bd000 08:05 928                        /usr/lib/nvidia-current/libGL.so.270.41.19
7f6b11ed5000-7f6b11f0e000 rwxp 000bd000 08:05 928                        /usr/lib/nvidia-current/libGL.so.270.41.19
7f6b11f0e000-7f6b11f24000 rwxp 00000000 00:00 0 
7f6b11f24000-7f6b11f26000 r-xp 00000000 08:05 525082                     /tmp/libgdx/3154261069/libjogl_awt-linux64.so
7f6b11f26000-7f6b12025000 ---p 00002000 08:05 525082                     /tmp/libgdx/3154261069/libjogl_awt-linux64.so
7f6b12025000-7f6b12026000 rwxp 00001000 08:05 525082                     /tmp/libgdx/3154261069/libjogl_awt-linux64.so
7f6b12026000-7f6b12027000 r-xp 00000000 08:05 525030                     /tmp/libgdx/3154261069/libgluegen-rt-linux64.so
7f6b12027000-7f6b12126000 ---p 00001000 08:05 525030                     /tmp/libgdx/3154261069/libgluegen-rt-linux64.so
7f6b12126000-7f6b12127000 rwxp 00000000 08:05 525030                     /tmp/libgdx/3154261069/libgluegen-rt-linux64.so
7f6b12127000-7f6b1213c000 r-xp 00000000 08:05 528127                     /lib/x86_64-linux-gnu/libgcc_s.so.1
7f6b1213c000-7f6b1233b000 ---p 00015000 08:05 528127                     /lib/x86_64-linux-gnu/libgcc_s.so.1
7f6b1233b000-7f6b1233c000 r-xp 00014000 08:05 528127                     /lib/x86_64-linux-gnu/libgcc_s.so.1
7f6b1233c000-7f6b1233d000 rwxp 00015000 08:05 528127                     /lib/x86_64-linux-gnu/libgcc_s.so.1
7f6b1233d000-7f6b12425000 r-xp 00000000 08:05 1571250                    /usr/lib/x86_64-linux-gnu/libstdc++.so.6.0.14
7f6b12425000-7f6b12624000 ---p 000e8000 08:05 1571250                    /usr/lib/x86_64-linux-gnu/libstdc++.so.6.0.14
7f6b12624000-7f6b1262c000 r-xp 000e7000 08:05 1571250                    /usr/lib/x86_64-linux-gnu/libstdc++.so.6.0.14
7f6b1262c000-7f6b1262e000 rwxp 000ef000 08:05 1571250                    /usr/lib/x86_64-linux-gnu/libstdc++.so.6.0.14
7f6b1262e000-7f6b12643000 rwxp 00000000 00:00 0 
7f6b12643000-7f6b126cf000 r-xp 00000000 08:05 524736                     /tmp/libgdx/3154261069/libgdx-64.so
7f6b126cf000-7f6b128cf000 ---p 0008c000 08:05 524736                     /tmp/libgdx/3154261069/libgdx-64.so
7f6b128cf000-7f6b128d0000 r-xp 0008c000 08:05 524736                     /tmp/libgdx/3154261069/libgdx-64.so
7f6b128d0000-7f6b128d1000 rwxp 0008d000 08:05 524736                     /tmp/libgdx/3154261069/libgdx-64.so
7f6b128d1000-7f6b128d4000 rwxp 00000000 00:00 0 
7f6b128d4000-7f6b128d7000 ---p 00000000 00:00 0 
7f6b128d7000-7f6b129d5000 rwxp 00000000 00:00 0 
7f6b129d5000-7f6b129d8000 ---p 00000000 00:00 0 
7f6b129d8000-7f6b12ad6000 rwxp 00000000 00:00 0 
7f6b12ad6000-7f6b12ad9000 ---p 00000000 00:00 0 
7f6b12ad9000-7f6b12bd7000 rwxp 00000000 00:00 0 
7f6b12bd7000-7f6b12bdc000 r-xp 00000000 08:05 1570859                    /usr/lib/x86_64-linux-gnu/libXfixes.so.3.1.0
7f6b12bdc000-7f6b12ddb000 ---p 00005000 08:05 1570859                    /usr/lib/x86_64-linux-gnu/libXfixes.so.3.1.0
7f6b12ddb000-7f6b12ddc000 r-xp 00004000 08:05 1570859                    /usr/lib/x86_64-linux-gnu/libXfixes.so.3.1.0
7f6b12ddc000-7f6b12ddd000 rwxp 00005000 08:05 1570859                    /usr/lib/x86_64-linux-gnu/libXfixes.so.3.1.0
7f6b12ddd000-7f6b12de6000 r-xp 00000000 08:05 1570620                    /usr/lib/x86_64-linux-gnu/libXrender.so.1.3.0
7f6b12de6000-7f6b12fe6000 ---p 00009000 08:05 1570620                    /usr/lib/x86_64-linux-gnu/libXrender.so.1.3.0
7f6b12fe6000-7f6b12fe7000 r-xp 00009000 08:05 1570620                    /usr/lib/x86_64-linux-gnu/libXrender.so.1.3.0
7f6b12fe7000-7f6b12fe8000 rwxp 0000a000 08:05 1570620                    /usr/lib/x86_64-linux-gnu/libXrender.so.1.3.0
7f6b12fe8000-7f6b12ff1000 r-xp 00000000 08:05 1573929                    /usr/lib/x86_64-linux-gnu/libXcursor.so.1.0.2
7f6b12ff1000-7f6b131f0000 ---p 00009000 08:05 1573929                    /usr/lib/x86_64-linux-gnu/libXcursor.so.1.0.2
7f6b131f0000-7f6b131f1000 r-xp 00008000 08:05 1573929                    /usr/lib/x86_64-linux-gnu/libXcursor.so.1.0.2
7f6b131f1000-7f6b131f2000 rwxp 00009000 08:05 1573929                    /usr/lib/x86_64-linux-gnu/libXcursor.so.1.0.2
7f6b131f2000-7f6b131f5000 ---p 00000000 00:00 0 
7f6b131f5000-7f6b132f3000 rwxp 00000000 00:00 0 
7f6b132f3000-7f6b1336c000 r-xp 00000000 08:05 1734841                    /usr/lib/jvm/java-6-sun-1.6.0.24/jre/lib/amd64/libfontmanager.so
7f6b1336c000-7f6b1346b000 ---p 00079000 08:05 1734841                    /usr/lib/jvm/java-6-sun-1.6.0.24/jre/lib/amd64/libfontmanager.so
7f6b1346b000-7f6b13480000 rwxp 00078000 08:05 1734841                    /usr/lib/jvm/java-6-sun-1.6.0.24/jre/lib/amd64/libfontmanager.so
7f6b13480000-7f6b13491000 rwxp 00000000 00:00 0 
7f6b13491000-7f6b13496000 r-xp 00000000 08:05 1573561                    /usr/lib/x86_64-linux-gnu/libXdmcp.so.6.0.0
7f6b13496000-7f6b13695000 ---p 00005000 08:05 1573561                    /usr/lib/x86_64-linux-gnu/libXdmcp.so.6.0.0
7f6b13695000-7f6b13696000 r-xp 00004000 08:05 1573561                    /usr/lib/x86_64-linux-gnu/libXdmcp.so.6.0.0
7f6b13696000-7f6b13697000 rwxp 00005000 08:05 1573561                    /usr/lib/x86_64-linux-gnu/libXdmcp.so.6.0.0
7f6b13697000-7f6b13699000 r-xp 00000000 08:05 1570542                    /usr/lib/x86_64-linux-gnu/libXau.so.6.0.0
7f6b13699000-7f6b13898000 ---p 00002000 08:05 1570542                    /usr/lib/x86_64-linux-gnu/libXau.so.6.0.0
7f6b13898000-7f6b13899000 r-xp 00001000 08:05 1570542                    /usr/lib/x86_64-linux-gnu/libXau.so.6.0.0
7f6b13899000-7f6b1389a000 rwxp 00002000 08:05 1570542                    /usr/lib/x86_64-linux-gnu/libXau.so.6.0.0
7f6b1389a000-7f6b138b5000 r-xp 00000000 08:05 1572615                    /usr/lib/x86_64-linux-gnu/libxcb.so.1.1.0
7f6b138b5000-7f6b13ab4000 ---p 0001b000 08:05 1572615                    /usr/lib/x86_64-linux-gnu/libxcb.so.1.1.0
7f6b13ab4000-7f6b13ab5000 r-xp 0001a000 08:05 1572615                    /usr/lib/x86_64-linux-gnu/libxcb.so.1.1.0
7f6b13ab5000-7f6b13ab6000 rwxp 0001b000 08:05 1572615                    /usr/lib/x86_64-linux-gnu/libxcb.so.1.1.0
7f6b13ab6000-7f6b13ac5000 r-xp 00000000 08:05 1613065                    /usr/lib/x86_64-linux-gnu/libXi.so.6.1.0
7f6b13ac5000-7f6b13cc4000 ---p 0000f000 08:05 1613065                    /usr/lib/x86_64-linux-gnu/libXi.so.6.1.0
7f6b13cc4000-7f6b13cc5000 r-xp 0000e000 08:05 1613065                    /usr/lib/x86_64-linux-gnu/libXi.so.6.1.0
7f6b13cc5000-7f6b13cc6000 rwxp 0000f000 08:05 1613065                    /usr/lib/x86_64-linux-gnu/libXi.so.6.1.0
7f6b13cc6000-7f6b13dfb000 r-xp 00000000 08:05 1573591                    /usr/lib/x86_64-linux-gnu/libX11.so.6.3.0
7f6b13dfb000-7f6b13ffb000 ---p 00135000 08:05 1573591                    /usr/lib/x86_64-linux-gnu/libX11.so.6.3.0
7f6b13ffb000-7f6b13ffc000 r-xp 00135000 08:05 1573591                    /usr/lib/x86_64-linux-gnu/libX11.so.6.3.0
7f6b13ffc000-7f6b14000000 rwxp 00136000 08:05 1573591                    /usr/lib/x86_64-linux-gnu/libX11.so.6.3.0
7f6b14000000-7f6b14cc3000 rwxp 00000000 00:00 0 
7f6b14cc3000-7f6b18000000 ---p 00000000 00:00 0 
7f6b18000000-7f6b18001000 r-xs 00005000 08:05 1447554                    /home/bompo/git/kpmusikspiel/libs/mp3spi1.9.4.jar
7f6b18003000-7f6b18007000 rwxs b593a000 00:05 10257                      /dev/nvidia0
7f6b18023000-7f6b1802b000 r-xs 00115000 08:05 1662451                    /usr/lib/jvm/java-6-sun-1.6.0.24/jre/lib/resources.jar
7f6b1802b000-7f6b1802c000 rwxs fb060000 00:05 10257                      /dev/nvidia0
7f6b1802c000-7f6b18047000 rwxs 112800000 00:05 10257                     /dev/nvidia0
7f6b18047000-7f6b18048000 r-xs 00000000 08:05 532633                     /var/cache/fontconfig/26de28bc8622bbc1fb67fd234c21975f-le64.cache-3
7f6b18048000-7f6b18049000 r-xs 00000000 08:05 554485                     /var/cache/fontconfig/c05880de57d1f5e948fdfacc138775d9-le64.cache-3
7f6b18049000-7f6b18052000 r-xs 00000000 08:05 527845                     /var/cache/fontconfig/945677eb7aeaf62f1d50efc3fb3ec7d8-le64.cache-3
7f6b18052000-7f6b18054000 r-xs 00000000 08:05 554480                     /var/cache/fontconfig/99e8ed0e538f840c565b6ed5dad60d56-le64.cache-3
7f6b18054000-7f6b18057000 r-xs 00000000 08:05 554411                     /var/cache/fontconfig/f24b2111ab8703b4e963115a8cf14259-le64.cache-3
7f6b18057000-7f6b1805a000 r-xs 00000000 08:05 554479                     /var/cache/fontconfig/e383d7ea5fbe662a33d9b44caf393297-le64.cache-3
7f6b1805a000-7f6b1805d000 r-xs 00000000 08:05 554477                     /var/cache/fontconfig/2cd17615ca594fa2959ae173292e504c-le64.cache-3
7f6b1805d000-7f6b1805e000 r-xs 00000000 08:05 554471                     /var/cache/fontconfig/e7071f4a29fa870f4323321c154eba04-le64.cache-3
7f6b1805e000-7f6b18067000 r-xs 00000000 08:05 554448                     /var/cache/fontconfig/6d41288fd70b0be22e8c3a91e032eec0-le64.cache-3
7f6b18067000-7f6b18077000 r-xs 00000000 08:05 554447                     /var/cache/fontconfig/0f34bcd4b6ee430af32735b75db7f02b-le64.cache-3
7f6b18077000-7f6b180a5000 r-xs 00000000 08:05 554435                     /var/cache/fontconfig/365b55f210c0a22e9a19e35191240f32-le64.cache-3
7f6b180a5000-7f6b180aa000 r-xp 00000000 08:05 1572606                    /usr/lib/libXtst.so.6.1.0
7f6b180aa000-7f6b182a9000 ---p 00005000 08:05 1572606                    /usr/lib/libXtst.so.6.1.0
7f6b182a9000-7f6b182aa000 r-xp 00004000 08:05 1572606                    /usr/lib/libXtst.so.6.1.0
7f6b182aa000-7f6b182ab000 rwxp 00005000 08:05 1572606                    /usr/lib/libXtst.so.6.1.0
7f6b182ab000-7f6b182bc000 r-xp 00000000 08:05 1571673                    /usr/lib/x86_64-linux-gnu/libXext.so.6.4.0
7f6b182bc000-7f6b184bb000 ---p 00011000 08:05 1571673                    /usr/lib/x86_64-linux-gnu/libXext.so.6.4.0
7f6b184bb000-7f6b184bc000 r-xp 00010000 08:05 1571673                    /usr/lib/x86_64-linux-gnu/libXext.so.6.4.0
7f6b184bc000-7f6b184bd000 rwxp 00011000 08:05 1571673                    /usr/lib/x86_64-linux-gnu/libXext.so.6.4.0
7f6b184bd000-7f6b184c1000 r-xs 00000000 08:05 554470                     /var/cache/fontconfig/6eb3985aa4124903f6ff08ba781cd364-le64.cache-3
7f6b184c1000-7f6b184c6000 r-xs 00000000 08:05 554453                     /var/cache/fontconfig/062808c12e6e608270f93bb230aed730-le64.cache-3
7f6b184c6000-7f6b184cc000 r-xs 00000000 08:05 554429                     /var/cache/fontconfig/a755afe4a08bf5b97852ceb7400b47bc-le64.cache-3
7f6b184cc000-7f6b184d6000 r-xs 00000000 08:05 554433                     /var/cache/fontconfig/d52a8644073d54c13679302ca1180695-le64.cache-3
7f6b184d6000-7f6b184d7000 r-xs 00000000 08:05 554418                     /var/cache/fontconfig/ec648e9a1aea82bddd4bd6050028158d-le64.cache-3
7f6b184d7000-7f6b184ea000 r-xs 00000000 08:05 538224                     /var/cache/fontconfig/e13b20fdb08344e0e664864cc2ede53d-le64.cache-3
7f6b184ea000-7f6b1852c000 r-xp 00000000 08:05 1734831                    /usr/lib/jvm/java-6-sun-1.6.0.24/jre/lib/amd64/xawt/libmawt.so
7f6b1852c000-7f6b1862b000 ---p 00042000 08:05 1734831                    /usr/lib/jvm/java-6-sun-1.6.0.24/jre/lib/amd64/xawt/libmawt.so
7f6b1862b000-7f6b18637000 rwxp 00041000 08:05 1734831                    /usr/lib/jvm/java-6-sun-1.6.0.24/jre/lib/amd64/xawt/libmawt.so
7f6b18637000-7f6b18638000 rwxp 00000000 00:00 0 
7f6b18638000-7f6b186ca000 r-xp 00000000 08:05 1734852                    /usr/lib/jvm/java-6-sun-1.6.0.24/jre/lib/amd64/libawt.so
7f6b186ca000-7f6b187c9000 ---p 00092000 08:05 1734852                    /usr/lib/jvm/java-6-sun-1.6.0.24/jre/lib/amd64/libawt.so
7f6b187c9000-7f6b187e2000 rwxp 00091000 08:05 1734852                    /usr/lib/jvm/java-6-sun-1.6.0.24/jre/lib/amd64/libawt.so
7f6b187e2000-7f6b18807000 rwxp 00000000 00:00 0 
7f6b18807000-7f6b18812000 r-xs 00094000 08:05 1498923                    /home/bompo/git/kpmusikspiel/libs/gdx.jar
7f6b18812000-7f6b18813000 r-xs 001a1000 08:05 1440083                    /home/bompo/git/kpmusikspiel/libs/gdx-natives.jar
7f6b18813000-7f6b1882d000 r-xs 00207000 08:05 1498924                    /home/bompo/git/kpmusikspiel/libs/gdx-backend-jogl.jar
7f6b1882d000-7f6b1882e000 r-xs 00203000 08:05 1498925                    /home/bompo/git/kpmusikspiel/libs/gdx-backend-jogl-natives.jar
7f6b1882e000-7f6b18831000 r-xs 0000f000 08:05 1622792                    /usr/lib/jvm/java-6-sun-1.6.0.24/jre/lib/ext/pulse-java.jar
7f6b18831000-7f6b18832000 ---p 00000000 00:00 0 
7f6b18832000-7f6b18932000 rwxp 00000000 00:00 0 
7f6b18932000-7f6b18935000 ---p 00000000 00:00 0 
7f6b18935000-7f6b18a33000 rwxp 00000000 00:00 0 
7f6b18a33000-7f6b18a36000 ---p 00000000 00:00 0 
7f6b18a36000-7f6b18b34000 rwxp 00000000 00:00 0 
7f6b18b34000-7f6b18b37000 ---p 00000000 00:00 0 
7f6b18b37000-7f6b18c35000 rwxp 00000000 00:00 0 
7f6b18c35000-7f6b18c38000 ---p 00000000 00:00 0 
7f6b18c38000-7f6b18d36000 rwxp 00000000 00:00 0 
7f6b18d36000-7f6b1913e000 r-xp 00000000 08:05 1570348                    /usr/lib/locale/locale-archive
7f6b1913e000-7f6b19141000 ---p 00000000 00:00 0 
7f6b19141000-7f6b1923f000 rwxp 00000000 00:00 0 
7f6b1923f000-7f6b19242000 ---p 00000000 00:00 0 
7f6b19242000-7f6b19340000 rwxp 00000000 00:00 0 
7f6b19340000-7f6b19341000 ---p 00000000 00:00 0 
7f6b19341000-7f6b1997a000 rwxp 00000000 00:00 0 
7f6b1997a000-7f6b19b12000 r-xs 03027000 08:05 1662454                    /usr/lib/jvm/java-6-sun-1.6.0.24/jre/lib/rt.jar
7f6b19b12000-7f6b19b3a000 rwxp 00000000 00:00 0 
7f6b19b3a000-7f6b19b3b000 ---p 00000000 00:00 0 
7f6b19b3b000-7f6b19c3b000 rwxp 00000000 00:00 0 
7f6b19c3b000-7f6b19c3c000 ---p 00000000 00:00 0 
7f6b19c3c000-7f6b19d3c000 rwxp 00000000 00:00 0 
7f6b19d3c000-7f6b19d3d000 ---p 00000000 00:00 0 
7f6b19d3d000-7f6b19e3d000 rwxp 00000000 00:00 0 
7f6b19e3d000-7f6b19e3e000 ---p 00000000 00:00 0 
7f6b19e3e000-7f6b19f49000 rwxp 00000000 00:00 0 
7f6b19f49000-7f6b19f67000 rwxp 00000000 00:00 0 
7f6b19f67000-7f6b19f7c000 rwxp 00000000 00:00 0 
7f6b19f7c000-7f6b1a0b1000 rwxp 00000000 00:00 0 
7f6b1a0b1000-7f6b1a0bc000 rwxp 00000000 00:00 0 
7f6b1a0bc000-7f6b1a0da000 rwxp 00000000 00:00 0 
7f6b1a0da000-7f6b1a0ef000 rwxp 00000000 00:00 0 
7f6b1a0ef000-7f6b1a224000 rwxp 00000000 00:00 0 
7f6b1a224000-7f6b1a22f000 rwxp 00000000 00:00 0 
7f6b1a22f000-7f6b1a2c9000 rwxp 00000000 00:00 0 
7f6b1a2c9000-7f6b1a53a000 rwxp 00000000 00:00 0 
7f6b1a53a000-7f6b1d2ca000 rwxp 00000000 00:00 0 
7f6b1d2ca000-7f6b1d2d8000 r-xp 00000000 08:05 1734847                    /usr/lib/jvm/java-6-sun-1.6.0.24/jre/lib/amd64/libzip.so
7f6b1d2d8000-7f6b1d3da000 ---p 0000e000 08:05 1734847                    /usr/lib/jvm/java-6-sun-1.6.0.24/jre/lib/amd64/libzip.so
7f6b1d3da000-7f6b1d3dd000 rwxp 00010000 08:05 1734847                    /usr/lib/jvm/java-6-sun-1.6.0.24/jre/lib/amd64/libzip.so
7f6b1d3dd000-7f6b1d3de000 rwxp 00000000 00:00 0 
7f6b1d3de000-7f6b1d3ea000 r-xp 00000000 08:05 535712                     /lib/x86_64-linux-gnu/libnss_files-2.13.so
7f6b1d3ea000-7f6b1d5e9000 ---p 0000c000 08:05 535712                     /lib/x86_64-linux-gnu/libnss_files-2.13.so
7f6b1d5e9000-7f6b1d5ea000 r-xp 0000b000 08:05 535712                     /lib/x86_64-linux-gnu/libnss_files-2.13.so
7f6b1d5ea000-7f6b1d5eb000 rwxp 0000c000 08:05 535712                     /lib/x86_64-linux-gnu/libnss_files-2.13.so
7f6b1d5eb000-7f6b1d5f6000 r-xp 00000000 08:05 535714                     /lib/x86_64-linux-gnu/libnss_nis-2.13.so
7f6b1d5f6000-7f6b1d7f5000 ---p 0000b000 08:05 535714                     /lib/x86_64-linux-gnu/libnss_nis-2.13.so
7f6b1d7f5000-7f6b1d7f6000 r-xp 0000a000 08:05 535714                     /lib/x86_64-linux-gnu/libnss_nis-2.13.so
7f6b1d7f6000-7f6b1d7f7000 rwxp 0000b000 08:05 535714                     /lib/x86_64-linux-gnu/libnss_nis-2.13.so
7f6b1d7f7000-7f6b1d7ff000 r-xp 00000000 08:05 535710                     /lib/x86_64-linux-gnu/libnss_compat-2.13.so
7f6b1d7ff000-7f6b1d9fe000 ---p 00008000 08:05 535710                     /lib/x86_64-linux-gnu/libnss_compat-2.13.so
7f6b1d9fe000-7f6b1d9ff000 r-xp 00007000 08:05 535710                     /lib/x86_64-linux-gnu/libnss_compat-2.13.so
7f6b1d9ff000-7f6b1da00000 rwxp 00008000 08:05 535710                     /lib/x86_64-linux-gnu/libnss_compat-2.13.so
7f6b1da00000-7f6b1da07000 r-xp 00000000 08:05 1734857                    /usr/lib/jvm/java-6-sun-1.6.0.24/jre/lib/amd64/native_threads/libhpi.so
7f6b1da07000-7f6b1db08000 ---p 00007000 08:05 1734857                    /usr/lib/jvm/java-6-sun-1.6.0.24/jre/lib/amd64/native_threads/libhpi.so
7f6b1db08000-7f6b1db0a000 rwxp 00008000 08:05 1734857                    /usr/lib/jvm/java-6-sun-1.6.0.24/jre/lib/amd64/native_threads/libhpi.so
7f6b1db0a000-7f6b1db0b000 rwxp 00000000 00:00 0 
7f6b1db0b000-7f6b1db22000 r-xp 00000000 08:05 535709                     /lib/x86_64-linux-gnu/libnsl-2.13.so
7f6b1db22000-7f6b1dd21000 ---p 00017000 08:05 535709                     /lib/x86_64-linux-gnu/libnsl-2.13.so
7f6b1dd21000-7f6b1dd22000 r-xp 00016000 08:05 535709                     /lib/x86_64-linux-gnu/libnsl-2.13.so
7f6b1dd22000-7f6b1dd23000 rwxp 00017000 08:05 535709                     /lib/x86_64-linux-gnu/libnsl-2.13.so
7f6b1dd23000-7f6b1dd25000 rwxp 00000000 00:00 0 
7f6b1dd25000-7f6b1dd4e000 r-xp 00000000 08:05 1734846                    /usr/lib/jvm/java-6-sun-1.6.0.24/jre/lib/amd64/libjava.so
7f6b1dd4e000-7f6b1de4d000 ---p 00029000 08:05 1734846                    /usr/lib/jvm/java-6-sun-1.6.0.24/jre/lib/amd64/libjava.so
7f6b1de4d000-7f6b1de54000 rwxp 00028000 08:05 1734846                    /usr/lib/jvm/java-6-sun-1.6.0.24/jre/lib/amd64/libjava.so
7f6b1de54000-7f6b1de61000 r-xp 00000000 08:05 1731420                    /usr/lib/jvm/java-6-sun-1.6.0.24/jre/lib/amd64/libverify.so
7f6b1de61000-7f6b1df60000 ---p 0000d000 08:05 1731420                    /usr/lib/jvm/java-6-sun-1.6.0.24/jre/lib/amd64/libverify.so
7f6b1df60000-7f6b1df63000 rwxp 0000c000 08:05 1731420                    /usr/lib/jvm/java-6-sun-1.6.0.24/jre/lib/amd64/libverify.so
7f6b1df63000-7f6b1df6a000 r-xp 00000000 08:05 535724                     /lib/x86_64-linux-gnu/librt-2.13.so
7f6b1df6a000-7f6b1e169000 ---p 00007000 08:05 535724                     /lib/x86_64-linux-gnu/librt-2.13.so
7f6b1e169000-7f6b1e16a000 r-xp 00006000 08:05 535724                     /lib/x86_64-linux-gnu/librt-2.13.so
7f6b1e16a000-7f6b1e16b000 rwxp 00007000 08:05 535724                     /lib/x86_64-linux-gnu/librt-2.13.so
7f6b1e16b000-7f6b1e16e000 ---p 00000000 00:00 0 
7f6b1e16e000-7f6b1e26c000 rwxp 00000000 00:00 0 
7f6b1e26c000-7f6b1e2f0000 r-xp 00000000 08:05 535703                     /lib/x86_64-linux-gnu/libm-2.13.so
7f6b1e2f0000-7f6b1e4ef000 ---p 00084000 08:05 535703                     /lib/x86_64-linux-gnu/libm-2.13.so
7f6b1e4ef000-7f6b1e4f0000 r-xp 00083000 08:05 535703                     /lib/x86_64-linux-gnu/libm-2.13.so
7f6b1e4f0000-7f6b1e4f1000 rwxp 00084000 08:05 535703                     /lib/x86_64-linux-gnu/libm-2.13.so
7f6b1e4f1000-7f6b1ed2f000 r-xp 00000000 08:05 1734849                    /usr/lib/jvm/java-6-sun-1.6.0.24/jre/lib/amd64/server/libjvm.so
7f6b1ed2f000-7f6b1ee2e000 ---p 0083e000 08:05 1734849                    /usr/lib/jvm/java-6-sun-1.6.0.24/jre/lib/amd64/server/libjvm.so
7f6b1ee2e000-7f6b1efc2000 rwxp 0083d000 08:05 1734849                    /usr/lib/jvm/java-6-sun-1.6.0.24/jre/lib/amd64/server/libjvm.so
7f6b1efc2000-7f6b1effb000 rwxp 00000000 00:00 0 
7f6b1effb000-7f6b1f185000 r-xp 00000000 08:05 535697                     /lib/x86_64-linux-gnu/libc-2.13.so
7f6b1f185000-7f6b1f384000 ---p 0018a000 08:05 535697                     /lib/x86_64-linux-gnu/libc-2.13.so
7f6b1f384000-7f6b1f388000 r-xp 00189000 08:05 535697                     /lib/x86_64-linux-gnu/libc-2.13.so
7f6b1f388000-7f6b1f389000 rwxp 0018d000 08:05 535697                     /lib/x86_64-linux-gnu/libc-2.13.so
7f6b1f389000-7f6b1f38f000 rwxp 00000000 00:00 0 
7f6b1f38f000-7f6b1f391000 r-xp 00000000 08:05 535702                     /lib/x86_64-linux-gnu/libdl-2.13.so
7f6b1f391000-7f6b1f591000 ---p 00002000 08:05 535702                     /lib/x86_64-linux-gnu/libdl-2.13.so
7f6b1f591000-7f6b1f592000 r-xp 00002000 08:05 535702                     /lib/x86_64-linux-gnu/libdl-2.13.so
7f6b1f592000-7f6b1f593000 rwxp 00003000 08:05 535702                     /lib/x86_64-linux-gnu/libdl-2.13.so
7f6b1f593000-7f6b1f5ab000 r-xp 00000000 08:05 535718                     /lib/x86_64-linux-gnu/libpthread-2.13.so
7f6b1f5ab000-7f6b1f7ab000 ---p 00018000 08:05 535718                     /lib/x86_64-linux-gnu/libpthread-2.13.so
7f6b1f7ab000-7f6b1f7ac000 r-xp 00018000 08:05 535718                     /lib/x86_64-linux-gnu/libpthread-2.13.so
7f6b1f7ac000-7f6b1f7ad000 rwxp 00019000 08:05 535718                     /lib/x86_64-linux-gnu/libpthread-2.13.so
7f6b1f7ad000-7f6b1f7b1000 rwxp 00000000 00:00 0 
7f6b1f7b1000-7f6b1f7d2000 r-xp 00000000 08:05 535673                     /lib/x86_64-linux-gnu/ld-2.13.so
7f6b1f7d2000-7f6b1f7d3000 r-xs 00000000 08:05 554466                     /var/cache/fontconfig/4c73fe0c47614734b17d736dbde7580a-le64.cache-3
7f6b1f7d3000-7f6b1f7d4000 r-xs 00000000 08:05 554459                     /var/cache/fontconfig/0d8c3b2ac0904cb8a57a757ad11a4a08-le64.cache-3
7f6b1f7d4000-7f6b1f7de000 rwxp 00000000 00:00 0 
7f6b1f7de000-7f6b1f894000 rwxp 00000000 00:00 0 
7f6b1f894000-7f6b1f897000 rwxp 00000000 00:00 0 
7f6b1f897000-7f6b1f89e000 r-xp 00000000 08:05 1731410                    /usr/lib/jvm/java-6-sun-1.6.0.24/jre/lib/amd64/jli/libjli.so
7f6b1f89e000-7f6b1f99f000 ---p 00007000 08:05 1731410                    /usr/lib/jvm/java-6-sun-1.6.0.24/jre/lib/amd64/jli/libjli.so
7f6b1f99f000-7f6b1f9a1000 rwxp 00008000 08:05 1731410                    /usr/lib/jvm/java-6-sun-1.6.0.24/jre/lib/amd64/jli/libjli.so
7f6b1f9a1000-7f6b1f9a2000 rwxp 00000000 00:00 0 
7f6b1f9a2000-7f6b1f9a3000 r-xs 00000000 08:05 554454                     /var/cache/fontconfig/6a53c69dea097a2d716e069445527da8-le64.cache-3
7f6b1f9a3000-7f6b1f9a8000 r-xs 00000000 08:05 554452                     /var/cache/fontconfig/515ca1ebc4b18308bea979be5704f9db-le64.cache-3
7f6b1f9a8000-7f6b1f9ab000 r-xs 00000000 08:05 554441                     /var/cache/fontconfig/d60319d88cac85ba9e1a07bd06cfbb8c-le64.cache-3
7f6b1f9ab000-7f6b1f9ac000 r-xs 00000000 08:05 530935                     /var/cache/fontconfig/4794a0821666d79190d59a36cb4f44b5-le64.cache-3
7f6b1f9ac000-7f6b1f9b0000 r-xs 00000000 08:05 538228                     /var/cache/fontconfig/7ef2298fde41cc6eeb7af42e48b7d293-le64.cache-3
7f6b1f9b0000-7f6b1f9c4000 r-xs 00000000 08:05 527842                     /var/cache/fontconfig/865f88548240fee46819705c6468c165-le64.cache-3
7f6b1f9c4000-7f6b1f9c5000 r-xs 00000000 08:05 1340105                    /home/bompo/.fontconfig/aa7e4f27e681240d22a1f116cf7520f0-le64.cache-3
7f6b1f9c5000-7f6b1f9cd000 rwxs 00000000 08:05 530324                     /tmp/hsperfdata_bompo/20505 (deleted)
7f6b1f9cd000-7f6b1f9ce000 rwxp 00000000 00:00 0 
7f6b1f9ce000-7f6b1f9cf000 ---p 00000000 00:00 0 
7f6b1f9cf000-7f6b1f9d1000 rwxp 00000000 00:00 0 
7f6b1f9d1000-7f6b1f9d2000 r-xp 00020000 08:05 535673                     /lib/x86_64-linux-gnu/ld-2.13.so
7f6b1f9d2000-7f6b1f9d4000 rwxp 00021000 08:05 535673                     /lib/x86_64-linux-gnu/ld-2.13.so
7fffe4cfc000-7fffe4d1d000 rwxp 00000000 00:00 0                          [stack]
7fffe4d84000-7fffe4d85000 r-xp 00000000 00:00 0                          [vdso]
ffffffffff600000-ffffffffff601000 r-xp 00000000 00:00 0                  [vsyscall]

VM Arguments:
jvm_args: -Dfile.encoding=UTF-8 
java_command: com.jumpandrun.DesktopStarter
Launcher Type: SUN_STANDARD

Environment Variables:
PATH=/usr/local/sbin:/usr/local/bin:/usr/sbin:/usr/bin:/sbin:/bin:/usr/games
USERNAME=bompo
LD_LIBRARY_PATH=/usr/lib/jvm/java-6-sun-1.6.0.24/jre/lib/amd64/server:/usr/lib/jvm/java-6-sun-1.6.0.24/jre/lib/amd64:/usr/lib/jvm/java-6-sun-1.6.0.24/jre/../lib/amd64:/usr/lib/jvm/java-6-openjdk/jre/lib/amd64/server:/usr/lib/jvm/java-6-openjdk/jre/lib/amd64:/usr/lib/jvm/java-6-openjdk/jre/../lib/amd64:/usr/lib64/xulrunner-addons
SHELL=/bin/bash
DISPLAY=:0.0

Signal Handlers:
SIGSEGV: [libjvm.so+0x791b30], sa_mask[0]=0x7ffbfeff, sa_flags=0x10000004
SIGBUS: [libjvm.so+0x791b30], sa_mask[0]=0x7ffbfeff, sa_flags=0x10000004
SIGFPE: [libjvm.so+0x640ba0], sa_mask[0]=0x7ffbfeff, sa_flags=0x10000004
SIGPIPE: [libjvm.so+0x640ba0], sa_mask[0]=0x7ffbfeff, sa_flags=0x10000004
SIGXFSZ: [libjvm.so+0x640ba0], sa_mask[0]=0x7ffbfeff, sa_flags=0x10000004
SIGILL: [libjvm.so+0x640ba0], sa_mask[0]=0x7ffbfeff, sa_flags=0x10000004
SIGUSR1: SIG_DFL, sa_mask[0]=0x00000000, sa_flags=0x00000000
SIGUSR2: [libjvm.so+0x643780], sa_mask[0]=0x00000004, sa_flags=0x10000004
SIGHUP: [libjvm.so+0x643380], sa_mask[0]=0x7ffbfeff, sa_flags=0x10000004
SIGINT: [libjvm.so+0x643380], sa_mask[0]=0x7ffbfeff, sa_flags=0x10000004
SIGTERM: [libjvm.so+0x643380], sa_mask[0]=0x7ffbfeff, sa_flags=0x10000004
SIGQUIT: [libjvm.so+0x643380], sa_mask[0]=0x7ffbfeff, sa_flags=0x10000004


---------------  S Y S T E M  ---------------

OS:squeeze/sid

uname:Linux 2.6.38-10-generic #46-Ubuntu SMP Tue Jun 28 15:07:17 UTC 2011 x86_64
libc:glibc 2.13 NPTL 2.13 
rlimit: STACK 8192k, CORE 0k, NPROC infinity, NOFILE 4096, AS infinity
load average:0.22 0.25 0.24

/proc/meminfo:
MemTotal:        4047872 kB
MemFree:          376276 kB
Buffers:          186808 kB
Cached:          1150116 kB
SwapCached:         1020 kB
Active:          2037208 kB
Inactive:        1223948 kB
Active(anon):    1392180 kB
Inactive(anon):   540312 kB
Active(file):     645028 kB
Inactive(file):   683636 kB
Unevictable:         288 kB
Mlocked:             148 kB
SwapTotal:      19529724 kB
SwapFree:       19523676 kB
Dirty:              1840 kB
Writeback:             0 kB
AnonPages:       1923788 kB
Mapped:           206000 kB
Shmem:              7972 kB
Slab:             205176 kB
SReclaimable:     176764 kB
SUnreclaim:        28412 kB
KernelStack:        4296 kB
PageTables:        37332 kB
NFS_Unstable:          0 kB
Bounce:                0 kB
WritebackTmp:          0 kB
CommitLimit:    21553660 kB
Committed_AS:    4524184 kB
VmallocTotal:   34359738367 kB
VmallocUsed:      341832 kB
VmallocChunk:   34359382684 kB
HardwareCorrupted:     0 kB
HugePages_Total:       0
HugePages_Free:        0
HugePages_Rsvd:        0
HugePages_Surp:        0
Hugepagesize:       2048 kB
DirectMap4k:      220608 kB
DirectMap2M:     3964928 kB


CPU:total 4 (4 cores per cpu, 1 threads per core) family 6 model 30 stepping 5, cmov, cx8, fxsr, mmx, sse, sse2, sse3, ssse3, sse4.1, sse4.2, popcnt

Memory: 4k page, physical 4047872k(376276k free), swap 19529724k(19523676k free)

vm_info: Java HotSpot(TM) 64-Bit Server VM (19.1-b02) for linux-amd64 JRE (1.6.0_24-b07), built on Feb  2 2011 16:55:54 by "java_re" with gcc 3.2.2 (SuSE Linux)

time: Fri Jul  8 19:08:39 2011
elapsed time: 5 seconds

