#
# A fatal error has been detected by the Java Runtime Environment:
#
#  SIGSEGV (0xb) at pc=0x00007f3792f02eeb, pid=10944, tid=139876660725504
#
# JRE version: 6.0_22-b22
# Java VM: OpenJDK 64-Bit Server VM (20.0-b11 mixed mode linux-amd64 compressed oops)
# Derivative: IcedTea6 1.10.2
# Distribution: Ubuntu 11.04, package 6b22-1.10.2-0ubuntu1~11.04.1
# Problematic frame:
# C  [libgdx-64.so+0x25eeb]  b2ContactManager::Destroy(b2Contact*)+0x8b
#
# If you would like to submit a bug report, please include
# instructions how to reproduce the bug and visit:
#   https://bugs.launchpad.net/ubuntu/+source/openjdk-6/
# The crash happened outside the Java Virtual Machine in native code.
# See problematic frame for where to report the bug.
#

---------------  T H R E A D  ---------------

Current thread (0x00007f3794187000):  JavaThread "LWJGL Application" [_thread_in_native, id=10972, stack(0x00007f37929cc000,0x00007f3792acd000)]

siginfo:si_signo=SIGSEGV: si_errno=0, si_code=1 (SEGV_MAPERR), si_addr=0x0000000000000090

Registers:
RAX=0x00007f3794195500, RBX=0x00007f37941954e0, RCX=0x00007f379424d830, RDX=0x0000000000000000
RSP=0x00007f3792acb6e0, RBP=0x00000000016a43e0, RSI=0x00007f37941954e0, RDI=0x0000000000000000
R8 =0x00007f37a023f9a8, R9 =0x0000000000000002, R10=0x00007f3792acb4b0, R11=0x00007f3792f24bf0
R12=0x0000000000000000, R13=0x0000000000000000, R14=0x00007f3792acb7e8, R15=0x00007f3794187000
RIP=0x00007f3792f02eeb, EFLAGS=0x0000000000010246, CSGSFS=0x0000000000000033, ERR=0x0000000000000004
  TRAPNO=0x000000000000000e

Top of Stack: (sp=0x00007f3792acb6e0)
0x00007f3792acb6e0:   00000000b85ef350 00007f3794195460
0x00007f3792acb6f0:   000000000168b140 00000000016a43e0
0x00007f3792acb700:   00007f379424d830 00007f3792f24c93
0x00007f3792acb710:   00000000b85ef350 00007f3792acb7a8
0x00007f3792acb720:   0000000000000000 00000000b85ef350
0x00007f3792acb730:   00007f3792acb7e8 00007f379ae28d68
0x00007f3792acb740:   0000000001040958 0000000001040958
0x00007f3792acb750:   00000000fffffffe 0000000001040978
0x00007f3792acb760:   00007f370000001b 00007f3792acb768
0x00007f3792acb770:   00000000b85ef350 00007f3792acb7e8
0x00007f3792acb780:   00000000b8609038 0000000000000000
0x00007f3792acb790:   00000000b85ef350 0000000000000000
0x00007f3792acb7a0:   00007f3792acb7c8 00007f3792acb830
0x00007f3792acb7b0:   00007f379ae1d85a 0000000000000000
0x00007f3792acb7c0:   00007f379ae25f58 00007f379424d830
0x00007f3792acb7d0:   00000000ec4d3380 000000000168b140
0x00007f3792acb7e0:   00000000ec4d8098 00000000ec4d8098
0x00007f3792acb7f0:   00007f3792acb7f0 00000000b85ef23a
0x00007f3792acb800:   00007f3792acb850 00000000b8609038
0x00007f3792acb810:   0000000000000000 00000000b85ef290
0x00007f3792acb820:   00007f3792acb7c8 00007f3792acb860
0x00007f3792acb830:   00000000ec4d3380 00007f379afbe0dc
0x00007f3792acb840:   0000000000000000 00000000ec4d3380
0x00007f3792acb850:   00000000ec4d8098 00007f379afbe0dc
0x00007f3792acb860:   ec4d8098eb874df0 00000000c23a2160
0x00007f3792acb870:   000000003bd7f767 00000000c23a2160
0x00007f3792acb880:   00000000eb874d30 00000000016a66b0
0x00007f3792acb890:   00000000ec4f3a50 00000000016a66b0
0x00007f3792acb8a0:   00000000ec4f3a50 00000000c2219170
0x00007f3792acb8b0:   0000000000000000 0000000000000000
0x00007f3792acb8c0:   00007f3792acb930 00007f379ae1d85a
0x00007f3792acb8d0:   00007f3792acb930 00007f379ae1d85a 

Instructions: (pc=0x00007f3792f02eeb)
0x00007f3792f02ecb:   43 30 48 85 c0 74 08 48 8b 53 38 48 89 50 18 48
0x00007f3792f02edb:   8b 53 38 48 85 d2 74 04 48 89 42 10 48 8d 43 20
0x00007f3792f02eeb:   49 39 85 90 00 00 00 74 7c 48 8b 43 50 48 85 c0
0x00007f3792f02efb:   74 08 48 8b 53 58 48 89 50 18 48 8b 53 58 48 85 

Register to memory mapping:

RAX=0x00007f3794195500 is an unknown value
RBX=0x00007f37941954e0 is an unknown value
RCX=0x00007f379424d830 is an unknown value
RDX=0x0000000000000000 is an unknown value
RSP=0x00007f3792acb6e0 is pointing into the stack for thread: 0x00007f3794187000
RBP=0x00000000016a43e0 is an unknown value
RSI=0x00007f37941954e0 is an unknown value
RDI=0x0000000000000000 is an unknown value
R8 =0x00007f37a023f9a8: <offset 0xbfb9a8> in /usr/lib/jvm/java-6-openjdk/jre/lib/amd64/server/libjvm.so at 0x00007f379f644000
R9 =0x0000000000000002 is an unknown value
R10=0x00007f3792acb4b0 is pointing into the stack for thread: 0x00007f3794187000
R11=0x00007f3792f24bf0: _ZN7b2World11DestroyBodyEP6b2Body+0 in /tmp/libgdx/3154261069/libgdx-64.so at 0x00007f3792edd000
R12=0x0000000000000000 is an unknown value
R13=0x0000000000000000 is an unknown value
R14=0x00007f3792acb7e8 is pointing into the stack for thread: 0x00007f3794187000
R15=0x00007f3794187000 is a thread


Stack: [0x00007f37929cc000,0x00007f3792acd000],  sp=0x00007f3792acb6e0,  free space=1021k
Native frames: (J=compiled Java code, j=interpreted, Vv=VM code, C=native code)
C  [libgdx-64.so+0x25eeb]  b2ContactManager::Destroy(b2Contact*)+0x8b

Java frames: (J=compiled Java code, j=interpreted, Vv=VM code)
j  com.badlogic.gdx.physics.box2d.World.jniDestroyBody(JJ)V+0
j  com.badlogic.gdx.physics.box2d.World.destroyBody(Lcom/badlogic/gdx/physics/box2d/Body;)V+106
J  com.jumpandrun.GameInstance.physicStuff(F)V
j  com.jumpandrun.GameScreen.render(F)V+583
j  com.badlogic.gdx.Game.render()V+19
j  com.badlogic.gdx.backends.lwjgl.LwjglApplication.mainLoop()V+334
j  com.badlogic.gdx.backends.lwjgl.LwjglApplication.access$000(Lcom/badlogic/gdx/backends/lwjgl/LwjglApplication;)V+1
j  com.badlogic.gdx.backends.lwjgl.LwjglApplication$1.run()V+27
v  ~StubRoutines::call_stub

---------------  P R O C E S S  ---------------

Java Threads: ( => current thread )
  0x00007f3794241000 JavaThread "PulseAudio Eventloop Thread" daemon [_thread_in_native, id=10987, stack(0x00007f3787c50000,0x00007f3787d51000)]
  0x0000000001444000 JavaThread "Thread-2" [_thread_blocked, id=10981, stack(0x00007f378af36000,0x00007f378b037000)]
  0x00007f3794183800 JavaThread "DestroyJavaVM" [_thread_blocked, id=10945, stack(0x00007f37a0f1b000,0x00007f37a101c000)]
=>0x00007f3794187000 JavaThread "LWJGL Application" [_thread_in_native, id=10972, stack(0x00007f37929cc000,0x00007f3792acd000)]
  0x0000000001295000 JavaThread "AWT-XAWT" daemon [_thread_in_native, id=10963, stack(0x00007f379323b000,0x00007f379333c000)]
  0x00007f37940aa000 JavaThread "Java2D Disposer" daemon [_thread_blocked, id=10962, stack(0x00007f3793622000,0x00007f3793723000)]
  0x00007f379400c000 JavaThread "Low Memory Detector" daemon [_thread_blocked, id=10960, stack(0x00007f3799435000,0x00007f3799536000)]
  0x00007f3794009000 JavaThread "C2 CompilerThread1" daemon [_thread_blocked, id=10959, stack(0x00007f3799536000,0x00007f3799637000)]
  0x00007f3794006000 JavaThread "C2 CompilerThread0" daemon [_thread_blocked, id=10958, stack(0x00007f3799637000,0x00007f3799738000)]
  0x0000000000faf800 JavaThread "Signal Dispatcher" daemon [_thread_blocked, id=10957, stack(0x00007f3799738000,0x00007f3799839000)]
  0x0000000000f90800 JavaThread "Finalizer" daemon [_thread_blocked, id=10956, stack(0x00007f3799c41000,0x00007f3799d42000)]
  0x0000000000f8e800 JavaThread "Reference Handler" daemon [_thread_blocked, id=10955, stack(0x00007f3799d42000,0x00007f3799e43000)]

Other Threads:
  0x0000000000f87800 VMThread [stack: 0x00007f3799e43000,0x00007f3799f44000] [id=10954]
  0x00007f379400e800 WatcherThread [stack: 0x00007f3799334000,0x00007f3799435000] [id=10961]

VM state:not at safepoint (normal execution)

VM Mutex/Monitor currently owned by a thread: None

Heap
 PSYoungGen      total 15232K, used 5073K [0x00000000eb600000, 0x00000000ecad0000, 0x0000000100000000)
  eden space 14912K, 32% used [0x00000000eb600000,0x00000000ebaac658,0x00000000ec490000)
  from space 320K, 90% used [0x00000000ec4d0000,0x00000000ec518000,0x00000000ec520000)
  to   space 3200K, 0% used [0x00000000ec7b0000,0x00000000ec7b0000,0x00000000ecad0000)
 PSOldGen        total 26496K, used 1822K [0x00000000c2200000, 0x00000000c3be0000, 0x00000000eb600000)
  object space 26496K, 6% used [0x00000000c2200000,0x00000000c23c7ae8,0x00000000c3be0000)
 PSPermGen       total 26880K, used 13245K [0x00000000b7c00000, 0x00000000b9640000, 0x00000000c2200000)
  object space 26880K, 49% used [0x00000000b7c00000,0x00000000b88ef7e8,0x00000000b9640000)

Code Cache  [0x00007f379ae18000, 0x00007f379b088000, 0x00007f379de18000)
 total_blobs=915 nmethods=374 adapters=495 free_code_cache=48617920 largest_free_block=22400

Dynamic libraries:
00400000-00409000 r-xp 00000000 08:05 1597353                            /usr/lib/jvm/java-6-openjdk/jre/bin/java
00608000-00609000 r--p 00008000 08:05 1597353                            /usr/lib/jvm/java-6-openjdk/jre/bin/java
00609000-0060a000 rw-p 00009000 08:05 1597353                            /usr/lib/jvm/java-6-openjdk/jre/bin/java
00f15000-03ab6000 rw-p 00000000 00:00 0                                  [heap]
400c8000-40142000 rw-p 00000000 00:00 0 
40704000-40706000 r-xs 00000000 08:05 525912                             /tmp/glOabMHN (deleted)
b7c00000-b9640000 rw-p 00000000 00:00 0 
b9640000-c2200000 rw-p 00000000 00:00 0 
c2200000-c3be0000 rw-p 00000000 00:00 0 
c3be0000-c6930000 ---p 00000000 00:00 0 
c6930000-eb600000 rw-p 00000000 00:00 0 
eb600000-ecad0000 rw-p 00000000 00:00 0 
ecad0000-eda00000 ---p 00000000 00:00 0 
eda00000-100000000 rw-p 00000000 00:00 0 
7f3778000000-7f377811e000 rw-p 00000000 00:00 0 
7f377811e000-7f377c000000 ---p 00000000 00:00 0 
7f377f65a000-7f377f75a000 rw-s 59acb000 00:05 6951                       /dev/nvidia0
7f377f75a000-7f378375b000 rw-s 00000000 00:10 472152                     /dev/shm/pulse-shm-2590651791
7f378375b000-7f378375c000 ---p 00000000 00:00 0 
7f378375c000-7f3783f5c000 rw-p 00000000 00:00 0 
7f378601e000-7f3786df6000 rw-p 00000000 00:00 0 
7f3787a4e000-7f3787a51000 ---p 00000000 00:00 0 
7f3787a51000-7f3787b4f000 rw-p 00000000 00:00 0 
7f3787b4f000-7f3787bcf000 rw-s 59ba9000 00:05 6951                       /dev/nvidia0
7f3787bcf000-7f3787c50000 rw-p 00000000 00:00 0 
7f3787c50000-7f3787c53000 ---p 00000000 00:00 0 
7f3787c53000-7f3787d51000 rw-p 00000000 00:00 0 
7f3787d51000-7f3787d5c000 r-xp 00000000 08:05 1597424                    /usr/lib/jvm/java-6-openjdk/jre/lib/amd64/libpulse-java.so
7f3787d5c000-7f3787f5b000 ---p 0000b000 08:05 1597424                    /usr/lib/jvm/java-6-openjdk/jre/lib/amd64/libpulse-java.so
7f3787f5b000-7f3787f5c000 r--p 0000a000 08:05 1597424                    /usr/lib/jvm/java-6-openjdk/jre/lib/amd64/libpulse-java.so
7f3787f5c000-7f3787f5d000 rw-p 0000b000 08:05 1597424                    /usr/lib/jvm/java-6-openjdk/jre/lib/amd64/libpulse-java.so
7f3787f5d000-7f3787f62000 r-xp 00000000 08:05 1577007                    /usr/lib/alsa-lib/libasound_module_pcm_pulse.so
7f3787f62000-7f3788162000 ---p 00005000 08:05 1577007                    /usr/lib/alsa-lib/libasound_module_pcm_pulse.so
7f3788162000-7f3788163000 r--p 00005000 08:05 1577007                    /usr/lib/alsa-lib/libasound_module_pcm_pulse.so
7f3788163000-7f3788164000 rw-p 00006000 08:05 1577007                    /usr/lib/alsa-lib/libasound_module_pcm_pulse.so
7f3788164000-7f3788248000 r-xp 00000000 08:05 1571897                    /usr/lib/libasound.so.2.0.0
7f3788248000-7f3788448000 ---p 000e4000 08:05 1571897                    /usr/lib/libasound.so.2.0.0
7f3788448000-7f378844e000 r--p 000e4000 08:05 1571897                    /usr/lib/libasound.so.2.0.0
7f378844e000-7f378844f000 rw-p 000ea000 08:05 1571897                    /usr/lib/libasound.so.2.0.0
7f378844f000-7f378845e000 r-xp 00000000 08:05 1597422                    /usr/lib/jvm/java-6-openjdk/jre/lib/amd64/libjsoundalsa.so
7f378845e000-7f378865d000 ---p 0000f000 08:05 1597422                    /usr/lib/jvm/java-6-openjdk/jre/lib/amd64/libjsoundalsa.so
7f378865d000-7f378865e000 r--p 0000e000 08:05 1597422                    /usr/lib/jvm/java-6-openjdk/jre/lib/amd64/libjsoundalsa.so
7f378865e000-7f378865f000 rw-p 0000f000 08:05 1597422                    /usr/lib/jvm/java-6-openjdk/jre/lib/amd64/libjsoundalsa.so
7f378865f000-7f3788660000 r-xp 00000000 08:05 1597377                    /usr/lib/jvm/java-6-openjdk/jre/lib/amd64/libjsound.so
7f3788660000-7f378885f000 ---p 00001000 08:05 1597377                    /usr/lib/jvm/java-6-openjdk/jre/lib/amd64/libjsound.so
7f378885f000-7f3788860000 r--p 00000000 08:05 1597377                    /usr/lib/jvm/java-6-openjdk/jre/lib/amd64/libjsound.so
7f3788860000-7f3788861000 rw-p 00001000 08:05 1597377                    /usr/lib/jvm/java-6-openjdk/jre/lib/amd64/libjsound.so
7f3788861000-7f3788a61000 rw-s 51374000 00:05 6951                       /dev/nvidia0
7f3788a61000-7f3788b61000 rw-s 7e62b000 00:05 6951                       /dev/nvidia0
7f3788b61000-7f3788bdf000 rw-p 00000000 00:00 0 
7f3788be0000-7f3788bfb000 rw-s 117ca0000 00:05 6951                      /dev/nvidia0
7f3788bfb000-7f378a1d0000 r-xp 00000000 08:05 728                        /usr/lib/nvidia-current/libnvidia-glcore.so.275.19
7f378a1d0000-7f378a3d0000 ---p 015d5000 08:05 728                        /usr/lib/nvidia-current/libnvidia-glcore.so.275.19
7f378a3d0000-7f378aa0b000 rwxp 015d5000 08:05 728                        /usr/lib/nvidia-current/libnvidia-glcore.so.275.19
7f378aa0b000-7f378aa23000 rwxp 00000000 00:00 0 
7f378aa23000-7f378aa26000 r-xp 00000000 08:05 718                        /usr/lib/nvidia-current/tls/libnvidia-tls.so.275.19
7f378aa26000-7f378ac25000 ---p 00003000 08:05 718                        /usr/lib/nvidia-current/tls/libnvidia-tls.so.275.19
7f378ac25000-7f378ac26000 rw-p 00002000 08:05 718                        /usr/lib/nvidia-current/tls/libnvidia-tls.so.275.19
7f378ac26000-7f378ace6000 r-xp 00000000 08:05 768                        /usr/lib/nvidia-current/libGL.so.275.19
7f378ace6000-7f378aee5000 ---p 000c0000 08:05 768                        /usr/lib/nvidia-current/libGL.so.275.19
7f378aee5000-7f378af20000 rwxp 000bf000 08:05 768                        /usr/lib/nvidia-current/libGL.so.275.19
7f378af20000-7f378af36000 rwxp 00000000 00:00 0 
7f378af36000-7f378af39000 ---p 00000000 00:00 0 
7f378af39000-7f378b037000 rw-p 00000000 00:00 0 
7f378b037000-7f378b038000 ---p 00000000 00:00 0 
7f378b038000-7f378b838000 rw-p 00000000 00:00 0 
7f378b838000-7f378f839000 rw-s 00000000 00:10 469387                     /dev/shm/pulse-shm-1163974695
7f378f839000-7f378f83a000 ---p 00000000 00:00 0 
7f378f83a000-7f379003a000 rw-p 00000000 00:00 0 
7f379003a000-7f3790040000 r-xp 00000000 08:05 1573092                    /usr/lib/libogg.so.0.7.0
7f3790040000-7f379023f000 ---p 00006000 08:05 1573092                    /usr/lib/libogg.so.0.7.0
7f379023f000-7f3790240000 r--p 00005000 08:05 1573092                    /usr/lib/libogg.so.0.7.0
7f3790240000-7f3790241000 rw-p 00006000 08:05 1573092                    /usr/lib/libogg.so.0.7.0
7f3790241000-7f379026c000 r-xp 00000000 08:05 1582648                    /usr/lib/libvorbis.so.0.4.5
7f379026c000-7f379046b000 ---p 0002b000 08:05 1582648                    /usr/lib/libvorbis.so.0.4.5
7f379046b000-7f379046c000 r--p 0002a000 08:05 1582648                    /usr/lib/libvorbis.so.0.4.5
7f379046c000-7f379046d000 rw-p 0002b000 08:05 1582648                    /usr/lib/libvorbis.so.0.4.5
7f379046d000-7f3790720000 r-xp 00000000 08:05 1573212                    /usr/lib/libvorbisenc.so.2.0.8
7f3790720000-7f379091f000 ---p 002b3000 08:05 1573212                    /usr/lib/libvorbisenc.so.2.0.8
7f379091f000-7f379093b000 r--p 002b2000 08:05 1573212                    /usr/lib/libvorbisenc.so.2.0.8
7f379093b000-7f379093c000 rw-p 002ce000 08:05 1573212                    /usr/lib/libvorbisenc.so.2.0.8
7f379093c000-7f3790984000 r-xp 00000000 08:05 1570101                    /usr/lib/libFLAC.so.8.2.0
7f3790984000-7f3790b84000 ---p 00048000 08:05 1570101                    /usr/lib/libFLAC.so.8.2.0
7f3790b84000-7f3790b85000 r--p 00048000 08:05 1570101                    /usr/lib/libFLAC.so.8.2.0
7f3790b85000-7f3790b86000 rw-p 00049000 08:05 1570101                    /usr/lib/libFLAC.so.8.2.0
7f3790b86000-7f3790be7000 r-xp 00000000 08:05 1574433                    /usr/lib/libsndfile.so.1.0.23
7f3790be7000-7f3790de7000 ---p 00061000 08:05 1574433                    /usr/lib/libsndfile.so.1.0.23
7f3790de7000-7f3790de9000 r--p 00061000 08:05 1574433                    /usr/lib/libsndfile.so.1.0.23
7f3790de9000-7f3790dea000 rw-p 00063000 08:05 1574433                    /usr/lib/libsndfile.so.1.0.23
7f3790dea000-7f3790dee000 rw-p 00000000 00:00 0 
7f3790dee000-7f3790df6000 r-xp 00000000 08:05 538930                     /lib/libwrap.so.0.7.6
7f3790df6000-7f3790ff6000 ---p 00008000 08:05 538930                     /lib/libwrap.so.0.7.6
7f3790ff6000-7f3790ff7000 r--p 00008000 08:05 538930                     /lib/libwrap.so.0.7.6
7f3790ff7000-7f3790ff8000 rw-p 00009000 08:05 538930                     /lib/libwrap.so.0.7.6
7f3790ff8000-7f3790ff9000 rw-p 00000000 00:00 0 
7f3790ff9000-7f3790ffd000 r-xp 00000000 08:05 534738                     /lib/x86_64-linux-gnu/libuuid.so.1.3.0
7f3790ffd000-7f37911fc000 ---p 00004000 08:05 534738                     /lib/x86_64-linux-gnu/libuuid.so.1.3.0
7f37911fc000-7f37911fd000 r--p 00003000 08:05 534738                     /lib/x86_64-linux-gnu/libuuid.so.1.3.0
7f37911fd000-7f37911fe000 rw-p 00004000 08:05 534738                     /lib/x86_64-linux-gnu/libuuid.so.1.3.0
7f37911fe000-7f3791240000 r-xp 00000000 08:05 525819                     /lib/x86_64-linux-gnu/libdbus-1.so.3.5.4
7f3791240000-7f3791440000 ---p 00042000 08:05 525819                     /lib/x86_64-linux-gnu/libdbus-1.so.3.5.4
7f3791440000-7f3791441000 r--p 00042000 08:05 525819                     /lib/x86_64-linux-gnu/libdbus-1.so.3.5.4
7f3791441000-7f3791442000 rw-p 00043000 08:05 525819                     /lib/x86_64-linux-gnu/libdbus-1.so.3.5.4
7f3791442000-7f379148d000 r-xp 00000000 08:05 1580900                    /usr/lib/libpulsecommon-0.9.22.so
7f379148d000-7f379168c000 ---p 0004b000 08:05 1580900                    /usr/lib/libpulsecommon-0.9.22.so
7f379168c000-7f379168d000 r--p 0004a000 08:05 1580900                    /usr/lib/libpulsecommon-0.9.22.so
7f379168d000-7f379168e000 rw-p 0004b000 08:05 1580900                    /usr/lib/libpulsecommon-0.9.22.so
7f379168e000-7f3791691000 r-xp 00000000 08:05 1573582                    /usr/lib/libxcb-atom.so.1.0.0
7f3791691000-7f3791891000 ---p 00003000 08:05 1573582                    /usr/lib/libxcb-atom.so.1.0.0
7f3791891000-7f3791892000 r--p 00003000 08:05 1573582                    /usr/lib/libxcb-atom.so.1.0.0
7f3791892000-7f3791893000 rw-p 00004000 08:05 1573582                    /usr/lib/libxcb-atom.so.1.0.0
7f3791893000-7f379189a000 r-xp 00000000 08:05 1578963                    /usr/lib/x86_64-linux-gnu/libSM.so.6.0.1
7f379189a000-7f3791a99000 ---p 00007000 08:05 1578963                    /usr/lib/x86_64-linux-gnu/libSM.so.6.0.1
7f3791a99000-7f3791a9a000 r--p 00006000 08:05 1578963                    /usr/lib/x86_64-linux-gnu/libSM.so.6.0.1
7f3791a9a000-7f3791a9b000 rw-p 00007000 08:05 1578963                    /usr/lib/x86_64-linux-gnu/libSM.so.6.0.1
7f3791a9b000-7f3791ab1000 r-xp 00000000 08:05 1571606                    /usr/lib/x86_64-linux-gnu/libICE.so.6.3.0
7f3791ab1000-7f3791cb1000 ---p 00016000 08:05 1571606                    /usr/lib/x86_64-linux-gnu/libICE.so.6.3.0
7f3791cb1000-7f3791cb2000 r--p 00016000 08:05 1571606                    /usr/lib/x86_64-linux-gnu/libICE.so.6.3.0
7f3791cb2000-7f3791cb3000 rw-p 00017000 08:05 1571606                    /usr/lib/x86_64-linux-gnu/libICE.so.6.3.0
7f3791cb3000-7f3791cb6000 rw-p 00000000 00:00 0 
7f3791cb6000-7f3791cb7000 r-xp 00000000 08:05 1570508                    /usr/lib/x86_64-linux-gnu/libX11-xcb.so.1.0.0
7f3791cb7000-7f3791eb6000 ---p 00001000 08:05 1570508                    /usr/lib/x86_64-linux-gnu/libX11-xcb.so.1.0.0
7f3791eb6000-7f3791eb7000 r--p 00000000 08:05 1570508                    /usr/lib/x86_64-linux-gnu/libX11-xcb.so.1.0.0
7f3791eb7000-7f3791eb8000 rw-p 00001000 08:05 1570508                    /usr/lib/x86_64-linux-gnu/libX11-xcb.so.1.0.0
7f3791eb8000-7f3791ef8000 r-xp 00000000 08:05 1573921                    /usr/lib/libpulse.so.0.12.3
7f3791ef8000-7f37920f7000 ---p 00040000 08:05 1573921                    /usr/lib/libpulse.so.0.12.3
7f37920f7000-7f37920f8000 r--p 0003f000 08:05 1573921                    /usr/lib/libpulse.so.0.12.3
7f37920f8000-7f37920f9000 rw-p 00040000 08:05 1573921                    /usr/lib/libpulse.so.0.12.3
7f37920f9000-7f3792145000 r-xp 00000000 08:05 525790                     /tmp/libgdx/3154261069/libopenal64.so
7f3792145000-7f3792344000 ---p 0004c000 08:05 525790                     /tmp/libgdx/3154261069/libopenal64.so
7f3792344000-7f3792346000 r--p 0004b000 08:05 525790                     /tmp/libgdx/3154261069/libopenal64.so
7f3792346000-7f3792347000 rw-p 0004d000 08:05 525790                     /tmp/libgdx/3154261069/libopenal64.so
7f3792347000-7f3792348000 rw-p 00000000 00:00 0 
7f3792348000-7f3792349000 r-xp 00000000 08:05 1597389                    /usr/lib/jvm/java-6-openjdk/jre/lib/amd64/libjawt.so
7f3792349000-7f3792548000 ---p 00001000 08:05 1597389                    /usr/lib/jvm/java-6-openjdk/jre/lib/amd64/libjawt.so
7f3792548000-7f3792549000 r--p 00000000 08:05 1597389                    /usr/lib/jvm/java-6-openjdk/jre/lib/amd64/libjawt.so
7f3792549000-7f379254a000 rw-p 00001000 08:05 1597389                    /usr/lib/jvm/java-6-openjdk/jre/lib/amd64/libjawt.so
7f379254a000-7f379254f000 r-xp 00000000 08:05 1581972                    /usr/lib/x86_64-linux-gnu/libXxf86vm.so.1.0.0
7f379254f000-7f379274e000 ---p 00005000 08:05 1581972                    /usr/lib/x86_64-linux-gnu/libXxf86vm.so.1.0.0
7f379274e000-7f379274f000 r--p 00004000 08:05 1581972                    /usr/lib/x86_64-linux-gnu/libXxf86vm.so.1.0.0
7f379274f000-7f3792750000 rw-p 00005000 08:05 1581972                    /usr/lib/x86_64-linux-gnu/libXxf86vm.so.1.0.0
7f3792750000-7f37927c9000 r-xp 00000000 08:05 525820                     /tmp/libgdx/3154261069/liblwjgl64.so
7f37927c9000-7f37929c9000 ---p 00079000 08:05 525820                     /tmp/libgdx/3154261069/liblwjgl64.so
7f37929c9000-7f37929cb000 r--p 00079000 08:05 525820                     /tmp/libgdx/3154261069/liblwjgl64.so
7f37929cb000-7f37929cc000 rw-p 0007b000 08:05 525820                     /tmp/libgdx/3154261069/liblwjgl64.so
7f37929cc000-7f37929cf000 ---p 00000000 00:00 0 
7f37929cf000-7f3792acd000 rw-p 00000000 00:00 0 
7f3792acd000-7f3792ad2000 r-xp 00000000 08:05 1570859                    /usr/lib/x86_64-linux-gnu/libXfixes.so.3.1.0
7f3792ad2000-7f3792cd1000 ---p 00005000 08:05 1570859                    /usr/lib/x86_64-linux-gnu/libXfixes.so.3.1.0
7f3792cd1000-7f3792cd2000 r--p 00004000 08:05 1570859                    /usr/lib/x86_64-linux-gnu/libXfixes.so.3.1.0
7f3792cd2000-7f3792cd3000 rw-p 00005000 08:05 1570859                    /usr/lib/x86_64-linux-gnu/libXfixes.so.3.1.0
7f3792cd3000-7f3792cdc000 r-xp 00000000 08:05 1573929                    /usr/lib/x86_64-linux-gnu/libXcursor.so.1.0.2
7f3792cdc000-7f3792edb000 ---p 00009000 08:05 1573929                    /usr/lib/x86_64-linux-gnu/libXcursor.so.1.0.2
7f3792edb000-7f3792edc000 r--p 00008000 08:05 1573929                    /usr/lib/x86_64-linux-gnu/libXcursor.so.1.0.2
7f3792edc000-7f3792edd000 rw-p 00009000 08:05 1573929                    /usr/lib/x86_64-linux-gnu/libXcursor.so.1.0.2
7f3792edd000-7f3792f69000 r-xp 00000000 08:05 525608                     /tmp/libgdx/3154261069/libgdx-64.so
7f3792f69000-7f3793169000 ---p 0008c000 08:05 525608                     /tmp/libgdx/3154261069/libgdx-64.so
7f3793169000-7f379316a000 r--p 0008c000 08:05 525608                     /tmp/libgdx/3154261069/libgdx-64.so
7f379316a000-7f379316b000 rw-p 0008d000 08:05 525608                     /tmp/libgdx/3154261069/libgdx-64.so
7f379316b000-7f379316e000 rw-p 00000000 00:00 0 
7f379316e000-7f379316f000 r--s 00000000 08:05 532633                     /var/cache/fontconfig/26de28bc8622bbc1fb67fd234c21975f-le64.cache-3
7f379316f000-7f3793170000 r--s 00000000 08:05 554485                     /var/cache/fontconfig/c05880de57d1f5e948fdfacc138775d9-le64.cache-3
7f3793170000-7f3793179000 r--s 00000000 08:05 527845                     /var/cache/fontconfig/945677eb7aeaf62f1d50efc3fb3ec7d8-le64.cache-3
7f3793179000-7f379317b000 r--s 00000000 08:05 554480                     /var/cache/fontconfig/99e8ed0e538f840c565b6ed5dad60d56-le64.cache-3
7f379317b000-7f379317e000 r--s 00000000 08:05 554411                     /var/cache/fontconfig/f24b2111ab8703b4e963115a8cf14259-le64.cache-3
7f379317e000-7f3793181000 r--s 00000000 08:05 554479                     /var/cache/fontconfig/e383d7ea5fbe662a33d9b44caf393297-le64.cache-3
7f3793181000-7f3793184000 r--s 00000000 08:05 554477                     /var/cache/fontconfig/2cd17615ca594fa2959ae173292e504c-le64.cache-3
7f3793184000-7f3793185000 r--s 00000000 08:05 554471                     /var/cache/fontconfig/e7071f4a29fa870f4323321c154eba04-le64.cache-3
7f3793185000-7f3793189000 r--s 00000000 08:05 554470                     /var/cache/fontconfig/6eb3985aa4124903f6ff08ba781cd364-le64.cache-3
7f3793189000-7f379318e000 r--s 00000000 08:05 554453                     /var/cache/fontconfig/062808c12e6e608270f93bb230aed730-le64.cache-3
7f379318e000-7f3793194000 r--s 00000000 08:05 554429                     /var/cache/fontconfig/a755afe4a08bf5b97852ceb7400b47bc-le64.cache-3
7f3793194000-7f37931c2000 r--s 00000000 08:05 554435                     /var/cache/fontconfig/365b55f210c0a22e9a19e35191240f32-le64.cache-3
7f37931ee000-7f37931ef000 rw-p 00000000 00:00 0 
7f37931ef000-7f37931f1000 rw-s 00000000 08:05 525912                     /tmp/glOabMHN (deleted)
7f37931f1000-7f37931f5000 rw-s 51377000 00:05 6951                       /dev/nvidia0
7f37931f5000-7f37931f6000 rw-s d0008000 00:05 6951                       /dev/nvidia0
7f37931f6000-7f37931f7000 rw-s b9a2b000 00:05 6951                       /dev/nvidia0
7f37931f7000-7f37931fb000 rw-s 596f5000 00:05 6951                       /dev/nvidia0
7f37931fb000-7f379323b000 rw-s 59870000 00:05 6951                       /dev/nvidia0
7f379323b000-7f379323e000 ---p 00000000 00:00 0 
7f379323e000-7f379333c000 rw-p 00000000 00:00 0 
7f379333c000-7f379333d000 r--s 00000000 08:05 532633                     /var/cache/fontconfig/26de28bc8622bbc1fb67fd234c21975f-le64.cache-3
7f379333d000-7f379333e000 r--s 00000000 08:05 554485                     /var/cache/fontconfig/c05880de57d1f5e948fdfacc138775d9-le64.cache-3
7f379333e000-7f3793347000 r--s 00000000 08:05 527845                     /var/cache/fontconfig/945677eb7aeaf62f1d50efc3fb3ec7d8-le64.cache-3
7f3793347000-7f3793349000 r--s 00000000 08:05 554480                     /var/cache/fontconfig/99e8ed0e538f840c565b6ed5dad60d56-le64.cache-3
7f3793349000-7f379334c000 r--s 00000000 08:05 554411                     /var/cache/fontconfig/f24b2111ab8703b4e963115a8cf14259-le64.cache-3
7f379334c000-7f379334f000 r--s 00000000 08:05 554479                     /var/cache/fontconfig/e383d7ea5fbe662a33d9b44caf393297-le64.cache-3
7f379334f000-7f3793352000 r--s 00000000 08:05 554477                     /var/cache/fontconfig/2cd17615ca594fa2959ae173292e504c-le64.cache-3
7f3793352000-7f3793353000 r--s 00000000 08:05 554471                     /var/cache/fontconfig/e7071f4a29fa870f4323321c154eba04-le64.cache-3
7f3793353000-7f3793357000 r--s 00000000 08:05 554470                     /var/cache/fontconfig/6eb3985aa4124903f6ff08ba781cd364-le64.cache-3
7f3793357000-7f3793358000 r--s 00000000 08:05 554466                     /var/cache/fontconfig/4c73fe0c47614734b17d736dbde7580a-le64.cache-3
7f3793358000-7f3793359000 r--s 00000000 08:05 554459                     /var/cache/fontconfig/0d8c3b2ac0904cb8a57a757ad11a4a08-le64.cache-3
7f3793359000-7f379335a000 r--s 00000000 08:05 554454                     /var/cache/fontconfig/6a53c69dea097a2d716e069445527da8-le64.cache-3
7f379335a000-7f379335f000 r--s 00000000 08:05 554453                     /var/cache/fontconfig/062808c12e6e608270f93bb230aed730-le64.cache-3
7f379335f000-7f3793365000 r--s 00000000 08:05 554429                     /var/cache/fontconfig/a755afe4a08bf5b97852ceb7400b47bc-le64.cache-3
7f3793365000-7f379336a000 r--s 00000000 08:05 554452                     /var/cache/fontconfig/515ca1ebc4b18308bea979be5704f9db-le64.cache-3
7f379336a000-7f3793373000 r--s 00000000 08:05 554448                     /var/cache/fontconfig/6d41288fd70b0be22e8c3a91e032eec0-le64.cache-3
7f3793373000-7f3793383000 r--s 00000000 08:05 554447                     /var/cache/fontconfig/0f34bcd4b6ee430af32735b75db7f02b-le64.cache-3
7f3793383000-7f3793386000 r--s 00000000 08:05 554441                     /var/cache/fontconfig/d60319d88cac85ba9e1a07bd06cfbb8c-le64.cache-3
7f3793386000-7f3793387000 r--s 00000000 08:05 554034                     /var/cache/fontconfig/4794a0821666d79190d59a36cb4f44b5-le64.cache-3
7f3793387000-7f37933b5000 r--s 00000000 08:05 554435                     /var/cache/fontconfig/365b55f210c0a22e9a19e35191240f32-le64.cache-3
7f37933b5000-7f37933bf000 r--s 00000000 08:05 554433                     /var/cache/fontconfig/d52a8644073d54c13679302ca1180695-le64.cache-3
7f37933bf000-7f37933c7000 r-xp 00000000 08:05 1581969                    /usr/lib/x86_64-linux-gnu/libXrandr.so.2.2.0
7f37933c7000-7f37935c6000 ---p 00008000 08:05 1581969                    /usr/lib/x86_64-linux-gnu/libXrandr.so.2.2.0
7f37935c6000-7f37935c7000 r--p 00007000 08:05 1581969                    /usr/lib/x86_64-linux-gnu/libXrandr.so.2.2.0
7f37935c7000-7f37935c8000 rw-p 00008000 08:05 1581969                    /usr/lib/x86_64-linux-gnu/libXrandr.so.2.2.0
7f37935c8000-7f37935c9000 rw-s fbc0a000 00:05 6951                       /dev/nvidia0
7f37935e9000-7f37935ea000 rw-s fb641000 00:05 6951                       /dev/nvidia0
7f37935ea000-7f37935eb000 rw-s 128080000 00:05 6951                      /dev/nvidia0
7f37935eb000-7f37935ec000 rw-s 5a031000 00:05 6951                       /dev/nvidia0
7f37935ec000-7f37935ed000 rw-s fb060000 00:05 6951                       /dev/nvidia0
7f37935ed000-7f37935ee000 r--p 00000000 00:00 0 
7f37935ee000-7f37935f5000 r--s 000fb000 08:05 1597348                    /usr/lib/jvm/java-6-openjdk/jre/lib/resources.jar
7f37935f5000-7f37935f6000 r--s 00000000 08:05 554418                     /var/cache/fontconfig/ec648e9a1aea82bddd4bd6050028158d-le64.cache-3
7f37935f6000-7f3793609000 r--s 00000000 08:05 538224                     /var/cache/fontconfig/e13b20fdb08344e0e664864cc2ede53d-le64.cache-3
7f3793609000-7f379360d000 r--s 00000000 08:05 538228                     /var/cache/fontconfig/7ef2298fde41cc6eeb7af42e48b7d293-le64.cache-3
7f379360d000-7f3793621000 r--s 00000000 08:05 527842                     /var/cache/fontconfig/865f88548240fee46819705c6468c165-le64.cache-3
7f3793621000-7f3793622000 r--s 00000000 08:05 1340105                    /home/bompo/.fontconfig/aa7e4f27e681240d22a1f116cf7520f0-le64.cache-3
7f3793622000-7f3793625000 ---p 00000000 00:00 0 
7f3793625000-7f3793723000 rw-p 00000000 00:00 0 
7f3793723000-7f37937b6000 r-xp 00000000 08:05 1572891                    /usr/lib/x86_64-linux-gnu/libfreetype.so.6.6.2
7f37937b6000-7f37939b5000 ---p 00093000 08:05 1572891                    /usr/lib/x86_64-linux-gnu/libfreetype.so.6.6.2
7f37939b5000-7f37939bb000 r--p 00092000 08:05 1572891                    /usr/lib/x86_64-linux-gnu/libfreetype.so.6.6.2
7f37939bb000-7f37939bc000 rw-p 00098000 08:05 1572891                    /usr/lib/x86_64-linux-gnu/libfreetype.so.6.6.2
7f37939bc000-7f37939f5000 r-xp 00000000 08:05 1597379                    /usr/lib/jvm/java-6-openjdk/jre/lib/amd64/libfontmanager.so
7f37939f5000-7f3793bf4000 ---p 00039000 08:05 1597379                    /usr/lib/jvm/java-6-openjdk/jre/lib/amd64/libfontmanager.so
7f3793bf4000-7f3793bf6000 r--p 00038000 08:05 1597379                    /usr/lib/jvm/java-6-openjdk/jre/lib/amd64/libfontmanager.so
7f3793bf6000-7f3793bf7000 rw-p 0003a000 08:05 1597379                    /usr/lib/jvm/java-6-openjdk/jre/lib/amd64/libfontmanager.so
7f3793bf7000-7f3793bfc000 r-xp 00000000 08:05 1573561                    /usr/lib/x86_64-linux-gnu/libXdmcp.so.6.0.0
7f3793bfc000-7f3793dfb000 ---p 00005000 08:05 1573561                    /usr/lib/x86_64-linux-gnu/libXdmcp.so.6.0.0
7f3793dfb000-7f3793dfc000 r--p 00004000 08:05 1573561                    /usr/lib/x86_64-linux-gnu/libXdmcp.so.6.0.0
7f3793dfc000-7f3793dfd000 rw-p 00005000 08:05 1573561                    /usr/lib/x86_64-linux-gnu/libXdmcp.so.6.0.0
7f3793dfd000-7f3793dff000 r-xp 00000000 08:05 1570542                    /usr/lib/x86_64-linux-gnu/libXau.so.6.0.0
7f3793dff000-7f3793ffe000 ---p 00002000 08:05 1570542                    /usr/lib/x86_64-linux-gnu/libXau.so.6.0.0
7f3793ffe000-7f3793fff000 r--p 00001000 08:05 1570542                    /usr/lib/x86_64-linux-gnu/libXau.so.6.0.0
7f3793fff000-7f3794000000 rw-p 00002000 08:05 1570542                    /usr/lib/x86_64-linux-gnu/libXau.so.6.0.0
7f3794000000-7f3795337000 rw-p 00000000 00:00 0 
7f3795337000-7f3798000000 ---p 00000000 00:00 0 
7f3798000000-7f3798001000 r--s 00000000 08:05 554466                     /var/cache/fontconfig/4c73fe0c47614734b17d736dbde7580a-le64.cache-3
7f3798001000-7f3798002000 r--s 00000000 08:05 554459                     /var/cache/fontconfig/0d8c3b2ac0904cb8a57a757ad11a4a08-le64.cache-3
7f3798002000-7f379801d000 r-xp 00000000 08:05 1572615                    /usr/lib/x86_64-linux-gnu/libxcb.so.1.1.0
7f379801d000-7f379821c000 ---p 0001b000 08:05 1572615                    /usr/lib/x86_64-linux-gnu/libxcb.so.1.1.0
7f379821c000-7f379821d000 r--p 0001a000 08:05 1572615                    /usr/lib/x86_64-linux-gnu/libxcb.so.1.1.0
7f379821d000-7f379821e000 rw-p 0001b000 08:05 1572615                    /usr/lib/x86_64-linux-gnu/libxcb.so.1.1.0
7f379821e000-7f379822d000 r-xp 00000000 08:05 1613065                    /usr/lib/x86_64-linux-gnu/libXi.so.6.1.0
7f379822d000-7f379842c000 ---p 0000f000 08:05 1613065                    /usr/lib/x86_64-linux-gnu/libXi.so.6.1.0
7f379842c000-7f379842d000 r--p 0000e000 08:05 1613065                    /usr/lib/x86_64-linux-gnu/libXi.so.6.1.0
7f379842d000-7f379842e000 rw-p 0000f000 08:05 1613065                    /usr/lib/x86_64-linux-gnu/libXi.so.6.1.0
7f379842e000-7f3798433000 r-xp 00000000 08:05 1572606                    /usr/lib/libXtst.so.6.1.0
7f3798433000-7f3798632000 ---p 00005000 08:05 1572606                    /usr/lib/libXtst.so.6.1.0
7f3798632000-7f3798633000 r--p 00004000 08:05 1572606                    /usr/lib/libXtst.so.6.1.0
7f3798633000-7f3798634000 rw-p 00005000 08:05 1572606                    /usr/lib/libXtst.so.6.1.0
7f3798634000-7f379863d000 r-xp 00000000 08:05 1570620                    /usr/lib/x86_64-linux-gnu/libXrender.so.1.3.0
7f379863d000-7f379883d000 ---p 00009000 08:05 1570620                    /usr/lib/x86_64-linux-gnu/libXrender.so.1.3.0
7f379883d000-7f379883e000 r--p 00009000 08:05 1570620                    /usr/lib/x86_64-linux-gnu/libXrender.so.1.3.0
7f379883e000-7f379883f000 rw-p 0000a000 08:05 1570620                    /usr/lib/x86_64-linux-gnu/libXrender.so.1.3.0
7f379883f000-7f3798974000 r-xp 00000000 08:05 1573591                    /usr/lib/x86_64-linux-gnu/libX11.so.6.3.0
7f3798974000-7f3798b74000 ---p 00135000 08:05 1573591                    /usr/lib/x86_64-linux-gnu/libX11.so.6.3.0
7f3798b74000-7f3798b75000 r--p 00135000 08:05 1573591                    /usr/lib/x86_64-linux-gnu/libX11.so.6.3.0
7f3798b75000-7f3798b79000 rw-p 00136000 08:05 1573591                    /usr/lib/x86_64-linux-gnu/libX11.so.6.3.0
7f3798b79000-7f3798b8a000 r-xp 00000000 08:05 1571673                    /usr/lib/x86_64-linux-gnu/libXext.so.6.4.0
7f3798b8a000-7f3798d89000 ---p 00011000 08:05 1571673                    /usr/lib/x86_64-linux-gnu/libXext.so.6.4.0
7f3798d89000-7f3798d8a000 r--p 00010000 08:05 1571673                    /usr/lib/x86_64-linux-gnu/libXext.so.6.4.0
7f3798d8a000-7f3798d8b000 rw-p 00011000 08:05 1571673                    /usr/lib/x86_64-linux-gnu/libXext.so.6.4.0
7f3798d8b000-7f3798d8c000 r--s 00000000 08:05 554454                     /var/cache/fontconfig/6a53c69dea097a2d716e069445527da8-le64.cache-3
7f3798d8c000-7f3798d95000 r--s 00000000 08:05 554448                     /var/cache/fontconfig/6d41288fd70b0be22e8c3a91e032eec0-le64.cache-3
7f3798d95000-7f3798da5000 r--s 00000000 08:05 554447                     /var/cache/fontconfig/0f34bcd4b6ee430af32735b75db7f02b-le64.cache-3
7f3798da5000-7f3798db8000 r--s 00000000 08:05 538224                     /var/cache/fontconfig/e13b20fdb08344e0e664864cc2ede53d-le64.cache-3
7f3798db8000-7f3798e03000 r-xp 00000000 08:05 1597420                    /usr/lib/jvm/java-6-openjdk/jre/lib/amd64/xawt/libmawt.so
7f3798e03000-7f3799003000 ---p 0004b000 08:05 1597420                    /usr/lib/jvm/java-6-openjdk/jre/lib/amd64/xawt/libmawt.so
7f3799003000-7f3799004000 r--p 0004b000 08:05 1597420                    /usr/lib/jvm/java-6-openjdk/jre/lib/amd64/xawt/libmawt.so
7f3799004000-7f3799007000 rw-p 0004c000 08:05 1597420                    /usr/lib/jvm/java-6-openjdk/jre/lib/amd64/xawt/libmawt.so
7f3799007000-7f3799008000 rw-p 00000000 00:00 0 
7f3799008000-7f37990b1000 r-xp 00000000 08:05 1597388                    /usr/lib/jvm/java-6-openjdk/jre/lib/amd64/libawt.so
7f37990b1000-7f37992b0000 ---p 000a9000 08:05 1597388                    /usr/lib/jvm/java-6-openjdk/jre/lib/amd64/libawt.so
7f37992b0000-7f37992b1000 r--p 000a8000 08:05 1597388                    /usr/lib/jvm/java-6-openjdk/jre/lib/amd64/libawt.so
7f37992b1000-7f37992bc000 rw-p 000a9000 08:05 1597388                    /usr/lib/jvm/java-6-openjdk/jre/lib/amd64/libawt.so
7f37992bc000-7f37992e1000 rw-p 00000000 00:00 0 
7f37992e1000-7f37992f2000 r--s 0011a000 08:05 1440866                    /home/bompo/git/kpmusikspiel/libs/gdx-backend-lwjgl.jar
7f37992f2000-7f37992f3000 r--s 00007000 08:05 1440877                    /home/bompo/git/kpmusikspiel/libs/gdx-backend-lwjgl-sources.jar
7f37992f3000-7f37992f4000 r--s 00127000 08:05 1440876                    /home/bompo/git/kpmusikspiel/libs/gdx-backend-lwjgl-natives.jar
7f37992f4000-7f37992f7000 r--s 00017000 08:05 1439905                    /home/bompo/git/kpmusikspiel/libs/tritonus_share.jar
7f37992f7000-7f37992f8000 r--s 00002000 08:05 1439810                    /home/bompo/git/kpmusikspiel/libs/tritonus_aos.jar
7f37992f8000-7f37992f9000 r--s 00005000 08:05 1447554                    /home/bompo/git/kpmusikspiel/libs/mp3spi1.9.4.jar
7f37992f9000-7f37992fe000 r--s 00028000 08:05 1447540                    /home/bompo/git/kpmusikspiel/libs/beads.jar
7f37992fe000-7f3799302000 r--s 0007c000 08:05 1597316                    /usr/lib/jvm/java-6-openjdk/jre/lib/jsse.jar
7f3799302000-7f379930d000 r--s 00094000 08:05 1498923                    /home/bompo/git/kpmusikspiel/libs/gdx.jar
7f379930d000-7f379930e000 r--s 001a1000 08:05 1440083                    /home/bompo/git/kpmusikspiel/libs/gdx-natives.jar
7f379930e000-7f3799328000 r--s 00207000 08:05 1498924                    /home/bompo/git/kpmusikspiel/libs/gdx-backend-jogl.jar
7f3799328000-7f3799329000 r--s 00203000 08:05 1498925                    /home/bompo/git/kpmusikspiel/libs/gdx-backend-jogl-natives.jar
7f3799329000-7f3799331000 r--s 00066000 08:05 1721290                    /usr/share/java/gnome-java-bridge.jar
7f3799331000-7f3799334000 r--s 0000f000 08:05 1597341                    /usr/lib/jvm/java-6-openjdk/jre/lib/ext/pulse-java.jar
7f3799334000-7f3799335000 ---p 00000000 00:00 0 
7f3799335000-7f3799435000 rw-p 00000000 00:00 0 
7f3799435000-7f3799438000 ---p 00000000 00:00 0 
7f3799438000-7f3799536000 rw-p 00000000 00:00 0 
7f3799536000-7f3799539000 ---p 00000000 00:00 0 
7f3799539000-7f3799637000 rw-p 00000000 00:00 0 
7f3799637000-7f379963a000 ---p 00000000 00:00 0 
7f379963a000-7f3799738000 rw-p 00000000 00:00 0 
7f3799738000-7f379973b000 ---p 00000000 00:00 0 
7f379973b000-7f3799839000 rw-p 00000000 00:00 0 
7f3799839000-7f3799c41000 r--p 00000000 08:05 1570348                    /usr/lib/locale/locale-archive
7f3799c41000-7f3799c44000 ---p 00000000 00:00 0 
7f3799c44000-7f3799d42000 rw-p 00000000 00:00 0 
7f3799d42000-7f3799d45000 ---p 00000000 00:00 0 
7f3799d45000-7f3799e43000 rw-p 00000000 00:00 0 
7f3799e43000-7f3799e44000 ---p 00000000 00:00 0 
7f3799e44000-7f379a47c000 rw-p 00000000 00:00 0 
7f379a47c000-7f379a60c000 r--s 037af000 08:05 1597397                    /usr/lib/jvm/java-6-openjdk/jre/lib/rt.jar
7f379a60c000-7f379a634000 rw-p 00000000 00:00 0 
7f379a634000-7f379a635000 ---p 00000000 00:00 0 
7f379a635000-7f379a735000 rw-p 00000000 00:00 0 
7f379a735000-7f379a736000 ---p 00000000 00:00 0 
7f379a736000-7f379a836000 rw-p 00000000 00:00 0 
7f379a836000-7f379a837000 ---p 00000000 00:00 0 
7f379a837000-7f379a937000 rw-p 00000000 00:00 0 
7f379a937000-7f379a938000 ---p 00000000 00:00 0 
7f379a938000-7f379aa46000 rw-p 00000000 00:00 0 
7f379aa46000-7f379aa8b000 rw-p 00000000 00:00 0 
7f379aa8b000-7f379aa98000 rw-p 00000000 00:00 0 
7f379aa98000-7f379aaaf000 ---p 00000000 00:00 0 
7f379aaaf000-7f379abd5000 rw-p 00000000 00:00 0 
7f379abd5000-7f379abe3000 rw-p 00000000 00:00 0 
7f379abe3000-7f379ac28000 rw-p 00000000 00:00 0 
7f379ac28000-7f379ac35000 rw-p 00000000 00:00 0 
7f379ac35000-7f379ac4c000 ---p 00000000 00:00 0 
7f379ac4c000-7f379ad72000 rw-p 00000000 00:00 0 
7f379ad72000-7f379ad7d000 rw-p 00000000 00:00 0 
7f379ad7d000-7f379ad84000 ---p 00000000 00:00 0 
7f379ad84000-7f379ae17000 rw-p 00000000 00:00 0 
7f379ae17000-7f379ae18000 rw-p 00000000 00:00 0 
7f379ae18000-7f379b088000 rwxp 00000000 00:00 0 
7f379b088000-7f379de18000 rw-p 00000000 00:00 0 
7f379de18000-7f379de1f000 r-xp 00000000 08:05 1597383                    /usr/lib/jvm/java-6-openjdk/jre/lib/amd64/libzip.so
7f379de1f000-7f379e01e000 ---p 00007000 08:05 1597383                    /usr/lib/jvm/java-6-openjdk/jre/lib/amd64/libzip.so
7f379e01e000-7f379e01f000 r--p 00006000 08:05 1597383                    /usr/lib/jvm/java-6-openjdk/jre/lib/amd64/libzip.so
7f379e01f000-7f379e020000 rw-p 00007000 08:05 1597383                    /usr/lib/jvm/java-6-openjdk/jre/lib/amd64/libzip.so
7f379e020000-7f379e02c000 r-xp 00000000 08:05 535712                     /lib/x86_64-linux-gnu/libnss_files-2.13.so
7f379e02c000-7f379e22b000 ---p 0000c000 08:05 535712                     /lib/x86_64-linux-gnu/libnss_files-2.13.so
7f379e22b000-7f379e22c000 r--p 0000b000 08:05 535712                     /lib/x86_64-linux-gnu/libnss_files-2.13.so
7f379e22c000-7f379e22d000 rw-p 0000c000 08:05 535712                     /lib/x86_64-linux-gnu/libnss_files-2.13.so
7f379e22d000-7f379e238000 r-xp 00000000 08:05 535714                     /lib/x86_64-linux-gnu/libnss_nis-2.13.so
7f379e238000-7f379e437000 ---p 0000b000 08:05 535714                     /lib/x86_64-linux-gnu/libnss_nis-2.13.so
7f379e437000-7f379e438000 r--p 0000a000 08:05 535714                     /lib/x86_64-linux-gnu/libnss_nis-2.13.so
7f379e438000-7f379e439000 rw-p 0000b000 08:05 535714                     /lib/x86_64-linux-gnu/libnss_nis-2.13.so
7f379e439000-7f379e441000 r-xp 00000000 08:05 535710                     /lib/x86_64-linux-gnu/libnss_compat-2.13.so
7f379e441000-7f379e640000 ---p 00008000 08:05 535710                     /lib/x86_64-linux-gnu/libnss_compat-2.13.so
7f379e640000-7f379e641000 r--p 00007000 08:05 535710                     /lib/x86_64-linux-gnu/libnss_compat-2.13.so
7f379e641000-7f379e642000 rw-p 00008000 08:05 535710                     /lib/x86_64-linux-gnu/libnss_compat-2.13.so
7f379e642000-7f379e659000 r-xp 00000000 08:05 535709                     /lib/x86_64-linux-gnu/libnsl-2.13.so
7f379e659000-7f379e858000 ---p 00017000 08:05 535709                     /lib/x86_64-linux-gnu/libnsl-2.13.so
7f379e858000-7f379e859000 r--p 00016000 08:05 535709                     /lib/x86_64-linux-gnu/libnsl-2.13.so
7f379e859000-7f379e85a000 rw-p 00017000 08:05 535709                     /lib/x86_64-linux-gnu/libnsl-2.13.so
7f379e85a000-7f379e85c000 rw-p 00000000 00:00 0 
7f379e85c000-7f379e888000 r-xp 00000000 08:05 1597382                    /usr/lib/jvm/java-6-openjdk/jre/lib/amd64/libjava.so
7f379e888000-7f379ea87000 ---p 0002c000 08:05 1597382                    /usr/lib/jvm/java-6-openjdk/jre/lib/amd64/libjava.so
7f379ea87000-7f379ea88000 r--p 0002b000 08:05 1597382                    /usr/lib/jvm/java-6-openjdk/jre/lib/amd64/libjava.so
7f379ea88000-7f379ea8b000 rw-p 0002c000 08:05 1597382                    /usr/lib/jvm/java-6-openjdk/jre/lib/amd64/libjava.so
7f379ea8b000-7f379ea99000 r-xp 00000000 08:05 1597368                    /usr/lib/jvm/java-6-openjdk/jre/lib/amd64/libverify.so
7f379ea99000-7f379ec98000 ---p 0000e000 08:05 1597368                    /usr/lib/jvm/java-6-openjdk/jre/lib/amd64/libverify.so
7f379ec98000-7f379ec9a000 r--p 0000d000 08:05 1597368                    /usr/lib/jvm/java-6-openjdk/jre/lib/amd64/libverify.so
7f379ec9a000-7f379ec9b000 rw-p 0000f000 08:05 1597368                    /usr/lib/jvm/java-6-openjdk/jre/lib/amd64/libverify.so
7f379ec9b000-7f379eca2000 r-xp 00000000 08:05 535724                     /lib/x86_64-linux-gnu/librt-2.13.so
7f379eca2000-7f379eea1000 ---p 00007000 08:05 535724                     /lib/x86_64-linux-gnu/librt-2.13.so
7f379eea1000-7f379eea2000 r--p 00006000 08:05 535724                     /lib/x86_64-linux-gnu/librt-2.13.so
7f379eea2000-7f379eea3000 rw-p 00007000 08:05 535724                     /lib/x86_64-linux-gnu/librt-2.13.so
7f379eea3000-7f379eeb8000 r-xp 00000000 08:05 528127                     /lib/x86_64-linux-gnu/libgcc_s.so.1
7f379eeb8000-7f379f0b7000 ---p 00015000 08:05 528127                     /lib/x86_64-linux-gnu/libgcc_s.so.1
7f379f0b7000-7f379f0b8000 r--p 00014000 08:05 528127                     /lib/x86_64-linux-gnu/libgcc_s.so.1
7f379f0b8000-7f379f0b9000 rw-p 00015000 08:05 528127                     /lib/x86_64-linux-gnu/libgcc_s.so.1
7f379f0b9000-7f379f13d000 r-xp 00000000 08:05 535703                     /lib/x86_64-linux-gnu/libm-2.13.so
7f379f13d000-7f379f33c000 ---p 00084000 08:05 535703                     /lib/x86_64-linux-gnu/libm-2.13.so
7f379f33c000-7f379f33d000 r--p 00083000 08:05 535703                     /lib/x86_64-linux-gnu/libm-2.13.so
7f379f33d000-7f379f33e000 rw-p 00084000 08:05 535703                     /lib/x86_64-linux-gnu/libm-2.13.so
7f379f33e000-7f379f426000 r-xp 00000000 08:05 1571250                    /usr/lib/x86_64-linux-gnu/libstdc++.so.6.0.14
7f379f426000-7f379f625000 ---p 000e8000 08:05 1571250                    /usr/lib/x86_64-linux-gnu/libstdc++.so.6.0.14
7f379f625000-7f379f62d000 r--p 000e7000 08:05 1571250                    /usr/lib/x86_64-linux-gnu/libstdc++.so.6.0.14
7f379f62d000-7f379f62f000 rw-p 000ef000 08:05 1571250                    /usr/lib/x86_64-linux-gnu/libstdc++.so.6.0.14
7f379f62f000-7f379f644000 rw-p 00000000 00:00 0 
7f379f644000-7f379ff99000 r-xp 00000000 08:05 1597385                    /usr/lib/jvm/java-6-openjdk/jre/lib/amd64/server/libjvm.so
7f379ff99000-7f37a0198000 ---p 00955000 08:05 1597385                    /usr/lib/jvm/java-6-openjdk/jre/lib/amd64/server/libjvm.so
7f37a0198000-7f37a0219000 r--p 00954000 08:05 1597385                    /usr/lib/jvm/java-6-openjdk/jre/lib/amd64/server/libjvm.so
7f37a0219000-7f37a0234000 rw-p 009d5000 08:05 1597385                    /usr/lib/jvm/java-6-openjdk/jre/lib/amd64/server/libjvm.so
7f37a0234000-7f37a025d000 rw-p 00000000 00:00 0 
7f37a025d000-7f37a03e7000 r-xp 00000000 08:05 535697                     /lib/x86_64-linux-gnu/libc-2.13.so
7f37a03e7000-7f37a05e6000 ---p 0018a000 08:05 535697                     /lib/x86_64-linux-gnu/libc-2.13.so
7f37a05e6000-7f37a05ea000 r--p 00189000 08:05 535697                     /lib/x86_64-linux-gnu/libc-2.13.so
7f37a05ea000-7f37a05eb000 rw-p 0018d000 08:05 535697                     /lib/x86_64-linux-gnu/libc-2.13.so
7f37a05eb000-7f37a05f1000 rw-p 00000000 00:00 0 
7f37a05f1000-7f37a05f3000 r-xp 00000000 08:05 535702                     /lib/x86_64-linux-gnu/libdl-2.13.so
7f37a05f3000-7f37a07f3000 ---p 00002000 08:05 535702                     /lib/x86_64-linux-gnu/libdl-2.13.so
7f37a07f3000-7f37a07f4000 r--p 00002000 08:05 535702                     /lib/x86_64-linux-gnu/libdl-2.13.so
7f37a07f4000-7f37a07f5000 rw-p 00003000 08:05 535702                     /lib/x86_64-linux-gnu/libdl-2.13.so
7f37a07f5000-7f37a07f9000 r-xp 00000000 08:05 1597366                    /usr/lib/jvm/java-6-openjdk/jre/lib/amd64/jli/libjli.so
7f37a07f9000-7f37a09f8000 ---p 00004000 08:05 1597366                    /usr/lib/jvm/java-6-openjdk/jre/lib/amd64/jli/libjli.so
7f37a09f8000-7f37a09f9000 r--p 00003000 08:05 1597366                    /usr/lib/jvm/java-6-openjdk/jre/lib/amd64/jli/libjli.so
7f37a09f9000-7f37a09fa000 rw-p 00004000 08:05 1597366                    /usr/lib/jvm/java-6-openjdk/jre/lib/amd64/jli/libjli.so
7f37a09fa000-7f37a0a12000 r-xp 00000000 08:05 535718                     /lib/x86_64-linux-gnu/libpthread-2.13.so
7f37a0a12000-7f37a0c12000 ---p 00018000 08:05 535718                     /lib/x86_64-linux-gnu/libpthread-2.13.so
7f37a0c12000-7f37a0c13000 r--p 00018000 08:05 535718                     /lib/x86_64-linux-gnu/libpthread-2.13.so
7f37a0c13000-7f37a0c14000 rw-p 00019000 08:05 535718                     /lib/x86_64-linux-gnu/libpthread-2.13.so
7f37a0c14000-7f37a0c18000 rw-p 00000000 00:00 0 
7f37a0c18000-7f37a0c2f000 r-xp 00000000 08:05 535781                     /lib/x86_64-linux-gnu/libz.so.1.2.3.4
7f37a0c2f000-7f37a0e2e000 ---p 00017000 08:05 535781                     /lib/x86_64-linux-gnu/libz.so.1.2.3.4
7f37a0e2e000-7f37a0e2f000 r--p 00016000 08:05 535781                     /lib/x86_64-linux-gnu/libz.so.1.2.3.4
7f37a0e2f000-7f37a0e30000 rw-p 00017000 08:05 535781                     /lib/x86_64-linux-gnu/libz.so.1.2.3.4
7f37a0e30000-7f37a0e51000 r-xp 00000000 08:05 535673                     /lib/x86_64-linux-gnu/ld-2.13.so
7f37a0e51000-7f37a0e5b000 r--s 00000000 08:05 554433                     /var/cache/fontconfig/d52a8644073d54c13679302ca1180695-le64.cache-3
7f37a0e5b000-7f37a0e65000 rw-p 00000000 00:00 0 
7f37a0e65000-7f37a0f1b000 rw-p 00000000 00:00 0 
7f37a0f1b000-7f37a0f1e000 ---p 00000000 00:00 0 
7f37a0f1e000-7f37a1021000 rw-p 00000000 00:00 0 
7f37a1021000-7f37a1026000 r--s 00000000 08:05 554452                     /var/cache/fontconfig/515ca1ebc4b18308bea979be5704f9db-le64.cache-3
7f37a1026000-7f37a1029000 r--s 00000000 08:05 554441                     /var/cache/fontconfig/d60319d88cac85ba9e1a07bd06cfbb8c-le64.cache-3
7f37a1029000-7f37a102a000 r--s 00000000 08:05 554034                     /var/cache/fontconfig/4794a0821666d79190d59a36cb4f44b5-le64.cache-3
7f37a102a000-7f37a102b000 r--s 00000000 08:05 554418                     /var/cache/fontconfig/ec648e9a1aea82bddd4bd6050028158d-le64.cache-3
7f37a102b000-7f37a102f000 r--s 00000000 08:05 538228                     /var/cache/fontconfig/7ef2298fde41cc6eeb7af42e48b7d293-le64.cache-3
7f37a102f000-7f37a1043000 r--s 00000000 08:05 527842                     /var/cache/fontconfig/865f88548240fee46819705c6468c165-le64.cache-3
7f37a1043000-7f37a1044000 r--s 00000000 08:05 1340105                    /home/bompo/.fontconfig/aa7e4f27e681240d22a1f116cf7520f0-le64.cache-3
7f37a1044000-7f37a104c000 rw-s 00000000 08:05 525863                     /tmp/hsperfdata_bompo/10944
7f37a104c000-7f37a104d000 rw-p 00000000 00:00 0 
7f37a104d000-7f37a104e000 r--p 00000000 00:00 0 
7f37a104e000-7f37a1050000 rw-p 00000000 00:00 0 
7f37a1050000-7f37a1051000 r--p 00020000 08:05 535673                     /lib/x86_64-linux-gnu/ld-2.13.so
7f37a1051000-7f37a1053000 rw-p 00021000 08:05 535673                     /lib/x86_64-linux-gnu/ld-2.13.so
7fff7945d000-7fff7947e000 rw-p 00000000 00:00 0                          [stack]
7fff795be000-7fff795bf000 r-xp 00000000 00:00 0                          [vdso]
ffffffffff600000-ffffffffff601000 r-xp 00000000 00:00 0                  [vsyscall]

VM Arguments:
jvm_args: -Dfile.encoding=UTF-8 
java_command: com.jumpandrun.DesktopStarter
Launcher Type: SUN_STANDARD

Environment Variables:
PATH=/usr/local/sbin:/usr/local/bin:/usr/sbin:/usr/bin:/sbin:/bin:/usr/games
USERNAME=bompo
LD_LIBRARY_PATH=/usr/lib/jvm/java-6-openjdk/jre/lib/amd64/server:/usr/lib/jvm/java-6-openjdk/jre/lib/amd64:/usr/lib/jvm/java-6-openjdk/jre/../lib/amd64:/usr/lib64/xulrunner-addons
SHELL=/bin/bash
DISPLAY=:0.0

Signal Handlers:
SIGSEGV: [libjvm.so+0x7d0f60], sa_mask[0]=0x7ffbfeff, sa_flags=0x10000004
SIGBUS: [libjvm.so+0x7d0f60], sa_mask[0]=0x7ffbfeff, sa_flags=0x10000004
SIGFPE: [libjvm.so+0x683760], sa_mask[0]=0x7ffbfeff, sa_flags=0x10000004
SIGPIPE: [libjvm.so+0x683760], sa_mask[0]=0x7ffbfeff, sa_flags=0x10000004
SIGXFSZ: [libjvm.so+0x683760], sa_mask[0]=0x7ffbfeff, sa_flags=0x10000004
SIGILL: [libjvm.so+0x683760], sa_mask[0]=0x7ffbfeff, sa_flags=0x10000004
SIGUSR1: SIG_DFL, sa_mask[0]=0x00000000, sa_flags=0x00000000
SIGUSR2: [libjvm.so+0x683930], sa_mask[0]=0x00000004, sa_flags=0x10000004
SIGHUP: [libjvm.so+0x6862d0], sa_mask[0]=0x7ffbfeff, sa_flags=0x10000004
SIGINT: [libjvm.so+0x6862d0], sa_mask[0]=0x7ffbfeff, sa_flags=0x10000004
SIGTERM: [libjvm.so+0x6862d0], sa_mask[0]=0x7ffbfeff, sa_flags=0x10000004
SIGQUIT: [libjvm.so+0x6862d0], sa_mask[0]=0x7ffbfeff, sa_flags=0x10000004


---------------  S Y S T E M  ---------------

OS:Ubuntu 11.04 (natty)
uname:Linux 2.6.38-10-generic #46-Ubuntu SMP Tue Jun 28 15:07:17 UTC 2011 x86_64
libc:glibc 2.13 NPTL 2.13 
rlimit: STACK 8192k, CORE 0k, NPROC infinity, NOFILE 4096, AS infinity
load average:0.12 0.11 0.13

/proc/meminfo:
MemTotal:        4047872 kB
MemFree:          694220 kB
Buffers:          282784 kB
Cached:          1144516 kB
SwapCached:            0 kB
Active:          1764320 kB
Inactive:        1154756 kB
Active(anon):    1071364 kB
Inactive(anon):   431980 kB
Active(file):     692956 kB
Inactive(file):   722776 kB
Unevictable:         248 kB
Mlocked:             132 kB
SwapTotal:      19529724 kB
SwapFree:       19529724 kB
Dirty:                96 kB
Writeback:             0 kB
AnonPages:       1492080 kB
Mapped:           173744 kB
Shmem:             11452 kB
Slab:             233604 kB
SReclaimable:     206068 kB
SUnreclaim:        27536 kB
KernelStack:        3608 kB
PageTables:        30740 kB
NFS_Unstable:          0 kB
Bounce:                0 kB
WritebackTmp:          0 kB
CommitLimit:    21553660 kB
Committed_AS:    4596112 kB
VmallocTotal:   34359738367 kB
VmallocUsed:      341848 kB
VmallocChunk:   34359372796 kB
HardwareCorrupted:     0 kB
HugePages_Total:       0
HugePages_Free:        0
HugePages_Rsvd:        0
HugePages_Surp:        0
Hugepagesize:       2048 kB
DirectMap4k:      208320 kB
DirectMap2M:     3977216 kB


CPU:total 4 (4 cores per cpu, 1 threads per core) family 6 model 30 stepping 5, cmov, cx8, fxsr, mmx, sse, sse2, sse3, ssse3, sse4.1, sse4.2, popcnt

Memory: 4k page, physical 4047872k(694220k free), swap 19529724k(19529724k free)

vm_info: OpenJDK 64-Bit Server VM (20.0-b11) for linux-amd64 JRE (1.6.0_22-b22), built on Jun 11 2011 05:56:16 by "buildd" with gcc 4.5.2

time: Tue Jul 26 17:10:21 2011
elapsed time: 39 seconds

