#
# A fatal error has been detected by the Java Runtime Environment:
#
#  SIGSEGV (0xb) at pc=0x00007fc2d8f62cc2, pid=12579, tid=140474835838720
#
# JRE version: 6.0_22-b22
# Java VM: OpenJDK 64-Bit Server VM (20.0-b11 mixed mode linux-amd64 compressed oops)
# Derivative: IcedTea6 1.10.2
# Distribution: Ubuntu 11.04, package 6b22-1.10.2-0ubuntu1~11.04.1
# Problematic frame:
# C  [libgdx-64.so+0x47cc2]  b2World::DestroyBody(b2Body*)+0xd2
#
# If you would like to submit a bug report, please include
# instructions how to reproduce the bug and visit:
#   https://bugs.launchpad.net/ubuntu/+source/openjdk-6/
# The crash happened outside the Java Virtual Machine in native code.
# See problematic frame for where to report the bug.
#

---------------  T H R E A D  ---------------

Current thread (0x00007fc2d4218800):  JavaThread "LWJGL Application" [_thread_in_native, id=12607, stack(0x00007fc2d8a0a000,0x00007fc2d8b0b000)]

siginfo:si_signo=SIGSEGV: si_errno=0, si_code=128 (), si_addr=0x0000000000000000

Registers:
RAX=0x0000000000000000, RBX=0x0001000000000000, RCX=0x00007fc2d45e4470, RDX=0x00007fc2d45bc850
RSP=0x00007fc2d8b09580, RBP=0x00007fc2d45bc850, RSI=0x00007fc2d45e4470, RDI=0x0000000000000000
R8 =0x00007fc2e227d9a8, R9 =0x0000000000000002, R10=0x00007fc2d8b09320, R11=0x00007fc2d8f62bf0
R12=0x0000000000000000, R13=0x00007fc2d45e4470, R14=0x00007fc2d45d5af0, R15=0x00007fc2d4218800
RIP=0x00007fc2d8f62cc2, EFLAGS=0x0000000000010206, CSGSFS=0x0000000000000033, ERR=0x0000000000000000
  TRAPNO=0x000000000000000d

Top of Stack: (sp=0x00007fc2d8b09580)
0x00007fc2d8b09580:   00000000b85ec2c0 00007fc2d8b09618
0x00007fc2d8b09590:   0000000000000000 00000000b85ec2c0
0x00007fc2d8b095a0:   00007fc2d8b09658 00007fc2dce66d68
0x00007fc2d8b095b0:   000000000216e388 000000000216e388
0x00007fc2d8b095c0:   00000000fffffffe 000000000216e3a8
0x00007fc2d8b095d0:   00007fc20000001b 00007fc2d8b095d8
0x00007fc2d8b095e0:   00000000b85ec2c0 00007fc2d8b09658
0x00007fc2d8b095f0:   00000000b86091e8 0000000000000000
0x00007fc2d8b09600:   00000000b85ec2c0 0000000000000000
0x00007fc2d8b09610:   00007fc2d8b09638 00007fc2d8b096a0
0x00007fc2d8b09620:   00007fc2dce5b85a 0000000000000000
0x00007fc2d8b09630:   00007fc2dce63f58 00007fc2d45e4470
0x00007fc2d8b09640:   00000000eb72fc18 00007fc2d45bc850
0x00007fc2d8b09650:   00000000ebd63d30 00000000ebd63d30
0x00007fc2d8b09660:   00007fc2d8b09660 00000000b85ec1aa
0x00007fc2d8b09670:   00007fc2d8b096c0 00000000b86091e8
0x00007fc2d8b09680:   0000000000000000 00000000b85ec200
0x00007fc2d8b09690:   00007fc2d8b09638 00007fc2d8b096d0
0x00007fc2d8b096a0:   00000000eb72fc18 00007fc2dcf82520
0x00007fc2d8b096b0:   0000000000000000 00000000eb72fc18
0x00007fc2d8b096c0:   00000000ebd63d30 00007fc2dcf82520
0x00007fc2d8b096d0:   ebd63d3000000000 00000000ec70e5c8
0x00007fc2d8b096e0:   00000000000059ef 000000001875de79
0x00007fc2d8b096f0:   00000000ebf0ef70 00007fc2dcf5a540
0x00007fc2d8b09700:   0000000500000000 000000003b0bb76a
0x00007fc2d8b09710:   00000000ebe48bd8 00000000ec707360
0x00007fc2d8b09720:   00000000ec70e5c8 00000000b8682338
0x00007fc2d8b09730:   00000000b88dfaa0 00000000b867d4a0
0x00007fc2d8b09740:   00007fc2d8b097b0 00007fc2dce5b85a
0x00007fc2d8b09750:   00007fc2d8b097b0 00007fc2dce5b85a
0x00007fc2d8b09760:   00007fc23b0bb76a 00000000ec70e5c8
0x00007fc2d8b09770:   00007fc2d8b09770 00000000b8573e7f 

Instructions: (pc=0x00007fc2d8f62cc2)
0x00007fc2d8f62ca2:   00 00 00 00 00 48 85 db 74 5b 4c 8d b5 a0 92 01
0x00007fc2d8f62cb2:   00 eb 06 0f 1f 00 4c 89 e3 48 8b bd 50 93 01 00
0x00007fc2d8f62cc2:   4c 8b 63 18 48 85 ff 74 09 48 8b 07 48 89 de ff
0x00007fc2d8f62cd2:   50 18 4c 89 f6 48 89 df e8 69 15 fd ff 48 89 ee 

Register to memory mapping:

RAX=0x0000000000000000 is an unknown value
RBX=0x0001000000000000 is an unknown value
RCX=0x00007fc2d45e4470 is an unknown value
RDX=0x00007fc2d45bc850 is an unknown value
RSP=0x00007fc2d8b09580 is pointing into the stack for thread: 0x00007fc2d4218800
RBP=0x00007fc2d45bc850 is an unknown value
RSI=0x00007fc2d45e4470 is an unknown value
RDI=0x0000000000000000 is an unknown value
R8 =0x00007fc2e227d9a8: <offset 0xbfb9a8> in /usr/lib/jvm/java-6-openjdk/jre/lib/amd64/server/libjvm.so at 0x00007fc2e1682000
R9 =0x0000000000000002 is an unknown value
R10=0x00007fc2d8b09320 is pointing into the stack for thread: 0x00007fc2d4218800
R11=0x00007fc2d8f62bf0: _ZN7b2World11DestroyBodyEP6b2Body+0 in /tmp/libgdx/3154261069/libgdx-64.so at 0x00007fc2d8f1b000
R12=0x0000000000000000 is an unknown value
R13=0x00007fc2d45e4470 is an unknown value
R14=0x00007fc2d45d5af0 is an unknown value
R15=0x00007fc2d4218800 is a thread


Stack: [0x00007fc2d8a0a000,0x00007fc2d8b0b000],  sp=0x00007fc2d8b09580,  free space=1021k
Native frames: (J=compiled Java code, j=interpreted, Vv=VM code, C=native code)
C  [libgdx-64.so+0x47cc2]  b2World::DestroyBody(b2Body*)+0xd2

Java frames: (J=compiled Java code, j=interpreted, Vv=VM code)
j  com.badlogic.gdx.physics.box2d.World.jniDestroyBody(JJ)V+0
j  com.badlogic.gdx.physics.box2d.World.destroyBody(Lcom/badlogic/gdx/physics/box2d/Body;)V+106
J  com.jumpandrun.GameInstance.removeKilled()V
J  com.jumpandrun.GameInstance.physicStuff(F)V
j  com.jumpandrun.GameScreen.render(F)V+583
j  com.badlogic.gdx.Game.render()V+19
j  com.badlogic.gdx.backends.lwjgl.LwjglApplication.mainLoop()V+334
j  com.badlogic.gdx.backends.lwjgl.LwjglApplication.access$000(Lcom/badlogic/gdx/backends/lwjgl/LwjglApplication;)V+1
j  com.badlogic.gdx.backends.lwjgl.LwjglApplication$1.run()V+27
v  ~StubRoutines::call_stub

---------------  P R O C E S S  ---------------

Java Threads: ( => current thread )
  0x00007fc2d45ad800 JavaThread "PulseAudio Eventloop Thread" daemon [_thread_in_native, id=12622, stack(0x00007fc2c9ba7000,0x00007fc2c9ca8000)]
  0x00007fc2d45ab000 JavaThread "Thread-2" [_thread_blocked, id=12616, stack(0x00007fc2d8036000,0x00007fc2d8137000)]
  0x00007fc2d4214000 JavaThread "DestroyJavaVM" [_thread_blocked, id=12584, stack(0x00007fc2e2f59000,0x00007fc2e305a000)]
=>0x00007fc2d4218800 JavaThread "LWJGL Application" [_thread_in_native, id=12607, stack(0x00007fc2d8a0a000,0x00007fc2d8b0b000)]
  0x00007fc2d415f000 JavaThread "AWT-XAWT" daemon [_thread_in_native, id=12598, stack(0x00007fc2d927b000,0x00007fc2d937c000)]
  0x00007fc2d40e6000 JavaThread "Java2D Disposer" daemon [_thread_blocked, id=12597, stack(0x00007fc2d9662000,0x00007fc2d9763000)]
  0x00007fc2d4027800 JavaThread "Low Memory Detector" daemon [_thread_blocked, id=12595, stack(0x00007fc2db473000,0x00007fc2db574000)]
  0x00007fc2d4025000 JavaThread "C2 CompilerThread1" daemon [_thread_blocked, id=12594, stack(0x00007fc2db574000,0x00007fc2db675000)]
  0x00007fc2d4021800 JavaThread "C2 CompilerThread0" daemon [_thread_blocked, id=12593, stack(0x00007fc2db675000,0x00007fc2db776000)]
  0x00007fc2d4020000 JavaThread "Signal Dispatcher" daemon [_thread_blocked, id=12592, stack(0x00007fc2db776000,0x00007fc2db877000)]
  0x00007fc2d4001000 JavaThread "Finalizer" daemon [_thread_blocked, id=12591, stack(0x00007fc2dbc7f000,0x00007fc2dbd80000)]
  0x00000000020e8800 JavaThread "Reference Handler" daemon [_thread_blocked, id=12590, stack(0x00007fc2dbd80000,0x00007fc2dbe81000)]

Other Threads:
  0x00000000020e1800 VMThread [stack: 0x00007fc2dbe81000,0x00007fc2dbf82000] [id=12589]
  0x00007fc2d4032800 WatcherThread [stack: 0x00007fc2db372000,0x00007fc2db473000] [id=12596]

VM state:not at safepoint (normal execution)

VM Mutex/Monitor currently owned by a thread: None

Heap
 PSYoungGen      total 18432K, used 14038K [0x00000000eb600000, 0x00000000eca90000, 0x0000000100000000)
  eden space 15808K, 76% used [0x00000000eb600000,0x00000000ec1cfe60,0x00000000ec570000)
  from space 2624K, 74% used [0x00000000ec570000,0x00000000ec755c68,0x00000000ec800000)
  to   space 2624K, 0% used [0x00000000ec800000,0x00000000ec800000,0x00000000eca90000)
 PSOldGen        total 72896K, used 69326K [0x00000000c2200000, 0x00000000c6930000, 0x00000000eb600000)
  object space 72896K, 95% used [0x00000000c2200000,0x00000000c65b3850,0x00000000c6930000)
 PSPermGen       total 21248K, used 13188K [0x00000000b7c00000, 0x00000000b90c0000, 0x00000000c2200000)
  object space 21248K, 62% used [0x00000000b7c00000,0x00000000b88e12a0,0x00000000b90c0000)

Code Cache  [0x00007fc2dce56000, 0x00007fc2dd0c6000, 0x00007fc2dfe56000)
 total_blobs=857 nmethods=316 adapters=495 free_code_cache=48961792 largest_free_block=14208

Dynamic libraries:
00400000-00409000 r-xp 00000000 08:05 1597353                            /usr/lib/jvm/java-6-openjdk/jre/bin/java
00608000-00609000 r--p 00008000 08:05 1597353                            /usr/lib/jvm/java-6-openjdk/jre/bin/java
00609000-0060a000 rw-p 00009000 08:05 1597353                            /usr/lib/jvm/java-6-openjdk/jre/bin/java
0206f000-0339c000 rw-p 00000000 00:00 0                                  [heap]
40a03000-40a7d000 rw-p 00000000 00:00 0 
40d39000-40d3b000 r-xs 00000000 08:05 525912                             /tmp/glqQolaK (deleted)
b7c00000-b90c0000 rw-p 00000000 00:00 0 
b90c0000-c2200000 rw-p 00000000 00:00 0 
c2200000-c6930000 rw-p 00000000 00:00 0 
c6930000-eb600000 rw-p 00000000 00:00 0 
eb600000-eca90000 rw-p 00000000 00:00 0 
eca90000-100000000 rw-p 00000000 00:00 0 
7fc2c16b1000-7fc2c56b2000 rw-s 00000000 00:10 492322                     /dev/shm/pulse-shm-609540699
7fc2c56b2000-7fc2c56b3000 ---p 00000000 00:00 0 
7fc2c56b3000-7fc2c5eb3000 rw-p 00000000 00:00 0 
7fc2c7f75000-7fc2c8d4d000 rw-p 00000000 00:00 0 
7fc2c99a6000-7fc2c9aa6000 rw-s be9b0000 00:05 6951                       /dev/nvidia0
7fc2c9aa6000-7fc2c9b26000 rw-s 5a071000 00:05 6951                       /dev/nvidia0
7fc2c9b26000-7fc2c9ba7000 rw-p 00000000 00:00 0 
7fc2c9ba7000-7fc2c9baa000 ---p 00000000 00:00 0 
7fc2c9baa000-7fc2c9ca8000 rw-p 00000000 00:00 0 
7fc2c9ca8000-7fc2c9cb3000 r-xp 00000000 08:05 1597424                    /usr/lib/jvm/java-6-openjdk/jre/lib/amd64/libpulse-java.so
7fc2c9cb3000-7fc2c9eb2000 ---p 0000b000 08:05 1597424                    /usr/lib/jvm/java-6-openjdk/jre/lib/amd64/libpulse-java.so
7fc2c9eb2000-7fc2c9eb3000 r--p 0000a000 08:05 1597424                    /usr/lib/jvm/java-6-openjdk/jre/lib/amd64/libpulse-java.so
7fc2c9eb3000-7fc2c9eb4000 rw-p 0000b000 08:05 1597424                    /usr/lib/jvm/java-6-openjdk/jre/lib/amd64/libpulse-java.so
7fc2c9eb4000-7fc2c9eb9000 r-xp 00000000 08:05 1577007                    /usr/lib/alsa-lib/libasound_module_pcm_pulse.so
7fc2c9eb9000-7fc2ca0b9000 ---p 00005000 08:05 1577007                    /usr/lib/alsa-lib/libasound_module_pcm_pulse.so
7fc2ca0b9000-7fc2ca0ba000 r--p 00005000 08:05 1577007                    /usr/lib/alsa-lib/libasound_module_pcm_pulse.so
7fc2ca0ba000-7fc2ca0bb000 rw-p 00006000 08:05 1577007                    /usr/lib/alsa-lib/libasound_module_pcm_pulse.so
7fc2ca0bb000-7fc2ca19f000 r-xp 00000000 08:05 1571897                    /usr/lib/libasound.so.2.0.0
7fc2ca19f000-7fc2ca39f000 ---p 000e4000 08:05 1571897                    /usr/lib/libasound.so.2.0.0
7fc2ca39f000-7fc2ca3a5000 r--p 000e4000 08:05 1571897                    /usr/lib/libasound.so.2.0.0
7fc2ca3a5000-7fc2ca3a6000 rw-p 000ea000 08:05 1571897                    /usr/lib/libasound.so.2.0.0
7fc2ca3a6000-7fc2ca3b5000 r-xp 00000000 08:05 1597422                    /usr/lib/jvm/java-6-openjdk/jre/lib/amd64/libjsoundalsa.so
7fc2ca3b5000-7fc2ca5b4000 ---p 0000f000 08:05 1597422                    /usr/lib/jvm/java-6-openjdk/jre/lib/amd64/libjsoundalsa.so
7fc2ca5b4000-7fc2ca5b5000 r--p 0000e000 08:05 1597422                    /usr/lib/jvm/java-6-openjdk/jre/lib/amd64/libjsoundalsa.so
7fc2ca5b5000-7fc2ca5b6000 rw-p 0000f000 08:05 1597422                    /usr/lib/jvm/java-6-openjdk/jre/lib/amd64/libjsoundalsa.so
7fc2ca5b6000-7fc2ca5b7000 r-xp 00000000 08:05 1597377                    /usr/lib/jvm/java-6-openjdk/jre/lib/amd64/libjsound.so
7fc2ca5b7000-7fc2ca7b6000 ---p 00001000 08:05 1597377                    /usr/lib/jvm/java-6-openjdk/jre/lib/amd64/libjsound.so
7fc2ca7b6000-7fc2ca7b7000 r--p 00000000 08:05 1597377                    /usr/lib/jvm/java-6-openjdk/jre/lib/amd64/libjsound.so
7fc2ca7b7000-7fc2ca7b8000 rw-p 00001000 08:05 1597377                    /usr/lib/jvm/java-6-openjdk/jre/lib/amd64/libjsound.so
7fc2ca7b8000-7fc2ca7ba000 rw-s 00000000 08:05 525912                     /tmp/glqQolaK (deleted)
7fc2ca7ba000-7fc2ca9ba000 rw-s 51002000 00:05 6951                       /dev/nvidia0
7fc2ca9ba000-7fc2caaba000 rw-s 597bb000 00:05 6951                       /dev/nvidia0
7fc2caaba000-7fc2cab85000 rw-p 00000000 00:00 0 
7fc2cabe8000-7fc2cac03000 rw-s 117ca0000 00:05 6951                      /dev/nvidia0
7fc2cac03000-7fc2cc1d8000 r-xp 00000000 08:05 728                        /usr/lib/nvidia-current/libnvidia-glcore.so.275.19
7fc2cc1d8000-7fc2cc3d8000 ---p 015d5000 08:05 728                        /usr/lib/nvidia-current/libnvidia-glcore.so.275.19
7fc2cc3d8000-7fc2cca13000 rwxp 015d5000 08:05 728                        /usr/lib/nvidia-current/libnvidia-glcore.so.275.19
7fc2cca13000-7fc2cca2b000 rwxp 00000000 00:00 0 
7fc2cca2b000-7fc2cca2e000 r-xp 00000000 08:05 718                        /usr/lib/nvidia-current/tls/libnvidia-tls.so.275.19
7fc2cca2e000-7fc2ccc2d000 ---p 00003000 08:05 718                        /usr/lib/nvidia-current/tls/libnvidia-tls.so.275.19
7fc2ccc2d000-7fc2ccc2e000 rw-p 00002000 08:05 718                        /usr/lib/nvidia-current/tls/libnvidia-tls.so.275.19
7fc2ccc2e000-7fc2cccee000 r-xp 00000000 08:05 768                        /usr/lib/nvidia-current/libGL.so.275.19
7fc2cccee000-7fc2cceed000 ---p 000c0000 08:05 768                        /usr/lib/nvidia-current/libGL.so.275.19
7fc2cceed000-7fc2ccf28000 rwxp 000bf000 08:05 768                        /usr/lib/nvidia-current/libGL.so.275.19
7fc2ccf28000-7fc2ccf3e000 rwxp 00000000 00:00 0 
7fc2ccf3e000-7fc2ccf3f000 ---p 00000000 00:00 0 
7fc2ccf3f000-7fc2cd73f000 rw-p 00000000 00:00 0 
7fc2cd73f000-7fc2d1740000 rw-s 00000000 00:10 491255                     /dev/shm/pulse-shm-2504788230
7fc2d1740000-7fc2d1741000 ---p 00000000 00:00 0 
7fc2d1741000-7fc2d1f41000 rw-p 00000000 00:00 0 
7fc2d1f41000-7fc2d1f47000 r-xp 00000000 08:05 1573092                    /usr/lib/libogg.so.0.7.0
7fc2d1f47000-7fc2d2146000 ---p 00006000 08:05 1573092                    /usr/lib/libogg.so.0.7.0
7fc2d2146000-7fc2d2147000 r--p 00005000 08:05 1573092                    /usr/lib/libogg.so.0.7.0
7fc2d2147000-7fc2d2148000 rw-p 00006000 08:05 1573092                    /usr/lib/libogg.so.0.7.0
7fc2d2148000-7fc2d2173000 r-xp 00000000 08:05 1582648                    /usr/lib/libvorbis.so.0.4.5
7fc2d2173000-7fc2d2372000 ---p 0002b000 08:05 1582648                    /usr/lib/libvorbis.so.0.4.5
7fc2d2372000-7fc2d2373000 r--p 0002a000 08:05 1582648                    /usr/lib/libvorbis.so.0.4.5
7fc2d2373000-7fc2d2374000 rw-p 0002b000 08:05 1582648                    /usr/lib/libvorbis.so.0.4.5
7fc2d2374000-7fc2d2627000 r-xp 00000000 08:05 1573212                    /usr/lib/libvorbisenc.so.2.0.8
7fc2d2627000-7fc2d2826000 ---p 002b3000 08:05 1573212                    /usr/lib/libvorbisenc.so.2.0.8
7fc2d2826000-7fc2d2842000 r--p 002b2000 08:05 1573212                    /usr/lib/libvorbisenc.so.2.0.8
7fc2d2842000-7fc2d2843000 rw-p 002ce000 08:05 1573212                    /usr/lib/libvorbisenc.so.2.0.8
7fc2d2843000-7fc2d288b000 r-xp 00000000 08:05 1570101                    /usr/lib/libFLAC.so.8.2.0
7fc2d288b000-7fc2d2a8b000 ---p 00048000 08:05 1570101                    /usr/lib/libFLAC.so.8.2.0
7fc2d2a8b000-7fc2d2a8c000 r--p 00048000 08:05 1570101                    /usr/lib/libFLAC.so.8.2.0
7fc2d2a8c000-7fc2d2a8d000 rw-p 00049000 08:05 1570101                    /usr/lib/libFLAC.so.8.2.0
7fc2d2a8d000-7fc2d2aee000 r-xp 00000000 08:05 1574433                    /usr/lib/libsndfile.so.1.0.23
7fc2d2aee000-7fc2d2cee000 ---p 00061000 08:05 1574433                    /usr/lib/libsndfile.so.1.0.23
7fc2d2cee000-7fc2d2cf0000 r--p 00061000 08:05 1574433                    /usr/lib/libsndfile.so.1.0.23
7fc2d2cf0000-7fc2d2cf1000 rw-p 00063000 08:05 1574433                    /usr/lib/libsndfile.so.1.0.23
7fc2d2cf1000-7fc2d2cf5000 rw-p 00000000 00:00 0 
7fc2d2cf5000-7fc2d2cfd000 r-xp 00000000 08:05 538930                     /lib/libwrap.so.0.7.6
7fc2d2cfd000-7fc2d2efd000 ---p 00008000 08:05 538930                     /lib/libwrap.so.0.7.6
7fc2d2efd000-7fc2d2efe000 r--p 00008000 08:05 538930                     /lib/libwrap.so.0.7.6
7fc2d2efe000-7fc2d2eff000 rw-p 00009000 08:05 538930                     /lib/libwrap.so.0.7.6
7fc2d2eff000-7fc2d2f00000 rw-p 00000000 00:00 0 
7fc2d2f00000-7fc2d2f04000 r-xp 00000000 08:05 534738                     /lib/x86_64-linux-gnu/libuuid.so.1.3.0
7fc2d2f04000-7fc2d3103000 ---p 00004000 08:05 534738                     /lib/x86_64-linux-gnu/libuuid.so.1.3.0
7fc2d3103000-7fc2d3104000 r--p 00003000 08:05 534738                     /lib/x86_64-linux-gnu/libuuid.so.1.3.0
7fc2d3104000-7fc2d3105000 rw-p 00004000 08:05 534738                     /lib/x86_64-linux-gnu/libuuid.so.1.3.0
7fc2d3105000-7fc2d3147000 r-xp 00000000 08:05 525819                     /lib/x86_64-linux-gnu/libdbus-1.so.3.5.4
7fc2d3147000-7fc2d3347000 ---p 00042000 08:05 525819                     /lib/x86_64-linux-gnu/libdbus-1.so.3.5.4
7fc2d3347000-7fc2d3348000 r--p 00042000 08:05 525819                     /lib/x86_64-linux-gnu/libdbus-1.so.3.5.4
7fc2d3348000-7fc2d3349000 rw-p 00043000 08:05 525819                     /lib/x86_64-linux-gnu/libdbus-1.so.3.5.4
7fc2d3349000-7fc2d3394000 r-xp 00000000 08:05 1580900                    /usr/lib/libpulsecommon-0.9.22.so
7fc2d3394000-7fc2d3593000 ---p 0004b000 08:05 1580900                    /usr/lib/libpulsecommon-0.9.22.so
7fc2d3593000-7fc2d3594000 r--p 0004a000 08:05 1580900                    /usr/lib/libpulsecommon-0.9.22.so
7fc2d3594000-7fc2d3595000 rw-p 0004b000 08:05 1580900                    /usr/lib/libpulsecommon-0.9.22.so
7fc2d3595000-7fc2d3598000 r-xp 00000000 08:05 1573582                    /usr/lib/libxcb-atom.so.1.0.0
7fc2d3598000-7fc2d3798000 ---p 00003000 08:05 1573582                    /usr/lib/libxcb-atom.so.1.0.0
7fc2d3798000-7fc2d3799000 r--p 00003000 08:05 1573582                    /usr/lib/libxcb-atom.so.1.0.0
7fc2d3799000-7fc2d379a000 rw-p 00004000 08:05 1573582                    /usr/lib/libxcb-atom.so.1.0.0
7fc2d379a000-7fc2d37a1000 r-xp 00000000 08:05 1578963                    /usr/lib/x86_64-linux-gnu/libSM.so.6.0.1
7fc2d37a1000-7fc2d39a0000 ---p 00007000 08:05 1578963                    /usr/lib/x86_64-linux-gnu/libSM.so.6.0.1
7fc2d39a0000-7fc2d39a1000 r--p 00006000 08:05 1578963                    /usr/lib/x86_64-linux-gnu/libSM.so.6.0.1
7fc2d39a1000-7fc2d39a2000 rw-p 00007000 08:05 1578963                    /usr/lib/x86_64-linux-gnu/libSM.so.6.0.1
7fc2d39a2000-7fc2d39b8000 r-xp 00000000 08:05 1571606                    /usr/lib/x86_64-linux-gnu/libICE.so.6.3.0
7fc2d39b8000-7fc2d3bb8000 ---p 00016000 08:05 1571606                    /usr/lib/x86_64-linux-gnu/libICE.so.6.3.0
7fc2d3bb8000-7fc2d3bb9000 r--p 00016000 08:05 1571606                    /usr/lib/x86_64-linux-gnu/libICE.so.6.3.0
7fc2d3bb9000-7fc2d3bba000 rw-p 00017000 08:05 1571606                    /usr/lib/x86_64-linux-gnu/libICE.so.6.3.0
7fc2d3bba000-7fc2d3bbd000 rw-p 00000000 00:00 0 
7fc2d3bbd000-7fc2d3bbe000 r-xp 00000000 08:05 1570508                    /usr/lib/x86_64-linux-gnu/libX11-xcb.so.1.0.0
7fc2d3bbe000-7fc2d3dbd000 ---p 00001000 08:05 1570508                    /usr/lib/x86_64-linux-gnu/libX11-xcb.so.1.0.0
7fc2d3dbd000-7fc2d3dbe000 r--p 00000000 08:05 1570508                    /usr/lib/x86_64-linux-gnu/libX11-xcb.so.1.0.0
7fc2d3dbe000-7fc2d3dbf000 rw-p 00001000 08:05 1570508                    /usr/lib/x86_64-linux-gnu/libX11-xcb.so.1.0.0
7fc2d3dbf000-7fc2d3dff000 r-xp 00000000 08:05 1573921                    /usr/lib/libpulse.so.0.12.3
7fc2d3dff000-7fc2d3ffe000 ---p 00040000 08:05 1573921                    /usr/lib/libpulse.so.0.12.3
7fc2d3ffe000-7fc2d3fff000 r--p 0003f000 08:05 1573921                    /usr/lib/libpulse.so.0.12.3
7fc2d3fff000-7fc2d4000000 rw-p 00040000 08:05 1573921                    /usr/lib/libpulse.so.0.12.3
7fc2d4000000-7fc2d6693000 rw-p 00000000 00:00 0 
7fc2d6693000-7fc2d8000000 ---p 00000000 00:00 0 
7fc2d8036000-7fc2d8039000 ---p 00000000 00:00 0 
7fc2d8039000-7fc2d8137000 rw-p 00000000 00:00 0 
7fc2d8137000-7fc2d8183000 r-xp 00000000 08:05 525790                     /tmp/libgdx/3154261069/libopenal64.so
7fc2d8183000-7fc2d8382000 ---p 0004c000 08:05 525790                     /tmp/libgdx/3154261069/libopenal64.so
7fc2d8382000-7fc2d8384000 r--p 0004b000 08:05 525790                     /tmp/libgdx/3154261069/libopenal64.so
7fc2d8384000-7fc2d8385000 rw-p 0004d000 08:05 525790                     /tmp/libgdx/3154261069/libopenal64.so
7fc2d8385000-7fc2d8386000 rw-p 00000000 00:00 0 
7fc2d8386000-7fc2d8387000 r-xp 00000000 08:05 1597389                    /usr/lib/jvm/java-6-openjdk/jre/lib/amd64/libjawt.so
7fc2d8387000-7fc2d8586000 ---p 00001000 08:05 1597389                    /usr/lib/jvm/java-6-openjdk/jre/lib/amd64/libjawt.so
7fc2d8586000-7fc2d8587000 r--p 00000000 08:05 1597389                    /usr/lib/jvm/java-6-openjdk/jre/lib/amd64/libjawt.so
7fc2d8587000-7fc2d8588000 rw-p 00001000 08:05 1597389                    /usr/lib/jvm/java-6-openjdk/jre/lib/amd64/libjawt.so
7fc2d8588000-7fc2d858d000 r-xp 00000000 08:05 1581972                    /usr/lib/x86_64-linux-gnu/libXxf86vm.so.1.0.0
7fc2d858d000-7fc2d878c000 ---p 00005000 08:05 1581972                    /usr/lib/x86_64-linux-gnu/libXxf86vm.so.1.0.0
7fc2d878c000-7fc2d878d000 r--p 00004000 08:05 1581972                    /usr/lib/x86_64-linux-gnu/libXxf86vm.so.1.0.0
7fc2d878d000-7fc2d878e000 rw-p 00005000 08:05 1581972                    /usr/lib/x86_64-linux-gnu/libXxf86vm.so.1.0.0
7fc2d878e000-7fc2d8807000 r-xp 00000000 08:05 525820                     /tmp/libgdx/3154261069/liblwjgl64.so
7fc2d8807000-7fc2d8a07000 ---p 00079000 08:05 525820                     /tmp/libgdx/3154261069/liblwjgl64.so
7fc2d8a07000-7fc2d8a09000 r--p 00079000 08:05 525820                     /tmp/libgdx/3154261069/liblwjgl64.so
7fc2d8a09000-7fc2d8a0a000 rw-p 0007b000 08:05 525820                     /tmp/libgdx/3154261069/liblwjgl64.so
7fc2d8a0a000-7fc2d8a0d000 ---p 00000000 00:00 0 
7fc2d8a0d000-7fc2d8b0b000 rw-p 00000000 00:00 0 
7fc2d8b0b000-7fc2d8b10000 r-xp 00000000 08:05 1570859                    /usr/lib/x86_64-linux-gnu/libXfixes.so.3.1.0
7fc2d8b10000-7fc2d8d0f000 ---p 00005000 08:05 1570859                    /usr/lib/x86_64-linux-gnu/libXfixes.so.3.1.0
7fc2d8d0f000-7fc2d8d10000 r--p 00004000 08:05 1570859                    /usr/lib/x86_64-linux-gnu/libXfixes.so.3.1.0
7fc2d8d10000-7fc2d8d11000 rw-p 00005000 08:05 1570859                    /usr/lib/x86_64-linux-gnu/libXfixes.so.3.1.0
7fc2d8d11000-7fc2d8d1a000 r-xp 00000000 08:05 1573929                    /usr/lib/x86_64-linux-gnu/libXcursor.so.1.0.2
7fc2d8d1a000-7fc2d8f19000 ---p 00009000 08:05 1573929                    /usr/lib/x86_64-linux-gnu/libXcursor.so.1.0.2
7fc2d8f19000-7fc2d8f1a000 r--p 00008000 08:05 1573929                    /usr/lib/x86_64-linux-gnu/libXcursor.so.1.0.2
7fc2d8f1a000-7fc2d8f1b000 rw-p 00009000 08:05 1573929                    /usr/lib/x86_64-linux-gnu/libXcursor.so.1.0.2
7fc2d8f1b000-7fc2d8fa7000 r-xp 00000000 08:05 525608                     /tmp/libgdx/3154261069/libgdx-64.so
7fc2d8fa7000-7fc2d91a7000 ---p 0008c000 08:05 525608                     /tmp/libgdx/3154261069/libgdx-64.so
7fc2d91a7000-7fc2d91a8000 r--p 0008c000 08:05 525608                     /tmp/libgdx/3154261069/libgdx-64.so
7fc2d91a8000-7fc2d91a9000 rw-p 0008d000 08:05 525608                     /tmp/libgdx/3154261069/libgdx-64.so
7fc2d91a9000-7fc2d91ac000 rw-p 00000000 00:00 0 
7fc2d91ac000-7fc2d91ad000 r--s 00000000 08:05 532633                     /var/cache/fontconfig/26de28bc8622bbc1fb67fd234c21975f-le64.cache-3
7fc2d91ad000-7fc2d91ae000 r--s 00000000 08:05 554485                     /var/cache/fontconfig/c05880de57d1f5e948fdfacc138775d9-le64.cache-3
7fc2d91ae000-7fc2d91b7000 r--s 00000000 08:05 527845                     /var/cache/fontconfig/945677eb7aeaf62f1d50efc3fb3ec7d8-le64.cache-3
7fc2d91b7000-7fc2d91b9000 r--s 00000000 08:05 554480                     /var/cache/fontconfig/99e8ed0e538f840c565b6ed5dad60d56-le64.cache-3
7fc2d91b9000-7fc2d91bc000 r--s 00000000 08:05 554411                     /var/cache/fontconfig/f24b2111ab8703b4e963115a8cf14259-le64.cache-3
7fc2d91bc000-7fc2d91bf000 r--s 00000000 08:05 554479                     /var/cache/fontconfig/e383d7ea5fbe662a33d9b44caf393297-le64.cache-3
7fc2d91bf000-7fc2d91c2000 r--s 00000000 08:05 554477                     /var/cache/fontconfig/2cd17615ca594fa2959ae173292e504c-le64.cache-3
7fc2d91c2000-7fc2d91c3000 r--s 00000000 08:05 554471                     /var/cache/fontconfig/e7071f4a29fa870f4323321c154eba04-le64.cache-3
7fc2d91c3000-7fc2d91c7000 r--s 00000000 08:05 554470                     /var/cache/fontconfig/6eb3985aa4124903f6ff08ba781cd364-le64.cache-3
7fc2d91c7000-7fc2d91c8000 r--s 00000000 08:05 554466                     /var/cache/fontconfig/4c73fe0c47614734b17d736dbde7580a-le64.cache-3
7fc2d91c8000-7fc2d91c9000 r--s 00000000 08:05 554459                     /var/cache/fontconfig/0d8c3b2ac0904cb8a57a757ad11a4a08-le64.cache-3
7fc2d91c9000-7fc2d91ce000 r--s 00000000 08:05 554453                     /var/cache/fontconfig/062808c12e6e608270f93bb230aed730-le64.cache-3
7fc2d91ce000-7fc2d91d4000 r--s 00000000 08:05 554429                     /var/cache/fontconfig/a755afe4a08bf5b97852ceb7400b47bc-le64.cache-3
7fc2d91d4000-7fc2d9202000 r--s 00000000 08:05 554435                     /var/cache/fontconfig/365b55f210c0a22e9a19e35191240f32-le64.cache-3
7fc2d9230000-7fc2d9231000 rw-p 00000000 00:00 0 
7fc2d9231000-7fc2d9235000 rw-s b9859000 00:05 6951                       /dev/nvidia0
7fc2d9235000-7fc2d9236000 rw-s d0008000 00:05 6951                       /dev/nvidia0
7fc2d9236000-7fc2d9237000 rw-s 5a3bc000 00:05 6951                       /dev/nvidia0
7fc2d9237000-7fc2d923b000 rw-s 97c95000 00:05 6951                       /dev/nvidia0
7fc2d923b000-7fc2d927b000 rw-s 5a293000 00:05 6951                       /dev/nvidia0
7fc2d927b000-7fc2d927e000 ---p 00000000 00:00 0 
7fc2d927e000-7fc2d937c000 rw-p 00000000 00:00 0 
7fc2d937c000-7fc2d937d000 r--s 00000000 08:05 532633                     /var/cache/fontconfig/26de28bc8622bbc1fb67fd234c21975f-le64.cache-3
7fc2d937d000-7fc2d937e000 r--s 00000000 08:05 554485                     /var/cache/fontconfig/c05880de57d1f5e948fdfacc138775d9-le64.cache-3
7fc2d937e000-7fc2d9387000 r--s 00000000 08:05 527845                     /var/cache/fontconfig/945677eb7aeaf62f1d50efc3fb3ec7d8-le64.cache-3
7fc2d9387000-7fc2d9389000 r--s 00000000 08:05 554480                     /var/cache/fontconfig/99e8ed0e538f840c565b6ed5dad60d56-le64.cache-3
7fc2d9389000-7fc2d938c000 r--s 00000000 08:05 554411                     /var/cache/fontconfig/f24b2111ab8703b4e963115a8cf14259-le64.cache-3
7fc2d938c000-7fc2d938f000 r--s 00000000 08:05 554479                     /var/cache/fontconfig/e383d7ea5fbe662a33d9b44caf393297-le64.cache-3
7fc2d938f000-7fc2d9392000 r--s 00000000 08:05 554477                     /var/cache/fontconfig/2cd17615ca594fa2959ae173292e504c-le64.cache-3
7fc2d9392000-7fc2d9393000 r--s 00000000 08:05 554471                     /var/cache/fontconfig/e7071f4a29fa870f4323321c154eba04-le64.cache-3
7fc2d9393000-7fc2d9397000 r--s 00000000 08:05 554470                     /var/cache/fontconfig/6eb3985aa4124903f6ff08ba781cd364-le64.cache-3
7fc2d9397000-7fc2d9398000 r--s 00000000 08:05 554466                     /var/cache/fontconfig/4c73fe0c47614734b17d736dbde7580a-le64.cache-3
7fc2d9398000-7fc2d9399000 r--s 00000000 08:05 554459                     /var/cache/fontconfig/0d8c3b2ac0904cb8a57a757ad11a4a08-le64.cache-3
7fc2d9399000-7fc2d939a000 r--s 00000000 08:05 554454                     /var/cache/fontconfig/6a53c69dea097a2d716e069445527da8-le64.cache-3
7fc2d939a000-7fc2d939f000 r--s 00000000 08:05 554453                     /var/cache/fontconfig/062808c12e6e608270f93bb230aed730-le64.cache-3
7fc2d939f000-7fc2d93a5000 r--s 00000000 08:05 554429                     /var/cache/fontconfig/a755afe4a08bf5b97852ceb7400b47bc-le64.cache-3
7fc2d93a5000-7fc2d93aa000 r--s 00000000 08:05 554452                     /var/cache/fontconfig/515ca1ebc4b18308bea979be5704f9db-le64.cache-3
7fc2d93aa000-7fc2d93b3000 r--s 00000000 08:05 554448                     /var/cache/fontconfig/6d41288fd70b0be22e8c3a91e032eec0-le64.cache-3
7fc2d93b3000-7fc2d93c3000 r--s 00000000 08:05 554447                     /var/cache/fontconfig/0f34bcd4b6ee430af32735b75db7f02b-le64.cache-3
7fc2d93c3000-7fc2d93c6000 r--s 00000000 08:05 554441                     /var/cache/fontconfig/d60319d88cac85ba9e1a07bd06cfbb8c-le64.cache-3
7fc2d93c6000-7fc2d93c7000 r--s 00000000 08:05 554034                     /var/cache/fontconfig/4794a0821666d79190d59a36cb4f44b5-le64.cache-3
7fc2d93c7000-7fc2d93f5000 r--s 00000000 08:05 554435                     /var/cache/fontconfig/365b55f210c0a22e9a19e35191240f32-le64.cache-3
7fc2d93f5000-7fc2d93ff000 r--s 00000000 08:05 554433                     /var/cache/fontconfig/d52a8644073d54c13679302ca1180695-le64.cache-3
7fc2d93ff000-7fc2d9407000 r-xp 00000000 08:05 1581969                    /usr/lib/x86_64-linux-gnu/libXrandr.so.2.2.0
7fc2d9407000-7fc2d9606000 ---p 00008000 08:05 1581969                    /usr/lib/x86_64-linux-gnu/libXrandr.so.2.2.0
7fc2d9606000-7fc2d9607000 r--p 00007000 08:05 1581969                    /usr/lib/x86_64-linux-gnu/libXrandr.so.2.2.0
7fc2d9607000-7fc2d9608000 rw-p 00008000 08:05 1581969                    /usr/lib/x86_64-linux-gnu/libXrandr.so.2.2.0
7fc2d9608000-7fc2d9609000 rw-s fbc0a000 00:05 6951                       /dev/nvidia0
7fc2d9629000-7fc2d962a000 rw-s fb641000 00:05 6951                       /dev/nvidia0
7fc2d962a000-7fc2d962b000 rw-s 128080000 00:05 6951                      /dev/nvidia0
7fc2d962b000-7fc2d962c000 rw-s 59630000 00:05 6951                       /dev/nvidia0
7fc2d962c000-7fc2d962d000 rw-s fb060000 00:05 6951                       /dev/nvidia0
7fc2d962d000-7fc2d962e000 r--p 00000000 00:00 0 
7fc2d962e000-7fc2d9635000 r--s 000fb000 08:05 1597348                    /usr/lib/jvm/java-6-openjdk/jre/lib/resources.jar
7fc2d9635000-7fc2d9636000 r--s 00000000 08:05 554418                     /var/cache/fontconfig/ec648e9a1aea82bddd4bd6050028158d-le64.cache-3
7fc2d9636000-7fc2d9649000 r--s 00000000 08:05 538224                     /var/cache/fontconfig/e13b20fdb08344e0e664864cc2ede53d-le64.cache-3
7fc2d9649000-7fc2d964d000 r--s 00000000 08:05 538228                     /var/cache/fontconfig/7ef2298fde41cc6eeb7af42e48b7d293-le64.cache-3
7fc2d964d000-7fc2d9661000 r--s 00000000 08:05 527842                     /var/cache/fontconfig/865f88548240fee46819705c6468c165-le64.cache-3
7fc2d9661000-7fc2d9662000 r--s 00000000 08:05 1340105                    /home/bompo/.fontconfig/aa7e4f27e681240d22a1f116cf7520f0-le64.cache-3
7fc2d9662000-7fc2d9665000 ---p 00000000 00:00 0 
7fc2d9665000-7fc2d9763000 rw-p 00000000 00:00 0 
7fc2d9763000-7fc2d97f6000 r-xp 00000000 08:05 1572891                    /usr/lib/x86_64-linux-gnu/libfreetype.so.6.6.2
7fc2d97f6000-7fc2d99f5000 ---p 00093000 08:05 1572891                    /usr/lib/x86_64-linux-gnu/libfreetype.so.6.6.2
7fc2d99f5000-7fc2d99fb000 r--p 00092000 08:05 1572891                    /usr/lib/x86_64-linux-gnu/libfreetype.so.6.6.2
7fc2d99fb000-7fc2d99fc000 rw-p 00098000 08:05 1572891                    /usr/lib/x86_64-linux-gnu/libfreetype.so.6.6.2
7fc2d99fc000-7fc2d9a35000 r-xp 00000000 08:05 1597379                    /usr/lib/jvm/java-6-openjdk/jre/lib/amd64/libfontmanager.so
7fc2d9a35000-7fc2d9c34000 ---p 00039000 08:05 1597379                    /usr/lib/jvm/java-6-openjdk/jre/lib/amd64/libfontmanager.so
7fc2d9c34000-7fc2d9c36000 r--p 00038000 08:05 1597379                    /usr/lib/jvm/java-6-openjdk/jre/lib/amd64/libfontmanager.so
7fc2d9c36000-7fc2d9c37000 rw-p 0003a000 08:05 1597379                    /usr/lib/jvm/java-6-openjdk/jre/lib/amd64/libfontmanager.so
7fc2d9c37000-7fc2d9c3c000 r-xp 00000000 08:05 1573561                    /usr/lib/x86_64-linux-gnu/libXdmcp.so.6.0.0
7fc2d9c3c000-7fc2d9e3b000 ---p 00005000 08:05 1573561                    /usr/lib/x86_64-linux-gnu/libXdmcp.so.6.0.0
7fc2d9e3b000-7fc2d9e3c000 r--p 00004000 08:05 1573561                    /usr/lib/x86_64-linux-gnu/libXdmcp.so.6.0.0
7fc2d9e3c000-7fc2d9e3d000 rw-p 00005000 08:05 1573561                    /usr/lib/x86_64-linux-gnu/libXdmcp.so.6.0.0
7fc2d9e3d000-7fc2d9e3f000 r-xp 00000000 08:05 1570542                    /usr/lib/x86_64-linux-gnu/libXau.so.6.0.0
7fc2d9e3f000-7fc2da03e000 ---p 00002000 08:05 1570542                    /usr/lib/x86_64-linux-gnu/libXau.so.6.0.0
7fc2da03e000-7fc2da03f000 r--p 00001000 08:05 1570542                    /usr/lib/x86_64-linux-gnu/libXau.so.6.0.0
7fc2da03f000-7fc2da040000 rw-p 00002000 08:05 1570542                    /usr/lib/x86_64-linux-gnu/libXau.so.6.0.0
7fc2da040000-7fc2da05b000 r-xp 00000000 08:05 1572615                    /usr/lib/x86_64-linux-gnu/libxcb.so.1.1.0
7fc2da05b000-7fc2da25a000 ---p 0001b000 08:05 1572615                    /usr/lib/x86_64-linux-gnu/libxcb.so.1.1.0
7fc2da25a000-7fc2da25b000 r--p 0001a000 08:05 1572615                    /usr/lib/x86_64-linux-gnu/libxcb.so.1.1.0
7fc2da25b000-7fc2da25c000 rw-p 0001b000 08:05 1572615                    /usr/lib/x86_64-linux-gnu/libxcb.so.1.1.0
7fc2da25c000-7fc2da26b000 r-xp 00000000 08:05 1613065                    /usr/lib/x86_64-linux-gnu/libXi.so.6.1.0
7fc2da26b000-7fc2da46a000 ---p 0000f000 08:05 1613065                    /usr/lib/x86_64-linux-gnu/libXi.so.6.1.0
7fc2da46a000-7fc2da46b000 r--p 0000e000 08:05 1613065                    /usr/lib/x86_64-linux-gnu/libXi.so.6.1.0
7fc2da46b000-7fc2da46c000 rw-p 0000f000 08:05 1613065                    /usr/lib/x86_64-linux-gnu/libXi.so.6.1.0
7fc2da46c000-7fc2da471000 r-xp 00000000 08:05 1572606                    /usr/lib/libXtst.so.6.1.0
7fc2da471000-7fc2da670000 ---p 00005000 08:05 1572606                    /usr/lib/libXtst.so.6.1.0
7fc2da670000-7fc2da671000 r--p 00004000 08:05 1572606                    /usr/lib/libXtst.so.6.1.0
7fc2da671000-7fc2da672000 rw-p 00005000 08:05 1572606                    /usr/lib/libXtst.so.6.1.0
7fc2da672000-7fc2da67b000 r-xp 00000000 08:05 1570620                    /usr/lib/x86_64-linux-gnu/libXrender.so.1.3.0
7fc2da67b000-7fc2da87b000 ---p 00009000 08:05 1570620                    /usr/lib/x86_64-linux-gnu/libXrender.so.1.3.0
7fc2da87b000-7fc2da87c000 r--p 00009000 08:05 1570620                    /usr/lib/x86_64-linux-gnu/libXrender.so.1.3.0
7fc2da87c000-7fc2da87d000 rw-p 0000a000 08:05 1570620                    /usr/lib/x86_64-linux-gnu/libXrender.so.1.3.0
7fc2da87d000-7fc2da9b2000 r-xp 00000000 08:05 1573591                    /usr/lib/x86_64-linux-gnu/libX11.so.6.3.0
7fc2da9b2000-7fc2dabb2000 ---p 00135000 08:05 1573591                    /usr/lib/x86_64-linux-gnu/libX11.so.6.3.0
7fc2dabb2000-7fc2dabb3000 r--p 00135000 08:05 1573591                    /usr/lib/x86_64-linux-gnu/libX11.so.6.3.0
7fc2dabb3000-7fc2dabb7000 rw-p 00136000 08:05 1573591                    /usr/lib/x86_64-linux-gnu/libX11.so.6.3.0
7fc2dabb7000-7fc2dabc8000 r-xp 00000000 08:05 1571673                    /usr/lib/x86_64-linux-gnu/libXext.so.6.4.0
7fc2dabc8000-7fc2dadc7000 ---p 00011000 08:05 1571673                    /usr/lib/x86_64-linux-gnu/libXext.so.6.4.0
7fc2dadc7000-7fc2dadc8000 r--p 00010000 08:05 1571673                    /usr/lib/x86_64-linux-gnu/libXext.so.6.4.0
7fc2dadc8000-7fc2dadc9000 rw-p 00011000 08:05 1571673                    /usr/lib/x86_64-linux-gnu/libXext.so.6.4.0
7fc2dadc9000-7fc2dadca000 r--s 00000000 08:05 554454                     /var/cache/fontconfig/6a53c69dea097a2d716e069445527da8-le64.cache-3
7fc2dadca000-7fc2dadd3000 r--s 00000000 08:05 554448                     /var/cache/fontconfig/6d41288fd70b0be22e8c3a91e032eec0-le64.cache-3
7fc2dadd3000-7fc2dade3000 r--s 00000000 08:05 554447                     /var/cache/fontconfig/0f34bcd4b6ee430af32735b75db7f02b-le64.cache-3
7fc2dade3000-7fc2dadf6000 r--s 00000000 08:05 538224                     /var/cache/fontconfig/e13b20fdb08344e0e664864cc2ede53d-le64.cache-3
7fc2dadf6000-7fc2dae41000 r-xp 00000000 08:05 1597420                    /usr/lib/jvm/java-6-openjdk/jre/lib/amd64/xawt/libmawt.so
7fc2dae41000-7fc2db041000 ---p 0004b000 08:05 1597420                    /usr/lib/jvm/java-6-openjdk/jre/lib/amd64/xawt/libmawt.so
7fc2db041000-7fc2db042000 r--p 0004b000 08:05 1597420                    /usr/lib/jvm/java-6-openjdk/jre/lib/amd64/xawt/libmawt.so
7fc2db042000-7fc2db045000 rw-p 0004c000 08:05 1597420                    /usr/lib/jvm/java-6-openjdk/jre/lib/amd64/xawt/libmawt.so
7fc2db045000-7fc2db046000 rw-p 00000000 00:00 0 
7fc2db046000-7fc2db0ef000 r-xp 00000000 08:05 1597388                    /usr/lib/jvm/java-6-openjdk/jre/lib/amd64/libawt.so
7fc2db0ef000-7fc2db2ee000 ---p 000a9000 08:05 1597388                    /usr/lib/jvm/java-6-openjdk/jre/lib/amd64/libawt.so
7fc2db2ee000-7fc2db2ef000 r--p 000a8000 08:05 1597388                    /usr/lib/jvm/java-6-openjdk/jre/lib/amd64/libawt.so
7fc2db2ef000-7fc2db2fa000 rw-p 000a9000 08:05 1597388                    /usr/lib/jvm/java-6-openjdk/jre/lib/amd64/libawt.so
7fc2db2fa000-7fc2db31f000 rw-p 00000000 00:00 0 
7fc2db31f000-7fc2db330000 r--s 0011a000 08:05 1440866                    /home/bompo/git/kpmusikspiel/libs/gdx-backend-lwjgl.jar
7fc2db330000-7fc2db331000 r--s 00007000 08:05 1440877                    /home/bompo/git/kpmusikspiel/libs/gdx-backend-lwjgl-sources.jar
7fc2db331000-7fc2db332000 r--s 00127000 08:05 1440876                    /home/bompo/git/kpmusikspiel/libs/gdx-backend-lwjgl-natives.jar
7fc2db332000-7fc2db335000 r--s 00017000 08:05 1439905                    /home/bompo/git/kpmusikspiel/libs/tritonus_share.jar
7fc2db335000-7fc2db336000 r--s 00002000 08:05 1439810                    /home/bompo/git/kpmusikspiel/libs/tritonus_aos.jar
7fc2db336000-7fc2db337000 r--s 00005000 08:05 1447554                    /home/bompo/git/kpmusikspiel/libs/mp3spi1.9.4.jar
7fc2db337000-7fc2db33c000 r--s 00028000 08:05 1447540                    /home/bompo/git/kpmusikspiel/libs/beads.jar
7fc2db33c000-7fc2db340000 r--s 0007c000 08:05 1597316                    /usr/lib/jvm/java-6-openjdk/jre/lib/jsse.jar
7fc2db340000-7fc2db34b000 r--s 00094000 08:05 1498923                    /home/bompo/git/kpmusikspiel/libs/gdx.jar
7fc2db34b000-7fc2db34c000 r--s 001a1000 08:05 1440083                    /home/bompo/git/kpmusikspiel/libs/gdx-natives.jar
7fc2db34c000-7fc2db366000 r--s 00207000 08:05 1498924                    /home/bompo/git/kpmusikspiel/libs/gdx-backend-jogl.jar
7fc2db366000-7fc2db367000 r--s 00203000 08:05 1498925                    /home/bompo/git/kpmusikspiel/libs/gdx-backend-jogl-natives.jar
7fc2db367000-7fc2db36f000 r--s 00066000 08:05 1721290                    /usr/share/java/gnome-java-bridge.jar
7fc2db36f000-7fc2db372000 r--s 0000f000 08:05 1597341                    /usr/lib/jvm/java-6-openjdk/jre/lib/ext/pulse-java.jar
7fc2db372000-7fc2db373000 ---p 00000000 00:00 0 
7fc2db373000-7fc2db473000 rw-p 00000000 00:00 0 
7fc2db473000-7fc2db476000 ---p 00000000 00:00 0 
7fc2db476000-7fc2db574000 rw-p 00000000 00:00 0 
7fc2db574000-7fc2db577000 ---p 00000000 00:00 0 
7fc2db577000-7fc2db675000 rw-p 00000000 00:00 0 
7fc2db675000-7fc2db678000 ---p 00000000 00:00 0 
7fc2db678000-7fc2db776000 rw-p 00000000 00:00 0 
7fc2db776000-7fc2db779000 ---p 00000000 00:00 0 
7fc2db779000-7fc2db877000 rw-p 00000000 00:00 0 
7fc2db877000-7fc2dbc7f000 r--p 00000000 08:05 1570348                    /usr/lib/locale/locale-archive
7fc2dbc7f000-7fc2dbc82000 ---p 00000000 00:00 0 
7fc2dbc82000-7fc2dbd80000 rw-p 00000000 00:00 0 
7fc2dbd80000-7fc2dbd83000 ---p 00000000 00:00 0 
7fc2dbd83000-7fc2dbe81000 rw-p 00000000 00:00 0 
7fc2dbe81000-7fc2dbe82000 ---p 00000000 00:00 0 
7fc2dbe82000-7fc2dc4ba000 rw-p 00000000 00:00 0 
7fc2dc4ba000-7fc2dc64a000 r--s 037af000 08:05 1597397                    /usr/lib/jvm/java-6-openjdk/jre/lib/rt.jar
7fc2dc64a000-7fc2dc672000 rw-p 00000000 00:00 0 
7fc2dc672000-7fc2dc673000 ---p 00000000 00:00 0 
7fc2dc673000-7fc2dc773000 rw-p 00000000 00:00 0 
7fc2dc773000-7fc2dc774000 ---p 00000000 00:00 0 
7fc2dc774000-7fc2dc874000 rw-p 00000000 00:00 0 
7fc2dc874000-7fc2dc875000 ---p 00000000 00:00 0 
7fc2dc875000-7fc2dc975000 rw-p 00000000 00:00 0 
7fc2dc975000-7fc2dc976000 ---p 00000000 00:00 0 
7fc2dc976000-7fc2dca81000 rw-p 00000000 00:00 0 
7fc2dca81000-7fc2dcac9000 rw-p 00000000 00:00 0 
7fc2dcac9000-7fc2dcaed000 rw-p 00000000 00:00 0 
7fc2dcaed000-7fc2dcc13000 rw-p 00000000 00:00 0 
7fc2dcc13000-7fc2dcc1e000 rw-p 00000000 00:00 0 
7fc2dcc1e000-7fc2dcc66000 rw-p 00000000 00:00 0 
7fc2dcc66000-7fc2dcc8a000 rw-p 00000000 00:00 0 
7fc2dcc8a000-7fc2dcdb0000 rw-p 00000000 00:00 0 
7fc2dcdb0000-7fc2dcdbb000 rw-p 00000000 00:00 0 
7fc2dcdbb000-7fc2dce55000 rw-p 00000000 00:00 0 
7fc2dce55000-7fc2dce56000 rw-p 00000000 00:00 0 
7fc2dce56000-7fc2dd0c6000 rwxp 00000000 00:00 0 
7fc2dd0c6000-7fc2dfe56000 rw-p 00000000 00:00 0 
7fc2dfe56000-7fc2dfe5d000 r-xp 00000000 08:05 1597383                    /usr/lib/jvm/java-6-openjdk/jre/lib/amd64/libzip.so
7fc2dfe5d000-7fc2e005c000 ---p 00007000 08:05 1597383                    /usr/lib/jvm/java-6-openjdk/jre/lib/amd64/libzip.so
7fc2e005c000-7fc2e005d000 r--p 00006000 08:05 1597383                    /usr/lib/jvm/java-6-openjdk/jre/lib/amd64/libzip.so
7fc2e005d000-7fc2e005e000 rw-p 00007000 08:05 1597383                    /usr/lib/jvm/java-6-openjdk/jre/lib/amd64/libzip.so
7fc2e005e000-7fc2e006a000 r-xp 00000000 08:05 535712                     /lib/x86_64-linux-gnu/libnss_files-2.13.so
7fc2e006a000-7fc2e0269000 ---p 0000c000 08:05 535712                     /lib/x86_64-linux-gnu/libnss_files-2.13.so
7fc2e0269000-7fc2e026a000 r--p 0000b000 08:05 535712                     /lib/x86_64-linux-gnu/libnss_files-2.13.so
7fc2e026a000-7fc2e026b000 rw-p 0000c000 08:05 535712                     /lib/x86_64-linux-gnu/libnss_files-2.13.so
7fc2e026b000-7fc2e0276000 r-xp 00000000 08:05 535714                     /lib/x86_64-linux-gnu/libnss_nis-2.13.so
7fc2e0276000-7fc2e0475000 ---p 0000b000 08:05 535714                     /lib/x86_64-linux-gnu/libnss_nis-2.13.so
7fc2e0475000-7fc2e0476000 r--p 0000a000 08:05 535714                     /lib/x86_64-linux-gnu/libnss_nis-2.13.so
7fc2e0476000-7fc2e0477000 rw-p 0000b000 08:05 535714                     /lib/x86_64-linux-gnu/libnss_nis-2.13.so
7fc2e0477000-7fc2e047f000 r-xp 00000000 08:05 535710                     /lib/x86_64-linux-gnu/libnss_compat-2.13.so
7fc2e047f000-7fc2e067e000 ---p 00008000 08:05 535710                     /lib/x86_64-linux-gnu/libnss_compat-2.13.so
7fc2e067e000-7fc2e067f000 r--p 00007000 08:05 535710                     /lib/x86_64-linux-gnu/libnss_compat-2.13.so
7fc2e067f000-7fc2e0680000 rw-p 00008000 08:05 535710                     /lib/x86_64-linux-gnu/libnss_compat-2.13.so
7fc2e0680000-7fc2e0697000 r-xp 00000000 08:05 535709                     /lib/x86_64-linux-gnu/libnsl-2.13.so
7fc2e0697000-7fc2e0896000 ---p 00017000 08:05 535709                     /lib/x86_64-linux-gnu/libnsl-2.13.so
7fc2e0896000-7fc2e0897000 r--p 00016000 08:05 535709                     /lib/x86_64-linux-gnu/libnsl-2.13.so
7fc2e0897000-7fc2e0898000 rw-p 00017000 08:05 535709                     /lib/x86_64-linux-gnu/libnsl-2.13.so
7fc2e0898000-7fc2e089a000 rw-p 00000000 00:00 0 
7fc2e089a000-7fc2e08c6000 r-xp 00000000 08:05 1597382                    /usr/lib/jvm/java-6-openjdk/jre/lib/amd64/libjava.so
7fc2e08c6000-7fc2e0ac5000 ---p 0002c000 08:05 1597382                    /usr/lib/jvm/java-6-openjdk/jre/lib/amd64/libjava.so
7fc2e0ac5000-7fc2e0ac6000 r--p 0002b000 08:05 1597382                    /usr/lib/jvm/java-6-openjdk/jre/lib/amd64/libjava.so
7fc2e0ac6000-7fc2e0ac9000 rw-p 0002c000 08:05 1597382                    /usr/lib/jvm/java-6-openjdk/jre/lib/amd64/libjava.so
7fc2e0ac9000-7fc2e0ad7000 r-xp 00000000 08:05 1597368                    /usr/lib/jvm/java-6-openjdk/jre/lib/amd64/libverify.so
7fc2e0ad7000-7fc2e0cd6000 ---p 0000e000 08:05 1597368                    /usr/lib/jvm/java-6-openjdk/jre/lib/amd64/libverify.so
7fc2e0cd6000-7fc2e0cd8000 r--p 0000d000 08:05 1597368                    /usr/lib/jvm/java-6-openjdk/jre/lib/amd64/libverify.so
7fc2e0cd8000-7fc2e0cd9000 rw-p 0000f000 08:05 1597368                    /usr/lib/jvm/java-6-openjdk/jre/lib/amd64/libverify.so
7fc2e0cd9000-7fc2e0ce0000 r-xp 00000000 08:05 535724                     /lib/x86_64-linux-gnu/librt-2.13.so
7fc2e0ce0000-7fc2e0edf000 ---p 00007000 08:05 535724                     /lib/x86_64-linux-gnu/librt-2.13.so
7fc2e0edf000-7fc2e0ee0000 r--p 00006000 08:05 535724                     /lib/x86_64-linux-gnu/librt-2.13.so
7fc2e0ee0000-7fc2e0ee1000 rw-p 00007000 08:05 535724                     /lib/x86_64-linux-gnu/librt-2.13.so
7fc2e0ee1000-7fc2e0ef6000 r-xp 00000000 08:05 528127                     /lib/x86_64-linux-gnu/libgcc_s.so.1
7fc2e0ef6000-7fc2e10f5000 ---p 00015000 08:05 528127                     /lib/x86_64-linux-gnu/libgcc_s.so.1
7fc2e10f5000-7fc2e10f6000 r--p 00014000 08:05 528127                     /lib/x86_64-linux-gnu/libgcc_s.so.1
7fc2e10f6000-7fc2e10f7000 rw-p 00015000 08:05 528127                     /lib/x86_64-linux-gnu/libgcc_s.so.1
7fc2e10f7000-7fc2e117b000 r-xp 00000000 08:05 535703                     /lib/x86_64-linux-gnu/libm-2.13.so
7fc2e117b000-7fc2e137a000 ---p 00084000 08:05 535703                     /lib/x86_64-linux-gnu/libm-2.13.so
7fc2e137a000-7fc2e137b000 r--p 00083000 08:05 535703                     /lib/x86_64-linux-gnu/libm-2.13.so
7fc2e137b000-7fc2e137c000 rw-p 00084000 08:05 535703                     /lib/x86_64-linux-gnu/libm-2.13.so
7fc2e137c000-7fc2e1464000 r-xp 00000000 08:05 1571250                    /usr/lib/x86_64-linux-gnu/libstdc++.so.6.0.14
7fc2e1464000-7fc2e1663000 ---p 000e8000 08:05 1571250                    /usr/lib/x86_64-linux-gnu/libstdc++.so.6.0.14
7fc2e1663000-7fc2e166b000 r--p 000e7000 08:05 1571250                    /usr/lib/x86_64-linux-gnu/libstdc++.so.6.0.14
7fc2e166b000-7fc2e166d000 rw-p 000ef000 08:05 1571250                    /usr/lib/x86_64-linux-gnu/libstdc++.so.6.0.14
7fc2e166d000-7fc2e1682000 rw-p 00000000 00:00 0 
7fc2e1682000-7fc2e1fd7000 r-xp 00000000 08:05 1597385                    /usr/lib/jvm/java-6-openjdk/jre/lib/amd64/server/libjvm.so
7fc2e1fd7000-7fc2e21d6000 ---p 00955000 08:05 1597385                    /usr/lib/jvm/java-6-openjdk/jre/lib/amd64/server/libjvm.so
7fc2e21d6000-7fc2e2257000 r--p 00954000 08:05 1597385                    /usr/lib/jvm/java-6-openjdk/jre/lib/amd64/server/libjvm.so
7fc2e2257000-7fc2e2272000 rw-p 009d5000 08:05 1597385                    /usr/lib/jvm/java-6-openjdk/jre/lib/amd64/server/libjvm.so
7fc2e2272000-7fc2e229b000 rw-p 00000000 00:00 0 
7fc2e229b000-7fc2e2425000 r-xp 00000000 08:05 535697                     /lib/x86_64-linux-gnu/libc-2.13.so
7fc2e2425000-7fc2e2624000 ---p 0018a000 08:05 535697                     /lib/x86_64-linux-gnu/libc-2.13.so
7fc2e2624000-7fc2e2628000 r--p 00189000 08:05 535697                     /lib/x86_64-linux-gnu/libc-2.13.so
7fc2e2628000-7fc2e2629000 rw-p 0018d000 08:05 535697                     /lib/x86_64-linux-gnu/libc-2.13.so
7fc2e2629000-7fc2e262f000 rw-p 00000000 00:00 0 
7fc2e262f000-7fc2e2631000 r-xp 00000000 08:05 535702                     /lib/x86_64-linux-gnu/libdl-2.13.so
7fc2e2631000-7fc2e2831000 ---p 00002000 08:05 535702                     /lib/x86_64-linux-gnu/libdl-2.13.so
7fc2e2831000-7fc2e2832000 r--p 00002000 08:05 535702                     /lib/x86_64-linux-gnu/libdl-2.13.so
7fc2e2832000-7fc2e2833000 rw-p 00003000 08:05 535702                     /lib/x86_64-linux-gnu/libdl-2.13.so
7fc2e2833000-7fc2e2837000 r-xp 00000000 08:05 1597366                    /usr/lib/jvm/java-6-openjdk/jre/lib/amd64/jli/libjli.so
7fc2e2837000-7fc2e2a36000 ---p 00004000 08:05 1597366                    /usr/lib/jvm/java-6-openjdk/jre/lib/amd64/jli/libjli.so
7fc2e2a36000-7fc2e2a37000 r--p 00003000 08:05 1597366                    /usr/lib/jvm/java-6-openjdk/jre/lib/amd64/jli/libjli.so
7fc2e2a37000-7fc2e2a38000 rw-p 00004000 08:05 1597366                    /usr/lib/jvm/java-6-openjdk/jre/lib/amd64/jli/libjli.so
7fc2e2a38000-7fc2e2a50000 r-xp 00000000 08:05 535718                     /lib/x86_64-linux-gnu/libpthread-2.13.so
7fc2e2a50000-7fc2e2c50000 ---p 00018000 08:05 535718                     /lib/x86_64-linux-gnu/libpthread-2.13.so
7fc2e2c50000-7fc2e2c51000 r--p 00018000 08:05 535718                     /lib/x86_64-linux-gnu/libpthread-2.13.so
7fc2e2c51000-7fc2e2c52000 rw-p 00019000 08:05 535718                     /lib/x86_64-linux-gnu/libpthread-2.13.so
7fc2e2c52000-7fc2e2c56000 rw-p 00000000 00:00 0 
7fc2e2c56000-7fc2e2c6d000 r-xp 00000000 08:05 535781                     /lib/x86_64-linux-gnu/libz.so.1.2.3.4
7fc2e2c6d000-7fc2e2e6c000 ---p 00017000 08:05 535781                     /lib/x86_64-linux-gnu/libz.so.1.2.3.4
7fc2e2e6c000-7fc2e2e6d000 r--p 00016000 08:05 535781                     /lib/x86_64-linux-gnu/libz.so.1.2.3.4
7fc2e2e6d000-7fc2e2e6e000 rw-p 00017000 08:05 535781                     /lib/x86_64-linux-gnu/libz.so.1.2.3.4
7fc2e2e6e000-7fc2e2e8f000 r-xp 00000000 08:05 535673                     /lib/x86_64-linux-gnu/ld-2.13.so
7fc2e2e8f000-7fc2e2e99000 r--s 00000000 08:05 554433                     /var/cache/fontconfig/d52a8644073d54c13679302ca1180695-le64.cache-3
7fc2e2e99000-7fc2e2ea3000 rw-p 00000000 00:00 0 
7fc2e2ea3000-7fc2e2f59000 rw-p 00000000 00:00 0 
7fc2e2f59000-7fc2e2f5c000 ---p 00000000 00:00 0 
7fc2e2f5c000-7fc2e305f000 rw-p 00000000 00:00 0 
7fc2e305f000-7fc2e3064000 r--s 00000000 08:05 554452                     /var/cache/fontconfig/515ca1ebc4b18308bea979be5704f9db-le64.cache-3
7fc2e3064000-7fc2e3067000 r--s 00000000 08:05 554441                     /var/cache/fontconfig/d60319d88cac85ba9e1a07bd06cfbb8c-le64.cache-3
7fc2e3067000-7fc2e3068000 r--s 00000000 08:05 554034                     /var/cache/fontconfig/4794a0821666d79190d59a36cb4f44b5-le64.cache-3
7fc2e3068000-7fc2e3069000 r--s 00000000 08:05 554418                     /var/cache/fontconfig/ec648e9a1aea82bddd4bd6050028158d-le64.cache-3
7fc2e3069000-7fc2e306d000 r--s 00000000 08:05 538228                     /var/cache/fontconfig/7ef2298fde41cc6eeb7af42e48b7d293-le64.cache-3
7fc2e306d000-7fc2e3081000 r--s 00000000 08:05 527842                     /var/cache/fontconfig/865f88548240fee46819705c6468c165-le64.cache-3
7fc2e3081000-7fc2e3082000 r--s 00000000 08:05 1340105                    /home/bompo/.fontconfig/aa7e4f27e681240d22a1f116cf7520f0-le64.cache-3
7fc2e3082000-7fc2e308a000 rw-s 00000000 08:05 523692                     /tmp/hsperfdata_bompo/12579
7fc2e308a000-7fc2e308b000 rw-p 00000000 00:00 0 
7fc2e308b000-7fc2e308c000 r--p 00000000 00:00 0 
7fc2e308c000-7fc2e308e000 rw-p 00000000 00:00 0 
7fc2e308e000-7fc2e308f000 r--p 00020000 08:05 535673                     /lib/x86_64-linux-gnu/ld-2.13.so
7fc2e308f000-7fc2e3091000 rw-p 00021000 08:05 535673                     /lib/x86_64-linux-gnu/ld-2.13.so
7fff29f50000-7fff29f71000 rw-p 00000000 00:00 0                          [stack]
7fff29f9d000-7fff29f9e000 r-xp 00000000 00:00 0                          [vdso]
ffffffffff600000-ffffffffff601000 r-xp 00000000 00:00 0                  [vsyscall]

VM Arguments:
jvm_args: -Dfile.encoding=UTF-8 
java_command: com.jumpandrun.DesktopStarter
Launcher Type: SUN_STANDARD

Environment Variables:
PATH=/usr/local/sbin:/usr/local/bin:/usr/sbin:/usr/bin:/sbin:/bin:/usr/games
USERNAME=bompo
LD_LIBRARY_PATH=/usr/lib/jvm/java-6-openjdk/jre/lib/amd64/server:/usr/lib/jvm/java-6-openjdk/jre/lib/amd64:/usr/lib/jvm/java-6-openjdk/jre/../lib/amd64:/usr/lib64/xulrunner-addons
SHELL=/bin/bash
DISPLAY=:0.0

Signal Handlers:
SIGSEGV: [libjvm.so+0x7d0f60], sa_mask[0]=0x7ffbfeff, sa_flags=0x10000004
SIGBUS: [libjvm.so+0x7d0f60], sa_mask[0]=0x7ffbfeff, sa_flags=0x10000004
SIGFPE: [libjvm.so+0x683760], sa_mask[0]=0x7ffbfeff, sa_flags=0x10000004
SIGPIPE: [libjvm.so+0x683760], sa_mask[0]=0x7ffbfeff, sa_flags=0x10000004
SIGXFSZ: [libjvm.so+0x683760], sa_mask[0]=0x7ffbfeff, sa_flags=0x10000004
SIGILL: [libjvm.so+0x683760], sa_mask[0]=0x7ffbfeff, sa_flags=0x10000004
SIGUSR1: SIG_DFL, sa_mask[0]=0x00000000, sa_flags=0x00000000
SIGUSR2: [libjvm.so+0x683930], sa_mask[0]=0x00000004, sa_flags=0x10000004
SIGHUP: [libjvm.so+0x6862d0], sa_mask[0]=0x7ffbfeff, sa_flags=0x10000004
SIGINT: [libjvm.so+0x6862d0], sa_mask[0]=0x7ffbfeff, sa_flags=0x10000004
SIGTERM: [libjvm.so+0x6862d0], sa_mask[0]=0x7ffbfeff, sa_flags=0x10000004
SIGQUIT: [libjvm.so+0x6862d0], sa_mask[0]=0x7ffbfeff, sa_flags=0x10000004


---------------  S Y S T E M  ---------------

OS:Ubuntu 11.04 (natty)
uname:Linux 2.6.38-10-generic #46-Ubuntu SMP Tue Jun 28 15:07:17 UTC 2011 x86_64
libc:glibc 2.13 NPTL 2.13 
rlimit: STACK 8192k, CORE 0k, NPROC infinity, NOFILE 4096, AS infinity
load average:0.32 0.29 0.25

/proc/meminfo:
MemTotal:        4047872 kB
MemFree:          678784 kB
Buffers:          286492 kB
Cached:          1159240 kB
SwapCached:            0 kB
Active:          1843788 kB
Inactive:        1086320 kB
Active(anon):    1137872 kB
Inactive(anon):   358312 kB
Active(file):     705916 kB
Inactive(file):   728008 kB
Unevictable:         248 kB
Mlocked:             132 kB
SwapTotal:      19529724 kB
SwapFree:       19529724 kB
Dirty:              1356 kB
Writeback:             0 kB
AnonPages:       1484816 kB
Mapped:           171128 kB
Shmem:             11692 kB
Slab:             238792 kB
SReclaimable:     211488 kB
SUnreclaim:        27304 kB
KernelStack:        3616 kB
PageTables:        30460 kB
NFS_Unstable:          0 kB
Bounce:                0 kB
WritebackTmp:          0 kB
CommitLimit:    21553660 kB
Committed_AS:    3487280 kB
VmallocTotal:   34359738367 kB
VmallocUsed:      341848 kB
VmallocChunk:   34359372796 kB
HardwareCorrupted:     0 kB
HugePages_Total:       0
HugePages_Free:        0
HugePages_Rsvd:        0
HugePages_Surp:        0
Hugepagesize:       2048 kB
DirectMap4k:      253376 kB
DirectMap2M:     3932160 kB


CPU:total 4 (4 cores per cpu, 1 threads per core) family 6 model 30 stepping 5, cmov, cx8, fxsr, mmx, sse, sse2, sse3, ssse3, sse4.1, sse4.2, popcnt

Memory: 4k page, physical 4047872k(678784k free), swap 19529724k(19529724k free)

vm_info: OpenJDK 64-Bit Server VM (20.0-b11) for linux-amd64 JRE (1.6.0_22-b22), built on Jun 11 2011 05:56:16 by "buildd" with gcc 4.5.2

time: Tue Jul 26 17:37:08 2011
elapsed time: 6 seconds

