#
# A fatal error has been detected by the Java Runtime Environment:
#
#  SIGSEGV (0xb) at pc=0x00007f350c11d8f8, pid=14737, tid=139865739949824
#
# JRE version: 6.0_22-b22
# Java VM: OpenJDK 64-Bit Server VM (20.0-b11 mixed mode linux-amd64 compressed oops)
# Derivative: IcedTea6 1.10.2
# Distribution: Ubuntu 11.04, package 6b22-1.10.2-0ubuntu1~11.04.1
# Problematic frame:
# C  [libgdx-64.so+0x208f8]  b2BlockAllocator::Allocate(int)+0xa8
#
# If you would like to submit a bug report, please include
# instructions how to reproduce the bug and visit:
#   https://bugs.launchpad.net/ubuntu/+source/openjdk-6/
# The crash happened outside the Java Virtual Machine in native code.
# See problematic frame for where to report the bug.
#

---------------  T H R E A D  ---------------

Current thread (0x0000000000a70000):  JavaThread "LWJGL Application" [_thread_in_native, id=14765, stack(0x00007f3507aef000,0x00007f3507bf0000)]

siginfo:si_signo=SIGSEGV: si_errno=0, si_code=1 (SEGV_MAPERR), si_addr=0x00007f3588008890

Registers:
RAX=0x00007f35087e5e40, RBX=0x00007f350857eb00, RCX=0x00007f35087e5e40, RDX=0x0000000000001000
RSP=0x00007f3507bee3f0, RBP=0x00007f3588008888, RSI=0x0000000000000ff0, RDI=0x0000000000000003
R8 =0x00007f3508000718, R9 =0x00007f3508000088, R10=0x0000000000001000, R11=0x0000000000000064
R12=0x0000000000000006, R13=0x00000000b8873e00, R14=0x00007f3507bee610, R15=0x0000000000a70000
RIP=0x00007f350c11d8f8, EFLAGS=0x0000000000010206, CSGSFS=0x0000000000000033, ERR=0x0000000000000006
  TRAPNO=0x000000000000000e

Top of Stack: (sp=0x00007f3507bee3f0)
0x00007f3507bee3f0:   00007f350857eb00 00007f350857eb00
0x00007f3507bee400:   00007f3507bee568 00007f3507bee440
0x00007f3507bee410:   00000000b8873e00 00007f350c144dec
0x00007f3507bee420:   00000000b8873e00 00007f3507bee568
0x00007f3507bee430:   0000000000000000 00007f350c11cecf
0x00007f3507bee440:   0000000000000000 0000000000000000
0x00007f3507bee450:   0000000000000000 0000000000000000
0x00007f3507bee460:   0000010100000000 0000000000000001
0x00007f3507bee470:   0000000000000000 000000003f800000
0x00007f3507bee480:   0000000000000000 00007f3510048d68
0x00007f3507bee490:   0000000000000000 0000000000000000
0x00007f3507bee4a0:   0000000000000001 000000003f800000
0x00007f3507bee4b0:   00007f3507bee658 00007f3507bee588
0x00007f3507bee4c0:   00007f3507bee588 00007f351005339f
0x00007f3507bee4d0:   00007f351003cdd0 00007f3500000000
0x00007f3507bee4e0:   00007f3507bee658 00007f3507bee588
0x00007f3507bee4f0:   000000000080d068 000000000080d068
0x00007f3507bee500:   000000000080d0a8 000000000080d0a8
0x00007f3507bee510:   00007f35fffffffe 00007f3507bee588
0x00007f3507bee520:   000000000080d090 00007f3507bee528
0x00007f3507bee530:   00000000b8873e00 00007f3507bee610
0x00007f3507bee540:   00000000b8886b68 0000000000000000
0x00007f3507bee550:   00000000b8873e00 0000000000000000
0x00007f3507bee560:   00007f3507bee588 00007f3507bee658
0x00007f3507bee570:   00007f351003d929 0000000000000000
0x00007f3507bee580:   00007f3510045f57 000000003f800000
0x00007f3507bee590:   0000000000000001 0000000000000000
0x00007f3507bee5a0:   0000000000000000 0000000000000001
0x00007f3507bee5b0:   0000000000000001 0000000000000000
0x00007f3507bee5c0:   0000000000000000 0000000000000000
0x00007f3507bee5d0:   0000000000000000 0000000000000000
0x00007f3507bee5e0:   0000000000000000 0000000000000000 

Instructions: (pc=0x00007f350c11d8f8)
0x00007f350c11d8d8:   ac 00 00 00 48 63 e8 bf 00 10 00 00 48 c1 e5 04
0x00007f350c11d8e8:   48 03 2b e8 48 87 ff ff 48 89 c1 ba 00 10 00 00
0x00007f350c11d8f8:   48 89 45 08 48 8b 05 9d c5 26 00 42 8b 34 a0 89
0x00007f350c11d908:   d0 c1 fa 1f f7 fe 89 75 00 89 c2 0f af d6 81 fa 

Register to memory mapping:

RAX=0x00007f35087e5e40 is an unknown value
RBX=0x00007f350857eb00 is an unknown value
RCX=0x00007f35087e5e40 is an unknown value
RDX=0x0000000000001000 is an unknown value
RSP=0x00007f3507bee3f0 is pointing into the stack for thread: 0x0000000000a70000
RBP=0x00007f3588008888 is an unknown value
RSI=0x0000000000000ff0 is an unknown value
RDI=0x0000000000000003 is an unknown value
R8 =0x00007f3508000718 is an unknown value
R9 =0x00007f3508000088 is an unknown value
R10=0x0000000000001000 is an unknown value
R11=0x0000000000000064 is an unknown value
R12=0x0000000000000006 is an unknown value
R13=0x00000000b8873e00 is an oop
{method} 
 - klass: {other class}
R14=0x00007f3507bee610 is pointing into the stack for thread: 0x0000000000a70000
R15=0x0000000000a70000 is a thread


Stack: [0x00007f3507aef000,0x00007f3507bf0000],  sp=0x00007f3507bee3f0,  free space=1020k
Native frames: (J=compiled Java code, j=interpreted, Vv=VM code, C=native code)
C  [libgdx-64.so+0x208f8]  b2BlockAllocator::Allocate(int)+0xa8

[error occurred during error reporting (printing native stack), id 0xb]

Java frames: (J=compiled Java code, j=interpreted, Vv=VM code)
j  com.badlogic.gdx.physics.box2d.World.jniCreateBody(JIFFFFFFFFZZZZZF)J+0
j  com.badlogic.gdx.physics.box2d.World.createBody(Lcom/badlogic/gdx/physics/box2d/BodyDef;)Lcom/badlogic/gdx/physics/box2d/Body;+80
j  com.jumpandrun.GameInstance.createBox(Lcom/badlogic/gdx/physics/box2d/BodyDef$BodyType;FFF)Lcom/badlogic/gdx/physics/box2d/Body;+23
j  com.jumpandrun.GameInstance.addBlock(FF)V+19
j  com.jumpandrun.Map.<init>()V+118
j  com.jumpandrun.GameInstance.resetGame()V+33
j  com.jumpandrun.GameScreen.<init>(Lcom/badlogic/gdx/Game;)V+416
j  com.jumpandrun.DesktopStarter.create()V+6
j  com.badlogic.gdx.backends.lwjgl.LwjglApplication.mainLoop()V+24
j  com.badlogic.gdx.backends.lwjgl.LwjglApplication.access$000(Lcom/badlogic/gdx/backends/lwjgl/LwjglApplication;)V+1
j  com.badlogic.gdx.backends.lwjgl.LwjglApplication$1.run()V+27
v  ~StubRoutines::call_stub

---------------  P R O C E S S  ---------------

Java Threads: ( => current thread )
  0x0000000000c86800 JavaThread "PulseAudio Eventloop Thread" daemon [_thread_in_native, id=14782, stack(0x00007f34fcd92000,0x00007f34fce93000)]
  0x00007f3508388800 JavaThread "Thread-2" [_thread_blocked, id=14776, stack(0x00007f3500059000,0x00007f350015a000)]
  0x00000000006f7000 JavaThread "DestroyJavaVM" [_thread_blocked, id=14742, stack(0x00007f351613b000,0x00007f351623c000)]
=>0x0000000000a70000 JavaThread "LWJGL Application" [_thread_in_native, id=14765, stack(0x00007f3507aef000,0x00007f3507bf0000)]
  0x00007f350828b800 JavaThread "AWT-XAWT" daemon [_thread_in_native, id=14756, stack(0x00007f350c45d000,0x00007f350c55e000)]
  0x00007f35080dd000 JavaThread "Java2D Disposer" daemon [_thread_blocked, id=14755, stack(0x00007f350c844000,0x00007f350c945000)]
  0x00007f3508027000 JavaThread "Low Memory Detector" daemon [_thread_blocked, id=14753, stack(0x00007f350e655000,0x00007f350e756000)]
  0x00007f3508024800 JavaThread "C2 CompilerThread1" daemon [_thread_blocked, id=14752, stack(0x00007f350e756000,0x00007f350e857000)]
  0x00007f3508021800 JavaThread "C2 CompilerThread0" daemon [_thread_blocked, id=14751, stack(0x00007f350e857000,0x00007f350e958000)]
  0x00007f3508020000 JavaThread "Signal Dispatcher" daemon [_thread_blocked, id=14750, stack(0x00007f350e958000,0x00007f350ea59000)]
  0x00007f3508001000 JavaThread "Finalizer" daemon [_thread_blocked, id=14749, stack(0x00007f350ee61000,0x00007f350ef62000)]
  0x0000000000765800 JavaThread "Reference Handler" daemon [_thread_blocked, id=14748, stack(0x00007f350ef62000,0x00007f350f063000)]

Other Threads:
  0x000000000075e800 VMThread [stack: 0x00007f350f063000,0x00007f350f164000] [id=14747]
  0x00007f3508029800 WatcherThread [stack: 0x00007f350e554000,0x00007f350e655000] [id=14754]

VM state:not at safepoint (normal execution)

VM Mutex/Monitor currently owned by a thread: None

Heap
 PSYoungGen      total 18432K, used 7801K [0x00000000eb600000, 0x00000000eca90000, 0x0000000100000000)
  eden space 15808K, 36% used [0x00000000eb600000,0x00000000ebba8068,0x00000000ec570000)
  from space 2624K, 76% used [0x00000000ec570000,0x00000000ec7664d0,0x00000000ec800000)
  to   space 2624K, 0% used [0x00000000ec800000,0x00000000ec800000,0x00000000eca90000)
 PSOldGen        total 42240K, used 0K [0x00000000c2200000, 0x00000000c4b40000, 0x00000000eb600000)
  object space 42240K, 0% used [0x00000000c2200000,0x00000000c2200000,0x00000000c4b40000)
 PSPermGen       total 21248K, used 12886K [0x00000000b7c00000, 0x00000000b90c0000, 0x00000000c2200000)
  object space 21248K, 60% used [0x00000000b7c00000,0x00000000b8895ad0,0x00000000b90c0000)

Code Cache  [0x00007f3510038000, 0x00007f35102a8000, 0x00007f3513038000)
 total_blobs=633 nmethods=106 adapters=481 free_code_cache=49527488 largest_free_block=8256

Dynamic libraries:
00400000-00409000 r-xp 00000000 08:05 1597353                            /usr/lib/jvm/java-6-openjdk/jre/bin/java
00608000-00609000 r--p 00008000 08:05 1597353                            /usr/lib/jvm/java-6-openjdk/jre/bin/java
00609000-0060a000 rw-p 00009000 08:05 1597353                            /usr/lib/jvm/java-6-openjdk/jre/bin/java
006ec000-01435000 rw-p 00000000 00:00 0                                  [heap]
401d2000-401d4000 r-xs 00000000 08:05 524988                             /tmp/glDIWFIi (deleted)
4151d000-41597000 rw-p 00000000 00:00 0 
b7c00000-b90c0000 rw-p 00000000 00:00 0 
b90c0000-c2200000 rw-p 00000000 00:00 0 
c2200000-c4b40000 rw-p 00000000 00:00 0 
c4b40000-eb600000 rw-p 00000000 00:00 0 
eb600000-eca90000 rw-p 00000000 00:00 0 
eca90000-100000000 rw-p 00000000 00:00 0 
7f34f481b000-7f34f881c000 rw-s 00000000 00:10 609726                     /dev/shm/pulse-shm-1130314694
7f34f881c000-7f34f889d000 rw-p 00000000 00:00 0 
7f34f889d000-7f34f889e000 ---p 00000000 00:00 0 
7f34f889e000-7f34f909e000 rw-p 00000000 00:00 0 
7f34fcd92000-7f34fcd95000 ---p 00000000 00:00 0 
7f34fcd95000-7f34fce93000 rw-p 00000000 00:00 0 
7f34fce93000-7f34fce9e000 r-xp 00000000 08:05 1597424                    /usr/lib/jvm/java-6-openjdk/jre/lib/amd64/libpulse-java.so
7f34fce9e000-7f34fd09d000 ---p 0000b000 08:05 1597424                    /usr/lib/jvm/java-6-openjdk/jre/lib/amd64/libpulse-java.so
7f34fd09d000-7f34fd09e000 r--p 0000a000 08:05 1597424                    /usr/lib/jvm/java-6-openjdk/jre/lib/amd64/libpulse-java.so
7f34fd09e000-7f34fd09f000 rw-p 0000b000 08:05 1597424                    /usr/lib/jvm/java-6-openjdk/jre/lib/amd64/libpulse-java.so
7f34fd09f000-7f34fd0a4000 r-xp 00000000 08:05 1577007                    /usr/lib/alsa-lib/libasound_module_pcm_pulse.so
7f34fd0a4000-7f34fd2a4000 ---p 00005000 08:05 1577007                    /usr/lib/alsa-lib/libasound_module_pcm_pulse.so
7f34fd2a4000-7f34fd2a5000 r--p 00005000 08:05 1577007                    /usr/lib/alsa-lib/libasound_module_pcm_pulse.so
7f34fd2a5000-7f34fd2a6000 rw-p 00006000 08:05 1577007                    /usr/lib/alsa-lib/libasound_module_pcm_pulse.so
7f34fd2a6000-7f34fd38a000 r-xp 00000000 08:05 1571897                    /usr/lib/libasound.so.2.0.0
7f34fd38a000-7f34fd58a000 ---p 000e4000 08:05 1571897                    /usr/lib/libasound.so.2.0.0
7f34fd58a000-7f34fd590000 r--p 000e4000 08:05 1571897                    /usr/lib/libasound.so.2.0.0
7f34fd590000-7f34fd591000 rw-p 000ea000 08:05 1571897                    /usr/lib/libasound.so.2.0.0
7f34fd591000-7f34fd5a0000 r-xp 00000000 08:05 1597422                    /usr/lib/jvm/java-6-openjdk/jre/lib/amd64/libjsoundalsa.so
7f34fd5a0000-7f34fd79f000 ---p 0000f000 08:05 1597422                    /usr/lib/jvm/java-6-openjdk/jre/lib/amd64/libjsoundalsa.so
7f34fd79f000-7f34fd7a0000 r--p 0000e000 08:05 1597422                    /usr/lib/jvm/java-6-openjdk/jre/lib/amd64/libjsoundalsa.so
7f34fd7a0000-7f34fd7a1000 rw-p 0000f000 08:05 1597422                    /usr/lib/jvm/java-6-openjdk/jre/lib/amd64/libjsoundalsa.so
7f34fd7a1000-7f34fd7a2000 r-xp 00000000 08:05 1597377                    /usr/lib/jvm/java-6-openjdk/jre/lib/amd64/libjsound.so
7f34fd7a2000-7f34fd9a1000 ---p 00001000 08:05 1597377                    /usr/lib/jvm/java-6-openjdk/jre/lib/amd64/libjsound.so
7f34fd9a1000-7f34fd9a2000 r--p 00000000 08:05 1597377                    /usr/lib/jvm/java-6-openjdk/jre/lib/amd64/libjsound.so
7f34fd9a2000-7f34fd9a3000 rw-p 00001000 08:05 1597377                    /usr/lib/jvm/java-6-openjdk/jre/lib/amd64/libjsound.so
7f34fd9a3000-7f34fdba3000 rw-s 35460000 00:05 7008                       /dev/nvidia0
7f34fdba3000-7f34fdca3000 rw-s b668a000 00:05 7008                       /dev/nvidia0
7f34fdca3000-7f34fdd21000 rw-p 00000000 00:00 0 
7f34fdd21000-7f34ff2f5000 r-xp 00000000 08:05 972                        /usr/lib/nvidia-current/libnvidia-glcore.so.275.09.07
7f34ff2f5000-7f34ff4f4000 ---p 015d4000 08:05 972                        /usr/lib/nvidia-current/libnvidia-glcore.so.275.09.07
7f34ff4f4000-7f34ffb2f000 rwxp 015d3000 08:05 972                        /usr/lib/nvidia-current/libnvidia-glcore.so.275.09.07
7f34ffb2f000-7f34ffb47000 rwxp 00000000 00:00 0 
7f34ffb47000-7f34ffb49000 r-xp 00000000 08:05 506                        /usr/lib/nvidia-current/tls/libnvidia-tls.so.275.09.07
7f34ffb49000-7f34ffd48000 ---p 00002000 08:05 506                        /usr/lib/nvidia-current/tls/libnvidia-tls.so.275.09.07
7f34ffd48000-7f34ffd49000 rw-p 00001000 08:05 506                        /usr/lib/nvidia-current/tls/libnvidia-tls.so.275.09.07
7f34ffd49000-7f34ffe09000 r-xp 00000000 08:05 974                        /usr/lib/nvidia-current/libGL.so.275.09.07
7f34ffe09000-7f3500009000 ---p 000c0000 08:05 974                        /usr/lib/nvidia-current/libGL.so.275.09.07
7f3500009000-7f3500043000 rwxp 000c0000 08:05 974                        /usr/lib/nvidia-current/libGL.so.275.09.07
7f3500043000-7f3500059000 rwxp 00000000 00:00 0 
7f3500059000-7f350005c000 ---p 00000000 00:00 0 
7f350005c000-7f350015a000 rw-p 00000000 00:00 0 
7f350015a000-7f350015b000 ---p 00000000 00:00 0 
7f350015b000-7f350095b000 rw-p 00000000 00:00 0 
7f350095b000-7f350495c000 rw-s 00000000 00:10 608991                     /dev/shm/pulse-shm-3669019846
7f350495c000-7f350495d000 ---p 00000000 00:00 0 
7f350495d000-7f350515d000 rw-p 00000000 00:00 0 
7f350515d000-7f3505163000 r-xp 00000000 08:05 1573092                    /usr/lib/libogg.so.0.7.0
7f3505163000-7f3505362000 ---p 00006000 08:05 1573092                    /usr/lib/libogg.so.0.7.0
7f3505362000-7f3505363000 r--p 00005000 08:05 1573092                    /usr/lib/libogg.so.0.7.0
7f3505363000-7f3505364000 rw-p 00006000 08:05 1573092                    /usr/lib/libogg.so.0.7.0
7f3505364000-7f350538f000 r-xp 00000000 08:05 1582648                    /usr/lib/libvorbis.so.0.4.5
7f350538f000-7f350558e000 ---p 0002b000 08:05 1582648                    /usr/lib/libvorbis.so.0.4.5
7f350558e000-7f350558f000 r--p 0002a000 08:05 1582648                    /usr/lib/libvorbis.so.0.4.5
7f350558f000-7f3505590000 rw-p 0002b000 08:05 1582648                    /usr/lib/libvorbis.so.0.4.5
7f3505590000-7f3505843000 r-xp 00000000 08:05 1573212                    /usr/lib/libvorbisenc.so.2.0.8
7f3505843000-7f3505a42000 ---p 002b3000 08:05 1573212                    /usr/lib/libvorbisenc.so.2.0.8
7f3505a42000-7f3505a5e000 r--p 002b2000 08:05 1573212                    /usr/lib/libvorbisenc.so.2.0.8
7f3505a5e000-7f3505a5f000 rw-p 002ce000 08:05 1573212                    /usr/lib/libvorbisenc.so.2.0.8
7f3505a5f000-7f3505aa7000 r-xp 00000000 08:05 1570101                    /usr/lib/libFLAC.so.8.2.0
7f3505aa7000-7f3505ca7000 ---p 00048000 08:05 1570101                    /usr/lib/libFLAC.so.8.2.0
7f3505ca7000-7f3505ca8000 r--p 00048000 08:05 1570101                    /usr/lib/libFLAC.so.8.2.0
7f3505ca8000-7f3505ca9000 rw-p 00049000 08:05 1570101                    /usr/lib/libFLAC.so.8.2.0
7f3505ca9000-7f3505d0a000 r-xp 00000000 08:05 1570821                    /usr/lib/libsndfile.so.1.0.23
7f3505d0a000-7f3505f0a000 ---p 00061000 08:05 1570821                    /usr/lib/libsndfile.so.1.0.23
7f3505f0a000-7f3505f0c000 r--p 00061000 08:05 1570821                    /usr/lib/libsndfile.so.1.0.23
7f3505f0c000-7f3505f0d000 rw-p 00063000 08:05 1570821                    /usr/lib/libsndfile.so.1.0.23
7f3505f0d000-7f3505f11000 rw-p 00000000 00:00 0 
7f3505f11000-7f3505f19000 r-xp 00000000 08:05 538930                     /lib/libwrap.so.0.7.6
7f3505f19000-7f3506119000 ---p 00008000 08:05 538930                     /lib/libwrap.so.0.7.6
7f3506119000-7f350611a000 r--p 00008000 08:05 538930                     /lib/libwrap.so.0.7.6
7f350611a000-7f350611b000 rw-p 00009000 08:05 538930                     /lib/libwrap.so.0.7.6
7f350611b000-7f350611c000 rw-p 00000000 00:00 0 
7f350611c000-7f3506120000 r-xp 00000000 08:05 534738                     /lib/x86_64-linux-gnu/libuuid.so.1.3.0
7f3506120000-7f350631f000 ---p 00004000 08:05 534738                     /lib/x86_64-linux-gnu/libuuid.so.1.3.0
7f350631f000-7f3506320000 r--p 00003000 08:05 534738                     /lib/x86_64-linux-gnu/libuuid.so.1.3.0
7f3506320000-7f3506321000 rw-p 00004000 08:05 534738                     /lib/x86_64-linux-gnu/libuuid.so.1.3.0
7f3506321000-7f3506363000 r-xp 00000000 08:05 525819                     /lib/x86_64-linux-gnu/libdbus-1.so.3.5.4
7f3506363000-7f3506563000 ---p 00042000 08:05 525819                     /lib/x86_64-linux-gnu/libdbus-1.so.3.5.4
7f3506563000-7f3506564000 r--p 00042000 08:05 525819                     /lib/x86_64-linux-gnu/libdbus-1.so.3.5.4
7f3506564000-7f3506565000 rw-p 00043000 08:05 525819                     /lib/x86_64-linux-gnu/libdbus-1.so.3.5.4
7f3506565000-7f35065b0000 r-xp 00000000 08:05 1580900                    /usr/lib/libpulsecommon-0.9.22.so
7f35065b0000-7f35067af000 ---p 0004b000 08:05 1580900                    /usr/lib/libpulsecommon-0.9.22.so
7f35067af000-7f35067b0000 r--p 0004a000 08:05 1580900                    /usr/lib/libpulsecommon-0.9.22.so
7f35067b0000-7f35067b1000 rw-p 0004b000 08:05 1580900                    /usr/lib/libpulsecommon-0.9.22.so
7f35067b1000-7f35067b4000 r-xp 00000000 08:05 1573582                    /usr/lib/libxcb-atom.so.1.0.0
7f35067b4000-7f35069b4000 ---p 00003000 08:05 1573582                    /usr/lib/libxcb-atom.so.1.0.0
7f35069b4000-7f35069b5000 r--p 00003000 08:05 1573582                    /usr/lib/libxcb-atom.so.1.0.0
7f35069b5000-7f35069b6000 rw-p 00004000 08:05 1573582                    /usr/lib/libxcb-atom.so.1.0.0
7f35069b6000-7f35069bd000 r-xp 00000000 08:05 1578963                    /usr/lib/x86_64-linux-gnu/libSM.so.6.0.1
7f35069bd000-7f3506bbc000 ---p 00007000 08:05 1578963                    /usr/lib/x86_64-linux-gnu/libSM.so.6.0.1
7f3506bbc000-7f3506bbd000 r--p 00006000 08:05 1578963                    /usr/lib/x86_64-linux-gnu/libSM.so.6.0.1
7f3506bbd000-7f3506bbe000 rw-p 00007000 08:05 1578963                    /usr/lib/x86_64-linux-gnu/libSM.so.6.0.1
7f3506bbe000-7f3506bd4000 r-xp 00000000 08:05 1571606                    /usr/lib/x86_64-linux-gnu/libICE.so.6.3.0
7f3506bd4000-7f3506dd4000 ---p 00016000 08:05 1571606                    /usr/lib/x86_64-linux-gnu/libICE.so.6.3.0
7f3506dd4000-7f3506dd5000 r--p 00016000 08:05 1571606                    /usr/lib/x86_64-linux-gnu/libICE.so.6.3.0
7f3506dd5000-7f3506dd6000 rw-p 00017000 08:05 1571606                    /usr/lib/x86_64-linux-gnu/libICE.so.6.3.0
7f3506dd6000-7f3506dd9000 rw-p 00000000 00:00 0 
7f3506dd9000-7f3506dda000 r-xp 00000000 08:05 1570508                    /usr/lib/x86_64-linux-gnu/libX11-xcb.so.1.0.0
7f3506dda000-7f3506fd9000 ---p 00001000 08:05 1570508                    /usr/lib/x86_64-linux-gnu/libX11-xcb.so.1.0.0
7f3506fd9000-7f3506fda000 r--p 00000000 08:05 1570508                    /usr/lib/x86_64-linux-gnu/libX11-xcb.so.1.0.0
7f3506fda000-7f3506fdb000 rw-p 00001000 08:05 1570508                    /usr/lib/x86_64-linux-gnu/libX11-xcb.so.1.0.0
7f3506fdb000-7f350701b000 r-xp 00000000 08:05 1573921                    /usr/lib/libpulse.so.0.12.3
7f350701b000-7f350721a000 ---p 00040000 08:05 1573921                    /usr/lib/libpulse.so.0.12.3
7f350721a000-7f350721b000 r--p 0003f000 08:05 1573921                    /usr/lib/libpulse.so.0.12.3
7f350721b000-7f350721c000 rw-p 00040000 08:05 1573921                    /usr/lib/libpulse.so.0.12.3
7f350721c000-7f3507268000 r-xp 00000000 08:05 525267                     /tmp/libgdx/3154261069/libopenal64.so
7f3507268000-7f3507467000 ---p 0004c000 08:05 525267                     /tmp/libgdx/3154261069/libopenal64.so
7f3507467000-7f3507469000 r--p 0004b000 08:05 525267                     /tmp/libgdx/3154261069/libopenal64.so
7f3507469000-7f350746a000 rw-p 0004d000 08:05 525267                     /tmp/libgdx/3154261069/libopenal64.so
7f350746a000-7f350746b000 rw-p 00000000 00:00 0 
7f350746b000-7f350746c000 r-xp 00000000 08:05 1597389                    /usr/lib/jvm/java-6-openjdk/jre/lib/amd64/libjawt.so
7f350746c000-7f350766b000 ---p 00001000 08:05 1597389                    /usr/lib/jvm/java-6-openjdk/jre/lib/amd64/libjawt.so
7f350766b000-7f350766c000 r--p 00000000 08:05 1597389                    /usr/lib/jvm/java-6-openjdk/jre/lib/amd64/libjawt.so
7f350766c000-7f350766d000 rw-p 00001000 08:05 1597389                    /usr/lib/jvm/java-6-openjdk/jre/lib/amd64/libjawt.so
7f350766d000-7f3507672000 r-xp 00000000 08:05 1581972                    /usr/lib/x86_64-linux-gnu/libXxf86vm.so.1.0.0
7f3507672000-7f3507871000 ---p 00005000 08:05 1581972                    /usr/lib/x86_64-linux-gnu/libXxf86vm.so.1.0.0
7f3507871000-7f3507872000 r--p 00004000 08:05 1581972                    /usr/lib/x86_64-linux-gnu/libXxf86vm.so.1.0.0
7f3507872000-7f3507873000 rw-p 00005000 08:05 1581972                    /usr/lib/x86_64-linux-gnu/libXxf86vm.so.1.0.0
7f3507873000-7f35078ec000 r-xp 00000000 08:05 525279                     /tmp/libgdx/3154261069/liblwjgl64.so
7f35078ec000-7f3507aec000 ---p 00079000 08:05 525279                     /tmp/libgdx/3154261069/liblwjgl64.so
7f3507aec000-7f3507aee000 r--p 00079000 08:05 525279                     /tmp/libgdx/3154261069/liblwjgl64.so
7f3507aee000-7f3507aef000 rw-p 0007b000 08:05 525279                     /tmp/libgdx/3154261069/liblwjgl64.so
7f3507aef000-7f3507af2000 ---p 00000000 00:00 0 
7f3507af2000-7f3507bf0000 rw-p 00000000 00:00 0 
7f3507bf0000-7f3507bf5000 r-xp 00000000 08:05 1570859                    /usr/lib/x86_64-linux-gnu/libXfixes.so.3.1.0
7f3507bf5000-7f3507df4000 ---p 00005000 08:05 1570859                    /usr/lib/x86_64-linux-gnu/libXfixes.so.3.1.0
7f3507df4000-7f3507df5000 r--p 00004000 08:05 1570859                    /usr/lib/x86_64-linux-gnu/libXfixes.so.3.1.0
7f3507df5000-7f3507df6000 rw-p 00005000 08:05 1570859                    /usr/lib/x86_64-linux-gnu/libXfixes.so.3.1.0
7f3507df6000-7f3507dff000 r-xp 00000000 08:05 1573929                    /usr/lib/x86_64-linux-gnu/libXcursor.so.1.0.2
7f3507dff000-7f3507ffe000 ---p 00009000 08:05 1573929                    /usr/lib/x86_64-linux-gnu/libXcursor.so.1.0.2
7f3507ffe000-7f3507fff000 r--p 00008000 08:05 1573929                    /usr/lib/x86_64-linux-gnu/libXcursor.so.1.0.2
7f3507fff000-7f3508000000 rw-p 00009000 08:05 1573929                    /usr/lib/x86_64-linux-gnu/libXcursor.so.1.0.2
7f3508000000-7f3508919000 rw-p 00000000 00:00 0 
7f3508919000-7f350c000000 ---p 00000000 00:00 0 
7f350c032000-7f350c07f000 rw-p 00000000 00:00 0 
7f350c0e2000-7f350c0fd000 rw-s 116e00000 00:05 7008                      /dev/nvidia0
7f350c0fd000-7f350c189000 r-xp 00000000 08:05 525228                     /tmp/libgdx/3154261069/libgdx-64.so
7f350c189000-7f350c389000 ---p 0008c000 08:05 525228                     /tmp/libgdx/3154261069/libgdx-64.so
7f350c389000-7f350c38a000 r--p 0008c000 08:05 525228                     /tmp/libgdx/3154261069/libgdx-64.so
7f350c38a000-7f350c38b000 rw-p 0008d000 08:05 525228                     /tmp/libgdx/3154261069/libgdx-64.so
7f350c38b000-7f350c38e000 rw-p 00000000 00:00 0 
7f350c38e000-7f350c38f000 r--s 00000000 08:05 532633                     /var/cache/fontconfig/26de28bc8622bbc1fb67fd234c21975f-le64.cache-3
7f350c38f000-7f350c390000 r--s 00000000 08:05 554485                     /var/cache/fontconfig/c05880de57d1f5e948fdfacc138775d9-le64.cache-3
7f350c390000-7f350c399000 r--s 00000000 08:05 527845                     /var/cache/fontconfig/945677eb7aeaf62f1d50efc3fb3ec7d8-le64.cache-3
7f350c399000-7f350c39b000 r--s 00000000 08:05 554480                     /var/cache/fontconfig/99e8ed0e538f840c565b6ed5dad60d56-le64.cache-3
7f350c39b000-7f350c39e000 r--s 00000000 08:05 554411                     /var/cache/fontconfig/f24b2111ab8703b4e963115a8cf14259-le64.cache-3
7f350c39e000-7f350c3a1000 r--s 00000000 08:05 554479                     /var/cache/fontconfig/e383d7ea5fbe662a33d9b44caf393297-le64.cache-3
7f350c3a1000-7f350c3a4000 r--s 00000000 08:05 554477                     /var/cache/fontconfig/2cd17615ca594fa2959ae173292e504c-le64.cache-3
7f350c3a4000-7f350c3a5000 r--s 00000000 08:05 554471                     /var/cache/fontconfig/e7071f4a29fa870f4323321c154eba04-le64.cache-3
7f350c3a5000-7f350c3a9000 r--s 00000000 08:05 554470                     /var/cache/fontconfig/6eb3985aa4124903f6ff08ba781cd364-le64.cache-3
7f350c3a9000-7f350c3aa000 r--s 00000000 08:05 554466                     /var/cache/fontconfig/4c73fe0c47614734b17d736dbde7580a-le64.cache-3
7f350c3aa000-7f350c3ab000 r--s 00000000 08:05 554459                     /var/cache/fontconfig/0d8c3b2ac0904cb8a57a757ad11a4a08-le64.cache-3
7f350c3ab000-7f350c3b0000 r--s 00000000 08:05 554453                     /var/cache/fontconfig/062808c12e6e608270f93bb230aed730-le64.cache-3
7f350c3b0000-7f350c3b6000 r--s 00000000 08:05 554429                     /var/cache/fontconfig/a755afe4a08bf5b97852ceb7400b47bc-le64.cache-3
7f350c3b6000-7f350c3e4000 r--s 00000000 08:05 554435                     /var/cache/fontconfig/365b55f210c0a22e9a19e35191240f32-le64.cache-3
7f350c410000-7f350c411000 rw-p 00000000 00:00 0 
7f350c411000-7f350c413000 rw-s 00000000 08:05 524988                     /tmp/glDIWFIi (deleted)
7f350c413000-7f350c417000 rw-s b8a35000 00:05 7008                       /dev/nvidia0
7f350c417000-7f350c418000 rw-s d0008000 00:05 7008                       /dev/nvidia0
7f350c418000-7f350c419000 rw-s b8b95000 00:05 7008                       /dev/nvidia0
7f350c419000-7f350c41d000 rw-s 99dc2000 00:05 7008                       /dev/nvidia0
7f350c41d000-7f350c45d000 rw-s 99f82000 00:05 7008                       /dev/nvidia0
7f350c45d000-7f350c460000 ---p 00000000 00:00 0 
7f350c460000-7f350c55e000 rw-p 00000000 00:00 0 
7f350c55e000-7f350c55f000 r--s 00000000 08:05 532633                     /var/cache/fontconfig/26de28bc8622bbc1fb67fd234c21975f-le64.cache-3
7f350c55f000-7f350c560000 r--s 00000000 08:05 554485                     /var/cache/fontconfig/c05880de57d1f5e948fdfacc138775d9-le64.cache-3
7f350c560000-7f350c569000 r--s 00000000 08:05 527845                     /var/cache/fontconfig/945677eb7aeaf62f1d50efc3fb3ec7d8-le64.cache-3
7f350c569000-7f350c56b000 r--s 00000000 08:05 554480                     /var/cache/fontconfig/99e8ed0e538f840c565b6ed5dad60d56-le64.cache-3
7f350c56b000-7f350c56e000 r--s 00000000 08:05 554411                     /var/cache/fontconfig/f24b2111ab8703b4e963115a8cf14259-le64.cache-3
7f350c56e000-7f350c571000 r--s 00000000 08:05 554479                     /var/cache/fontconfig/e383d7ea5fbe662a33d9b44caf393297-le64.cache-3
7f350c571000-7f350c574000 r--s 00000000 08:05 554477                     /var/cache/fontconfig/2cd17615ca594fa2959ae173292e504c-le64.cache-3
7f350c574000-7f350c575000 r--s 00000000 08:05 554471                     /var/cache/fontconfig/e7071f4a29fa870f4323321c154eba04-le64.cache-3
7f350c575000-7f350c579000 r--s 00000000 08:05 554470                     /var/cache/fontconfig/6eb3985aa4124903f6ff08ba781cd364-le64.cache-3
7f350c579000-7f350c57a000 r--s 00000000 08:05 554466                     /var/cache/fontconfig/4c73fe0c47614734b17d736dbde7580a-le64.cache-3
7f350c57a000-7f350c57b000 r--s 00000000 08:05 554459                     /var/cache/fontconfig/0d8c3b2ac0904cb8a57a757ad11a4a08-le64.cache-3
7f350c57b000-7f350c57c000 r--s 00000000 08:05 554454                     /var/cache/fontconfig/6a53c69dea097a2d716e069445527da8-le64.cache-3
7f350c57c000-7f350c581000 r--s 00000000 08:05 554453                     /var/cache/fontconfig/062808c12e6e608270f93bb230aed730-le64.cache-3
7f350c581000-7f350c587000 r--s 00000000 08:05 554429                     /var/cache/fontconfig/a755afe4a08bf5b97852ceb7400b47bc-le64.cache-3
7f350c587000-7f350c58c000 r--s 00000000 08:05 554452                     /var/cache/fontconfig/515ca1ebc4b18308bea979be5704f9db-le64.cache-3
7f350c58c000-7f350c595000 r--s 00000000 08:05 554448                     /var/cache/fontconfig/6d41288fd70b0be22e8c3a91e032eec0-le64.cache-3
7f350c595000-7f350c5a5000 r--s 00000000 08:05 554447                     /var/cache/fontconfig/0f34bcd4b6ee430af32735b75db7f02b-le64.cache-3
7f350c5a5000-7f350c5a8000 r--s 00000000 08:05 554441                     /var/cache/fontconfig/d60319d88cac85ba9e1a07bd06cfbb8c-le64.cache-3
7f350c5a8000-7f350c5a9000 r--s 00000000 08:05 530935                     /var/cache/fontconfig/4794a0821666d79190d59a36cb4f44b5-le64.cache-3
7f350c5a9000-7f350c5d7000 r--s 00000000 08:05 554435                     /var/cache/fontconfig/365b55f210c0a22e9a19e35191240f32-le64.cache-3
7f350c5d7000-7f350c5e1000 r--s 00000000 08:05 554433                     /var/cache/fontconfig/d52a8644073d54c13679302ca1180695-le64.cache-3
7f350c5e1000-7f350c5e9000 r-xp 00000000 08:05 1581969                    /usr/lib/x86_64-linux-gnu/libXrandr.so.2.2.0
7f350c5e9000-7f350c7e8000 ---p 00008000 08:05 1581969                    /usr/lib/x86_64-linux-gnu/libXrandr.so.2.2.0
7f350c7e8000-7f350c7e9000 r--p 00007000 08:05 1581969                    /usr/lib/x86_64-linux-gnu/libXrandr.so.2.2.0
7f350c7e9000-7f350c7ea000 rw-p 00008000 08:05 1581969                    /usr/lib/x86_64-linux-gnu/libXrandr.so.2.2.0
7f350c7ea000-7f350c7eb000 rw-s fbc0a000 00:05 7008                       /dev/nvidia0
7f350c7eb000-7f350c80b000 rw-s 9f72d000 00:05 7008                       /dev/nvidia0
7f350c80b000-7f350c80c000 rw-s fb641000 00:05 7008                       /dev/nvidia0
7f350c80c000-7f350c80d000 rw-s 117363000 00:05 7008                      /dev/nvidia0
7f350c80d000-7f350c80e000 rw-s 99d3e000 00:05 7008                       /dev/nvidia0
7f350c80e000-7f350c80f000 rw-s fb060000 00:05 7008                       /dev/nvidia0
7f350c80f000-7f350c810000 r--p 00000000 00:00 0 
7f350c810000-7f350c817000 r--s 000fb000 08:05 1597348                    /usr/lib/jvm/java-6-openjdk/jre/lib/resources.jar
7f350c817000-7f350c818000 r--s 00000000 08:05 554418                     /var/cache/fontconfig/ec648e9a1aea82bddd4bd6050028158d-le64.cache-3
7f350c818000-7f350c82b000 r--s 00000000 08:05 538224                     /var/cache/fontconfig/e13b20fdb08344e0e664864cc2ede53d-le64.cache-3
7f350c82b000-7f350c82f000 r--s 00000000 08:05 538228                     /var/cache/fontconfig/7ef2298fde41cc6eeb7af42e48b7d293-le64.cache-3
7f350c82f000-7f350c843000 r--s 00000000 08:05 527842                     /var/cache/fontconfig/865f88548240fee46819705c6468c165-le64.cache-3
7f350c843000-7f350c844000 r--s 00000000 08:05 1340105                    /home/bompo/.fontconfig/aa7e4f27e681240d22a1f116cf7520f0-le64.cache-3
7f350c844000-7f350c847000 ---p 00000000 00:00 0 
7f350c847000-7f350c945000 rw-p 00000000 00:00 0 
7f350c945000-7f350c9d8000 r-xp 00000000 08:05 1574433                    /usr/lib/x86_64-linux-gnu/libfreetype.so.6.6.2
7f350c9d8000-7f350cbd7000 ---p 00093000 08:05 1574433                    /usr/lib/x86_64-linux-gnu/libfreetype.so.6.6.2
7f350cbd7000-7f350cbdd000 r--p 00092000 08:05 1574433                    /usr/lib/x86_64-linux-gnu/libfreetype.so.6.6.2
7f350cbdd000-7f350cbde000 rw-p 00098000 08:05 1574433                    /usr/lib/x86_64-linux-gnu/libfreetype.so.6.6.2
7f350cbde000-7f350cc17000 r-xp 00000000 08:05 1597379                    /usr/lib/jvm/java-6-openjdk/jre/lib/amd64/libfontmanager.so
7f350cc17000-7f350ce16000 ---p 00039000 08:05 1597379                    /usr/lib/jvm/java-6-openjdk/jre/lib/amd64/libfontmanager.so
7f350ce16000-7f350ce18000 r--p 00038000 08:05 1597379                    /usr/lib/jvm/java-6-openjdk/jre/lib/amd64/libfontmanager.so
7f350ce18000-7f350ce19000 rw-p 0003a000 08:05 1597379                    /usr/lib/jvm/java-6-openjdk/jre/lib/amd64/libfontmanager.so
7f350ce19000-7f350ce1e000 r-xp 00000000 08:05 1573561                    /usr/lib/x86_64-linux-gnu/libXdmcp.so.6.0.0
7f350ce1e000-7f350d01d000 ---p 00005000 08:05 1573561                    /usr/lib/x86_64-linux-gnu/libXdmcp.so.6.0.0
7f350d01d000-7f350d01e000 r--p 00004000 08:05 1573561                    /usr/lib/x86_64-linux-gnu/libXdmcp.so.6.0.0
7f350d01e000-7f350d01f000 rw-p 00005000 08:05 1573561                    /usr/lib/x86_64-linux-gnu/libXdmcp.so.6.0.0
7f350d01f000-7f350d021000 r-xp 00000000 08:05 1570542                    /usr/lib/x86_64-linux-gnu/libXau.so.6.0.0
7f350d021000-7f350d220000 ---p 00002000 08:05 1570542                    /usr/lib/x86_64-linux-gnu/libXau.so.6.0.0
7f350d220000-7f350d221000 r--p 00001000 08:05 1570542                    /usr/lib/x86_64-linux-gnu/libXau.so.6.0.0
7f350d221000-7f350d222000 rw-p 00002000 08:05 1570542                    /usr/lib/x86_64-linux-gnu/libXau.so.6.0.0
7f350d222000-7f350d23d000 r-xp 00000000 08:05 1572615                    /usr/lib/x86_64-linux-gnu/libxcb.so.1.1.0
7f350d23d000-7f350d43c000 ---p 0001b000 08:05 1572615                    /usr/lib/x86_64-linux-gnu/libxcb.so.1.1.0
7f350d43c000-7f350d43d000 r--p 0001a000 08:05 1572615                    /usr/lib/x86_64-linux-gnu/libxcb.so.1.1.0
7f350d43d000-7f350d43e000 rw-p 0001b000 08:05 1572615                    /usr/lib/x86_64-linux-gnu/libxcb.so.1.1.0
7f350d43e000-7f350d44d000 r-xp 00000000 08:05 1613065                    /usr/lib/x86_64-linux-gnu/libXi.so.6.1.0
7f350d44d000-7f350d64c000 ---p 0000f000 08:05 1613065                    /usr/lib/x86_64-linux-gnu/libXi.so.6.1.0
7f350d64c000-7f350d64d000 r--p 0000e000 08:05 1613065                    /usr/lib/x86_64-linux-gnu/libXi.so.6.1.0
7f350d64d000-7f350d64e000 rw-p 0000f000 08:05 1613065                    /usr/lib/x86_64-linux-gnu/libXi.so.6.1.0
7f350d64e000-7f350d653000 r-xp 00000000 08:05 1572606                    /usr/lib/libXtst.so.6.1.0
7f350d653000-7f350d852000 ---p 00005000 08:05 1572606                    /usr/lib/libXtst.so.6.1.0
7f350d852000-7f350d853000 r--p 00004000 08:05 1572606                    /usr/lib/libXtst.so.6.1.0
7f350d853000-7f350d854000 rw-p 00005000 08:05 1572606                    /usr/lib/libXtst.so.6.1.0
7f350d854000-7f350d85d000 r-xp 00000000 08:05 1570620                    /usr/lib/x86_64-linux-gnu/libXrender.so.1.3.0
7f350d85d000-7f350da5d000 ---p 00009000 08:05 1570620                    /usr/lib/x86_64-linux-gnu/libXrender.so.1.3.0
7f350da5d000-7f350da5e000 r--p 00009000 08:05 1570620                    /usr/lib/x86_64-linux-gnu/libXrender.so.1.3.0
7f350da5e000-7f350da5f000 rw-p 0000a000 08:05 1570620                    /usr/lib/x86_64-linux-gnu/libXrender.so.1.3.0
7f350da5f000-7f350db94000 r-xp 00000000 08:05 1573591                    /usr/lib/x86_64-linux-gnu/libX11.so.6.3.0
7f350db94000-7f350dd94000 ---p 00135000 08:05 1573591                    /usr/lib/x86_64-linux-gnu/libX11.so.6.3.0
7f350dd94000-7f350dd95000 r--p 00135000 08:05 1573591                    /usr/lib/x86_64-linux-gnu/libX11.so.6.3.0
7f350dd95000-7f350dd99000 rw-p 00136000 08:05 1573591                    /usr/lib/x86_64-linux-gnu/libX11.so.6.3.0
7f350dd99000-7f350ddaa000 r-xp 00000000 08:05 1571673                    /usr/lib/x86_64-linux-gnu/libXext.so.6.4.0
7f350ddaa000-7f350dfa9000 ---p 00011000 08:05 1571673                    /usr/lib/x86_64-linux-gnu/libXext.so.6.4.0
7f350dfa9000-7f350dfaa000 r--p 00010000 08:05 1571673                    /usr/lib/x86_64-linux-gnu/libXext.so.6.4.0
7f350dfaa000-7f350dfab000 rw-p 00011000 08:05 1571673                    /usr/lib/x86_64-linux-gnu/libXext.so.6.4.0
7f350dfab000-7f350dfac000 r--s 00000000 08:05 554454                     /var/cache/fontconfig/6a53c69dea097a2d716e069445527da8-le64.cache-3
7f350dfac000-7f350dfb5000 r--s 00000000 08:05 554448                     /var/cache/fontconfig/6d41288fd70b0be22e8c3a91e032eec0-le64.cache-3
7f350dfb5000-7f350dfc5000 r--s 00000000 08:05 554447                     /var/cache/fontconfig/0f34bcd4b6ee430af32735b75db7f02b-le64.cache-3
7f350dfc5000-7f350dfd8000 r--s 00000000 08:05 538224                     /var/cache/fontconfig/e13b20fdb08344e0e664864cc2ede53d-le64.cache-3
7f350dfd8000-7f350e023000 r-xp 00000000 08:05 1597420                    /usr/lib/jvm/java-6-openjdk/jre/lib/amd64/xawt/libmawt.so
7f350e023000-7f350e223000 ---p 0004b000 08:05 1597420                    /usr/lib/jvm/java-6-openjdk/jre/lib/amd64/xawt/libmawt.so
7f350e223000-7f350e224000 r--p 0004b000 08:05 1597420                    /usr/lib/jvm/java-6-openjdk/jre/lib/amd64/xawt/libmawt.so
7f350e224000-7f350e227000 rw-p 0004c000 08:05 1597420                    /usr/lib/jvm/java-6-openjdk/jre/lib/amd64/xawt/libmawt.so
7f350e227000-7f350e228000 rw-p 00000000 00:00 0 
7f350e228000-7f350e2d1000 r-xp 00000000 08:05 1597388                    /usr/lib/jvm/java-6-openjdk/jre/lib/amd64/libawt.so
7f350e2d1000-7f350e4d0000 ---p 000a9000 08:05 1597388                    /usr/lib/jvm/java-6-openjdk/jre/lib/amd64/libawt.so
7f350e4d0000-7f350e4d1000 r--p 000a8000 08:05 1597388                    /usr/lib/jvm/java-6-openjdk/jre/lib/amd64/libawt.so
7f350e4d1000-7f350e4dc000 rw-p 000a9000 08:05 1597388                    /usr/lib/jvm/java-6-openjdk/jre/lib/amd64/libawt.so
7f350e4dc000-7f350e501000 rw-p 00000000 00:00 0 
7f350e501000-7f350e512000 r--s 0011a000 08:05 1440866                    /home/bompo/git/kpmusikspiel/libs/gdx-backend-lwjgl.jar
7f350e512000-7f350e513000 r--s 00007000 08:05 1440877                    /home/bompo/git/kpmusikspiel/libs/gdx-backend-lwjgl-sources.jar
7f350e513000-7f350e514000 r--s 00127000 08:05 1440876                    /home/bompo/git/kpmusikspiel/libs/gdx-backend-lwjgl-natives.jar
7f350e514000-7f350e517000 r--s 00017000 08:05 1439905                    /home/bompo/git/kpmusikspiel/libs/tritonus_share.jar
7f350e517000-7f350e518000 r--s 00002000 08:05 1439810                    /home/bompo/git/kpmusikspiel/libs/tritonus_aos.jar
7f350e518000-7f350e519000 r--s 00005000 08:05 1447554                    /home/bompo/git/kpmusikspiel/libs/mp3spi1.9.4.jar
7f350e519000-7f350e51e000 r--s 00028000 08:05 1447540                    /home/bompo/git/kpmusikspiel/libs/beads.jar
7f350e51e000-7f350e522000 r--s 0007c000 08:05 1597316                    /usr/lib/jvm/java-6-openjdk/jre/lib/jsse.jar
7f350e522000-7f350e52d000 r--s 00094000 08:05 1498923                    /home/bompo/git/kpmusikspiel/libs/gdx.jar
7f350e52d000-7f350e52e000 r--s 001a1000 08:05 1440083                    /home/bompo/git/kpmusikspiel/libs/gdx-natives.jar
7f350e52e000-7f350e548000 r--s 00207000 08:05 1498924                    /home/bompo/git/kpmusikspiel/libs/gdx-backend-jogl.jar
7f350e548000-7f350e549000 r--s 00203000 08:05 1498925                    /home/bompo/git/kpmusikspiel/libs/gdx-backend-jogl-natives.jar
7f350e549000-7f350e551000 r--s 00066000 08:05 1721290                    /usr/share/java/gnome-java-bridge.jar
7f350e551000-7f350e554000 r--s 0000f000 08:05 1597341                    /usr/lib/jvm/java-6-openjdk/jre/lib/ext/pulse-java.jar
7f350e554000-7f350e555000 ---p 00000000 00:00 0 
7f350e555000-7f350e655000 rw-p 00000000 00:00 0 
7f350e655000-7f350e658000 ---p 00000000 00:00 0 
7f350e658000-7f350e756000 rw-p 00000000 00:00 0 
7f350e756000-7f350e759000 ---p 00000000 00:00 0 
7f350e759000-7f350e857000 rw-p 00000000 00:00 0 
7f350e857000-7f350e85a000 ---p 00000000 00:00 0 
7f350e85a000-7f350e958000 rw-p 00000000 00:00 0 
7f350e958000-7f350e95b000 ---p 00000000 00:00 0 
7f350e95b000-7f350ea59000 rw-p 00000000 00:00 0 
7f350ea59000-7f350ee61000 r--p 00000000 08:05 1570348                    /usr/lib/locale/locale-archive
7f350ee61000-7f350ee64000 ---p 00000000 00:00 0 
7f350ee64000-7f350ef62000 rw-p 00000000 00:00 0 
7f350ef62000-7f350ef65000 ---p 00000000 00:00 0 
7f350ef65000-7f350f063000 rw-p 00000000 00:00 0 
7f350f063000-7f350f064000 ---p 00000000 00:00 0 
7f350f064000-7f350f69c000 rw-p 00000000 00:00 0 
7f350f69c000-7f350f82c000 r--s 037af000 08:05 1597397                    /usr/lib/jvm/java-6-openjdk/jre/lib/rt.jar
7f350f82c000-7f350f854000 rw-p 00000000 00:00 0 
7f350f854000-7f350f855000 ---p 00000000 00:00 0 
7f350f855000-7f350f955000 rw-p 00000000 00:00 0 
7f350f955000-7f350f956000 ---p 00000000 00:00 0 
7f350f956000-7f350fa56000 rw-p 00000000 00:00 0 
7f350fa56000-7f350fa57000 ---p 00000000 00:00 0 
7f350fa57000-7f350fb57000 rw-p 00000000 00:00 0 
7f350fb57000-7f350fb58000 ---p 00000000 00:00 0 
7f350fb58000-7f350fc63000 rw-p 00000000 00:00 0 
7f350fc63000-7f350fcab000 rw-p 00000000 00:00 0 
7f350fcab000-7f350fcc0000 rw-p 00000000 00:00 0 
7f350fcc0000-7f350fdf5000 rw-p 00000000 00:00 0 
7f350fdf5000-7f350fe00000 rw-p 00000000 00:00 0 
7f350fe00000-7f350fe48000 rw-p 00000000 00:00 0 
7f350fe48000-7f350fe5d000 rw-p 00000000 00:00 0 
7f350fe5d000-7f350ff92000 rw-p 00000000 00:00 0 
7f350ff92000-7f350ff9d000 rw-p 00000000 00:00 0 
7f350ff9d000-7f3510037000 rw-p 00000000 00:00 0 
7f3510037000-7f3510038000 rw-p 00000000 00:00 0 
7f3510038000-7f35102a8000 rwxp 00000000 00:00 0 
7f35102a8000-7f3513038000 rw-p 00000000 00:00 0 
7f3513038000-7f351303f000 r-xp 00000000 08:05 1597383                    /usr/lib/jvm/java-6-openjdk/jre/lib/amd64/libzip.so
7f351303f000-7f351323e000 ---p 00007000 08:05 1597383                    /usr/lib/jvm/java-6-openjdk/jre/lib/amd64/libzip.so
7f351323e000-7f351323f000 r--p 00006000 08:05 1597383                    /usr/lib/jvm/java-6-openjdk/jre/lib/amd64/libzip.so
7f351323f000-7f3513240000 rw-p 00007000 08:05 1597383                    /usr/lib/jvm/java-6-openjdk/jre/lib/amd64/libzip.so
7f3513240000-7f351324c000 r-xp 00000000 08:05 535712                     /lib/x86_64-linux-gnu/libnss_files-2.13.so
7f351324c000-7f351344b000 ---p 0000c000 08:05 535712                     /lib/x86_64-linux-gnu/libnss_files-2.13.so
7f351344b000-7f351344c000 r--p 0000b000 08:05 535712                     /lib/x86_64-linux-gnu/libnss_files-2.13.so
7f351344c000-7f351344d000 rw-p 0000c000 08:05 535712                     /lib/x86_64-linux-gnu/libnss_files-2.13.so
7f351344d000-7f3513458000 r-xp 00000000 08:05 535714                     /lib/x86_64-linux-gnu/libnss_nis-2.13.so
7f3513458000-7f3513657000 ---p 0000b000 08:05 535714                     /lib/x86_64-linux-gnu/libnss_nis-2.13.so
7f3513657000-7f3513658000 r--p 0000a000 08:05 535714                     /lib/x86_64-linux-gnu/libnss_nis-2.13.so
7f3513658000-7f3513659000 rw-p 0000b000 08:05 535714                     /lib/x86_64-linux-gnu/libnss_nis-2.13.so
7f3513659000-7f3513661000 r-xp 00000000 08:05 535710                     /lib/x86_64-linux-gnu/libnss_compat-2.13.so
7f3513661000-7f3513860000 ---p 00008000 08:05 535710                     /lib/x86_64-linux-gnu/libnss_compat-2.13.so
7f3513860000-7f3513861000 r--p 00007000 08:05 535710                     /lib/x86_64-linux-gnu/libnss_compat-2.13.so
7f3513861000-7f3513862000 rw-p 00008000 08:05 535710                     /lib/x86_64-linux-gnu/libnss_compat-2.13.so
7f3513862000-7f3513879000 r-xp 00000000 08:05 535709                     /lib/x86_64-linux-gnu/libnsl-2.13.so
7f3513879000-7f3513a78000 ---p 00017000 08:05 535709                     /lib/x86_64-linux-gnu/libnsl-2.13.so
7f3513a78000-7f3513a79000 r--p 00016000 08:05 535709                     /lib/x86_64-linux-gnu/libnsl-2.13.so
7f3513a79000-7f3513a7a000 rw-p 00017000 08:05 535709                     /lib/x86_64-linux-gnu/libnsl-2.13.so
7f3513a7a000-7f3513a7c000 rw-p 00000000 00:00 0 
7f3513a7c000-7f3513aa8000 r-xp 00000000 08:05 1597382                    /usr/lib/jvm/java-6-openjdk/jre/lib/amd64/libjava.so
7f3513aa8000-7f3513ca7000 ---p 0002c000 08:05 1597382                    /usr/lib/jvm/java-6-openjdk/jre/lib/amd64/libjava.so
7f3513ca7000-7f3513ca8000 r--p 0002b000 08:05 1597382                    /usr/lib/jvm/java-6-openjdk/jre/lib/amd64/libjava.so
7f3513ca8000-7f3513cab000 rw-p 0002c000 08:05 1597382                    /usr/lib/jvm/java-6-openjdk/jre/lib/amd64/libjava.so
7f3513cab000-7f3513cb9000 r-xp 00000000 08:05 1597368                    /usr/lib/jvm/java-6-openjdk/jre/lib/amd64/libverify.so
7f3513cb9000-7f3513eb8000 ---p 0000e000 08:05 1597368                    /usr/lib/jvm/java-6-openjdk/jre/lib/amd64/libverify.so
7f3513eb8000-7f3513eba000 r--p 0000d000 08:05 1597368                    /usr/lib/jvm/java-6-openjdk/jre/lib/amd64/libverify.so
7f3513eba000-7f3513ebb000 rw-p 0000f000 08:05 1597368                    /usr/lib/jvm/java-6-openjdk/jre/lib/amd64/libverify.so
7f3513ebb000-7f3513ec2000 r-xp 00000000 08:05 535724                     /lib/x86_64-linux-gnu/librt-2.13.so
7f3513ec2000-7f35140c1000 ---p 00007000 08:05 535724                     /lib/x86_64-linux-gnu/librt-2.13.so
7f35140c1000-7f35140c2000 r--p 00006000 08:05 535724                     /lib/x86_64-linux-gnu/librt-2.13.so
7f35140c2000-7f35140c3000 rw-p 00007000 08:05 535724                     /lib/x86_64-linux-gnu/librt-2.13.so
7f35140c3000-7f35140d8000 r-xp 00000000 08:05 528127                     /lib/x86_64-linux-gnu/libgcc_s.so.1
7f35140d8000-7f35142d7000 ---p 00015000 08:05 528127                     /lib/x86_64-linux-gnu/libgcc_s.so.1
7f35142d7000-7f35142d8000 r--p 00014000 08:05 528127                     /lib/x86_64-linux-gnu/libgcc_s.so.1
7f35142d8000-7f35142d9000 rw-p 00015000 08:05 528127                     /lib/x86_64-linux-gnu/libgcc_s.so.1
7f35142d9000-7f351435d000 r-xp 00000000 08:05 535703                     /lib/x86_64-linux-gnu/libm-2.13.so
7f351435d000-7f351455c000 ---p 00084000 08:05 535703                     /lib/x86_64-linux-gnu/libm-2.13.so
7f351455c000-7f351455d000 r--p 00083000 08:05 535703                     /lib/x86_64-linux-gnu/libm-2.13.so
7f351455d000-7f351455e000 rw-p 00084000 08:05 535703                     /lib/x86_64-linux-gnu/libm-2.13.so
7f351455e000-7f3514646000 r-xp 00000000 08:05 1571250                    /usr/lib/x86_64-linux-gnu/libstdc++.so.6.0.14
7f3514646000-7f3514845000 ---p 000e8000 08:05 1571250                    /usr/lib/x86_64-linux-gnu/libstdc++.so.6.0.14
7f3514845000-7f351484d000 r--p 000e7000 08:05 1571250                    /usr/lib/x86_64-linux-gnu/libstdc++.so.6.0.14
7f351484d000-7f351484f000 rw-p 000ef000 08:05 1571250                    /usr/lib/x86_64-linux-gnu/libstdc++.so.6.0.14
7f351484f000-7f3514864000 rw-p 00000000 00:00 0 
7f3514864000-7f35151b9000 r-xp 00000000 08:05 1597385                    /usr/lib/jvm/java-6-openjdk/jre/lib/amd64/server/libjvm.so
7f35151b9000-7f35153b8000 ---p 00955000 08:05 1597385                    /usr/lib/jvm/java-6-openjdk/jre/lib/amd64/server/libjvm.so
7f35153b8000-7f3515439000 r--p 00954000 08:05 1597385                    /usr/lib/jvm/java-6-openjdk/jre/lib/amd64/server/libjvm.so
7f3515439000-7f3515454000 rw-p 009d5000 08:05 1597385                    /usr/lib/jvm/java-6-openjdk/jre/lib/amd64/server/libjvm.so
7f3515454000-7f351547d000 rw-p 00000000 00:00 0 
7f351547d000-7f3515607000 r-xp 00000000 08:05 535697                     /lib/x86_64-linux-gnu/libc-2.13.so
7f3515607000-7f3515806000 ---p 0018a000 08:05 535697                     /lib/x86_64-linux-gnu/libc-2.13.so
7f3515806000-7f351580a000 r--p 00189000 08:05 535697                     /lib/x86_64-linux-gnu/libc-2.13.so
7f351580a000-7f351580b000 rw-p 0018d000 08:05 535697                     /lib/x86_64-linux-gnu/libc-2.13.so
7f351580b000-7f3515811000 rw-p 00000000 00:00 0 
7f3515811000-7f3515813000 r-xp 00000000 08:05 535702                     /lib/x86_64-linux-gnu/libdl-2.13.so
7f3515813000-7f3515a13000 ---p 00002000 08:05 535702                     /lib/x86_64-linux-gnu/libdl-2.13.so
7f3515a13000-7f3515a14000 r--p 00002000 08:05 535702                     /lib/x86_64-linux-gnu/libdl-2.13.so
7f3515a14000-7f3515a15000 rw-p 00003000 08:05 535702                     /lib/x86_64-linux-gnu/libdl-2.13.so
7f3515a15000-7f3515a19000 r-xp 00000000 08:05 1597366                    /usr/lib/jvm/java-6-openjdk/jre/lib/amd64/jli/libjli.so
7f3515a19000-7f3515c18000 ---p 00004000 08:05 1597366                    /usr/lib/jvm/java-6-openjdk/jre/lib/amd64/jli/libjli.so
7f3515c18000-7f3515c19000 r--p 00003000 08:05 1597366                    /usr/lib/jvm/java-6-openjdk/jre/lib/amd64/jli/libjli.so
7f3515c19000-7f3515c1a000 rw-p 00004000 08:05 1597366                    /usr/lib/jvm/java-6-openjdk/jre/lib/amd64/jli/libjli.so
7f3515c1a000-7f3515c32000 r-xp 00000000 08:05 535718                     /lib/x86_64-linux-gnu/libpthread-2.13.so
7f3515c32000-7f3515e32000 ---p 00018000 08:05 535718                     /lib/x86_64-linux-gnu/libpthread-2.13.so
7f3515e32000-7f3515e33000 r--p 00018000 08:05 535718                     /lib/x86_64-linux-gnu/libpthread-2.13.so
7f3515e33000-7f3515e34000 rw-p 00019000 08:05 535718                     /lib/x86_64-linux-gnu/libpthread-2.13.so
7f3515e34000-7f3515e38000 rw-p 00000000 00:00 0 
7f3515e38000-7f3515e4f000 r-xp 00000000 08:05 535781                     /lib/x86_64-linux-gnu/libz.so.1.2.3.4
7f3515e4f000-7f351604e000 ---p 00017000 08:05 535781                     /lib/x86_64-linux-gnu/libz.so.1.2.3.4
7f351604e000-7f351604f000 r--p 00016000 08:05 535781                     /lib/x86_64-linux-gnu/libz.so.1.2.3.4
7f351604f000-7f3516050000 rw-p 00017000 08:05 535781                     /lib/x86_64-linux-gnu/libz.so.1.2.3.4
7f3516050000-7f3516071000 r-xp 00000000 08:05 535673                     /lib/x86_64-linux-gnu/ld-2.13.so
7f3516071000-7f351607b000 r--s 00000000 08:05 554433                     /var/cache/fontconfig/d52a8644073d54c13679302ca1180695-le64.cache-3
7f351607b000-7f3516085000 rw-p 00000000 00:00 0 
7f3516085000-7f351613b000 rw-p 00000000 00:00 0 
7f351613b000-7f351613e000 ---p 00000000 00:00 0 
7f351613e000-7f3516241000 rw-p 00000000 00:00 0 
7f3516241000-7f3516246000 r--s 00000000 08:05 554452                     /var/cache/fontconfig/515ca1ebc4b18308bea979be5704f9db-le64.cache-3
7f3516246000-7f3516249000 r--s 00000000 08:05 554441                     /var/cache/fontconfig/d60319d88cac85ba9e1a07bd06cfbb8c-le64.cache-3
7f3516249000-7f351624a000 r--s 00000000 08:05 530935                     /var/cache/fontconfig/4794a0821666d79190d59a36cb4f44b5-le64.cache-3
7f351624a000-7f351624b000 r--s 00000000 08:05 554418                     /var/cache/fontconfig/ec648e9a1aea82bddd4bd6050028158d-le64.cache-3
7f351624b000-7f351624f000 r--s 00000000 08:05 538228                     /var/cache/fontconfig/7ef2298fde41cc6eeb7af42e48b7d293-le64.cache-3
7f351624f000-7f3516263000 r--s 00000000 08:05 527842                     /var/cache/fontconfig/865f88548240fee46819705c6468c165-le64.cache-3
7f3516263000-7f3516264000 r--s 00000000 08:05 1340105                    /home/bompo/.fontconfig/aa7e4f27e681240d22a1f116cf7520f0-le64.cache-3
7f3516264000-7f351626c000 rw-s 00000000 08:05 524976                     /tmp/hsperfdata_bompo/14737
7f351626c000-7f351626d000 rw-p 00000000 00:00 0 
7f351626d000-7f351626e000 r--p 00000000 00:00 0 
7f351626e000-7f3516270000 rw-p 00000000 00:00 0 
7f3516270000-7f3516271000 r--p 00020000 08:05 535673                     /lib/x86_64-linux-gnu/ld-2.13.so
7f3516271000-7f3516273000 rw-p 00021000 08:05 535673                     /lib/x86_64-linux-gnu/ld-2.13.so
7ffffd9c0000-7ffffd9e1000 rw-p 00000000 00:00 0                          [stack]
7ffffd9ff000-7ffffda00000 r-xp 00000000 00:00 0                          [vdso]
ffffffffff600000-ffffffffff601000 r-xp 00000000 00:00 0                  [vsyscall]

VM Arguments:
jvm_args: -Dfile.encoding=UTF-8 
java_command: com.jumpandrun.DesktopStarter
Launcher Type: SUN_STANDARD

Environment Variables:
PATH=/usr/local/sbin:/usr/local/bin:/usr/sbin:/usr/bin:/sbin:/bin:/usr/games
USERNAME=bompo
LD_LIBRARY_PATH=/usr/lib/jvm/java-6-openjdk/jre/lib/amd64/server:/usr/lib/jvm/java-6-openjdk/jre/lib/amd64:/usr/lib/jvm/java-6-openjdk/jre/../lib/amd64:/usr/lib64/xulrunner-addons
SHELL=/bin/bash
DISPLAY=:0.0

Signal Handlers:
SIGSEGV: [libjvm.so+0x7d0f60], sa_mask[0]=0x7ffbfeff, sa_flags=0x10000004
SIGBUS: [libjvm.so+0x7d0f60], sa_mask[0]=0x7ffbfeff, sa_flags=0x10000004
SIGFPE: [libjvm.so+0x683760], sa_mask[0]=0x7ffbfeff, sa_flags=0x10000004
SIGPIPE: [libjvm.so+0x683760], sa_mask[0]=0x7ffbfeff, sa_flags=0x10000004
SIGXFSZ: [libjvm.so+0x683760], sa_mask[0]=0x7ffbfeff, sa_flags=0x10000004
SIGILL: [libjvm.so+0x683760], sa_mask[0]=0x7ffbfeff, sa_flags=0x10000004
SIGUSR1: SIG_DFL, sa_mask[0]=0x00000000, sa_flags=0x00000000
SIGUSR2: [libjvm.so+0x683930], sa_mask[0]=0x00000004, sa_flags=0x10000004
SIGHUP: [libjvm.so+0x6862d0], sa_mask[0]=0x7ffbfeff, sa_flags=0x10000004
SIGINT: [libjvm.so+0x6862d0], sa_mask[0]=0x7ffbfeff, sa_flags=0x10000004
SIGTERM: [libjvm.so+0x6862d0], sa_mask[0]=0x7ffbfeff, sa_flags=0x10000004
SIGQUIT: [libjvm.so+0x6862d0], sa_mask[0]=0x7ffbfeff, sa_flags=0x10000004


---------------  S Y S T E M  ---------------

OS:Ubuntu 11.04 (natty)
uname:Linux 2.6.38-10-generic #46-Ubuntu SMP Tue Jun 28 15:07:17 UTC 2011 x86_64
libc:glibc 2.13 NPTL 2.13 
rlimit: STACK 8192k, CORE 0k, NPROC infinity, NOFILE 4096, AS infinity
load average:0.10 0.12 0.14

/proc/meminfo:
MemTotal:        4047872 kB
MemFree:          913568 kB
Buffers:          213036 kB
Cached:          1041256 kB
SwapCached:            0 kB
Active:          1551568 kB
Inactive:        1151964 kB
Active(anon):     930372 kB
Inactive(anon):   524816 kB
Active(file):     621196 kB
Inactive(file):   627148 kB
Unevictable:         248 kB
Mlocked:             132 kB
SwapTotal:      19529724 kB
SwapFree:       19529704 kB
Dirty:               352 kB
Writeback:             0 kB
AnonPages:       1449716 kB
Mapped:           159048 kB
Shmem:              5832 kB
Slab:             232464 kB
SReclaimable:     205372 kB
SUnreclaim:        27092 kB
KernelStack:        3568 kB
PageTables:        29736 kB
NFS_Unstable:          0 kB
Bounce:                0 kB
WritebackTmp:          0 kB
CommitLimit:    21553660 kB
Committed_AS:    3424028 kB
VmallocTotal:   34359738367 kB
VmallocUsed:      341848 kB
VmallocChunk:   34359382612 kB
HardwareCorrupted:     0 kB
HugePages_Total:       0
HugePages_Free:        0
HugePages_Rsvd:        0
HugePages_Surp:        0
Hugepagesize:       2048 kB
DirectMap4k:      189888 kB
DirectMap2M:     3995648 kB


CPU:total 4 (4 cores per cpu, 1 threads per core) family 6 model 30 stepping 5, cmov, cx8, fxsr, mmx, sse, sse2, sse3, ssse3, sse4.1, sse4.2, popcnt

Memory: 4k page, physical 4047872k(913568k free), swap 19529724k(19529704k free)

vm_info: OpenJDK 64-Bit Server VM (20.0-b11) for linux-amd64 JRE (1.6.0_22-b22), built on Jun 11 2011 05:56:16 by "buildd" with gcc 4.5.2

time: Sun Jul 17 16:59:28 2011
elapsed time: 1 seconds

