#
# A fatal error has been detected by the Java Runtime Environment:
#
#  SIGSEGV (0xb) at pc=0x00007f908f0248f8, pid=14639, tid=140258846914304
#
# JRE version: 6.0_22-b22
# Java VM: OpenJDK 64-Bit Server VM (20.0-b11 mixed mode linux-amd64 compressed oops)
# Derivative: IcedTea6 1.10.2
# Distribution: Ubuntu 11.04, package 6b22-1.10.2-0ubuntu1~11.04.1
# Problematic frame:
# C  [libgdx-64.so+0x208f8]  b2BlockAllocator::Allocate(int)+0xa8
#
# If you would like to submit a bug report, please include
# instructions how to reproduce the bug and visit:
#   https://bugs.launchpad.net/ubuntu/+source/openjdk-6/
# The crash happened outside the Java Virtual Machine in native code.
# See problematic frame for where to report the bug.
#

---------------  T H R E A D  ---------------

Current thread (0x00007f9080006000):  JavaThread "LWJGL Application" [_thread_in_native, id=14667, stack(0x00007f908eaf3000,0x00007f908ebf4000)]

siginfo:si_signo=SIGSEGV: si_errno=0, si_code=1 (SEGV_MAPERR), si_addr=0x00007f89900089a0

Registers:
RAX=0x00007f90901e0810, RBX=0x00007f90901a24a0, RCX=0x00007f90901e0810, RDX=0x0000000000001000
RSP=0x00007f908ebf20f0, RBP=0x00007f8990008998, RSI=0x0000000000000fe0, RDI=0x0000000000000003
R8 =0x00007f9090000708, R9 =0x00007f9090000088, R10=0x0000000000001000, R11=0x0000000000000064
R12=0x0000000000000006, R13=0x00000000b85ed030, R14=0x00007f908ebf2310, R15=0x00007f9080006000
RIP=0x00007f908f0248f8, EFLAGS=0x0000000000010206, CSGSFS=0x0000000000000033, ERR=0x0000000000000006
  TRAPNO=0x000000000000000e

Top of Stack: (sp=0x00007f908ebf20f0)
0x00007f908ebf20f0:   00007f90901a24a0 00007f90901a24a0
0x00007f908ebf2100:   00007f908ebf2268 00007f908ebf2140
0x00007f908ebf2110:   00000000b85ed030 00007f908f04bdec
0x00007f908ebf2120:   00000000b85ed030 00007f908ebf2268
0x00007f908ebf2130:   0000000000000000 00007f908f023ecf
0x00007f908ebf2140:   0000000000000000 0000000000000000
0x00007f908ebf2150:   0000000000000000 0000000000000000
0x00007f908ebf2160:   0000010100000000 0000000000000001
0x00007f908ebf2170:   0000000000000000 000000003f800000
0x00007f908ebf2180:   0000000000000000 00007f9096e50d68
0x00007f908ebf2190:   0000000000000000 0000000000000000
0x00007f908ebf21a0:   0000000000000001 000000003f800000
0x00007f908ebf21b0:   00007f908ebf2358 00007f908ebf2288
0x00007f908ebf21c0:   00007f908ebf2288 00007f9096e5b39f
0x00007f908ebf21d0:   00007f9096e44dd0 00007f9000000000
0x00007f908ebf21e0:   00007f908ebf2358 00007f908ebf2288
0x00007f908ebf21f0:   00000000009a5458 00000000009a5458
0x00007f908ebf2200:   00000000009a5498 00000000009a5498
0x00007f908ebf2210:   00007f90fffffffe 00007f908ebf2288
0x00007f908ebf2220:   00000000009a5480 00007f908ebf2228
0x00007f908ebf2230:   00000000b85ed030 00007f908ebf2310
0x00007f908ebf2240:   00000000b8607070 0000000000000000
0x00007f908ebf2250:   00000000b85ed030 0000000000000000
0x00007f908ebf2260:   00007f908ebf2288 00007f908ebf2358
0x00007f908ebf2270:   00007f9096e45929 0000000000000000
0x00007f908ebf2280:   00007f9096e4df57 000000003f800000
0x00007f908ebf2290:   0000000000000001 0000000000000000
0x00007f908ebf22a0:   0000000000000000 0000000000000001
0x00007f908ebf22b0:   0000000000000001 0000000000000000
0x00007f908ebf22c0:   0000000000000000 0000000000000000
0x00007f908ebf22d0:   0000000000000000 0000000000000000
0x00007f908ebf22e0:   0000000000000000 0000000000000000 

Instructions: (pc=0x00007f908f0248f8)
0x00007f908f0248d8:   ac 00 00 00 48 63 e8 bf 00 10 00 00 48 c1 e5 04
0x00007f908f0248e8:   48 03 2b e8 48 87 ff ff 48 89 c1 ba 00 10 00 00
0x00007f908f0248f8:   48 89 45 08 48 8b 05 9d c5 26 00 42 8b 34 a0 89
0x00007f908f024908:   d0 c1 fa 1f f7 fe 89 75 00 89 c2 0f af d6 81 fa 

Register to memory mapping:

RAX=0x00007f90901e0810 is an unknown value
RBX=0x00007f90901a24a0 is an unknown value
RCX=0x00007f90901e0810 is an unknown value
RDX=0x0000000000001000 is an unknown value
RSP=0x00007f908ebf20f0 is pointing into the stack for thread: 0x00007f9080006000
RBP=0x00007f8990008998 is an unknown value
RSI=0x0000000000000fe0 is an unknown value
RDI=0x0000000000000003 is an unknown value
R8 =0x00007f9090000708 is an unknown value
R9 =0x00007f9090000088 is an unknown value
R10=0x0000000000001000 is an unknown value
R11=0x0000000000000064 is an unknown value
R12=0x0000000000000006 is an unknown value
R13=0x00000000b85ed030 is an oop
{method} 
 - klass: {other class}
R14=0x00007f908ebf2310 is pointing into the stack for thread: 0x00007f9080006000
R15=0x00007f9080006000 is a thread


Stack: [0x00007f908eaf3000,0x00007f908ebf4000],  sp=0x00007f908ebf20f0,  free space=1020k
Native frames: (J=compiled Java code, j=interpreted, Vv=VM code, C=native code)
C  [libgdx-64.so+0x208f8]  b2BlockAllocator::Allocate(int)+0xa8

[error occurred during error reporting (printing native stack), id 0xb]

Java frames: (J=compiled Java code, j=interpreted, Vv=VM code)
j  com.badlogic.gdx.physics.box2d.World.jniCreateBody(JIFFFFFFFFZZZZZF)J+0
j  com.badlogic.gdx.physics.box2d.World.createBody(Lcom/badlogic/gdx/physics/box2d/BodyDef;)Lcom/badlogic/gdx/physics/box2d/Body;+80
j  com.jumpandrun.GameInstance.createBox(Lcom/badlogic/gdx/physics/box2d/BodyDef$BodyType;FFF)Lcom/badlogic/gdx/physics/box2d/Body;+23
j  com.jumpandrun.GameInstance.addBlock(FF)V+19
j  com.jumpandrun.Map.<init>()V+118
j  com.jumpandrun.GameInstance.resetGame()V+33
j  com.jumpandrun.GameScreen.<init>(Lcom/badlogic/gdx/Game;)V+150
j  com.jumpandrun.DesktopStarter.create()V+6
j  com.badlogic.gdx.backends.lwjgl.LwjglApplication.mainLoop()V+24
j  com.badlogic.gdx.backends.lwjgl.LwjglApplication.access$000(Lcom/badlogic/gdx/backends/lwjgl/LwjglApplication;)V+1
j  com.badlogic.gdx.backends.lwjgl.LwjglApplication$1.run()V+27
v  ~StubRoutines::call_stub

---------------  P R O C E S S  ---------------

Java Threads: ( => current thread )
  0x0000000000cbf800 JavaThread "PulseAudio Eventloop Thread" daemon [_thread_in_native, id=14682, stack(0x00007f907faec000,0x00007f907fbed000)]
  0x00007f90902ae800 JavaThread "Thread-2" [_thread_blocked, id=14676, stack(0x00007f9086f07000,0x00007f9087008000)]
  0x00007f9080001000 JavaThread "DestroyJavaVM" [_thread_blocked, id=14644, stack(0x00007f909cf43000,0x00007f909d044000)]
=>0x00007f9080006000 JavaThread "LWJGL Application" [_thread_in_native, id=14667, stack(0x00007f908eaf3000,0x00007f908ebf4000)]
  0x0000000000c3d800 JavaThread "AWT-XAWT" daemon [_thread_in_native, id=14658, stack(0x00007f908f33c000,0x00007f908f43d000)]
  0x00007f90900aa000 JavaThread "Java2D Disposer" daemon [_thread_blocked, id=14657, stack(0x00007f909402a000,0x00007f909412b000)]
  0x00007f9090003800 JavaThread "Low Memory Detector" daemon [_thread_blocked, id=14655, stack(0x00007f909555e000,0x00007f909565f000)]
  0x00007f9090001000 JavaThread "C2 CompilerThread1" daemon [_thread_blocked, id=14654, stack(0x00007f909565f000,0x00007f9095760000)]
  0x00000000008fa800 JavaThread "C2 CompilerThread0" daemon [_thread_blocked, id=14653, stack(0x00007f908d65f000,0x00007f908d760000)]
  0x00000000008ec000 JavaThread "Signal Dispatcher" daemon [_thread_blocked, id=14652, stack(0x00007f9095760000,0x00007f9095861000)]
  0x00000000008d4800 JavaThread "Finalizer" daemon [_thread_blocked, id=14651, stack(0x00007f9095c69000,0x00007f9095d6a000)]
  0x00000000008d2800 JavaThread "Reference Handler" daemon [_thread_blocked, id=14650, stack(0x00007f9095d6a000,0x00007f9095e6b000)]

Other Threads:
  0x00000000008cb800 VMThread [stack: 0x00007f9095e6b000,0x00007f9095f6c000] [id=14649]
  0x00007f909000e800 WatcherThread [stack: 0x00007f909545d000,0x00007f909555e000] [id=14656]

VM state:not at safepoint (normal execution)

VM Mutex/Monitor currently owned by a thread: None

Heap
 PSYoungGen      total 18432K, used 11987K [0x00000000eb600000, 0x00000000eca90000, 0x0000000100000000)
  eden space 15808K, 75% used [0x00000000eb600000,0x00000000ec1b4e90,0x00000000ec570000)
  from space 2624K, 0% used [0x00000000ec800000,0x00000000ec800000,0x00000000eca90000)
  to   space 2624K, 0% used [0x00000000ec570000,0x00000000ec570000,0x00000000ec800000)
 PSOldGen        total 42240K, used 0K [0x00000000c2200000, 0x00000000c4b40000, 0x00000000eb600000)
  object space 42240K, 0% used [0x00000000c2200000,0x00000000c2200000,0x00000000c4b40000)
 PSPermGen       total 21248K, used 10646K [0x00000000b7c00000, 0x00000000b90c0000, 0x00000000c2200000)
  object space 21248K, 50% used [0x00000000b7c00000,0x00000000b86659d0,0x00000000b90c0000)

Code Cache  [0x00007f9096e40000, 0x00007f90970b0000, 0x00007f9099e40000)
 total_blobs=532 nmethods=42 adapters=445 free_code_cache=49678464 largest_free_block=11584

Dynamic libraries:
00400000-00409000 r-xp 00000000 08:05 1597353                            /usr/lib/jvm/java-6-openjdk/jre/bin/java
00608000-00609000 r--p 00008000 08:05 1597353                            /usr/lib/jvm/java-6-openjdk/jre/bin/java
00609000-0060a000 rw-p 00009000 08:05 1597353                            /usr/lib/jvm/java-6-openjdk/jre/bin/java
00859000-00d0b000 rw-p 00000000 00:00 0                                  [heap]
40559000-405d3000 rw-p 00000000 00:00 0 
4163e000-41640000 r-xs 00000000 08:05 524988                             /tmp/glokCIFo (deleted)
b7c00000-b90c0000 rw-p 00000000 00:00 0 
b90c0000-c2200000 rw-p 00000000 00:00 0 
c2200000-c4b40000 rw-p 00000000 00:00 0 
c4b40000-eb600000 rw-p 00000000 00:00 0 
eb600000-eca90000 rw-p 00000000 00:00 0 
eca90000-100000000 rw-p 00000000 00:00 0 
7f90775f6000-7f907b5f7000 rw-s 00000000 00:10 609330                     /dev/shm/pulse-shm-4197131786
7f907b5f7000-7f907b5f8000 ---p 00000000 00:00 0 
7f907b5f8000-7f907bdf8000 rw-p 00000000 00:00 0 
7f907faec000-7f907faef000 ---p 00000000 00:00 0 
7f907faef000-7f907fbed000 rw-p 00000000 00:00 0 
7f907fbed000-7f907fbf8000 r-xp 00000000 08:05 1597424                    /usr/lib/jvm/java-6-openjdk/jre/lib/amd64/libpulse-java.so
7f907fbf8000-7f907fdf7000 ---p 0000b000 08:05 1597424                    /usr/lib/jvm/java-6-openjdk/jre/lib/amd64/libpulse-java.so
7f907fdf7000-7f907fdf8000 r--p 0000a000 08:05 1597424                    /usr/lib/jvm/java-6-openjdk/jre/lib/amd64/libpulse-java.so
7f907fdf8000-7f907fdf9000 rw-p 0000b000 08:05 1597424                    /usr/lib/jvm/java-6-openjdk/jre/lib/amd64/libpulse-java.so
7f907fdf9000-7f907fdfe000 r-xp 00000000 08:05 1577007                    /usr/lib/alsa-lib/libasound_module_pcm_pulse.so
7f907fdfe000-7f907fffe000 ---p 00005000 08:05 1577007                    /usr/lib/alsa-lib/libasound_module_pcm_pulse.so
7f907fffe000-7f907ffff000 r--p 00005000 08:05 1577007                    /usr/lib/alsa-lib/libasound_module_pcm_pulse.so
7f907ffff000-7f9080000000 rw-p 00006000 08:05 1577007                    /usr/lib/alsa-lib/libasound_module_pcm_pulse.so
7f9080000000-7f90804e2000 rw-p 00000000 00:00 0 
7f90804e2000-7f9084000000 ---p 00000000 00:00 0 
7f9084087000-7f908416b000 r-xp 00000000 08:05 1571897                    /usr/lib/libasound.so.2.0.0
7f908416b000-7f908436b000 ---p 000e4000 08:05 1571897                    /usr/lib/libasound.so.2.0.0
7f908436b000-7f9084371000 r--p 000e4000 08:05 1571897                    /usr/lib/libasound.so.2.0.0
7f9084371000-7f9084372000 rw-p 000ea000 08:05 1571897                    /usr/lib/libasound.so.2.0.0
7f9084372000-7f9084381000 r-xp 00000000 08:05 1597422                    /usr/lib/jvm/java-6-openjdk/jre/lib/amd64/libjsoundalsa.so
7f9084381000-7f9084580000 ---p 0000f000 08:05 1597422                    /usr/lib/jvm/java-6-openjdk/jre/lib/amd64/libjsoundalsa.so
7f9084580000-7f9084581000 r--p 0000e000 08:05 1597422                    /usr/lib/jvm/java-6-openjdk/jre/lib/amd64/libjsoundalsa.so
7f9084581000-7f9084582000 rw-p 0000f000 08:05 1597422                    /usr/lib/jvm/java-6-openjdk/jre/lib/amd64/libjsoundalsa.so
7f9084582000-7f9084583000 r-xp 00000000 08:05 1597377                    /usr/lib/jvm/java-6-openjdk/jre/lib/amd64/libjsound.so
7f9084583000-7f9084782000 ---p 00001000 08:05 1597377                    /usr/lib/jvm/java-6-openjdk/jre/lib/amd64/libjsound.so
7f9084782000-7f9084783000 r--p 00000000 08:05 1597377                    /usr/lib/jvm/java-6-openjdk/jre/lib/amd64/libjsound.so
7f9084783000-7f9084784000 rw-p 00001000 08:05 1597377                    /usr/lib/jvm/java-6-openjdk/jre/lib/amd64/libjsound.so
7f9084784000-7f9084786000 rw-s 00000000 08:05 524988                     /tmp/glokCIFo (deleted)
7f9084786000-7f9084986000 rw-s b670a000 00:05 7008                       /dev/nvidia0
7f9084986000-7f9084a86000 rw-s b6655000 00:05 7008                       /dev/nvidia0
7f9084a86000-7f9084b51000 rw-p 00000000 00:00 0 
7f9084bb4000-7f9084bcf000 rw-s 116e00000 00:05 7008                      /dev/nvidia0
7f9084bcf000-7f90861a3000 r-xp 00000000 08:05 972                        /usr/lib/nvidia-current/libnvidia-glcore.so.275.09.07
7f90861a3000-7f90863a2000 ---p 015d4000 08:05 972                        /usr/lib/nvidia-current/libnvidia-glcore.so.275.09.07
7f90863a2000-7f90869dd000 rwxp 015d3000 08:05 972                        /usr/lib/nvidia-current/libnvidia-glcore.so.275.09.07
7f90869dd000-7f90869f5000 rwxp 00000000 00:00 0 
7f90869f5000-7f90869f7000 r-xp 00000000 08:05 506                        /usr/lib/nvidia-current/tls/libnvidia-tls.so.275.09.07
7f90869f7000-7f9086bf6000 ---p 00002000 08:05 506                        /usr/lib/nvidia-current/tls/libnvidia-tls.so.275.09.07
7f9086bf6000-7f9086bf7000 rw-p 00001000 08:05 506                        /usr/lib/nvidia-current/tls/libnvidia-tls.so.275.09.07
7f9086bf7000-7f9086cb7000 r-xp 00000000 08:05 974                        /usr/lib/nvidia-current/libGL.so.275.09.07
7f9086cb7000-7f9086eb7000 ---p 000c0000 08:05 974                        /usr/lib/nvidia-current/libGL.so.275.09.07
7f9086eb7000-7f9086ef1000 rwxp 000c0000 08:05 974                        /usr/lib/nvidia-current/libGL.so.275.09.07
7f9086ef1000-7f9086f07000 rwxp 00000000 00:00 0 
7f9086f07000-7f9086f0a000 ---p 00000000 00:00 0 
7f9086f0a000-7f9087008000 rw-p 00000000 00:00 0 
7f9087008000-7f9087009000 ---p 00000000 00:00 0 
7f9087009000-7f9087809000 rw-p 00000000 00:00 0 
7f9087809000-7f908b80a000 rw-s 00000000 00:10 609317                     /dev/shm/pulse-shm-1261792812
7f908b80a000-7f908b80b000 ---p 00000000 00:00 0 
7f908b80b000-7f908c00b000 rw-p 00000000 00:00 0 
7f908c00b000-7f908c011000 r-xp 00000000 08:05 1573092                    /usr/lib/libogg.so.0.7.0
7f908c011000-7f908c210000 ---p 00006000 08:05 1573092                    /usr/lib/libogg.so.0.7.0
7f908c210000-7f908c211000 r--p 00005000 08:05 1573092                    /usr/lib/libogg.so.0.7.0
7f908c211000-7f908c212000 rw-p 00006000 08:05 1573092                    /usr/lib/libogg.so.0.7.0
7f908c212000-7f908c23d000 r-xp 00000000 08:05 1582648                    /usr/lib/libvorbis.so.0.4.5
7f908c23d000-7f908c43c000 ---p 0002b000 08:05 1582648                    /usr/lib/libvorbis.so.0.4.5
7f908c43c000-7f908c43d000 r--p 0002a000 08:05 1582648                    /usr/lib/libvorbis.so.0.4.5
7f908c43d000-7f908c43e000 rw-p 0002b000 08:05 1582648                    /usr/lib/libvorbis.so.0.4.5
7f908c43e000-7f908c6f1000 r-xp 00000000 08:05 1573212                    /usr/lib/libvorbisenc.so.2.0.8
7f908c6f1000-7f908c8f0000 ---p 002b3000 08:05 1573212                    /usr/lib/libvorbisenc.so.2.0.8
7f908c8f0000-7f908c90c000 r--p 002b2000 08:05 1573212                    /usr/lib/libvorbisenc.so.2.0.8
7f908c90c000-7f908c90d000 rw-p 002ce000 08:05 1573212                    /usr/lib/libvorbisenc.so.2.0.8
7f908c90d000-7f908c955000 r-xp 00000000 08:05 1570101                    /usr/lib/libFLAC.so.8.2.0
7f908c955000-7f908cb55000 ---p 00048000 08:05 1570101                    /usr/lib/libFLAC.so.8.2.0
7f908cb55000-7f908cb56000 r--p 00048000 08:05 1570101                    /usr/lib/libFLAC.so.8.2.0
7f908cb56000-7f908cb57000 rw-p 00049000 08:05 1570101                    /usr/lib/libFLAC.so.8.2.0
7f908cb57000-7f908cbb8000 r-xp 00000000 08:05 1570821                    /usr/lib/libsndfile.so.1.0.23
7f908cbb8000-7f908cdb8000 ---p 00061000 08:05 1570821                    /usr/lib/libsndfile.so.1.0.23
7f908cdb8000-7f908cdba000 r--p 00061000 08:05 1570821                    /usr/lib/libsndfile.so.1.0.23
7f908cdba000-7f908cdbb000 rw-p 00063000 08:05 1570821                    /usr/lib/libsndfile.so.1.0.23
7f908cdbb000-7f908cdbf000 rw-p 00000000 00:00 0 
7f908cdbf000-7f908cdc7000 r-xp 00000000 08:05 538930                     /lib/libwrap.so.0.7.6
7f908cdc7000-7f908cfc7000 ---p 00008000 08:05 538930                     /lib/libwrap.so.0.7.6
7f908cfc7000-7f908cfc8000 r--p 00008000 08:05 538930                     /lib/libwrap.so.0.7.6
7f908cfc8000-7f908cfc9000 rw-p 00009000 08:05 538930                     /lib/libwrap.so.0.7.6
7f908cfc9000-7f908cfca000 rw-p 00000000 00:00 0 
7f908cfca000-7f908cfce000 r-xp 00000000 08:05 534738                     /lib/x86_64-linux-gnu/libuuid.so.1.3.0
7f908cfce000-7f908d1cd000 ---p 00004000 08:05 534738                     /lib/x86_64-linux-gnu/libuuid.so.1.3.0
7f908d1cd000-7f908d1ce000 r--p 00003000 08:05 534738                     /lib/x86_64-linux-gnu/libuuid.so.1.3.0
7f908d1ce000-7f908d1cf000 rw-p 00004000 08:05 534738                     /lib/x86_64-linux-gnu/libuuid.so.1.3.0
7f908d1cf000-7f908d211000 r-xp 00000000 08:05 525819                     /lib/x86_64-linux-gnu/libdbus-1.so.3.5.4
7f908d211000-7f908d411000 ---p 00042000 08:05 525819                     /lib/x86_64-linux-gnu/libdbus-1.so.3.5.4
7f908d411000-7f908d412000 r--p 00042000 08:05 525819                     /lib/x86_64-linux-gnu/libdbus-1.so.3.5.4
7f908d412000-7f908d413000 rw-p 00043000 08:05 525819                     /lib/x86_64-linux-gnu/libdbus-1.so.3.5.4
7f908d413000-7f908d45e000 r-xp 00000000 08:05 1580900                    /usr/lib/libpulsecommon-0.9.22.so
7f908d45e000-7f908d65d000 ---p 0004b000 08:05 1580900                    /usr/lib/libpulsecommon-0.9.22.so
7f908d65d000-7f908d65e000 r--p 0004a000 08:05 1580900                    /usr/lib/libpulsecommon-0.9.22.so
7f908d65e000-7f908d65f000 rw-p 0004b000 08:05 1580900                    /usr/lib/libpulsecommon-0.9.22.so
7f908d65f000-7f908d662000 ---p 00000000 00:00 0 
7f908d662000-7f908d760000 rw-p 00000000 00:00 0 
7f908d7b5000-7f908d7b8000 r-xp 00000000 08:05 1573582                    /usr/lib/libxcb-atom.so.1.0.0
7f908d7b8000-7f908d9b8000 ---p 00003000 08:05 1573582                    /usr/lib/libxcb-atom.so.1.0.0
7f908d9b8000-7f908d9b9000 r--p 00003000 08:05 1573582                    /usr/lib/libxcb-atom.so.1.0.0
7f908d9b9000-7f908d9ba000 rw-p 00004000 08:05 1573582                    /usr/lib/libxcb-atom.so.1.0.0
7f908d9ba000-7f908d9c1000 r-xp 00000000 08:05 1578963                    /usr/lib/x86_64-linux-gnu/libSM.so.6.0.1
7f908d9c1000-7f908dbc0000 ---p 00007000 08:05 1578963                    /usr/lib/x86_64-linux-gnu/libSM.so.6.0.1
7f908dbc0000-7f908dbc1000 r--p 00006000 08:05 1578963                    /usr/lib/x86_64-linux-gnu/libSM.so.6.0.1
7f908dbc1000-7f908dbc2000 rw-p 00007000 08:05 1578963                    /usr/lib/x86_64-linux-gnu/libSM.so.6.0.1
7f908dbc2000-7f908dbd8000 r-xp 00000000 08:05 1571606                    /usr/lib/x86_64-linux-gnu/libICE.so.6.3.0
7f908dbd8000-7f908ddd8000 ---p 00016000 08:05 1571606                    /usr/lib/x86_64-linux-gnu/libICE.so.6.3.0
7f908ddd8000-7f908ddd9000 r--p 00016000 08:05 1571606                    /usr/lib/x86_64-linux-gnu/libICE.so.6.3.0
7f908ddd9000-7f908ddda000 rw-p 00017000 08:05 1571606                    /usr/lib/x86_64-linux-gnu/libICE.so.6.3.0
7f908ddda000-7f908dddd000 rw-p 00000000 00:00 0 
7f908dddd000-7f908ddde000 r-xp 00000000 08:05 1570508                    /usr/lib/x86_64-linux-gnu/libX11-xcb.so.1.0.0
7f908ddde000-7f908dfdd000 ---p 00001000 08:05 1570508                    /usr/lib/x86_64-linux-gnu/libX11-xcb.so.1.0.0
7f908dfdd000-7f908dfde000 r--p 00000000 08:05 1570508                    /usr/lib/x86_64-linux-gnu/libX11-xcb.so.1.0.0
7f908dfde000-7f908dfdf000 rw-p 00001000 08:05 1570508                    /usr/lib/x86_64-linux-gnu/libX11-xcb.so.1.0.0
7f908dfdf000-7f908e01f000 r-xp 00000000 08:05 1573921                    /usr/lib/libpulse.so.0.12.3
7f908e01f000-7f908e21e000 ---p 00040000 08:05 1573921                    /usr/lib/libpulse.so.0.12.3
7f908e21e000-7f908e21f000 r--p 0003f000 08:05 1573921                    /usr/lib/libpulse.so.0.12.3
7f908e21f000-7f908e220000 rw-p 00040000 08:05 1573921                    /usr/lib/libpulse.so.0.12.3
7f908e220000-7f908e26c000 r-xp 00000000 08:05 525267                     /tmp/libgdx/3154261069/libopenal64.so
7f908e26c000-7f908e46b000 ---p 0004c000 08:05 525267                     /tmp/libgdx/3154261069/libopenal64.so
7f908e46b000-7f908e46d000 r--p 0004b000 08:05 525267                     /tmp/libgdx/3154261069/libopenal64.so
7f908e46d000-7f908e46e000 rw-p 0004d000 08:05 525267                     /tmp/libgdx/3154261069/libopenal64.so
7f908e46e000-7f908e46f000 rw-p 00000000 00:00 0 
7f908e46f000-7f908e470000 r-xp 00000000 08:05 1597389                    /usr/lib/jvm/java-6-openjdk/jre/lib/amd64/libjawt.so
7f908e470000-7f908e66f000 ---p 00001000 08:05 1597389                    /usr/lib/jvm/java-6-openjdk/jre/lib/amd64/libjawt.so
7f908e66f000-7f908e670000 r--p 00000000 08:05 1597389                    /usr/lib/jvm/java-6-openjdk/jre/lib/amd64/libjawt.so
7f908e670000-7f908e671000 rw-p 00001000 08:05 1597389                    /usr/lib/jvm/java-6-openjdk/jre/lib/amd64/libjawt.so
7f908e671000-7f908e676000 r-xp 00000000 08:05 1581972                    /usr/lib/x86_64-linux-gnu/libXxf86vm.so.1.0.0
7f908e676000-7f908e875000 ---p 00005000 08:05 1581972                    /usr/lib/x86_64-linux-gnu/libXxf86vm.so.1.0.0
7f908e875000-7f908e876000 r--p 00004000 08:05 1581972                    /usr/lib/x86_64-linux-gnu/libXxf86vm.so.1.0.0
7f908e876000-7f908e877000 rw-p 00005000 08:05 1581972                    /usr/lib/x86_64-linux-gnu/libXxf86vm.so.1.0.0
7f908e877000-7f908e8f0000 r-xp 00000000 08:05 525279                     /tmp/libgdx/3154261069/liblwjgl64.so
7f908e8f0000-7f908eaf0000 ---p 00079000 08:05 525279                     /tmp/libgdx/3154261069/liblwjgl64.so
7f908eaf0000-7f908eaf2000 r--p 00079000 08:05 525279                     /tmp/libgdx/3154261069/liblwjgl64.so
7f908eaf2000-7f908eaf3000 rw-p 0007b000 08:05 525279                     /tmp/libgdx/3154261069/liblwjgl64.so
7f908eaf3000-7f908eaf6000 ---p 00000000 00:00 0 
7f908eaf6000-7f908ebf4000 rw-p 00000000 00:00 0 
7f908ebf4000-7f908ebf9000 r-xp 00000000 08:05 1570859                    /usr/lib/x86_64-linux-gnu/libXfixes.so.3.1.0
7f908ebf9000-7f908edf8000 ---p 00005000 08:05 1570859                    /usr/lib/x86_64-linux-gnu/libXfixes.so.3.1.0
7f908edf8000-7f908edf9000 r--p 00004000 08:05 1570859                    /usr/lib/x86_64-linux-gnu/libXfixes.so.3.1.0
7f908edf9000-7f908edfa000 rw-p 00005000 08:05 1570859                    /usr/lib/x86_64-linux-gnu/libXfixes.so.3.1.0
7f908edfa000-7f908ee03000 r-xp 00000000 08:05 1573929                    /usr/lib/x86_64-linux-gnu/libXcursor.so.1.0.2
7f908ee03000-7f908f002000 ---p 00009000 08:05 1573929                    /usr/lib/x86_64-linux-gnu/libXcursor.so.1.0.2
7f908f002000-7f908f003000 r--p 00008000 08:05 1573929                    /usr/lib/x86_64-linux-gnu/libXcursor.so.1.0.2
7f908f003000-7f908f004000 rw-p 00009000 08:05 1573929                    /usr/lib/x86_64-linux-gnu/libXcursor.so.1.0.2
7f908f004000-7f908f090000 r-xp 00000000 08:05 525228                     /tmp/libgdx/3154261069/libgdx-64.so
7f908f090000-7f908f290000 ---p 0008c000 08:05 525228                     /tmp/libgdx/3154261069/libgdx-64.so
7f908f290000-7f908f291000 r--p 0008c000 08:05 525228                     /tmp/libgdx/3154261069/libgdx-64.so
7f908f291000-7f908f292000 rw-p 0008d000 08:05 525228                     /tmp/libgdx/3154261069/libgdx-64.so
7f908f292000-7f908f295000 rw-p 00000000 00:00 0 
7f908f295000-7f908f2c3000 r--s 00000000 08:05 554435                     /var/cache/fontconfig/365b55f210c0a22e9a19e35191240f32-le64.cache-3
7f908f2f2000-7f908f2f6000 rw-s 99d0b000 00:05 7008                       /dev/nvidia0
7f908f2f6000-7f908f2f7000 rw-s d0008000 00:05 7008                       /dev/nvidia0
7f908f2f7000-7f908f2f8000 rw-s 9f447000 00:05 7008                       /dev/nvidia0
7f908f2f8000-7f908f2fc000 rw-s b6597000 00:05 7008                       /dev/nvidia0
7f908f2fc000-7f908f33c000 rw-s b6696000 00:05 7008                       /dev/nvidia0
7f908f33c000-7f908f33f000 ---p 00000000 00:00 0 
7f908f33f000-7f908f43d000 rw-p 00000000 00:00 0 
7f908f43d000-7f908f43e000 r--s 00000000 08:05 532633                     /var/cache/fontconfig/26de28bc8622bbc1fb67fd234c21975f-le64.cache-3
7f908f43e000-7f908f43f000 r--s 00000000 08:05 554485                     /var/cache/fontconfig/c05880de57d1f5e948fdfacc138775d9-le64.cache-3
7f908f43f000-7f908f448000 r--s 00000000 08:05 527845                     /var/cache/fontconfig/945677eb7aeaf62f1d50efc3fb3ec7d8-le64.cache-3
7f908f448000-7f908f44a000 r--s 00000000 08:05 554480                     /var/cache/fontconfig/99e8ed0e538f840c565b6ed5dad60d56-le64.cache-3
7f908f44a000-7f908f44d000 r--s 00000000 08:05 554411                     /var/cache/fontconfig/f24b2111ab8703b4e963115a8cf14259-le64.cache-3
7f908f44d000-7f908f450000 r--s 00000000 08:05 554479                     /var/cache/fontconfig/e383d7ea5fbe662a33d9b44caf393297-le64.cache-3
7f908f450000-7f908f453000 r--s 00000000 08:05 554477                     /var/cache/fontconfig/2cd17615ca594fa2959ae173292e504c-le64.cache-3
7f908f453000-7f908f454000 r--s 00000000 08:05 554471                     /var/cache/fontconfig/e7071f4a29fa870f4323321c154eba04-le64.cache-3
7f908f454000-7f908f458000 r--s 00000000 08:05 554470                     /var/cache/fontconfig/6eb3985aa4124903f6ff08ba781cd364-le64.cache-3
7f908f458000-7f908f459000 r--s 00000000 08:05 554466                     /var/cache/fontconfig/4c73fe0c47614734b17d736dbde7580a-le64.cache-3
7f908f459000-7f908f45a000 r--s 00000000 08:05 554459                     /var/cache/fontconfig/0d8c3b2ac0904cb8a57a757ad11a4a08-le64.cache-3
7f908f45a000-7f908f45b000 r--s 00000000 08:05 554454                     /var/cache/fontconfig/6a53c69dea097a2d716e069445527da8-le64.cache-3
7f908f45b000-7f908f460000 r--s 00000000 08:05 554453                     /var/cache/fontconfig/062808c12e6e608270f93bb230aed730-le64.cache-3
7f908f460000-7f908f466000 r--s 00000000 08:05 554429                     /var/cache/fontconfig/a755afe4a08bf5b97852ceb7400b47bc-le64.cache-3
7f908f466000-7f908f46b000 r--s 00000000 08:05 554452                     /var/cache/fontconfig/515ca1ebc4b18308bea979be5704f9db-le64.cache-3
7f908f46b000-7f908f474000 r--s 00000000 08:05 554448                     /var/cache/fontconfig/6d41288fd70b0be22e8c3a91e032eec0-le64.cache-3
7f908f474000-7f908f484000 r--s 00000000 08:05 554447                     /var/cache/fontconfig/0f34bcd4b6ee430af32735b75db7f02b-le64.cache-3
7f908f484000-7f908f487000 r--s 00000000 08:05 554441                     /var/cache/fontconfig/d60319d88cac85ba9e1a07bd06cfbb8c-le64.cache-3
7f908f487000-7f908f488000 r--s 00000000 08:05 530935                     /var/cache/fontconfig/4794a0821666d79190d59a36cb4f44b5-le64.cache-3
7f908f488000-7f908f4b6000 r--s 00000000 08:05 554435                     /var/cache/fontconfig/365b55f210c0a22e9a19e35191240f32-le64.cache-3
7f908f4b6000-7f908f4c0000 r--s 00000000 08:05 554433                     /var/cache/fontconfig/d52a8644073d54c13679302ca1180695-le64.cache-3
7f908f4c1000-7f908f4c9000 r-xp 00000000 08:05 1581969                    /usr/lib/x86_64-linux-gnu/libXrandr.so.2.2.0
7f908f4c9000-7f908f6c8000 ---p 00008000 08:05 1581969                    /usr/lib/x86_64-linux-gnu/libXrandr.so.2.2.0
7f908f6c8000-7f908f6c9000 r--p 00007000 08:05 1581969                    /usr/lib/x86_64-linux-gnu/libXrandr.so.2.2.0
7f908f6c9000-7f908f6ca000 rw-p 00008000 08:05 1581969                    /usr/lib/x86_64-linux-gnu/libXrandr.so.2.2.0
7f908f6ca000-7f908f6cb000 rw-p 00000000 00:00 0 
7f908f6cb000-7f908f6cc000 rw-s fbc0a000 00:05 7008                       /dev/nvidia0
7f908f6cc000-7f908f6ec000 rw-s 35465000 00:05 7008                       /dev/nvidia0
7f908f6ec000-7f908f6ed000 rw-s fb641000 00:05 7008                       /dev/nvidia0
7f908f6ed000-7f908f6ee000 rw-s 117363000 00:05 7008                      /dev/nvidia0
7f908f6ee000-7f908f6ef000 rw-s 99fa7000 00:05 7008                       /dev/nvidia0
7f908f6ef000-7f908f6f0000 rw-s fb060000 00:05 7008                       /dev/nvidia0
7f908f6f0000-7f908f6f7000 r--s 000fb000 08:05 1597348                    /usr/lib/jvm/java-6-openjdk/jre/lib/resources.jar
7f908f6f7000-7f908f6f8000 r--s 00000000 08:05 554418                     /var/cache/fontconfig/ec648e9a1aea82bddd4bd6050028158d-le64.cache-3
7f908f6f8000-7f908f70b000 r--s 00000000 08:05 538224                     /var/cache/fontconfig/e13b20fdb08344e0e664864cc2ede53d-le64.cache-3
7f908f70b000-7f908f70f000 r--s 00000000 08:05 538228                     /var/cache/fontconfig/7ef2298fde41cc6eeb7af42e48b7d293-le64.cache-3
7f908f70f000-7f908f723000 r--s 00000000 08:05 527842                     /var/cache/fontconfig/865f88548240fee46819705c6468c165-le64.cache-3
7f908f723000-7f908f7b6000 r-xp 00000000 08:05 1574433                    /usr/lib/x86_64-linux-gnu/libfreetype.so.6.6.2
7f908f7b6000-7f908f9b5000 ---p 00093000 08:05 1574433                    /usr/lib/x86_64-linux-gnu/libfreetype.so.6.6.2
7f908f9b5000-7f908f9bb000 r--p 00092000 08:05 1574433                    /usr/lib/x86_64-linux-gnu/libfreetype.so.6.6.2
7f908f9bb000-7f908f9bc000 rw-p 00098000 08:05 1574433                    /usr/lib/x86_64-linux-gnu/libfreetype.so.6.6.2
7f908f9bc000-7f908f9f5000 r-xp 00000000 08:05 1597379                    /usr/lib/jvm/java-6-openjdk/jre/lib/amd64/libfontmanager.so
7f908f9f5000-7f908fbf4000 ---p 00039000 08:05 1597379                    /usr/lib/jvm/java-6-openjdk/jre/lib/amd64/libfontmanager.so
7f908fbf4000-7f908fbf6000 r--p 00038000 08:05 1597379                    /usr/lib/jvm/java-6-openjdk/jre/lib/amd64/libfontmanager.so
7f908fbf6000-7f908fbf7000 rw-p 0003a000 08:05 1597379                    /usr/lib/jvm/java-6-openjdk/jre/lib/amd64/libfontmanager.so
7f908fbf7000-7f908fbfc000 r-xp 00000000 08:05 1573561                    /usr/lib/x86_64-linux-gnu/libXdmcp.so.6.0.0
7f908fbfc000-7f908fdfb000 ---p 00005000 08:05 1573561                    /usr/lib/x86_64-linux-gnu/libXdmcp.so.6.0.0
7f908fdfb000-7f908fdfc000 r--p 00004000 08:05 1573561                    /usr/lib/x86_64-linux-gnu/libXdmcp.so.6.0.0
7f908fdfc000-7f908fdfd000 rw-p 00005000 08:05 1573561                    /usr/lib/x86_64-linux-gnu/libXdmcp.so.6.0.0
7f908fdfd000-7f908fdff000 r-xp 00000000 08:05 1570542                    /usr/lib/x86_64-linux-gnu/libXau.so.6.0.0
7f908fdff000-7f908fffe000 ---p 00002000 08:05 1570542                    /usr/lib/x86_64-linux-gnu/libXau.so.6.0.0
7f908fffe000-7f908ffff000 r--p 00001000 08:05 1570542                    /usr/lib/x86_64-linux-gnu/libXau.so.6.0.0
7f908ffff000-7f9090000000 rw-p 00002000 08:05 1570542                    /usr/lib/x86_64-linux-gnu/libXau.so.6.0.0
7f9090000000-7f90903c2000 rw-p 00000000 00:00 0 
7f90903c2000-7f9094000000 ---p 00000000 00:00 0 
7f9094000000-7f9094001000 r--p 00000000 00:00 0 
7f9094001000-7f9094002000 r--s 00000000 08:05 1340105                    /home/bompo/.fontconfig/aa7e4f27e681240d22a1f116cf7520f0-le64.cache-3
7f9094002000-7f9094003000 r--s 00000000 08:05 532633                     /var/cache/fontconfig/26de28bc8622bbc1fb67fd234c21975f-le64.cache-3
7f9094003000-7f9094004000 r--s 00000000 08:05 554485                     /var/cache/fontconfig/c05880de57d1f5e948fdfacc138775d9-le64.cache-3
7f9094004000-7f909400d000 r--s 00000000 08:05 527845                     /var/cache/fontconfig/945677eb7aeaf62f1d50efc3fb3ec7d8-le64.cache-3
7f909400d000-7f909400f000 r--s 00000000 08:05 554480                     /var/cache/fontconfig/99e8ed0e538f840c565b6ed5dad60d56-le64.cache-3
7f909400f000-7f9094012000 r--s 00000000 08:05 554411                     /var/cache/fontconfig/f24b2111ab8703b4e963115a8cf14259-le64.cache-3
7f9094012000-7f9094015000 r--s 00000000 08:05 554479                     /var/cache/fontconfig/e383d7ea5fbe662a33d9b44caf393297-le64.cache-3
7f9094015000-7f9094018000 r--s 00000000 08:05 554477                     /var/cache/fontconfig/2cd17615ca594fa2959ae173292e504c-le64.cache-3
7f9094018000-7f9094019000 r--s 00000000 08:05 554471                     /var/cache/fontconfig/e7071f4a29fa870f4323321c154eba04-le64.cache-3
7f9094019000-7f909401d000 r--s 00000000 08:05 554470                     /var/cache/fontconfig/6eb3985aa4124903f6ff08ba781cd364-le64.cache-3
7f909401d000-7f909401e000 r--s 00000000 08:05 554466                     /var/cache/fontconfig/4c73fe0c47614734b17d736dbde7580a-le64.cache-3
7f909401e000-7f909401f000 r--s 00000000 08:05 554459                     /var/cache/fontconfig/0d8c3b2ac0904cb8a57a757ad11a4a08-le64.cache-3
7f909401f000-7f9094024000 r--s 00000000 08:05 554453                     /var/cache/fontconfig/062808c12e6e608270f93bb230aed730-le64.cache-3
7f9094024000-7f909402a000 r--s 00000000 08:05 554429                     /var/cache/fontconfig/a755afe4a08bf5b97852ceb7400b47bc-le64.cache-3
7f909402a000-7f909402d000 ---p 00000000 00:00 0 
7f909402d000-7f909412b000 rw-p 00000000 00:00 0 
7f909412b000-7f9094146000 r-xp 00000000 08:05 1572615                    /usr/lib/x86_64-linux-gnu/libxcb.so.1.1.0
7f9094146000-7f9094345000 ---p 0001b000 08:05 1572615                    /usr/lib/x86_64-linux-gnu/libxcb.so.1.1.0
7f9094345000-7f9094346000 r--p 0001a000 08:05 1572615                    /usr/lib/x86_64-linux-gnu/libxcb.so.1.1.0
7f9094346000-7f9094347000 rw-p 0001b000 08:05 1572615                    /usr/lib/x86_64-linux-gnu/libxcb.so.1.1.0
7f9094347000-7f9094356000 r-xp 00000000 08:05 1613065                    /usr/lib/x86_64-linux-gnu/libXi.so.6.1.0
7f9094356000-7f9094555000 ---p 0000f000 08:05 1613065                    /usr/lib/x86_64-linux-gnu/libXi.so.6.1.0
7f9094555000-7f9094556000 r--p 0000e000 08:05 1613065                    /usr/lib/x86_64-linux-gnu/libXi.so.6.1.0
7f9094556000-7f9094557000 rw-p 0000f000 08:05 1613065                    /usr/lib/x86_64-linux-gnu/libXi.so.6.1.0
7f9094557000-7f909455c000 r-xp 00000000 08:05 1572606                    /usr/lib/libXtst.so.6.1.0
7f909455c000-7f909475b000 ---p 00005000 08:05 1572606                    /usr/lib/libXtst.so.6.1.0
7f909475b000-7f909475c000 r--p 00004000 08:05 1572606                    /usr/lib/libXtst.so.6.1.0
7f909475c000-7f909475d000 rw-p 00005000 08:05 1572606                    /usr/lib/libXtst.so.6.1.0
7f909475d000-7f9094766000 r-xp 00000000 08:05 1570620                    /usr/lib/x86_64-linux-gnu/libXrender.so.1.3.0
7f9094766000-7f9094966000 ---p 00009000 08:05 1570620                    /usr/lib/x86_64-linux-gnu/libXrender.so.1.3.0
7f9094966000-7f9094967000 r--p 00009000 08:05 1570620                    /usr/lib/x86_64-linux-gnu/libXrender.so.1.3.0
7f9094967000-7f9094968000 rw-p 0000a000 08:05 1570620                    /usr/lib/x86_64-linux-gnu/libXrender.so.1.3.0
7f9094968000-7f9094a9d000 r-xp 00000000 08:05 1573591                    /usr/lib/x86_64-linux-gnu/libX11.so.6.3.0
7f9094a9d000-7f9094c9d000 ---p 00135000 08:05 1573591                    /usr/lib/x86_64-linux-gnu/libX11.so.6.3.0
7f9094c9d000-7f9094c9e000 r--p 00135000 08:05 1573591                    /usr/lib/x86_64-linux-gnu/libX11.so.6.3.0
7f9094c9e000-7f9094ca2000 rw-p 00136000 08:05 1573591                    /usr/lib/x86_64-linux-gnu/libX11.so.6.3.0
7f9094ca2000-7f9094cb3000 r-xp 00000000 08:05 1571673                    /usr/lib/x86_64-linux-gnu/libXext.so.6.4.0
7f9094cb3000-7f9094eb2000 ---p 00011000 08:05 1571673                    /usr/lib/x86_64-linux-gnu/libXext.so.6.4.0
7f9094eb2000-7f9094eb3000 r--p 00010000 08:05 1571673                    /usr/lib/x86_64-linux-gnu/libXext.so.6.4.0
7f9094eb3000-7f9094eb4000 rw-p 00011000 08:05 1571673                    /usr/lib/x86_64-linux-gnu/libXext.so.6.4.0
7f9094eb4000-7f9094eb5000 r--s 00000000 08:05 554454                     /var/cache/fontconfig/6a53c69dea097a2d716e069445527da8-le64.cache-3
7f9094eb5000-7f9094ebe000 r--s 00000000 08:05 554448                     /var/cache/fontconfig/6d41288fd70b0be22e8c3a91e032eec0-le64.cache-3
7f9094ebe000-7f9094ece000 r--s 00000000 08:05 554447                     /var/cache/fontconfig/0f34bcd4b6ee430af32735b75db7f02b-le64.cache-3
7f9094ece000-7f9094ee1000 r--s 00000000 08:05 538224                     /var/cache/fontconfig/e13b20fdb08344e0e664864cc2ede53d-le64.cache-3
7f9094ee1000-7f9094f2c000 r-xp 00000000 08:05 1597420                    /usr/lib/jvm/java-6-openjdk/jre/lib/amd64/xawt/libmawt.so
7f9094f2c000-7f909512c000 ---p 0004b000 08:05 1597420                    /usr/lib/jvm/java-6-openjdk/jre/lib/amd64/xawt/libmawt.so
7f909512c000-7f909512d000 r--p 0004b000 08:05 1597420                    /usr/lib/jvm/java-6-openjdk/jre/lib/amd64/xawt/libmawt.so
7f909512d000-7f9095130000 rw-p 0004c000 08:05 1597420                    /usr/lib/jvm/java-6-openjdk/jre/lib/amd64/xawt/libmawt.so
7f9095130000-7f9095131000 rw-p 00000000 00:00 0 
7f9095131000-7f90951da000 r-xp 00000000 08:05 1597388                    /usr/lib/jvm/java-6-openjdk/jre/lib/amd64/libawt.so
7f90951da000-7f90953d9000 ---p 000a9000 08:05 1597388                    /usr/lib/jvm/java-6-openjdk/jre/lib/amd64/libawt.so
7f90953d9000-7f90953da000 r--p 000a8000 08:05 1597388                    /usr/lib/jvm/java-6-openjdk/jre/lib/amd64/libawt.so
7f90953da000-7f90953e5000 rw-p 000a9000 08:05 1597388                    /usr/lib/jvm/java-6-openjdk/jre/lib/amd64/libawt.so
7f90953e5000-7f909540a000 rw-p 00000000 00:00 0 
7f909540a000-7f909541b000 r--s 0011a000 08:05 1440866                    /home/bompo/git/kpmusikspiel/libs/gdx-backend-lwjgl.jar
7f909541b000-7f909541c000 r--s 00007000 08:05 1440877                    /home/bompo/git/kpmusikspiel/libs/gdx-backend-lwjgl-sources.jar
7f909541c000-7f909541d000 r--s 00127000 08:05 1440876                    /home/bompo/git/kpmusikspiel/libs/gdx-backend-lwjgl-natives.jar
7f909541d000-7f9095420000 r--s 00017000 08:05 1439905                    /home/bompo/git/kpmusikspiel/libs/tritonus_share.jar
7f9095420000-7f9095421000 r--s 00002000 08:05 1439810                    /home/bompo/git/kpmusikspiel/libs/tritonus_aos.jar
7f9095421000-7f9095422000 r--s 00005000 08:05 1447554                    /home/bompo/git/kpmusikspiel/libs/mp3spi1.9.4.jar
7f9095422000-7f9095427000 r--s 00028000 08:05 1447540                    /home/bompo/git/kpmusikspiel/libs/beads.jar
7f9095427000-7f909542b000 r--s 0007c000 08:05 1597316                    /usr/lib/jvm/java-6-openjdk/jre/lib/jsse.jar
7f909542b000-7f9095436000 r--s 00094000 08:05 1498923                    /home/bompo/git/kpmusikspiel/libs/gdx.jar
7f9095436000-7f9095437000 r--s 001a1000 08:05 1440083                    /home/bompo/git/kpmusikspiel/libs/gdx-natives.jar
7f9095437000-7f9095451000 r--s 00207000 08:05 1498924                    /home/bompo/git/kpmusikspiel/libs/gdx-backend-jogl.jar
7f9095451000-7f9095452000 r--s 00203000 08:05 1498925                    /home/bompo/git/kpmusikspiel/libs/gdx-backend-jogl-natives.jar
7f9095452000-7f909545a000 r--s 00066000 08:05 1721290                    /usr/share/java/gnome-java-bridge.jar
7f909545a000-7f909545d000 r--s 0000f000 08:05 1597341                    /usr/lib/jvm/java-6-openjdk/jre/lib/ext/pulse-java.jar
7f909545d000-7f909545e000 ---p 00000000 00:00 0 
7f909545e000-7f909555e000 rw-p 00000000 00:00 0 
7f909555e000-7f9095561000 ---p 00000000 00:00 0 
7f9095561000-7f909565f000 rw-p 00000000 00:00 0 
7f909565f000-7f9095662000 ---p 00000000 00:00 0 
7f9095662000-7f9095760000 rw-p 00000000 00:00 0 
7f9095760000-7f9095763000 ---p 00000000 00:00 0 
7f9095763000-7f9095861000 rw-p 00000000 00:00 0 
7f9095861000-7f9095c69000 r--p 00000000 08:05 1570348                    /usr/lib/locale/locale-archive
7f9095c69000-7f9095c6c000 ---p 00000000 00:00 0 
7f9095c6c000-7f9095d6a000 rw-p 00000000 00:00 0 
7f9095d6a000-7f9095d6d000 ---p 00000000 00:00 0 
7f9095d6d000-7f9095e6b000 rw-p 00000000 00:00 0 
7f9095e6b000-7f9095e6c000 ---p 00000000 00:00 0 
7f9095e6c000-7f90964a4000 rw-p 00000000 00:00 0 
7f90964a4000-7f9096634000 r--s 037af000 08:05 1597397                    /usr/lib/jvm/java-6-openjdk/jre/lib/rt.jar
7f9096634000-7f909665c000 rw-p 00000000 00:00 0 
7f909665c000-7f909665d000 ---p 00000000 00:00 0 
7f909665d000-7f909675d000 rw-p 00000000 00:00 0 
7f909675d000-7f909675e000 ---p 00000000 00:00 0 
7f909675e000-7f909685e000 rw-p 00000000 00:00 0 
7f909685e000-7f909685f000 ---p 00000000 00:00 0 
7f909685f000-7f909695f000 rw-p 00000000 00:00 0 
7f909695f000-7f9096960000 ---p 00000000 00:00 0 
7f9096960000-7f9096a6b000 rw-p 00000000 00:00 0 
7f9096a6b000-7f9096ab3000 rw-p 00000000 00:00 0 
7f9096ab3000-7f9096ac8000 rw-p 00000000 00:00 0 
7f9096ac8000-7f9096bfd000 rw-p 00000000 00:00 0 
7f9096bfd000-7f9096c08000 rw-p 00000000 00:00 0 
7f9096c08000-7f9096c50000 rw-p 00000000 00:00 0 
7f9096c50000-7f9096c65000 rw-p 00000000 00:00 0 
7f9096c65000-7f9096d9a000 rw-p 00000000 00:00 0 
7f9096d9a000-7f9096da5000 rw-p 00000000 00:00 0 
7f9096da5000-7f9096e3f000 rw-p 00000000 00:00 0 
7f9096e3f000-7f9096e40000 rw-p 00000000 00:00 0 
7f9096e40000-7f90970b0000 rwxp 00000000 00:00 0 
7f90970b0000-7f9099e40000 rw-p 00000000 00:00 0 
7f9099e40000-7f9099e47000 r-xp 00000000 08:05 1597383                    /usr/lib/jvm/java-6-openjdk/jre/lib/amd64/libzip.so
7f9099e47000-7f909a046000 ---p 00007000 08:05 1597383                    /usr/lib/jvm/java-6-openjdk/jre/lib/amd64/libzip.so
7f909a046000-7f909a047000 r--p 00006000 08:05 1597383                    /usr/lib/jvm/java-6-openjdk/jre/lib/amd64/libzip.so
7f909a047000-7f909a048000 rw-p 00007000 08:05 1597383                    /usr/lib/jvm/java-6-openjdk/jre/lib/amd64/libzip.so
7f909a048000-7f909a054000 r-xp 00000000 08:05 535712                     /lib/x86_64-linux-gnu/libnss_files-2.13.so
7f909a054000-7f909a253000 ---p 0000c000 08:05 535712                     /lib/x86_64-linux-gnu/libnss_files-2.13.so
7f909a253000-7f909a254000 r--p 0000b000 08:05 535712                     /lib/x86_64-linux-gnu/libnss_files-2.13.so
7f909a254000-7f909a255000 rw-p 0000c000 08:05 535712                     /lib/x86_64-linux-gnu/libnss_files-2.13.so
7f909a255000-7f909a260000 r-xp 00000000 08:05 535714                     /lib/x86_64-linux-gnu/libnss_nis-2.13.so
7f909a260000-7f909a45f000 ---p 0000b000 08:05 535714                     /lib/x86_64-linux-gnu/libnss_nis-2.13.so
7f909a45f000-7f909a460000 r--p 0000a000 08:05 535714                     /lib/x86_64-linux-gnu/libnss_nis-2.13.so
7f909a460000-7f909a461000 rw-p 0000b000 08:05 535714                     /lib/x86_64-linux-gnu/libnss_nis-2.13.so
7f909a461000-7f909a469000 r-xp 00000000 08:05 535710                     /lib/x86_64-linux-gnu/libnss_compat-2.13.so
7f909a469000-7f909a668000 ---p 00008000 08:05 535710                     /lib/x86_64-linux-gnu/libnss_compat-2.13.so
7f909a668000-7f909a669000 r--p 00007000 08:05 535710                     /lib/x86_64-linux-gnu/libnss_compat-2.13.so
7f909a669000-7f909a66a000 rw-p 00008000 08:05 535710                     /lib/x86_64-linux-gnu/libnss_compat-2.13.so
7f909a66a000-7f909a681000 r-xp 00000000 08:05 535709                     /lib/x86_64-linux-gnu/libnsl-2.13.so
7f909a681000-7f909a880000 ---p 00017000 08:05 535709                     /lib/x86_64-linux-gnu/libnsl-2.13.so
7f909a880000-7f909a881000 r--p 00016000 08:05 535709                     /lib/x86_64-linux-gnu/libnsl-2.13.so
7f909a881000-7f909a882000 rw-p 00017000 08:05 535709                     /lib/x86_64-linux-gnu/libnsl-2.13.so
7f909a882000-7f909a884000 rw-p 00000000 00:00 0 
7f909a884000-7f909a8b0000 r-xp 00000000 08:05 1597382                    /usr/lib/jvm/java-6-openjdk/jre/lib/amd64/libjava.so
7f909a8b0000-7f909aaaf000 ---p 0002c000 08:05 1597382                    /usr/lib/jvm/java-6-openjdk/jre/lib/amd64/libjava.so
7f909aaaf000-7f909aab0000 r--p 0002b000 08:05 1597382                    /usr/lib/jvm/java-6-openjdk/jre/lib/amd64/libjava.so
7f909aab0000-7f909aab3000 rw-p 0002c000 08:05 1597382                    /usr/lib/jvm/java-6-openjdk/jre/lib/amd64/libjava.so
7f909aab3000-7f909aac1000 r-xp 00000000 08:05 1597368                    /usr/lib/jvm/java-6-openjdk/jre/lib/amd64/libverify.so
7f909aac1000-7f909acc0000 ---p 0000e000 08:05 1597368                    /usr/lib/jvm/java-6-openjdk/jre/lib/amd64/libverify.so
7f909acc0000-7f909acc2000 r--p 0000d000 08:05 1597368                    /usr/lib/jvm/java-6-openjdk/jre/lib/amd64/libverify.so
7f909acc2000-7f909acc3000 rw-p 0000f000 08:05 1597368                    /usr/lib/jvm/java-6-openjdk/jre/lib/amd64/libverify.so
7f909acc3000-7f909acca000 r-xp 00000000 08:05 535724                     /lib/x86_64-linux-gnu/librt-2.13.so
7f909acca000-7f909aec9000 ---p 00007000 08:05 535724                     /lib/x86_64-linux-gnu/librt-2.13.so
7f909aec9000-7f909aeca000 r--p 00006000 08:05 535724                     /lib/x86_64-linux-gnu/librt-2.13.so
7f909aeca000-7f909aecb000 rw-p 00007000 08:05 535724                     /lib/x86_64-linux-gnu/librt-2.13.so
7f909aecb000-7f909aee0000 r-xp 00000000 08:05 528127                     /lib/x86_64-linux-gnu/libgcc_s.so.1
7f909aee0000-7f909b0df000 ---p 00015000 08:05 528127                     /lib/x86_64-linux-gnu/libgcc_s.so.1
7f909b0df000-7f909b0e0000 r--p 00014000 08:05 528127                     /lib/x86_64-linux-gnu/libgcc_s.so.1
7f909b0e0000-7f909b0e1000 rw-p 00015000 08:05 528127                     /lib/x86_64-linux-gnu/libgcc_s.so.1
7f909b0e1000-7f909b165000 r-xp 00000000 08:05 535703                     /lib/x86_64-linux-gnu/libm-2.13.so
7f909b165000-7f909b364000 ---p 00084000 08:05 535703                     /lib/x86_64-linux-gnu/libm-2.13.so
7f909b364000-7f909b365000 r--p 00083000 08:05 535703                     /lib/x86_64-linux-gnu/libm-2.13.so
7f909b365000-7f909b366000 rw-p 00084000 08:05 535703                     /lib/x86_64-linux-gnu/libm-2.13.so
7f909b366000-7f909b44e000 r-xp 00000000 08:05 1571250                    /usr/lib/x86_64-linux-gnu/libstdc++.so.6.0.14
7f909b44e000-7f909b64d000 ---p 000e8000 08:05 1571250                    /usr/lib/x86_64-linux-gnu/libstdc++.so.6.0.14
7f909b64d000-7f909b655000 r--p 000e7000 08:05 1571250                    /usr/lib/x86_64-linux-gnu/libstdc++.so.6.0.14
7f909b655000-7f909b657000 rw-p 000ef000 08:05 1571250                    /usr/lib/x86_64-linux-gnu/libstdc++.so.6.0.14
7f909b657000-7f909b66c000 rw-p 00000000 00:00 0 
7f909b66c000-7f909bfc1000 r-xp 00000000 08:05 1597385                    /usr/lib/jvm/java-6-openjdk/jre/lib/amd64/server/libjvm.so
7f909bfc1000-7f909c1c0000 ---p 00955000 08:05 1597385                    /usr/lib/jvm/java-6-openjdk/jre/lib/amd64/server/libjvm.so
7f909c1c0000-7f909c241000 r--p 00954000 08:05 1597385                    /usr/lib/jvm/java-6-openjdk/jre/lib/amd64/server/libjvm.so
7f909c241000-7f909c25c000 rw-p 009d5000 08:05 1597385                    /usr/lib/jvm/java-6-openjdk/jre/lib/amd64/server/libjvm.so
7f909c25c000-7f909c285000 rw-p 00000000 00:00 0 
7f909c285000-7f909c40f000 r-xp 00000000 08:05 535697                     /lib/x86_64-linux-gnu/libc-2.13.so
7f909c40f000-7f909c60e000 ---p 0018a000 08:05 535697                     /lib/x86_64-linux-gnu/libc-2.13.so
7f909c60e000-7f909c612000 r--p 00189000 08:05 535697                     /lib/x86_64-linux-gnu/libc-2.13.so
7f909c612000-7f909c613000 rw-p 0018d000 08:05 535697                     /lib/x86_64-linux-gnu/libc-2.13.so
7f909c613000-7f909c619000 rw-p 00000000 00:00 0 
7f909c619000-7f909c61b000 r-xp 00000000 08:05 535702                     /lib/x86_64-linux-gnu/libdl-2.13.so
7f909c61b000-7f909c81b000 ---p 00002000 08:05 535702                     /lib/x86_64-linux-gnu/libdl-2.13.so
7f909c81b000-7f909c81c000 r--p 00002000 08:05 535702                     /lib/x86_64-linux-gnu/libdl-2.13.so
7f909c81c000-7f909c81d000 rw-p 00003000 08:05 535702                     /lib/x86_64-linux-gnu/libdl-2.13.so
7f909c81d000-7f909c821000 r-xp 00000000 08:05 1597366                    /usr/lib/jvm/java-6-openjdk/jre/lib/amd64/jli/libjli.so
7f909c821000-7f909ca20000 ---p 00004000 08:05 1597366                    /usr/lib/jvm/java-6-openjdk/jre/lib/amd64/jli/libjli.so
7f909ca20000-7f909ca21000 r--p 00003000 08:05 1597366                    /usr/lib/jvm/java-6-openjdk/jre/lib/amd64/jli/libjli.so
7f909ca21000-7f909ca22000 rw-p 00004000 08:05 1597366                    /usr/lib/jvm/java-6-openjdk/jre/lib/amd64/jli/libjli.so
7f909ca22000-7f909ca3a000 r-xp 00000000 08:05 535718                     /lib/x86_64-linux-gnu/libpthread-2.13.so
7f909ca3a000-7f909cc3a000 ---p 00018000 08:05 535718                     /lib/x86_64-linux-gnu/libpthread-2.13.so
7f909cc3a000-7f909cc3b000 r--p 00018000 08:05 535718                     /lib/x86_64-linux-gnu/libpthread-2.13.so
7f909cc3b000-7f909cc3c000 rw-p 00019000 08:05 535718                     /lib/x86_64-linux-gnu/libpthread-2.13.so
7f909cc3c000-7f909cc40000 rw-p 00000000 00:00 0 
7f909cc40000-7f909cc57000 r-xp 00000000 08:05 535781                     /lib/x86_64-linux-gnu/libz.so.1.2.3.4
7f909cc57000-7f909ce56000 ---p 00017000 08:05 535781                     /lib/x86_64-linux-gnu/libz.so.1.2.3.4
7f909ce56000-7f909ce57000 r--p 00016000 08:05 535781                     /lib/x86_64-linux-gnu/libz.so.1.2.3.4
7f909ce57000-7f909ce58000 rw-p 00017000 08:05 535781                     /lib/x86_64-linux-gnu/libz.so.1.2.3.4
7f909ce58000-7f909ce79000 r-xp 00000000 08:05 535673                     /lib/x86_64-linux-gnu/ld-2.13.so
7f909ce79000-7f909ce83000 r--s 00000000 08:05 554433                     /var/cache/fontconfig/d52a8644073d54c13679302ca1180695-le64.cache-3
7f909ce83000-7f909ce8d000 rw-p 00000000 00:00 0 
7f909ce8d000-7f909cf43000 rw-p 00000000 00:00 0 
7f909cf43000-7f909cf46000 ---p 00000000 00:00 0 
7f909cf46000-7f909d049000 rw-p 00000000 00:00 0 
7f909d049000-7f909d04e000 r--s 00000000 08:05 554452                     /var/cache/fontconfig/515ca1ebc4b18308bea979be5704f9db-le64.cache-3
7f909d04e000-7f909d051000 r--s 00000000 08:05 554441                     /var/cache/fontconfig/d60319d88cac85ba9e1a07bd06cfbb8c-le64.cache-3
7f909d051000-7f909d052000 r--s 00000000 08:05 530935                     /var/cache/fontconfig/4794a0821666d79190d59a36cb4f44b5-le64.cache-3
7f909d052000-7f909d053000 r--s 00000000 08:05 554418                     /var/cache/fontconfig/ec648e9a1aea82bddd4bd6050028158d-le64.cache-3
7f909d053000-7f909d057000 r--s 00000000 08:05 538228                     /var/cache/fontconfig/7ef2298fde41cc6eeb7af42e48b7d293-le64.cache-3
7f909d057000-7f909d06b000 r--s 00000000 08:05 527842                     /var/cache/fontconfig/865f88548240fee46819705c6468c165-le64.cache-3
7f909d06b000-7f909d06c000 r--s 00000000 08:05 1340105                    /home/bompo/.fontconfig/aa7e4f27e681240d22a1f116cf7520f0-le64.cache-3
7f909d06c000-7f909d074000 rw-s 00000000 08:05 524976                     /tmp/hsperfdata_bompo/14639
7f909d074000-7f909d075000 rw-p 00000000 00:00 0 
7f909d075000-7f909d076000 r--p 00000000 00:00 0 
7f909d076000-7f909d078000 rw-p 00000000 00:00 0 
7f909d078000-7f909d079000 r--p 00020000 08:05 535673                     /lib/x86_64-linux-gnu/ld-2.13.so
7f909d079000-7f909d07b000 rw-p 00021000 08:05 535673                     /lib/x86_64-linux-gnu/ld-2.13.so
7fff7bd05000-7fff7bd26000 rw-p 00000000 00:00 0                          [stack]
7fff7bdff000-7fff7be00000 r-xp 00000000 00:00 0                          [vdso]
ffffffffff600000-ffffffffff601000 r-xp 00000000 00:00 0                  [vsyscall]

VM Arguments:
jvm_args: -Dfile.encoding=UTF-8 
java_command: com.jumpandrun.DesktopStarter
Launcher Type: SUN_STANDARD

Environment Variables:
PATH=/usr/local/sbin:/usr/local/bin:/usr/sbin:/usr/bin:/sbin:/bin:/usr/games
USERNAME=bompo
LD_LIBRARY_PATH=/usr/lib/jvm/java-6-openjdk/jre/lib/amd64/server:/usr/lib/jvm/java-6-openjdk/jre/lib/amd64:/usr/lib/jvm/java-6-openjdk/jre/../lib/amd64:/usr/lib64/xulrunner-addons
SHELL=/bin/bash
DISPLAY=:0.0

Signal Handlers:
SIGSEGV: [libjvm.so+0x7d0f60], sa_mask[0]=0x7ffbfeff, sa_flags=0x10000004
SIGBUS: [libjvm.so+0x7d0f60], sa_mask[0]=0x7ffbfeff, sa_flags=0x10000004
SIGFPE: [libjvm.so+0x683760], sa_mask[0]=0x7ffbfeff, sa_flags=0x10000004
SIGPIPE: [libjvm.so+0x683760], sa_mask[0]=0x7ffbfeff, sa_flags=0x10000004
SIGXFSZ: [libjvm.so+0x683760], sa_mask[0]=0x7ffbfeff, sa_flags=0x10000004
SIGILL: [libjvm.so+0x683760], sa_mask[0]=0x7ffbfeff, sa_flags=0x10000004
SIGUSR1: SIG_DFL, sa_mask[0]=0x00000000, sa_flags=0x00000000
SIGUSR2: [libjvm.so+0x683930], sa_mask[0]=0x00000004, sa_flags=0x10000004
SIGHUP: [libjvm.so+0x6862d0], sa_mask[0]=0x7ffbfeff, sa_flags=0x10000004
SIGINT: [libjvm.so+0x6862d0], sa_mask[0]=0x7ffbfeff, sa_flags=0x10000004
SIGTERM: [libjvm.so+0x6862d0], sa_mask[0]=0x7ffbfeff, sa_flags=0x10000004
SIGQUIT: [libjvm.so+0x6862d0], sa_mask[0]=0x7ffbfeff, sa_flags=0x10000004


---------------  S Y S T E M  ---------------

OS:Ubuntu 11.04 (natty)
uname:Linux 2.6.38-10-generic #46-Ubuntu SMP Tue Jun 28 15:07:17 UTC 2011 x86_64
libc:glibc 2.13 NPTL 2.13 
rlimit: STACK 8192k, CORE 0k, NPROC infinity, NOFILE 4096, AS infinity
load average:0.16 0.14 0.14

/proc/meminfo:
MemTotal:        4047872 kB
MemFree:          933912 kB
Buffers:          213020 kB
Cached:          1041408 kB
SwapCached:            0 kB
Active:          1531104 kB
Inactive:        1152524 kB
Active(anon):     909836 kB
Inactive(anon):   524456 kB
Active(file):     621268 kB
Inactive(file):   628068 kB
Unevictable:         248 kB
Mlocked:             132 kB
SwapTotal:      19529724 kB
SwapFree:       19529704 kB
Dirty:              1328 kB
Writeback:             0 kB
AnonPages:       1429816 kB
Mapped:           158004 kB
Shmem:              4976 kB
Slab:             232424 kB
SReclaimable:     205360 kB
SUnreclaim:        27064 kB
KernelStack:        3472 kB
PageTables:        29672 kB
NFS_Unstable:          0 kB
Bounce:                0 kB
WritebackTmp:          0 kB
CommitLimit:    21553660 kB
Committed_AS:    3415452 kB
VmallocTotal:   34359738367 kB
VmallocUsed:      341848 kB
VmallocChunk:   34359382612 kB
HardwareCorrupted:     0 kB
HugePages_Total:       0
HugePages_Free:        0
HugePages_Rsvd:        0
HugePages_Surp:        0
Hugepagesize:       2048 kB
DirectMap4k:      189888 kB
DirectMap2M:     3995648 kB


CPU:total 4 (4 cores per cpu, 1 threads per core) family 6 model 30 stepping 5, cmov, cx8, fxsr, mmx, sse, sse2, sse3, ssse3, sse4.1, sse4.2, popcnt

Memory: 4k page, physical 4047872k(933912k free), swap 19529724k(19529704k free)

vm_info: OpenJDK 64-Bit Server VM (20.0-b11) for linux-amd64 JRE (1.6.0_22-b22), built on Jun 11 2011 05:56:16 by "buildd" with gcc 4.5.2

time: Sun Jul 17 16:59:04 2011
elapsed time: 0 seconds

